
19:24:34 Creating default object from empty value in module\common\lang\menuOrder.php on line 39 when visiting 

19:24:34 Creating default object from empty value in module\common\lang\menuOrder.php on line 39 when visiting 

19:24:34 Missing argument 3 for common::setMenuVars(), called in module\company\model.php on line 25 and defined in module\common\control.php on line 103 when visiting user-login-L29hL3d3dy8=

19:24:34 Undefined variable: params in module\common\control.php on line 105 when visiting user-login-L29hL3d3dy8=

19:24:34 Undefined variable: params in module\common\control.php on line 123 when visiting user-login-L29hL3d3dy8=

19:24:34 Undefined property: stdClass::$title in module\personalinfo\config.php on line 20 when visiting user-login-L29hL3d3dy8=

19:24:34 Undefined property: stdClass::$id in module\personalinfo\config.php on line 21 when visiting user-login-L29hL3d3dy8=

19:24:34 Undefined property: stdClass::$keywords in module\personalinfo\config.php on line 22 when visiting user-login-L29hL3d3dy8=

19:24:34 Undefined property: stdClass::$product in module\personalinfo\config.php on line 23 when visiting user-login-L29hL3d3dy8=

19:24:34 Undefined property: stdClass::$project in module\personalinfo\config.php on line 24 when visiting user-login-L29hL3d3dy8=

19:24:34 Undefined property: stdClass::$type in module\personalinfo\config.php on line 25 when visiting user-login-L29hL3d3dy8=

19:24:34 Undefined property: stdClass::$module in module\personalinfo\config.php on line 26 when visiting user-login-L29hL3d3dy8=

19:24:34 Undefined property: stdClass::$lib in module\personalinfo\config.php on line 27 when visiting user-login-L29hL3d3dy8=

19:24:34 Undefined property: stdClass::$digest in module\personalinfo\config.php on line 28 when visiting user-login-L29hL3d3dy8=

19:24:34 Undefined property: stdClass::$content in module\personalinfo\config.php on line 29 when visiting user-login-L29hL3d3dy8=

19:24:34 Undefined property: stdClass::$url in module\personalinfo\config.php on line 30 when visiting user-login-L29hL3d3dy8=

19:24:34 Undefined property: stdClass::$addedBy in module\personalinfo\config.php on line 31 when visiting user-login-L29hL3d3dy8=

19:24:34 Undefined property: stdClass::$addedDate in module\personalinfo\config.php on line 32 when visiting user-login-L29hL3d3dy8=

19:24:34 Undefined property: stdClass::$editedBy in module\personalinfo\config.php on line 33 when visiting user-login-L29hL3d3dy8=

19:24:34 Undefined property: stdClass::$editedDate in module\personalinfo\config.php on line 34 when visiting user-login-L29hL3d3dy8=

19:24:34 Undefined property: stdClass::$types in module\personalinfo\config.php on line 41 when visiting user-login-L29hL3d3dy8=

19:24:34 Creating default object from empty value in module\common\lang\menuOrder.php on line 39 when visiting 

19:24:34 Missing argument 3 for common::setMenuVars(), called in module\company\model.php on line 25 and defined in module\common\control.php on line 103 when visiting user-captcha

19:24:34 Undefined variable: params in module\common\control.php on line 105 when visiting user-captcha

19:24:34 Undefined variable: params in module\common\control.php on line 123 when visiting user-captcha

19:24:34 Undefined property: stdClass::$title in module\personalinfo\config.php on line 20 when visiting user-captcha

19:24:34 Undefined property: stdClass::$id in module\personalinfo\config.php on line 21 when visiting user-captcha

19:24:34 Undefined property: stdClass::$keywords in module\personalinfo\config.php on line 22 when visiting user-captcha

19:24:34 Undefined property: stdClass::$product in module\personalinfo\config.php on line 23 when visiting user-captcha

19:24:34 Undefined property: stdClass::$project in module\personalinfo\config.php on line 24 when visiting user-captcha

19:24:34 Undefined property: stdClass::$type in module\personalinfo\config.php on line 25 when visiting user-captcha

19:24:34 Undefined property: stdClass::$module in module\personalinfo\config.php on line 26 when visiting user-captcha

19:24:34 Undefined property: stdClass::$lib in module\personalinfo\config.php on line 27 when visiting user-captcha

19:24:34 Undefined property: stdClass::$digest in module\personalinfo\config.php on line 28 when visiting user-captcha

19:24:34 Undefined property: stdClass::$content in module\personalinfo\config.php on line 29 when visiting user-captcha

19:24:34 Undefined property: stdClass::$url in module\personalinfo\config.php on line 30 when visiting user-captcha

19:24:34 Undefined property: stdClass::$addedBy in module\personalinfo\config.php on line 31 when visiting user-captcha

19:24:34 Undefined property: stdClass::$addedDate in module\personalinfo\config.php on line 32 when visiting user-captcha

19:24:34 Undefined property: stdClass::$editedBy in module\personalinfo\config.php on line 33 when visiting user-captcha

19:24:34 Undefined property: stdClass::$editedDate in module\personalinfo\config.php on line 34 when visiting user-captcha

19:24:34 Undefined property: stdClass::$types in module\personalinfo\config.php on line 41 when visiting user-captcha

19:24:44 Creating default object from empty value in module\common\lang\menuOrder.php on line 39 when visiting 

19:24:44 Missing argument 3 for common::setMenuVars(), called in module\company\model.php on line 25 and defined in module\common\control.php on line 103 when visiting user-login-L29hL3d3dy8=

19:24:44 Undefined variable: params in module\common\control.php on line 105 when visiting user-login-L29hL3d3dy8=

19:24:44 Undefined variable: params in module\common\control.php on line 123 when visiting user-login-L29hL3d3dy8=

19:24:44 Undefined property: stdClass::$title in module\personalinfo\config.php on line 20 when visiting user-login-L29hL3d3dy8=

19:24:44 Undefined property: stdClass::$id in module\personalinfo\config.php on line 21 when visiting user-login-L29hL3d3dy8=

19:24:44 Undefined property: stdClass::$keywords in module\personalinfo\config.php on line 22 when visiting user-login-L29hL3d3dy8=

19:24:44 Undefined property: stdClass::$product in module\personalinfo\config.php on line 23 when visiting user-login-L29hL3d3dy8=

19:24:44 Undefined property: stdClass::$project in module\personalinfo\config.php on line 24 when visiting user-login-L29hL3d3dy8=

19:24:44 Undefined property: stdClass::$type in module\personalinfo\config.php on line 25 when visiting user-login-L29hL3d3dy8=

19:24:44 Undefined property: stdClass::$module in module\personalinfo\config.php on line 26 when visiting user-login-L29hL3d3dy8=

19:24:44 Undefined property: stdClass::$lib in module\personalinfo\config.php on line 27 when visiting user-login-L29hL3d3dy8=

19:24:44 Undefined property: stdClass::$digest in module\personalinfo\config.php on line 28 when visiting user-login-L29hL3d3dy8=

19:24:44 Undefined property: stdClass::$content in module\personalinfo\config.php on line 29 when visiting user-login-L29hL3d3dy8=

19:24:44 Undefined property: stdClass::$url in module\personalinfo\config.php on line 30 when visiting user-login-L29hL3d3dy8=

19:24:44 Undefined property: stdClass::$addedBy in module\personalinfo\config.php on line 31 when visiting user-login-L29hL3d3dy8=

19:24:44 Undefined property: stdClass::$addedDate in module\personalinfo\config.php on line 32 when visiting user-login-L29hL3d3dy8=

19:24:44 Undefined property: stdClass::$editedBy in module\personalinfo\config.php on line 33 when visiting user-login-L29hL3d3dy8=

19:24:44 Undefined property: stdClass::$editedDate in module\personalinfo\config.php on line 34 when visiting user-login-L29hL3d3dy8=

19:24:44 Undefined property: stdClass::$types in module\personalinfo\config.php on line 41 when visiting user-login-L29hL3d3dy8=

19:24:44 Creating default object from empty value in module\common\lang\menuOrder.php on line 39 when visiting 

19:24:44 Missing argument 3 for common::setMenuVars(), called in module\company\model.php on line 25 and defined in module\common\control.php on line 103 when visiting user-captcha

19:24:44 Undefined variable: params in module\common\control.php on line 105 when visiting user-captcha

19:24:44 Undefined variable: params in module\common\control.php on line 123 when visiting user-captcha

19:24:44 Undefined property: stdClass::$title in module\personalinfo\config.php on line 20 when visiting user-captcha

19:24:44 Undefined property: stdClass::$id in module\personalinfo\config.php on line 21 when visiting user-captcha

19:24:44 Undefined property: stdClass::$keywords in module\personalinfo\config.php on line 22 when visiting user-captcha

19:24:44 Undefined property: stdClass::$product in module\personalinfo\config.php on line 23 when visiting user-captcha

19:24:44 Undefined property: stdClass::$project in module\personalinfo\config.php on line 24 when visiting user-captcha

19:24:44 Undefined property: stdClass::$type in module\personalinfo\config.php on line 25 when visiting user-captcha

19:24:44 Undefined property: stdClass::$module in module\personalinfo\config.php on line 26 when visiting user-captcha

19:24:44 Undefined property: stdClass::$lib in module\personalinfo\config.php on line 27 when visiting user-captcha

19:24:44 Undefined property: stdClass::$digest in module\personalinfo\config.php on line 28 when visiting user-captcha

19:24:44 Undefined property: stdClass::$content in module\personalinfo\config.php on line 29 when visiting user-captcha

19:24:44 Undefined property: stdClass::$url in module\personalinfo\config.php on line 30 when visiting user-captcha

19:24:44 Undefined property: stdClass::$addedBy in module\personalinfo\config.php on line 31 when visiting user-captcha

19:24:44 Undefined property: stdClass::$addedDate in module\personalinfo\config.php on line 32 when visiting user-captcha

19:24:44 Undefined property: stdClass::$editedBy in module\personalinfo\config.php on line 33 when visiting user-captcha

19:24:44 Undefined property: stdClass::$editedDate in module\personalinfo\config.php on line 34 when visiting user-captcha

19:24:44 Undefined property: stdClass::$types in module\personalinfo\config.php on line 41 when visiting user-captcha

19:25:44 Creating default object from empty value in module\common\lang\menuOrder.php on line 39 when visiting 

19:27:45 Creating default object from empty value in module\common\lang\menuOrder.php on line 39 when visiting 

19:27:45 Missing argument 3 for common::setMenuVars(), called in module\company\model.php on line 25 and defined in module\common\control.php on line 103 when visiting user-login-L29hL3d3dy8=

19:27:45 Undefined variable: params in module\common\control.php on line 105 when visiting user-login-L29hL3d3dy8=

19:27:45 Undefined variable: params in module\common\control.php on line 123 when visiting user-login-L29hL3d3dy8=

19:27:45 Undefined property: stdClass::$title in module\personalinfo\config.php on line 20 when visiting user-login-L29hL3d3dy8=

19:27:45 Undefined property: stdClass::$id in module\personalinfo\config.php on line 21 when visiting user-login-L29hL3d3dy8=

19:27:45 Undefined property: stdClass::$keywords in module\personalinfo\config.php on line 22 when visiting user-login-L29hL3d3dy8=

19:27:45 Undefined property: stdClass::$product in module\personalinfo\config.php on line 23 when visiting user-login-L29hL3d3dy8=

19:27:45 Undefined property: stdClass::$project in module\personalinfo\config.php on line 24 when visiting user-login-L29hL3d3dy8=

19:27:45 Undefined property: stdClass::$type in module\personalinfo\config.php on line 25 when visiting user-login-L29hL3d3dy8=

19:27:45 Undefined property: stdClass::$module in module\personalinfo\config.php on line 26 when visiting user-login-L29hL3d3dy8=

19:27:45 Undefined property: stdClass::$lib in module\personalinfo\config.php on line 27 when visiting user-login-L29hL3d3dy8=

19:27:45 Undefined property: stdClass::$digest in module\personalinfo\config.php on line 28 when visiting user-login-L29hL3d3dy8=

19:27:45 Undefined property: stdClass::$content in module\personalinfo\config.php on line 29 when visiting user-login-L29hL3d3dy8=

19:27:45 Undefined property: stdClass::$url in module\personalinfo\config.php on line 30 when visiting user-login-L29hL3d3dy8=

19:27:45 Undefined property: stdClass::$addedBy in module\personalinfo\config.php on line 31 when visiting user-login-L29hL3d3dy8=

19:27:45 Undefined property: stdClass::$addedDate in module\personalinfo\config.php on line 32 when visiting user-login-L29hL3d3dy8=

19:27:45 Undefined property: stdClass::$editedBy in module\personalinfo\config.php on line 33 when visiting user-login-L29hL3d3dy8=

19:27:45 Undefined property: stdClass::$editedDate in module\personalinfo\config.php on line 34 when visiting user-login-L29hL3d3dy8=

19:27:45 Undefined property: stdClass::$types in module\personalinfo\config.php on line 41 when visiting user-login-L29hL3d3dy8=

19:27:45 Creating default object from empty value in module\common\lang\menuOrder.php on line 39 when visiting 

19:27:45 Missing argument 3 for common::setMenuVars(), called in module\company\model.php on line 25 and defined in module\common\control.php on line 103 when visiting user-login-L29hL3d3dy8=

19:27:45 Undefined variable: params in module\common\control.php on line 105 when visiting user-login-L29hL3d3dy8=

19:27:45 Undefined variable: params in module\common\control.php on line 123 when visiting user-login-L29hL3d3dy8=

19:27:45 Undefined property: stdClass::$title in module\personalinfo\config.php on line 20 when visiting user-login-L29hL3d3dy8=

19:27:45 Undefined property: stdClass::$id in module\personalinfo\config.php on line 21 when visiting user-login-L29hL3d3dy8=

19:27:45 Undefined property: stdClass::$keywords in module\personalinfo\config.php on line 22 when visiting user-login-L29hL3d3dy8=

19:27:45 Undefined property: stdClass::$product in module\personalinfo\config.php on line 23 when visiting user-login-L29hL3d3dy8=

19:27:45 Undefined property: stdClass::$project in module\personalinfo\config.php on line 24 when visiting user-login-L29hL3d3dy8=

19:27:45 Undefined property: stdClass::$type in module\personalinfo\config.php on line 25 when visiting user-login-L29hL3d3dy8=

19:27:45 Undefined property: stdClass::$module in module\personalinfo\config.php on line 26 when visiting user-login-L29hL3d3dy8=

19:27:45 Undefined property: stdClass::$lib in module\personalinfo\config.php on line 27 when visiting user-login-L29hL3d3dy8=

19:27:45 Undefined property: stdClass::$digest in module\personalinfo\config.php on line 28 when visiting user-login-L29hL3d3dy8=

19:27:45 Undefined property: stdClass::$content in module\personalinfo\config.php on line 29 when visiting user-login-L29hL3d3dy8=

19:27:45 Undefined property: stdClass::$url in module\personalinfo\config.php on line 30 when visiting user-login-L29hL3d3dy8=

19:27:45 Undefined property: stdClass::$addedBy in module\personalinfo\config.php on line 31 when visiting user-login-L29hL3d3dy8=

19:27:45 Undefined property: stdClass::$addedDate in module\personalinfo\config.php on line 32 when visiting user-login-L29hL3d3dy8=

19:27:45 Undefined property: stdClass::$editedBy in module\personalinfo\config.php on line 33 when visiting user-login-L29hL3d3dy8=

19:27:45 Undefined property: stdClass::$editedDate in module\personalinfo\config.php on line 34 when visiting user-login-L29hL3d3dy8=

19:27:45 Undefined property: stdClass::$types in module\personalinfo\config.php on line 41 when visiting user-login-L29hL3d3dy8=

19:27:46 Creating default object from empty value in module\common\lang\menuOrder.php on line 39 when visiting 

19:27:46 Missing argument 3 for common::setMenuVars(), called in module\company\model.php on line 25 and defined in module\common\control.php on line 103 when visiting user-login-L29hL3d3dy8=

19:27:46 Undefined variable: params in module\common\control.php on line 105 when visiting user-login-L29hL3d3dy8=

19:27:46 Undefined variable: params in module\common\control.php on line 123 when visiting user-login-L29hL3d3dy8=

19:27:46 Undefined property: stdClass::$title in module\personalinfo\config.php on line 20 when visiting user-login-L29hL3d3dy8=

19:27:46 Undefined property: stdClass::$id in module\personalinfo\config.php on line 21 when visiting user-login-L29hL3d3dy8=

19:27:46 Undefined property: stdClass::$keywords in module\personalinfo\config.php on line 22 when visiting user-login-L29hL3d3dy8=

19:27:46 Undefined property: stdClass::$product in module\personalinfo\config.php on line 23 when visiting user-login-L29hL3d3dy8=

19:27:46 Undefined property: stdClass::$project in module\personalinfo\config.php on line 24 when visiting user-login-L29hL3d3dy8=

19:27:46 Undefined property: stdClass::$type in module\personalinfo\config.php on line 25 when visiting user-login-L29hL3d3dy8=

19:27:46 Undefined property: stdClass::$module in module\personalinfo\config.php on line 26 when visiting user-login-L29hL3d3dy8=

19:27:46 Undefined property: stdClass::$lib in module\personalinfo\config.php on line 27 when visiting user-login-L29hL3d3dy8=

19:27:46 Undefined property: stdClass::$digest in module\personalinfo\config.php on line 28 when visiting user-login-L29hL3d3dy8=

19:27:46 Undefined property: stdClass::$content in module\personalinfo\config.php on line 29 when visiting user-login-L29hL3d3dy8=

19:27:46 Undefined property: stdClass::$url in module\personalinfo\config.php on line 30 when visiting user-login-L29hL3d3dy8=

19:27:46 Undefined property: stdClass::$addedBy in module\personalinfo\config.php on line 31 when visiting user-login-L29hL3d3dy8=

19:27:46 Undefined property: stdClass::$addedDate in module\personalinfo\config.php on line 32 when visiting user-login-L29hL3d3dy8=

19:27:46 Undefined property: stdClass::$editedBy in module\personalinfo\config.php on line 33 when visiting user-login-L29hL3d3dy8=

19:27:46 Undefined property: stdClass::$editedDate in module\personalinfo\config.php on line 34 when visiting user-login-L29hL3d3dy8=

19:27:46 Undefined property: stdClass::$types in module\personalinfo\config.php on line 41 when visiting user-login-L29hL3d3dy8=

19:27:46 Creating default object from empty value in module\common\lang\menuOrder.php on line 39 when visiting 

19:27:46 Missing argument 3 for common::setMenuVars(), called in module\company\model.php on line 25 and defined in module\common\control.php on line 103 when visiting user-login-L29hL3d3dy8=

19:27:46 Undefined variable: params in module\common\control.php on line 105 when visiting user-login-L29hL3d3dy8=

19:27:46 Undefined variable: params in module\common\control.php on line 123 when visiting user-login-L29hL3d3dy8=

19:27:46 Undefined property: stdClass::$title in module\personalinfo\config.php on line 20 when visiting user-login-L29hL3d3dy8=

19:27:46 Undefined property: stdClass::$id in module\personalinfo\config.php on line 21 when visiting user-login-L29hL3d3dy8=

19:27:46 Undefined property: stdClass::$keywords in module\personalinfo\config.php on line 22 when visiting user-login-L29hL3d3dy8=

19:27:46 Undefined property: stdClass::$product in module\personalinfo\config.php on line 23 when visiting user-login-L29hL3d3dy8=

19:27:46 Undefined property: stdClass::$project in module\personalinfo\config.php on line 24 when visiting user-login-L29hL3d3dy8=

19:27:46 Undefined property: stdClass::$type in module\personalinfo\config.php on line 25 when visiting user-login-L29hL3d3dy8=

19:27:46 Undefined property: stdClass::$module in module\personalinfo\config.php on line 26 when visiting user-login-L29hL3d3dy8=

19:27:46 Undefined property: stdClass::$lib in module\personalinfo\config.php on line 27 when visiting user-login-L29hL3d3dy8=

19:27:46 Undefined property: stdClass::$digest in module\personalinfo\config.php on line 28 when visiting user-login-L29hL3d3dy8=

19:27:46 Undefined property: stdClass::$content in module\personalinfo\config.php on line 29 when visiting user-login-L29hL3d3dy8=

19:27:46 Undefined property: stdClass::$url in module\personalinfo\config.php on line 30 when visiting user-login-L29hL3d3dy8=

19:27:46 Undefined property: stdClass::$addedBy in module\personalinfo\config.php on line 31 when visiting user-login-L29hL3d3dy8=

19:27:46 Undefined property: stdClass::$addedDate in module\personalinfo\config.php on line 32 when visiting user-login-L29hL3d3dy8=

19:27:46 Undefined property: stdClass::$editedBy in module\personalinfo\config.php on line 33 when visiting user-login-L29hL3d3dy8=

19:27:46 Undefined property: stdClass::$editedDate in module\personalinfo\config.php on line 34 when visiting user-login-L29hL3d3dy8=

19:27:46 Undefined property: stdClass::$types in module\personalinfo\config.php on line 41 when visiting user-login-L29hL3d3dy8=

19:27:47 Creating default object from empty value in module\common\lang\menuOrder.php on line 39 when visiting 

19:27:47 Missing argument 3 for common::setMenuVars(), called in module\company\model.php on line 25 and defined in module\common\control.php on line 103 when visiting user-login-L29hL3d3dy8=

19:27:47 Undefined variable: params in module\common\control.php on line 105 when visiting user-login-L29hL3d3dy8=

19:27:47 Undefined variable: params in module\common\control.php on line 123 when visiting user-login-L29hL3d3dy8=

19:27:47 Undefined property: stdClass::$title in module\personalinfo\config.php on line 20 when visiting user-login-L29hL3d3dy8=

19:27:47 Undefined property: stdClass::$id in module\personalinfo\config.php on line 21 when visiting user-login-L29hL3d3dy8=

19:27:47 Undefined property: stdClass::$keywords in module\personalinfo\config.php on line 22 when visiting user-login-L29hL3d3dy8=

19:27:47 Undefined property: stdClass::$product in module\personalinfo\config.php on line 23 when visiting user-login-L29hL3d3dy8=

19:27:47 Undefined property: stdClass::$project in module\personalinfo\config.php on line 24 when visiting user-login-L29hL3d3dy8=

19:27:47 Undefined property: stdClass::$type in module\personalinfo\config.php on line 25 when visiting user-login-L29hL3d3dy8=

19:27:47 Undefined property: stdClass::$module in module\personalinfo\config.php on line 26 when visiting user-login-L29hL3d3dy8=

19:27:47 Undefined property: stdClass::$lib in module\personalinfo\config.php on line 27 when visiting user-login-L29hL3d3dy8=

19:27:47 Undefined property: stdClass::$digest in module\personalinfo\config.php on line 28 when visiting user-login-L29hL3d3dy8=

19:27:47 Undefined property: stdClass::$content in module\personalinfo\config.php on line 29 when visiting user-login-L29hL3d3dy8=

19:27:47 Undefined property: stdClass::$url in module\personalinfo\config.php on line 30 when visiting user-login-L29hL3d3dy8=

19:27:47 Undefined property: stdClass::$addedBy in module\personalinfo\config.php on line 31 when visiting user-login-L29hL3d3dy8=

19:27:47 Undefined property: stdClass::$addedDate in module\personalinfo\config.php on line 32 when visiting user-login-L29hL3d3dy8=

19:27:47 Undefined property: stdClass::$editedBy in module\personalinfo\config.php on line 33 when visiting user-login-L29hL3d3dy8=

19:27:47 Undefined property: stdClass::$editedDate in module\personalinfo\config.php on line 34 when visiting user-login-L29hL3d3dy8=

19:27:47 Undefined property: stdClass::$types in module\personalinfo\config.php on line 41 when visiting user-login-L29hL3d3dy8=

19:28:41 Creating default object from empty value in module\common\lang\menuOrder.php on line 39 when visiting 

19:28:41 Missing argument 3 for common::setMenuVars(), called in module\company\model.php on line 25 and defined in module\common\control.php on line 103 when visiting user-login-L29hL3d3dy8=

19:28:41 Undefined variable: params in module\common\control.php on line 105 when visiting user-login-L29hL3d3dy8=

19:28:41 Undefined variable: params in module\common\control.php on line 123 when visiting user-login-L29hL3d3dy8=

19:28:41 Undefined property: stdClass::$title in module\personalinfo\config.php on line 20 when visiting user-login-L29hL3d3dy8=

19:28:41 Undefined property: stdClass::$id in module\personalinfo\config.php on line 21 when visiting user-login-L29hL3d3dy8=

19:28:41 Undefined property: stdClass::$keywords in module\personalinfo\config.php on line 22 when visiting user-login-L29hL3d3dy8=

19:28:41 Undefined property: stdClass::$product in module\personalinfo\config.php on line 23 when visiting user-login-L29hL3d3dy8=

19:28:41 Undefined property: stdClass::$project in module\personalinfo\config.php on line 24 when visiting user-login-L29hL3d3dy8=

19:28:41 Undefined property: stdClass::$type in module\personalinfo\config.php on line 25 when visiting user-login-L29hL3d3dy8=

19:28:41 Undefined property: stdClass::$module in module\personalinfo\config.php on line 26 when visiting user-login-L29hL3d3dy8=

19:28:41 Undefined property: stdClass::$lib in module\personalinfo\config.php on line 27 when visiting user-login-L29hL3d3dy8=

19:28:41 Undefined property: stdClass::$digest in module\personalinfo\config.php on line 28 when visiting user-login-L29hL3d3dy8=

19:28:41 Undefined property: stdClass::$content in module\personalinfo\config.php on line 29 when visiting user-login-L29hL3d3dy8=

19:28:41 Undefined property: stdClass::$url in module\personalinfo\config.php on line 30 when visiting user-login-L29hL3d3dy8=

19:28:41 Undefined property: stdClass::$addedBy in module\personalinfo\config.php on line 31 when visiting user-login-L29hL3d3dy8=

19:28:41 Undefined property: stdClass::$addedDate in module\personalinfo\config.php on line 32 when visiting user-login-L29hL3d3dy8=

19:28:41 Undefined property: stdClass::$editedBy in module\personalinfo\config.php on line 33 when visiting user-login-L29hL3d3dy8=

19:28:41 Undefined property: stdClass::$editedDate in module\personalinfo\config.php on line 34 when visiting user-login-L29hL3d3dy8=

19:28:41 Undefined property: stdClass::$types in module\personalinfo\config.php on line 41 when visiting user-login-L29hL3d3dy8=

19:28:41 Creating default object from empty value in module\common\lang\menuOrder.php on line 39 when visiting 

19:28:41 Missing argument 3 for common::setMenuVars(), called in module\company\model.php on line 25 and defined in module\common\control.php on line 103 when visiting user-login-L29hL3d3dy8=

19:28:41 Undefined variable: params in module\common\control.php on line 105 when visiting user-login-L29hL3d3dy8=

19:28:41 Undefined variable: params in module\common\control.php on line 123 when visiting user-login-L29hL3d3dy8=

19:28:41 Undefined property: stdClass::$title in module\personalinfo\config.php on line 20 when visiting user-login-L29hL3d3dy8=

19:28:41 Undefined property: stdClass::$id in module\personalinfo\config.php on line 21 when visiting user-login-L29hL3d3dy8=

19:28:41 Undefined property: stdClass::$keywords in module\personalinfo\config.php on line 22 when visiting user-login-L29hL3d3dy8=

19:28:41 Undefined property: stdClass::$product in module\personalinfo\config.php on line 23 when visiting user-login-L29hL3d3dy8=

19:28:41 Undefined property: stdClass::$project in module\personalinfo\config.php on line 24 when visiting user-login-L29hL3d3dy8=

19:28:41 Undefined property: stdClass::$type in module\personalinfo\config.php on line 25 when visiting user-login-L29hL3d3dy8=

19:28:41 Undefined property: stdClass::$module in module\personalinfo\config.php on line 26 when visiting user-login-L29hL3d3dy8=

19:28:41 Undefined property: stdClass::$lib in module\personalinfo\config.php on line 27 when visiting user-login-L29hL3d3dy8=

19:28:41 Undefined property: stdClass::$digest in module\personalinfo\config.php on line 28 when visiting user-login-L29hL3d3dy8=

19:28:41 Undefined property: stdClass::$content in module\personalinfo\config.php on line 29 when visiting user-login-L29hL3d3dy8=

19:28:41 Undefined property: stdClass::$url in module\personalinfo\config.php on line 30 when visiting user-login-L29hL3d3dy8=

19:28:41 Undefined property: stdClass::$addedBy in module\personalinfo\config.php on line 31 when visiting user-login-L29hL3d3dy8=

19:28:41 Undefined property: stdClass::$addedDate in module\personalinfo\config.php on line 32 when visiting user-login-L29hL3d3dy8=

19:28:41 Undefined property: stdClass::$editedBy in module\personalinfo\config.php on line 33 when visiting user-login-L29hL3d3dy8=

19:28:41 Undefined property: stdClass::$editedDate in module\personalinfo\config.php on line 34 when visiting user-login-L29hL3d3dy8=

19:28:41 Undefined property: stdClass::$types in module\personalinfo\config.php on line 41 when visiting user-login-L29hL3d3dy8=

19:28:41 Creating default object from empty value in module\common\lang\menuOrder.php on line 39 when visiting 

19:28:41 Missing argument 3 for common::setMenuVars(), called in module\company\model.php on line 25 and defined in module\common\control.php on line 103 when visiting user-login-L29hL3d3dy8=

19:28:41 Undefined variable: params in module\common\control.php on line 105 when visiting user-login-L29hL3d3dy8=

19:28:41 Undefined variable: params in module\common\control.php on line 123 when visiting user-login-L29hL3d3dy8=

19:28:41 Undefined property: stdClass::$title in module\personalinfo\config.php on line 20 when visiting user-login-L29hL3d3dy8=

19:28:41 Undefined property: stdClass::$id in module\personalinfo\config.php on line 21 when visiting user-login-L29hL3d3dy8=

19:28:41 Undefined property: stdClass::$keywords in module\personalinfo\config.php on line 22 when visiting user-login-L29hL3d3dy8=

19:28:41 Undefined property: stdClass::$product in module\personalinfo\config.php on line 23 when visiting user-login-L29hL3d3dy8=

19:28:41 Undefined property: stdClass::$project in module\personalinfo\config.php on line 24 when visiting user-login-L29hL3d3dy8=

19:28:41 Undefined property: stdClass::$type in module\personalinfo\config.php on line 25 when visiting user-login-L29hL3d3dy8=

19:28:41 Undefined property: stdClass::$module in module\personalinfo\config.php on line 26 when visiting user-login-L29hL3d3dy8=

19:28:41 Undefined property: stdClass::$lib in module\personalinfo\config.php on line 27 when visiting user-login-L29hL3d3dy8=

19:28:41 Undefined property: stdClass::$digest in module\personalinfo\config.php on line 28 when visiting user-login-L29hL3d3dy8=

19:28:41 Undefined property: stdClass::$content in module\personalinfo\config.php on line 29 when visiting user-login-L29hL3d3dy8=

19:28:41 Undefined property: stdClass::$url in module\personalinfo\config.php on line 30 when visiting user-login-L29hL3d3dy8=

19:28:41 Undefined property: stdClass::$addedBy in module\personalinfo\config.php on line 31 when visiting user-login-L29hL3d3dy8=

19:28:41 Undefined property: stdClass::$addedDate in module\personalinfo\config.php on line 32 when visiting user-login-L29hL3d3dy8=

19:28:41 Undefined property: stdClass::$editedBy in module\personalinfo\config.php on line 33 when visiting user-login-L29hL3d3dy8=

19:28:41 Undefined property: stdClass::$editedDate in module\personalinfo\config.php on line 34 when visiting user-login-L29hL3d3dy8=

19:28:41 Undefined property: stdClass::$types in module\personalinfo\config.php on line 41 when visiting user-login-L29hL3d3dy8=

19:28:42 Creating default object from empty value in module\common\lang\menuOrder.php on line 39 when visiting 

19:28:42 Missing argument 3 for common::setMenuVars(), called in module\company\model.php on line 25 and defined in module\common\control.php on line 103 when visiting user-login-L29hL3d3dy8=

19:28:42 Undefined variable: params in module\common\control.php on line 105 when visiting user-login-L29hL3d3dy8=

19:28:42 Undefined variable: params in module\common\control.php on line 123 when visiting user-login-L29hL3d3dy8=

19:28:42 Undefined property: stdClass::$title in module\personalinfo\config.php on line 20 when visiting user-login-L29hL3d3dy8=

19:28:42 Undefined property: stdClass::$id in module\personalinfo\config.php on line 21 when visiting user-login-L29hL3d3dy8=

19:28:42 Undefined property: stdClass::$keywords in module\personalinfo\config.php on line 22 when visiting user-login-L29hL3d3dy8=

19:28:42 Undefined property: stdClass::$product in module\personalinfo\config.php on line 23 when visiting user-login-L29hL3d3dy8=

19:28:42 Undefined property: stdClass::$project in module\personalinfo\config.php on line 24 when visiting user-login-L29hL3d3dy8=

19:28:42 Undefined property: stdClass::$type in module\personalinfo\config.php on line 25 when visiting user-login-L29hL3d3dy8=

19:28:42 Undefined property: stdClass::$module in module\personalinfo\config.php on line 26 when visiting user-login-L29hL3d3dy8=

19:28:42 Undefined property: stdClass::$lib in module\personalinfo\config.php on line 27 when visiting user-login-L29hL3d3dy8=

19:28:42 Undefined property: stdClass::$digest in module\personalinfo\config.php on line 28 when visiting user-login-L29hL3d3dy8=

19:28:42 Undefined property: stdClass::$content in module\personalinfo\config.php on line 29 when visiting user-login-L29hL3d3dy8=

19:28:42 Undefined property: stdClass::$url in module\personalinfo\config.php on line 30 when visiting user-login-L29hL3d3dy8=

19:28:42 Undefined property: stdClass::$addedBy in module\personalinfo\config.php on line 31 when visiting user-login-L29hL3d3dy8=

19:28:42 Undefined property: stdClass::$addedDate in module\personalinfo\config.php on line 32 when visiting user-login-L29hL3d3dy8=

19:28:42 Undefined property: stdClass::$editedBy in module\personalinfo\config.php on line 33 when visiting user-login-L29hL3d3dy8=

19:28:42 Undefined property: stdClass::$editedDate in module\personalinfo\config.php on line 34 when visiting user-login-L29hL3d3dy8=

19:28:42 Undefined property: stdClass::$types in module\personalinfo\config.php on line 41 when visiting user-login-L29hL3d3dy8=

19:29:11 Creating default object from empty value in module\common\lang\menuOrder.php on line 39 when visiting 

19:29:11 Missing argument 3 for common::setMenuVars(), called in module\company\model.php on line 25 and defined in module\common\control.php on line 103 when visiting user-login-L29hL3d3dy8=

19:29:11 Undefined variable: params in module\common\control.php on line 105 when visiting user-login-L29hL3d3dy8=

19:29:11 Undefined variable: params in module\common\control.php on line 123 when visiting user-login-L29hL3d3dy8=

19:29:11 Undefined property: stdClass::$title in module\personalinfo\config.php on line 20 when visiting user-login-L29hL3d3dy8=

19:29:11 Undefined property: stdClass::$id in module\personalinfo\config.php on line 21 when visiting user-login-L29hL3d3dy8=

19:29:11 Undefined property: stdClass::$keywords in module\personalinfo\config.php on line 22 when visiting user-login-L29hL3d3dy8=

19:29:11 Undefined property: stdClass::$product in module\personalinfo\config.php on line 23 when visiting user-login-L29hL3d3dy8=

19:29:11 Undefined property: stdClass::$project in module\personalinfo\config.php on line 24 when visiting user-login-L29hL3d3dy8=

19:29:11 Undefined property: stdClass::$type in module\personalinfo\config.php on line 25 when visiting user-login-L29hL3d3dy8=

19:29:11 Undefined property: stdClass::$module in module\personalinfo\config.php on line 26 when visiting user-login-L29hL3d3dy8=

19:29:11 Undefined property: stdClass::$lib in module\personalinfo\config.php on line 27 when visiting user-login-L29hL3d3dy8=

19:29:11 Undefined property: stdClass::$digest in module\personalinfo\config.php on line 28 when visiting user-login-L29hL3d3dy8=

19:29:11 Undefined property: stdClass::$content in module\personalinfo\config.php on line 29 when visiting user-login-L29hL3d3dy8=

19:29:11 Undefined property: stdClass::$url in module\personalinfo\config.php on line 30 when visiting user-login-L29hL3d3dy8=

19:29:11 Undefined property: stdClass::$addedBy in module\personalinfo\config.php on line 31 when visiting user-login-L29hL3d3dy8=

19:29:11 Undefined property: stdClass::$addedDate in module\personalinfo\config.php on line 32 when visiting user-login-L29hL3d3dy8=

19:29:11 Undefined property: stdClass::$editedBy in module\personalinfo\config.php on line 33 when visiting user-login-L29hL3d3dy8=

19:29:11 Undefined property: stdClass::$editedDate in module\personalinfo\config.php on line 34 when visiting user-login-L29hL3d3dy8=

19:29:11 Undefined property: stdClass::$types in module\personalinfo\config.php on line 41 when visiting user-login-L29hL3d3dy8=

19:29:11 Creating default object from empty value in module\common\lang\menuOrder.php on line 39 when visiting 

19:29:11 Missing argument 3 for common::setMenuVars(), called in module\company\model.php on line 25 and defined in module\common\control.php on line 103 when visiting user-login-L29hL3d3dy8=

19:29:11 Undefined variable: params in module\common\control.php on line 105 when visiting user-login-L29hL3d3dy8=

19:29:11 Undefined variable: params in module\common\control.php on line 123 when visiting user-login-L29hL3d3dy8=

19:29:11 Undefined property: stdClass::$title in module\personalinfo\config.php on line 20 when visiting user-login-L29hL3d3dy8=

19:29:11 Undefined property: stdClass::$id in module\personalinfo\config.php on line 21 when visiting user-login-L29hL3d3dy8=

19:29:11 Undefined property: stdClass::$keywords in module\personalinfo\config.php on line 22 when visiting user-login-L29hL3d3dy8=

19:29:11 Undefined property: stdClass::$product in module\personalinfo\config.php on line 23 when visiting user-login-L29hL3d3dy8=

19:29:11 Undefined property: stdClass::$project in module\personalinfo\config.php on line 24 when visiting user-login-L29hL3d3dy8=

19:29:11 Undefined property: stdClass::$type in module\personalinfo\config.php on line 25 when visiting user-login-L29hL3d3dy8=

19:29:11 Undefined property: stdClass::$module in module\personalinfo\config.php on line 26 when visiting user-login-L29hL3d3dy8=

19:29:11 Undefined property: stdClass::$lib in module\personalinfo\config.php on line 27 when visiting user-login-L29hL3d3dy8=

19:29:11 Undefined property: stdClass::$digest in module\personalinfo\config.php on line 28 when visiting user-login-L29hL3d3dy8=

19:29:11 Undefined property: stdClass::$content in module\personalinfo\config.php on line 29 when visiting user-login-L29hL3d3dy8=

19:29:11 Undefined property: stdClass::$url in module\personalinfo\config.php on line 30 when visiting user-login-L29hL3d3dy8=

19:29:11 Undefined property: stdClass::$addedBy in module\personalinfo\config.php on line 31 when visiting user-login-L29hL3d3dy8=

19:29:11 Undefined property: stdClass::$addedDate in module\personalinfo\config.php on line 32 when visiting user-login-L29hL3d3dy8=

19:29:11 Undefined property: stdClass::$editedBy in module\personalinfo\config.php on line 33 when visiting user-login-L29hL3d3dy8=

19:29:11 Undefined property: stdClass::$editedDate in module\personalinfo\config.php on line 34 when visiting user-login-L29hL3d3dy8=

19:29:11 Undefined property: stdClass::$types in module\personalinfo\config.php on line 41 when visiting user-login-L29hL3d3dy8=

19:29:11 Creating default object from empty value in module\common\lang\menuOrder.php on line 39 when visiting 

19:29:11 Missing argument 3 for common::setMenuVars(), called in module\company\model.php on line 25 and defined in module\common\control.php on line 103 when visiting user-login-L29hL3d3dy8=

19:29:11 Undefined variable: params in module\common\control.php on line 105 when visiting user-login-L29hL3d3dy8=

19:29:11 Undefined variable: params in module\common\control.php on line 123 when visiting user-login-L29hL3d3dy8=

19:29:11 Undefined property: stdClass::$title in module\personalinfo\config.php on line 20 when visiting user-login-L29hL3d3dy8=

19:29:11 Undefined property: stdClass::$id in module\personalinfo\config.php on line 21 when visiting user-login-L29hL3d3dy8=

19:29:11 Undefined property: stdClass::$keywords in module\personalinfo\config.php on line 22 when visiting user-login-L29hL3d3dy8=

19:29:11 Undefined property: stdClass::$product in module\personalinfo\config.php on line 23 when visiting user-login-L29hL3d3dy8=

19:29:11 Undefined property: stdClass::$project in module\personalinfo\config.php on line 24 when visiting user-login-L29hL3d3dy8=

19:29:11 Undefined property: stdClass::$type in module\personalinfo\config.php on line 25 when visiting user-login-L29hL3d3dy8=

19:29:11 Undefined property: stdClass::$module in module\personalinfo\config.php on line 26 when visiting user-login-L29hL3d3dy8=

19:29:11 Undefined property: stdClass::$lib in module\personalinfo\config.php on line 27 when visiting user-login-L29hL3d3dy8=

19:29:11 Undefined property: stdClass::$digest in module\personalinfo\config.php on line 28 when visiting user-login-L29hL3d3dy8=

19:29:11 Undefined property: stdClass::$content in module\personalinfo\config.php on line 29 when visiting user-login-L29hL3d3dy8=

19:29:11 Undefined property: stdClass::$url in module\personalinfo\config.php on line 30 when visiting user-login-L29hL3d3dy8=

19:29:11 Undefined property: stdClass::$addedBy in module\personalinfo\config.php on line 31 when visiting user-login-L29hL3d3dy8=

19:29:11 Undefined property: stdClass::$addedDate in module\personalinfo\config.php on line 32 when visiting user-login-L29hL3d3dy8=

19:29:11 Undefined property: stdClass::$editedBy in module\personalinfo\config.php on line 33 when visiting user-login-L29hL3d3dy8=

19:29:11 Undefined property: stdClass::$editedDate in module\personalinfo\config.php on line 34 when visiting user-login-L29hL3d3dy8=

19:29:11 Undefined property: stdClass::$types in module\personalinfo\config.php on line 41 when visiting user-login-L29hL3d3dy8=

19:29:58 Creating default object from empty value in module\common\lang\menuOrder.php on line 39 when visiting 

19:29:58 Missing argument 3 for common::setMenuVars(), called in module\company\model.php on line 25 and defined in module\common\control.php on line 103 when visiting user-login-L29hL3d3dy8=

19:29:58 Undefined variable: params in module\common\control.php on line 105 when visiting user-login-L29hL3d3dy8=

19:29:58 Undefined variable: params in module\common\control.php on line 123 when visiting user-login-L29hL3d3dy8=

19:29:58 Undefined property: stdClass::$title in module\personalinfo\config.php on line 20 when visiting user-login-L29hL3d3dy8=

19:29:58 Undefined property: stdClass::$id in module\personalinfo\config.php on line 21 when visiting user-login-L29hL3d3dy8=

19:29:58 Undefined property: stdClass::$keywords in module\personalinfo\config.php on line 22 when visiting user-login-L29hL3d3dy8=

19:29:58 Undefined property: stdClass::$product in module\personalinfo\config.php on line 23 when visiting user-login-L29hL3d3dy8=

19:29:58 Undefined property: stdClass::$project in module\personalinfo\config.php on line 24 when visiting user-login-L29hL3d3dy8=

19:29:58 Undefined property: stdClass::$type in module\personalinfo\config.php on line 25 when visiting user-login-L29hL3d3dy8=

19:29:58 Undefined property: stdClass::$module in module\personalinfo\config.php on line 26 when visiting user-login-L29hL3d3dy8=

19:29:58 Undefined property: stdClass::$lib in module\personalinfo\config.php on line 27 when visiting user-login-L29hL3d3dy8=

19:29:58 Undefined property: stdClass::$digest in module\personalinfo\config.php on line 28 when visiting user-login-L29hL3d3dy8=

19:29:58 Undefined property: stdClass::$content in module\personalinfo\config.php on line 29 when visiting user-login-L29hL3d3dy8=

19:29:58 Undefined property: stdClass::$url in module\personalinfo\config.php on line 30 when visiting user-login-L29hL3d3dy8=

19:29:58 Undefined property: stdClass::$addedBy in module\personalinfo\config.php on line 31 when visiting user-login-L29hL3d3dy8=

19:29:58 Undefined property: stdClass::$addedDate in module\personalinfo\config.php on line 32 when visiting user-login-L29hL3d3dy8=

19:29:58 Undefined property: stdClass::$editedBy in module\personalinfo\config.php on line 33 when visiting user-login-L29hL3d3dy8=

19:29:58 Undefined property: stdClass::$editedDate in module\personalinfo\config.php on line 34 when visiting user-login-L29hL3d3dy8=

19:29:58 Undefined property: stdClass::$types in module\personalinfo\config.php on line 41 when visiting user-login-L29hL3d3dy8=

19:29:58 Creating default object from empty value in module\common\lang\menuOrder.php on line 39 when visiting 

19:29:58 Missing argument 3 for common::setMenuVars(), called in module\company\model.php on line 25 and defined in module\common\control.php on line 103 when visiting user-captcha

19:29:58 Undefined variable: params in module\common\control.php on line 105 when visiting user-captcha

19:29:58 Undefined variable: params in module\common\control.php on line 123 when visiting user-captcha

19:29:58 Undefined property: stdClass::$title in module\personalinfo\config.php on line 20 when visiting user-captcha

19:29:58 Undefined property: stdClass::$id in module\personalinfo\config.php on line 21 when visiting user-captcha

19:29:58 Undefined property: stdClass::$keywords in module\personalinfo\config.php on line 22 when visiting user-captcha

19:29:58 Undefined property: stdClass::$product in module\personalinfo\config.php on line 23 when visiting user-captcha

19:29:58 Undefined property: stdClass::$project in module\personalinfo\config.php on line 24 when visiting user-captcha

19:29:58 Undefined property: stdClass::$type in module\personalinfo\config.php on line 25 when visiting user-captcha

19:29:58 Undefined property: stdClass::$module in module\personalinfo\config.php on line 26 when visiting user-captcha

19:29:58 Undefined property: stdClass::$lib in module\personalinfo\config.php on line 27 when visiting user-captcha

19:29:58 Undefined property: stdClass::$digest in module\personalinfo\config.php on line 28 when visiting user-captcha

19:29:58 Undefined property: stdClass::$content in module\personalinfo\config.php on line 29 when visiting user-captcha

19:29:58 Undefined property: stdClass::$url in module\personalinfo\config.php on line 30 when visiting user-captcha

19:29:58 Undefined property: stdClass::$addedBy in module\personalinfo\config.php on line 31 when visiting user-captcha

19:29:58 Undefined property: stdClass::$addedDate in module\personalinfo\config.php on line 32 when visiting user-captcha

19:29:58 Undefined property: stdClass::$editedBy in module\personalinfo\config.php on line 33 when visiting user-captcha

19:29:58 Undefined property: stdClass::$editedDate in module\personalinfo\config.php on line 34 when visiting user-captcha

19:29:58 Undefined property: stdClass::$types in module\personalinfo\config.php on line 41 when visiting user-captcha

19:29:59 Creating default object from empty value in module\common\lang\menuOrder.php on line 39 when visiting 

19:29:59 Missing argument 3 for common::setMenuVars(), called in module\company\model.php on line 25 and defined in module\common\control.php on line 103 when visiting user-login-L29hL3d3dy8=

19:29:59 Undefined variable: params in module\common\control.php on line 105 when visiting user-login-L29hL3d3dy8=

19:29:59 Undefined variable: params in module\common\control.php on line 123 when visiting user-login-L29hL3d3dy8=

19:29:59 Undefined property: stdClass::$title in module\personalinfo\config.php on line 20 when visiting user-login-L29hL3d3dy8=

19:29:59 Undefined property: stdClass::$id in module\personalinfo\config.php on line 21 when visiting user-login-L29hL3d3dy8=

19:29:59 Undefined property: stdClass::$keywords in module\personalinfo\config.php on line 22 when visiting user-login-L29hL3d3dy8=

19:29:59 Undefined property: stdClass::$product in module\personalinfo\config.php on line 23 when visiting user-login-L29hL3d3dy8=

19:29:59 Undefined property: stdClass::$project in module\personalinfo\config.php on line 24 when visiting user-login-L29hL3d3dy8=

19:29:59 Undefined property: stdClass::$type in module\personalinfo\config.php on line 25 when visiting user-login-L29hL3d3dy8=

19:29:59 Undefined property: stdClass::$module in module\personalinfo\config.php on line 26 when visiting user-login-L29hL3d3dy8=

19:29:59 Undefined property: stdClass::$lib in module\personalinfo\config.php on line 27 when visiting user-login-L29hL3d3dy8=

19:29:59 Undefined property: stdClass::$digest in module\personalinfo\config.php on line 28 when visiting user-login-L29hL3d3dy8=

19:29:59 Undefined property: stdClass::$content in module\personalinfo\config.php on line 29 when visiting user-login-L29hL3d3dy8=

19:29:59 Undefined property: stdClass::$url in module\personalinfo\config.php on line 30 when visiting user-login-L29hL3d3dy8=

19:29:59 Undefined property: stdClass::$addedBy in module\personalinfo\config.php on line 31 when visiting user-login-L29hL3d3dy8=

19:29:59 Undefined property: stdClass::$addedDate in module\personalinfo\config.php on line 32 when visiting user-login-L29hL3d3dy8=

19:29:59 Undefined property: stdClass::$editedBy in module\personalinfo\config.php on line 33 when visiting user-login-L29hL3d3dy8=

19:29:59 Undefined property: stdClass::$editedDate in module\personalinfo\config.php on line 34 when visiting user-login-L29hL3d3dy8=

19:29:59 Undefined property: stdClass::$types in module\personalinfo\config.php on line 41 when visiting user-login-L29hL3d3dy8=

19:29:59 Creating default object from empty value in module\common\lang\menuOrder.php on line 39 when visiting 

19:29:59 Missing argument 3 for common::setMenuVars(), called in module\company\model.php on line 25 and defined in module\common\control.php on line 103 when visiting user-captcha

19:29:59 Undefined variable: params in module\common\control.php on line 105 when visiting user-captcha

19:29:59 Undefined variable: params in module\common\control.php on line 123 when visiting user-captcha

19:29:59 Undefined property: stdClass::$title in module\personalinfo\config.php on line 20 when visiting user-captcha

19:29:59 Undefined property: stdClass::$id in module\personalinfo\config.php on line 21 when visiting user-captcha

19:29:59 Undefined property: stdClass::$keywords in module\personalinfo\config.php on line 22 when visiting user-captcha

19:29:59 Undefined property: stdClass::$product in module\personalinfo\config.php on line 23 when visiting user-captcha

19:29:59 Undefined property: stdClass::$project in module\personalinfo\config.php on line 24 when visiting user-captcha

19:29:59 Undefined property: stdClass::$type in module\personalinfo\config.php on line 25 when visiting user-captcha

19:29:59 Undefined property: stdClass::$module in module\personalinfo\config.php on line 26 when visiting user-captcha

19:29:59 Undefined property: stdClass::$lib in module\personalinfo\config.php on line 27 when visiting user-captcha

19:29:59 Undefined property: stdClass::$digest in module\personalinfo\config.php on line 28 when visiting user-captcha

19:29:59 Undefined property: stdClass::$content in module\personalinfo\config.php on line 29 when visiting user-captcha

19:29:59 Undefined property: stdClass::$url in module\personalinfo\config.php on line 30 when visiting user-captcha

19:29:59 Undefined property: stdClass::$addedBy in module\personalinfo\config.php on line 31 when visiting user-captcha

19:29:59 Undefined property: stdClass::$addedDate in module\personalinfo\config.php on line 32 when visiting user-captcha

19:29:59 Undefined property: stdClass::$editedBy in module\personalinfo\config.php on line 33 when visiting user-captcha

19:29:59 Undefined property: stdClass::$editedDate in module\personalinfo\config.php on line 34 when visiting user-captcha

19:29:59 Undefined property: stdClass::$types in module\personalinfo\config.php on line 41 when visiting user-captcha

19:30:00 Creating default object from empty value in module\common\lang\menuOrder.php on line 39 when visiting 

19:30:00 Missing argument 3 for common::setMenuVars(), called in module\company\model.php on line 25 and defined in module\common\control.php on line 103 when visiting user-captcha

19:30:00 Undefined variable: params in module\common\control.php on line 105 when visiting user-captcha

19:30:00 Undefined variable: params in module\common\control.php on line 123 when visiting user-captcha

19:30:00 Undefined property: stdClass::$title in module\personalinfo\config.php on line 20 when visiting user-captcha

19:30:00 Undefined property: stdClass::$id in module\personalinfo\config.php on line 21 when visiting user-captcha

19:30:00 Undefined property: stdClass::$keywords in module\personalinfo\config.php on line 22 when visiting user-captcha

19:30:00 Undefined property: stdClass::$product in module\personalinfo\config.php on line 23 when visiting user-captcha

19:30:00 Undefined property: stdClass::$project in module\personalinfo\config.php on line 24 when visiting user-captcha

19:30:00 Undefined property: stdClass::$type in module\personalinfo\config.php on line 25 when visiting user-captcha

19:30:00 Undefined property: stdClass::$module in module\personalinfo\config.php on line 26 when visiting user-captcha

19:30:00 Undefined property: stdClass::$lib in module\personalinfo\config.php on line 27 when visiting user-captcha

19:30:00 Undefined property: stdClass::$digest in module\personalinfo\config.php on line 28 when visiting user-captcha

19:30:00 Undefined property: stdClass::$content in module\personalinfo\config.php on line 29 when visiting user-captcha

19:30:00 Undefined property: stdClass::$url in module\personalinfo\config.php on line 30 when visiting user-captcha

19:30:00 Undefined property: stdClass::$addedBy in module\personalinfo\config.php on line 31 when visiting user-captcha

19:30:00 Undefined property: stdClass::$addedDate in module\personalinfo\config.php on line 32 when visiting user-captcha

19:30:00 Undefined property: stdClass::$editedBy in module\personalinfo\config.php on line 33 when visiting user-captcha

19:30:00 Undefined property: stdClass::$editedDate in module\personalinfo\config.php on line 34 when visiting user-captcha

19:30:00 Undefined property: stdClass::$types in module\personalinfo\config.php on line 41 when visiting user-captcha

19:30:00 Creating default object from empty value in module\common\lang\menuOrder.php on line 39 when visiting 

19:30:00 Missing argument 3 for common::setMenuVars(), called in module\company\model.php on line 25 and defined in module\common\control.php on line 103 when visiting user-captcha

19:30:00 Undefined variable: params in module\common\control.php on line 105 when visiting user-captcha

19:30:00 Undefined variable: params in module\common\control.php on line 123 when visiting user-captcha

19:30:00 Undefined property: stdClass::$title in module\personalinfo\config.php on line 20 when visiting user-captcha

19:30:00 Undefined property: stdClass::$id in module\personalinfo\config.php on line 21 when visiting user-captcha

19:30:00 Undefined property: stdClass::$keywords in module\personalinfo\config.php on line 22 when visiting user-captcha

19:30:00 Undefined property: stdClass::$product in module\personalinfo\config.php on line 23 when visiting user-captcha

19:30:00 Undefined property: stdClass::$project in module\personalinfo\config.php on line 24 when visiting user-captcha

19:30:00 Undefined property: stdClass::$type in module\personalinfo\config.php on line 25 when visiting user-captcha

19:30:00 Undefined property: stdClass::$module in module\personalinfo\config.php on line 26 when visiting user-captcha

19:30:00 Undefined property: stdClass::$lib in module\personalinfo\config.php on line 27 when visiting user-captcha

19:30:00 Undefined property: stdClass::$digest in module\personalinfo\config.php on line 28 when visiting user-captcha

19:30:00 Undefined property: stdClass::$content in module\personalinfo\config.php on line 29 when visiting user-captcha

19:30:00 Undefined property: stdClass::$url in module\personalinfo\config.php on line 30 when visiting user-captcha

19:30:00 Undefined property: stdClass::$addedBy in module\personalinfo\config.php on line 31 when visiting user-captcha

19:30:00 Undefined property: stdClass::$addedDate in module\personalinfo\config.php on line 32 when visiting user-captcha

19:30:00 Undefined property: stdClass::$editedBy in module\personalinfo\config.php on line 33 when visiting user-captcha

19:30:00 Undefined property: stdClass::$editedDate in module\personalinfo\config.php on line 34 when visiting user-captcha

19:30:00 Undefined property: stdClass::$types in module\personalinfo\config.php on line 41 when visiting user-captcha

19:30:00 Creating default object from empty value in module\common\lang\menuOrder.php on line 39 when visiting 

19:30:00 Missing argument 3 for common::setMenuVars(), called in module\company\model.php on line 25 and defined in module\common\control.php on line 103 when visiting user-captcha

19:30:00 Undefined variable: params in module\common\control.php on line 105 when visiting user-captcha

19:30:00 Undefined variable: params in module\common\control.php on line 123 when visiting user-captcha

19:30:00 Undefined property: stdClass::$title in module\personalinfo\config.php on line 20 when visiting user-captcha

19:30:00 Undefined property: stdClass::$id in module\personalinfo\config.php on line 21 when visiting user-captcha

19:30:00 Undefined property: stdClass::$keywords in module\personalinfo\config.php on line 22 when visiting user-captcha

19:30:00 Undefined property: stdClass::$product in module\personalinfo\config.php on line 23 when visiting user-captcha

19:30:00 Undefined property: stdClass::$project in module\personalinfo\config.php on line 24 when visiting user-captcha

19:30:00 Undefined property: stdClass::$type in module\personalinfo\config.php on line 25 when visiting user-captcha

19:30:00 Undefined property: stdClass::$module in module\personalinfo\config.php on line 26 when visiting user-captcha

19:30:00 Undefined property: stdClass::$lib in module\personalinfo\config.php on line 27 when visiting user-captcha

19:30:00 Undefined property: stdClass::$digest in module\personalinfo\config.php on line 28 when visiting user-captcha

19:30:00 Undefined property: stdClass::$content in module\personalinfo\config.php on line 29 when visiting user-captcha

19:30:00 Undefined property: stdClass::$url in module\personalinfo\config.php on line 30 when visiting user-captcha

19:30:00 Undefined property: stdClass::$addedBy in module\personalinfo\config.php on line 31 when visiting user-captcha

19:30:00 Undefined property: stdClass::$addedDate in module\personalinfo\config.php on line 32 when visiting user-captcha

19:30:00 Undefined property: stdClass::$editedBy in module\personalinfo\config.php on line 33 when visiting user-captcha

19:30:00 Undefined property: stdClass::$editedDate in module\personalinfo\config.php on line 34 when visiting user-captcha

19:30:00 Undefined property: stdClass::$types in module\personalinfo\config.php on line 41 when visiting user-captcha

19:30:00 Creating default object from empty value in module\common\lang\menuOrder.php on line 39 when visiting 

19:30:00 Missing argument 3 for common::setMenuVars(), called in module\company\model.php on line 25 and defined in module\common\control.php on line 103 when visiting user-captcha

19:30:00 Undefined variable: params in module\common\control.php on line 105 when visiting user-captcha

19:30:00 Undefined variable: params in module\common\control.php on line 123 when visiting user-captcha

19:30:00 Undefined property: stdClass::$title in module\personalinfo\config.php on line 20 when visiting user-captcha

19:30:00 Undefined property: stdClass::$id in module\personalinfo\config.php on line 21 when visiting user-captcha

19:30:00 Undefined property: stdClass::$keywords in module\personalinfo\config.php on line 22 when visiting user-captcha

19:30:00 Undefined property: stdClass::$product in module\personalinfo\config.php on line 23 when visiting user-captcha

19:30:00 Undefined property: stdClass::$project in module\personalinfo\config.php on line 24 when visiting user-captcha

19:30:00 Undefined property: stdClass::$type in module\personalinfo\config.php on line 25 when visiting user-captcha

19:30:00 Undefined property: stdClass::$module in module\personalinfo\config.php on line 26 when visiting user-captcha

19:30:00 Undefined property: stdClass::$lib in module\personalinfo\config.php on line 27 when visiting user-captcha

19:30:00 Undefined property: stdClass::$digest in module\personalinfo\config.php on line 28 when visiting user-captcha

19:30:00 Undefined property: stdClass::$content in module\personalinfo\config.php on line 29 when visiting user-captcha

19:30:00 Undefined property: stdClass::$url in module\personalinfo\config.php on line 30 when visiting user-captcha

19:30:00 Undefined property: stdClass::$addedBy in module\personalinfo\config.php on line 31 when visiting user-captcha

19:30:00 Undefined property: stdClass::$addedDate in module\personalinfo\config.php on line 32 when visiting user-captcha

19:30:00 Undefined property: stdClass::$editedBy in module\personalinfo\config.php on line 33 when visiting user-captcha

19:30:00 Undefined property: stdClass::$editedDate in module\personalinfo\config.php on line 34 when visiting user-captcha

19:30:00 Undefined property: stdClass::$types in module\personalinfo\config.php on line 41 when visiting user-captcha

19:30:01 Creating default object from empty value in module\common\lang\menuOrder.php on line 39 when visiting 

19:30:01 Missing argument 3 for common::setMenuVars(), called in module\company\model.php on line 25 and defined in module\common\control.php on line 103 when visiting user-captcha

19:30:01 Undefined variable: params in module\common\control.php on line 105 when visiting user-captcha

19:30:01 Undefined variable: params in module\common\control.php on line 123 when visiting user-captcha

19:30:01 Undefined property: stdClass::$title in module\personalinfo\config.php on line 20 when visiting user-captcha

19:30:01 Undefined property: stdClass::$id in module\personalinfo\config.php on line 21 when visiting user-captcha

19:30:01 Undefined property: stdClass::$keywords in module\personalinfo\config.php on line 22 when visiting user-captcha

19:30:01 Undefined property: stdClass::$product in module\personalinfo\config.php on line 23 when visiting user-captcha

19:30:01 Undefined property: stdClass::$project in module\personalinfo\config.php on line 24 when visiting user-captcha

19:30:01 Undefined property: stdClass::$type in module\personalinfo\config.php on line 25 when visiting user-captcha

19:30:01 Undefined property: stdClass::$module in module\personalinfo\config.php on line 26 when visiting user-captcha

19:30:01 Undefined property: stdClass::$lib in module\personalinfo\config.php on line 27 when visiting user-captcha

19:30:01 Undefined property: stdClass::$digest in module\personalinfo\config.php on line 28 when visiting user-captcha

19:30:01 Undefined property: stdClass::$content in module\personalinfo\config.php on line 29 when visiting user-captcha

19:30:01 Undefined property: stdClass::$url in module\personalinfo\config.php on line 30 when visiting user-captcha

19:30:01 Undefined property: stdClass::$addedBy in module\personalinfo\config.php on line 31 when visiting user-captcha

19:30:01 Undefined property: stdClass::$addedDate in module\personalinfo\config.php on line 32 when visiting user-captcha

19:30:01 Undefined property: stdClass::$editedBy in module\personalinfo\config.php on line 33 when visiting user-captcha

19:30:01 Undefined property: stdClass::$editedDate in module\personalinfo\config.php on line 34 when visiting user-captcha

19:30:01 Undefined property: stdClass::$types in module\personalinfo\config.php on line 41 when visiting user-captcha

19:30:01 Creating default object from empty value in module\common\lang\menuOrder.php on line 39 when visiting 

19:30:01 Missing argument 3 for common::setMenuVars(), called in module\company\model.php on line 25 and defined in module\common\control.php on line 103 when visiting user-captcha

19:30:01 Undefined variable: params in module\common\control.php on line 105 when visiting user-captcha

19:30:01 Undefined variable: params in module\common\control.php on line 123 when visiting user-captcha

19:30:01 Undefined property: stdClass::$title in module\personalinfo\config.php on line 20 when visiting user-captcha

19:30:01 Undefined property: stdClass::$id in module\personalinfo\config.php on line 21 when visiting user-captcha

19:30:01 Undefined property: stdClass::$keywords in module\personalinfo\config.php on line 22 when visiting user-captcha

19:30:01 Undefined property: stdClass::$product in module\personalinfo\config.php on line 23 when visiting user-captcha

19:30:01 Undefined property: stdClass::$project in module\personalinfo\config.php on line 24 when visiting user-captcha

19:30:01 Undefined property: stdClass::$type in module\personalinfo\config.php on line 25 when visiting user-captcha

19:30:01 Undefined property: stdClass::$module in module\personalinfo\config.php on line 26 when visiting user-captcha

19:30:01 Undefined property: stdClass::$lib in module\personalinfo\config.php on line 27 when visiting user-captcha

19:30:01 Undefined property: stdClass::$digest in module\personalinfo\config.php on line 28 when visiting user-captcha

19:30:01 Undefined property: stdClass::$content in module\personalinfo\config.php on line 29 when visiting user-captcha

19:30:01 Undefined property: stdClass::$url in module\personalinfo\config.php on line 30 when visiting user-captcha

19:30:01 Undefined property: stdClass::$addedBy in module\personalinfo\config.php on line 31 when visiting user-captcha

19:30:01 Undefined property: stdClass::$addedDate in module\personalinfo\config.php on line 32 when visiting user-captcha

19:30:01 Undefined property: stdClass::$editedBy in module\personalinfo\config.php on line 33 when visiting user-captcha

19:30:01 Undefined property: stdClass::$editedDate in module\personalinfo\config.php on line 34 when visiting user-captcha

19:30:01 Undefined property: stdClass::$types in module\personalinfo\config.php on line 41 when visiting user-captcha
