
21:45:08 Creating default object from empty value in module\common\lang\menuOrder.php on line 39 when visiting 

21:45:08 Creating default object from empty value in module\common\lang\menuOrder.php on line 39 when visiting 

21:45:08 Missing argument 3 for common::setMenuVars(), called in module\company\model.php on line 25 and defined in module\common\control.php on line 103 when visiting user-login-L29hL3d3dy8=

21:45:08 Undefined variable: params in module\common\control.php on line 105 when visiting user-login-L29hL3d3dy8=

21:45:08 Undefined variable: params in module\common\control.php on line 123 when visiting user-login-L29hL3d3dy8=

21:45:08 Undefined property: stdClass::$title in module\personalinfo\config.php on line 20 when visiting user-login-L29hL3d3dy8=

21:45:08 Undefined property: stdClass::$id in module\personalinfo\config.php on line 21 when visiting user-login-L29hL3d3dy8=

21:45:08 Undefined property: stdClass::$keywords in module\personalinfo\config.php on line 22 when visiting user-login-L29hL3d3dy8=

21:45:08 Undefined property: stdClass::$product in module\personalinfo\config.php on line 23 when visiting user-login-L29hL3d3dy8=

21:45:08 Undefined property: stdClass::$project in module\personalinfo\config.php on line 24 when visiting user-login-L29hL3d3dy8=

21:45:08 Undefined property: stdClass::$type in module\personalinfo\config.php on line 25 when visiting user-login-L29hL3d3dy8=

21:45:08 Undefined property: stdClass::$module in module\personalinfo\config.php on line 26 when visiting user-login-L29hL3d3dy8=

21:45:08 Undefined property: stdClass::$lib in module\personalinfo\config.php on line 27 when visiting user-login-L29hL3d3dy8=

21:45:08 Undefined property: stdClass::$digest in module\personalinfo\config.php on line 28 when visiting user-login-L29hL3d3dy8=

21:45:08 Undefined property: stdClass::$content in module\personalinfo\config.php on line 29 when visiting user-login-L29hL3d3dy8=

21:45:08 Undefined property: stdClass::$url in module\personalinfo\config.php on line 30 when visiting user-login-L29hL3d3dy8=

21:45:08 Undefined property: stdClass::$addedBy in module\personalinfo\config.php on line 31 when visiting user-login-L29hL3d3dy8=

21:45:08 Undefined property: stdClass::$addedDate in module\personalinfo\config.php on line 32 when visiting user-login-L29hL3d3dy8=

21:45:08 Undefined property: stdClass::$editedBy in module\personalinfo\config.php on line 33 when visiting user-login-L29hL3d3dy8=

21:45:08 Undefined property: stdClass::$editedDate in module\personalinfo\config.php on line 34 when visiting user-login-L29hL3d3dy8=

21:45:08 Undefined property: stdClass::$types in module\personalinfo\config.php on line 41 when visiting user-login-L29hL3d3dy8=

21:45:08 Creating default object from empty value in module\common\lang\menuOrder.php on line 39 when visiting 

21:45:08 Missing argument 3 for common::setMenuVars(), called in module\company\model.php on line 25 and defined in module\common\control.php on line 103 when visiting user-captcha

21:45:08 Undefined variable: params in module\common\control.php on line 105 when visiting user-captcha

21:45:08 Undefined variable: params in module\common\control.php on line 123 when visiting user-captcha

21:45:08 Undefined property: stdClass::$title in module\personalinfo\config.php on line 20 when visiting user-captcha

21:45:08 Undefined property: stdClass::$id in module\personalinfo\config.php on line 21 when visiting user-captcha

21:45:08 Undefined property: stdClass::$keywords in module\personalinfo\config.php on line 22 when visiting user-captcha

21:45:08 Undefined property: stdClass::$product in module\personalinfo\config.php on line 23 when visiting user-captcha

21:45:08 Undefined property: stdClass::$project in module\personalinfo\config.php on line 24 when visiting user-captcha

21:45:08 Undefined property: stdClass::$type in module\personalinfo\config.php on line 25 when visiting user-captcha

21:45:08 Undefined property: stdClass::$module in module\personalinfo\config.php on line 26 when visiting user-captcha

21:45:08 Undefined property: stdClass::$lib in module\personalinfo\config.php on line 27 when visiting user-captcha

21:45:08 Undefined property: stdClass::$digest in module\personalinfo\config.php on line 28 when visiting user-captcha

21:45:08 Undefined property: stdClass::$content in module\personalinfo\config.php on line 29 when visiting user-captcha

21:45:08 Undefined property: stdClass::$url in module\personalinfo\config.php on line 30 when visiting user-captcha

21:45:08 Undefined property: stdClass::$addedBy in module\personalinfo\config.php on line 31 when visiting user-captcha

21:45:08 Undefined property: stdClass::$addedDate in module\personalinfo\config.php on line 32 when visiting user-captcha

21:45:08 Undefined property: stdClass::$editedBy in module\personalinfo\config.php on line 33 when visiting user-captcha

21:45:08 Undefined property: stdClass::$editedDate in module\personalinfo\config.php on line 34 when visiting user-captcha

21:45:08 Undefined property: stdClass::$types in module\personalinfo\config.php on line 41 when visiting user-captcha

21:46:00 Creating default object from empty value in module\common\lang\menuOrder.php on line 39 when visiting 

21:46:00 Missing argument 3 for common::setMenuVars(), called in module\company\model.php on line 25 and defined in module\common\control.php on line 103 when visiting user-login-L29hL3d3dy8=

21:46:00 Undefined variable: params in module\common\control.php on line 105 when visiting user-login-L29hL3d3dy8=

21:46:00 Undefined variable: params in module\common\control.php on line 123 when visiting user-login-L29hL3d3dy8=

21:46:00 Undefined property: stdClass::$title in module\personalinfo\config.php on line 20 when visiting user-login-L29hL3d3dy8=

21:46:00 Undefined property: stdClass::$id in module\personalinfo\config.php on line 21 when visiting user-login-L29hL3d3dy8=

21:46:00 Undefined property: stdClass::$keywords in module\personalinfo\config.php on line 22 when visiting user-login-L29hL3d3dy8=

21:46:00 Undefined property: stdClass::$product in module\personalinfo\config.php on line 23 when visiting user-login-L29hL3d3dy8=

21:46:00 Undefined property: stdClass::$project in module\personalinfo\config.php on line 24 when visiting user-login-L29hL3d3dy8=

21:46:00 Undefined property: stdClass::$type in module\personalinfo\config.php on line 25 when visiting user-login-L29hL3d3dy8=

21:46:00 Undefined property: stdClass::$module in module\personalinfo\config.php on line 26 when visiting user-login-L29hL3d3dy8=

21:46:00 Undefined property: stdClass::$lib in module\personalinfo\config.php on line 27 when visiting user-login-L29hL3d3dy8=

21:46:00 Undefined property: stdClass::$digest in module\personalinfo\config.php on line 28 when visiting user-login-L29hL3d3dy8=

21:46:00 Undefined property: stdClass::$content in module\personalinfo\config.php on line 29 when visiting user-login-L29hL3d3dy8=

21:46:00 Undefined property: stdClass::$url in module\personalinfo\config.php on line 30 when visiting user-login-L29hL3d3dy8=

21:46:00 Undefined property: stdClass::$addedBy in module\personalinfo\config.php on line 31 when visiting user-login-L29hL3d3dy8=

21:46:00 Undefined property: stdClass::$addedDate in module\personalinfo\config.php on line 32 when visiting user-login-L29hL3d3dy8=

21:46:00 Undefined property: stdClass::$editedBy in module\personalinfo\config.php on line 33 when visiting user-login-L29hL3d3dy8=

21:46:00 Undefined property: stdClass::$editedDate in module\personalinfo\config.php on line 34 when visiting user-login-L29hL3d3dy8=

21:46:00 Undefined property: stdClass::$types in module\personalinfo\config.php on line 41 when visiting user-login-L29hL3d3dy8=

21:46:00 Undefined index: account in lib\dao\dao.class.php on line 615 when visiting user-login-L29hL3d3dy8=

21:46:00 Use of undefined constant t1 - assumed 't1' in module\user\model.php on line 754 when visiting user-login-L29hL3d3dy8=

21:46:00 Use of undefined constant t2 - assumed 't2' in module\user\model.php on line 756 when visiting user-login-L29hL3d3dy8=

21:46:00 Use of undefined constant t3 - assumed 't3' in module\user\model.php on line 758 when visiting user-login-L29hL3d3dy8=

21:46:00 Creating default object from empty value in module\action\lang\zh-cn.php on line 12 when visiting user-login-L29hL3d3dy8=

21:46:00 Creating default object from empty value in module\common\lang\menuOrder.php on line 39 when visiting 

21:46:00 Creating default object from empty value in module\common\lang\menuOrder.php on line 39 when visiting 

21:46:00 Undefined property: stdClass::$role in module\my\model.php on line 27 when visiting my

21:46:00 Declaration of taskModel::delete() should be compatible with model::delete($table, $id) in module\task\model.php on line 948 when visiting my

21:46:00 Declaration of problemModel::delete() should be compatible with model::delete($table, $id) in module\problem\model.php on line 476 when visiting my

21:46:00 Declaration of noticeModel::delete() should be compatible with model::delete($table, $id) in module\notice\model.php on line 314 when visiting my

21:46:00 Creating default object from empty value in module\notice\config.php on line 4 when visiting my

21:46:00 Creating default object from empty value in module\statistics\config.php on line 4 when visiting my

21:46:00 Creating default object from empty value in module\statistics\config.php on line 5 when visiting my

21:46:00 Creating default object from empty value in module\statistics\config.php on line 6 when visiting my

21:46:00 Creating default object from empty value in module\statistics\config.php on line 7 when visiting my

21:46:00 Creating default object from empty value in module\statistics\config.php on line 8 when visiting my

21:46:00 Creating default object from empty value in module\statistics\config.php on line 9 when visiting my

21:46:00 Creating default object from empty value in module\statistics\config.php on line 10 when visiting my

21:46:00 Undefined variable: results in module\statistics\model.php on line 785 when visiting my

21:46:00 Undefined variable: results in module\statistics\model.php on line 785 when visiting my

21:46:00 Use of undefined constant t1 - assumed 't1' in module\notice\model.php on line 147 when visiting my

21:46:00 Use of undefined constant t2 - assumed 't2' in module\notice\model.php on line 148 when visiting my

21:46:00 Undefined property: language::$chooseUsersToMail in module\common\view\chosen.html.php on line 11 when visiting my

21:46:00 Attempt to modify property of non-object in module\common\model.php on line 367 when visiting my

21:46:02 Creating default object from empty value in module\common\lang\menuOrder.php on line 39 when visiting 

21:46:02 Declaration of taskModel::delete() should be compatible with model::delete($table, $id) in module\task\model.php on line 948 when visiting workspace

21:46:02 Declaration of projectModel::delete() should be compatible with model::delete($table, $id) in module\project\model.php on line 425 when visiting workspace

21:46:02 Use of undefined constant G - assumed 'G' in module\tutorial\lang\zh-cn.php on line 39 when visiting workspace

21:46:02 Use of undefined constant T - assumed 'T' in module\tutorial\lang\zh-cn.php on line 40 when visiting workspace

21:46:02 Use of undefined constant R - assumed 'R' in module\tutorial\lang\zh-cn.php on line 41 when visiting workspace

21:46:02 Use of undefined constant P - assumed 'P' in module\tutorial\lang\zh-cn.php on line 42 when visiting workspace

21:46:02 Use of undefined constant G - assumed 'G' in module\tutorial\lang\zh-cn.php on line 44 when visiting workspace

21:46:02 Use of undefined constant T - assumed 'T' in module\tutorial\lang\zh-cn.php on line 45 when visiting workspace

21:46:02 Use of undefined constant R - assumed 'R' in module\tutorial\lang\zh-cn.php on line 46 when visiting workspace

21:46:02 Use of undefined constant P - assumed 'P' in module\tutorial\lang\zh-cn.php on line 47 when visiting workspace

21:46:02 Use of undefined constant G - assumed 'G' in module\tutorial\lang\zh-cn.php on line 49 when visiting workspace

21:46:02 Use of undefined constant T - assumed 'T' in module\tutorial\lang\zh-cn.php on line 50 when visiting workspace

21:46:02 Use of undefined constant R - assumed 'R' in module\tutorial\lang\zh-cn.php on line 51 when visiting workspace

21:46:02 Use of undefined constant P - assumed 'P' in module\tutorial\lang\zh-cn.php on line 52 when visiting workspace

21:46:02 Undefined variable: lang in module\tutorial\config.php on line 8 when visiting workspace

21:46:02 Trying to get property of non-object in module\tutorial\config.php on line 8 when visiting workspace

21:46:02 Trying to get property of non-object in module\tutorial\config.php on line 8 when visiting workspace

21:46:02 Undefined variable: lang in module\tutorial\config.php on line 9 when visiting workspace

21:46:02 Trying to get property of non-object in module\tutorial\config.php on line 9 when visiting workspace

21:46:02 Trying to get property of non-object in module\tutorial\config.php on line 9 when visiting workspace

21:46:02 Creating default object from empty value in module\common\lang\menuOrder.php on line 39 when visiting 

21:46:02 Declaration of taskModel::delete() should be compatible with model::delete($table, $id) in module\task\model.php on line 948 when visiting workspace-task

21:46:02 Declaration of projectModel::delete() should be compatible with model::delete($table, $id) in module\project\model.php on line 425 when visiting workspace-task

21:46:02 Use of undefined constant G - assumed 'G' in module\tutorial\lang\zh-cn.php on line 39 when visiting workspace-task

21:46:02 Use of undefined constant T - assumed 'T' in module\tutorial\lang\zh-cn.php on line 40 when visiting workspace-task

21:46:02 Use of undefined constant R - assumed 'R' in module\tutorial\lang\zh-cn.php on line 41 when visiting workspace-task

21:46:02 Use of undefined constant P - assumed 'P' in module\tutorial\lang\zh-cn.php on line 42 when visiting workspace-task

21:46:02 Use of undefined constant G - assumed 'G' in module\tutorial\lang\zh-cn.php on line 44 when visiting workspace-task

21:46:02 Use of undefined constant T - assumed 'T' in module\tutorial\lang\zh-cn.php on line 45 when visiting workspace-task

21:46:02 Use of undefined constant R - assumed 'R' in module\tutorial\lang\zh-cn.php on line 46 when visiting workspace-task

21:46:02 Use of undefined constant P - assumed 'P' in module\tutorial\lang\zh-cn.php on line 47 when visiting workspace-task

21:46:02 Use of undefined constant G - assumed 'G' in module\tutorial\lang\zh-cn.php on line 49 when visiting workspace-task

21:46:02 Use of undefined constant T - assumed 'T' in module\tutorial\lang\zh-cn.php on line 50 when visiting workspace-task

21:46:02 Use of undefined constant R - assumed 'R' in module\tutorial\lang\zh-cn.php on line 51 when visiting workspace-task

21:46:02 Use of undefined constant P - assumed 'P' in module\tutorial\lang\zh-cn.php on line 52 when visiting workspace-task

21:46:02 Undefined variable: lang in module\tutorial\config.php on line 8 when visiting workspace-task

21:46:02 Trying to get property of non-object in module\tutorial\config.php on line 8 when visiting workspace-task

21:46:02 Trying to get property of non-object in module\tutorial\config.php on line 8 when visiting workspace-task

21:46:02 Undefined variable: lang in module\tutorial\config.php on line 9 when visiting workspace-task

21:46:02 Trying to get property of non-object in module\tutorial\config.php on line 9 when visiting workspace-task

21:46:02 Trying to get property of non-object in module\tutorial\config.php on line 9 when visiting workspace-task

21:46:02 Creating default object from empty value in module\common\lang\menuOrder.php on line 39 when visiting 

21:46:02 Declaration of taskModel::delete() should be compatible with model::delete($table, $id) in module\task\model.php on line 948 when visiting task-viewTask

21:46:02 Creating default object from empty value in module\action\lang\zh-cn.php on line 12 when visiting task-viewTask

21:46:02 Use of undefined constant G - assumed 'G' in module\tutorial\lang\zh-cn.php on line 39 when visiting task-viewTask

21:46:02 Use of undefined constant T - assumed 'T' in module\tutorial\lang\zh-cn.php on line 40 when visiting task-viewTask

21:46:02 Use of undefined constant R - assumed 'R' in module\tutorial\lang\zh-cn.php on line 41 when visiting task-viewTask

21:46:02 Use of undefined constant P - assumed 'P' in module\tutorial\lang\zh-cn.php on line 42 when visiting task-viewTask

21:46:02 Use of undefined constant G - assumed 'G' in module\tutorial\lang\zh-cn.php on line 44 when visiting task-viewTask

21:46:02 Use of undefined constant T - assumed 'T' in module\tutorial\lang\zh-cn.php on line 45 when visiting task-viewTask

21:46:02 Use of undefined constant R - assumed 'R' in module\tutorial\lang\zh-cn.php on line 46 when visiting task-viewTask

21:46:02 Use of undefined constant P - assumed 'P' in module\tutorial\lang\zh-cn.php on line 47 when visiting task-viewTask

21:46:02 Use of undefined constant G - assumed 'G' in module\tutorial\lang\zh-cn.php on line 49 when visiting task-viewTask

21:46:02 Use of undefined constant T - assumed 'T' in module\tutorial\lang\zh-cn.php on line 50 when visiting task-viewTask

21:46:02 Use of undefined constant R - assumed 'R' in module\tutorial\lang\zh-cn.php on line 51 when visiting task-viewTask

21:46:02 Use of undefined constant P - assumed 'P' in module\tutorial\lang\zh-cn.php on line 52 when visiting task-viewTask

21:46:02 Undefined variable: lang in module\tutorial\config.php on line 8 when visiting task-viewTask

21:46:02 Trying to get property of non-object in module\tutorial\config.php on line 8 when visiting task-viewTask

21:46:02 Trying to get property of non-object in module\tutorial\config.php on line 8 when visiting task-viewTask

21:46:02 Undefined variable: lang in module\tutorial\config.php on line 9 when visiting task-viewTask

21:46:02 Trying to get property of non-object in module\tutorial\config.php on line 9 when visiting task-viewTask

21:46:02 Trying to get property of non-object in module\tutorial\config.php on line 9 when visiting task-viewTask

21:46:02 Creating default object from empty value in module\statistics\config.php on line 4 when visiting task-viewTask

21:46:02 Creating default object from empty value in module\statistics\config.php on line 5 when visiting task-viewTask

21:46:02 Creating default object from empty value in module\statistics\config.php on line 6 when visiting task-viewTask

21:46:02 Creating default object from empty value in module\statistics\config.php on line 7 when visiting task-viewTask

21:46:02 Creating default object from empty value in module\statistics\config.php on line 8 when visiting task-viewTask

21:46:02 Creating default object from empty value in module\statistics\config.php on line 9 when visiting task-viewTask

21:46:02 Creating default object from empty value in module\statistics\config.php on line 10 when visiting task-viewTask

21:46:02 Undefined variable: results in module\statistics\model.php on line 785 when visiting task-viewTask

21:46:02 Undefined variable: curRole in module\task\control.php on line 40 when visiting task-viewTask

21:46:02 Invalid argument supplied for foreach() in module\task\control.php on line 41 when visiting task-viewTask

21:46:02 Undefined property: language::$chooseUsersToMail in module\common\view\chosen.html.php on line 11 when visiting task-viewTask

21:46:02 Attempt to modify property of non-object in module\common\model.php on line 367 when visiting task-viewTask

21:46:02 Invalid argument supplied for foreach() in module\task\view\viewtask.html.php on line 76 when visiting task-viewTask

21:46:04 Creating default object from empty value in module\common\lang\menuOrder.php on line 39 when visiting 

21:46:04 Declaration of taskModel::delete() should be compatible with model::delete($table, $id) in module\task\model.php on line 948 when visiting task-create

21:46:04 Creating default object from empty value in module\action\lang\zh-cn.php on line 12 when visiting task-create

21:46:04 Use of undefined constant G - assumed 'G' in module\tutorial\lang\zh-cn.php on line 39 when visiting task-create

21:46:04 Use of undefined constant T - assumed 'T' in module\tutorial\lang\zh-cn.php on line 40 when visiting task-create

21:46:04 Use of undefined constant R - assumed 'R' in module\tutorial\lang\zh-cn.php on line 41 when visiting task-create

21:46:04 Use of undefined constant P - assumed 'P' in module\tutorial\lang\zh-cn.php on line 42 when visiting task-create

21:46:04 Use of undefined constant G - assumed 'G' in module\tutorial\lang\zh-cn.php on line 44 when visiting task-create

21:46:04 Use of undefined constant T - assumed 'T' in module\tutorial\lang\zh-cn.php on line 45 when visiting task-create

21:46:04 Use of undefined constant R - assumed 'R' in module\tutorial\lang\zh-cn.php on line 46 when visiting task-create

21:46:04 Use of undefined constant P - assumed 'P' in module\tutorial\lang\zh-cn.php on line 47 when visiting task-create

21:46:04 Use of undefined constant G - assumed 'G' in module\tutorial\lang\zh-cn.php on line 49 when visiting task-create

21:46:04 Use of undefined constant T - assumed 'T' in module\tutorial\lang\zh-cn.php on line 50 when visiting task-create

21:46:04 Use of undefined constant R - assumed 'R' in module\tutorial\lang\zh-cn.php on line 51 when visiting task-create

21:46:04 Use of undefined constant P - assumed 'P' in module\tutorial\lang\zh-cn.php on line 52 when visiting task-create

21:46:04 Undefined variable: lang in module\tutorial\config.php on line 8 when visiting task-create

21:46:04 Trying to get property of non-object in module\tutorial\config.php on line 8 when visiting task-create

21:46:04 Trying to get property of non-object in module\tutorial\config.php on line 8 when visiting task-create

21:46:04 Undefined variable: lang in module\tutorial\config.php on line 9 when visiting task-create

21:46:04 Trying to get property of non-object in module\tutorial\config.php on line 9 when visiting task-create

21:46:04 Trying to get property of non-object in module\tutorial\config.php on line 9 when visiting task-create

21:46:04 Use of undefined constant t1 - assumed 't1' in module\task\model.php on line 332 when visiting task-create

21:46:04 Use of undefined constant t2 - assumed 't2' in module\task\model.php on line 333 when visiting task-create

21:46:05 Undefined variable: task in module\task\control.php on line 92 when visiting task-create

21:46:05 Undefined property: language::$chooseUsersToMail in module\common\view\chosen.html.php on line 11 when visiting task-create

21:46:05 Attempt to modify property of non-object in module\common\model.php on line 367 when visiting task-create

21:46:05 Undefined property: stdClass::$placeholder in module\task\view\create.html.php on line 5 when visiting task-create

21:46:05 Trying to get property of non-object in module\task\view\create.html.php on line 18 when visiting task-create

21:46:05 Trying to get property of non-object in module\task\view\create.html.php on line 24 when visiting task-create

21:46:05 Trying to get property of non-object in module\task\view\create.html.php on line 28 when visiting task-create

21:46:05 Undefined property: stdClass::$begin in module\task\view\create.html.php on line 34 when visiting task-create

21:46:26 Creating default object from empty value in module\common\lang\menuOrder.php on line 39 when visiting 

21:46:26 Declaration of taskModel::delete() should be compatible with model::delete($table, $id) in module\task\model.php on line 948 when visiting task-create

21:46:26 Creating default object from empty value in module\action\lang\zh-cn.php on line 12 when visiting task-create

21:46:26 Use of undefined constant G - assumed 'G' in module\tutorial\lang\zh-cn.php on line 39 when visiting task-create

21:46:26 Use of undefined constant T - assumed 'T' in module\tutorial\lang\zh-cn.php on line 40 when visiting task-create

21:46:26 Use of undefined constant R - assumed 'R' in module\tutorial\lang\zh-cn.php on line 41 when visiting task-create

21:46:26 Use of undefined constant P - assumed 'P' in module\tutorial\lang\zh-cn.php on line 42 when visiting task-create

21:46:26 Use of undefined constant G - assumed 'G' in module\tutorial\lang\zh-cn.php on line 44 when visiting task-create

21:46:26 Use of undefined constant T - assumed 'T' in module\tutorial\lang\zh-cn.php on line 45 when visiting task-create

21:46:26 Use of undefined constant R - assumed 'R' in module\tutorial\lang\zh-cn.php on line 46 when visiting task-create

21:46:26 Use of undefined constant P - assumed 'P' in module\tutorial\lang\zh-cn.php on line 47 when visiting task-create

21:46:26 Use of undefined constant G - assumed 'G' in module\tutorial\lang\zh-cn.php on line 49 when visiting task-create

21:46:26 Use of undefined constant T - assumed 'T' in module\tutorial\lang\zh-cn.php on line 50 when visiting task-create

21:46:26 Use of undefined constant R - assumed 'R' in module\tutorial\lang\zh-cn.php on line 51 when visiting task-create

21:46:26 Use of undefined constant P - assumed 'P' in module\tutorial\lang\zh-cn.php on line 52 when visiting task-create

21:46:26 Undefined variable: lang in module\tutorial\config.php on line 8 when visiting task-create

21:46:26 Trying to get property of non-object in module\tutorial\config.php on line 8 when visiting task-create

21:46:26 Trying to get property of non-object in module\tutorial\config.php on line 8 when visiting task-create

21:46:26 Undefined variable: lang in module\tutorial\config.php on line 9 when visiting task-create

21:46:26 Trying to get property of non-object in module\tutorial\config.php on line 9 when visiting task-create

21:46:26 Trying to get property of non-object in module\tutorial\config.php on line 9 when visiting task-create

21:46:27 Creating default object from empty value in module\common\lang\menuOrder.php on line 39 when visiting 

21:46:27 Declaration of taskModel::delete() should be compatible with model::delete($table, $id) in module\task\model.php on line 948 when visiting task-viewTask-all

21:46:27 Creating default object from empty value in module\action\lang\zh-cn.php on line 12 when visiting task-viewTask-all

21:46:27 Use of undefined constant G - assumed 'G' in module\tutorial\lang\zh-cn.php on line 39 when visiting task-viewTask-all

21:46:27 Use of undefined constant T - assumed 'T' in module\tutorial\lang\zh-cn.php on line 40 when visiting task-viewTask-all

21:46:27 Use of undefined constant R - assumed 'R' in module\tutorial\lang\zh-cn.php on line 41 when visiting task-viewTask-all

21:46:27 Use of undefined constant P - assumed 'P' in module\tutorial\lang\zh-cn.php on line 42 when visiting task-viewTask-all

21:46:27 Use of undefined constant G - assumed 'G' in module\tutorial\lang\zh-cn.php on line 44 when visiting task-viewTask-all

21:46:27 Use of undefined constant T - assumed 'T' in module\tutorial\lang\zh-cn.php on line 45 when visiting task-viewTask-all

21:46:27 Use of undefined constant R - assumed 'R' in module\tutorial\lang\zh-cn.php on line 46 when visiting task-viewTask-all

21:46:27 Use of undefined constant P - assumed 'P' in module\tutorial\lang\zh-cn.php on line 47 when visiting task-viewTask-all

21:46:27 Use of undefined constant G - assumed 'G' in module\tutorial\lang\zh-cn.php on line 49 when visiting task-viewTask-all

21:46:27 Use of undefined constant T - assumed 'T' in module\tutorial\lang\zh-cn.php on line 50 when visiting task-viewTask-all

21:46:27 Use of undefined constant R - assumed 'R' in module\tutorial\lang\zh-cn.php on line 51 when visiting task-viewTask-all

21:46:27 Use of undefined constant P - assumed 'P' in module\tutorial\lang\zh-cn.php on line 52 when visiting task-viewTask-all

21:46:27 Undefined variable: lang in module\tutorial\config.php on line 8 when visiting task-viewTask-all

21:46:27 Trying to get property of non-object in module\tutorial\config.php on line 8 when visiting task-viewTask-all

21:46:27 Trying to get property of non-object in module\tutorial\config.php on line 8 when visiting task-viewTask-all

21:46:27 Undefined variable: lang in module\tutorial\config.php on line 9 when visiting task-viewTask-all

21:46:27 Trying to get property of non-object in module\tutorial\config.php on line 9 when visiting task-viewTask-all

21:46:27 Trying to get property of non-object in module\tutorial\config.php on line 9 when visiting task-viewTask-all

21:46:27 Creating default object from empty value in module\statistics\config.php on line 4 when visiting task-viewTask-all

21:46:27 Creating default object from empty value in module\statistics\config.php on line 5 when visiting task-viewTask-all

21:46:27 Creating default object from empty value in module\statistics\config.php on line 6 when visiting task-viewTask-all

21:46:27 Creating default object from empty value in module\statistics\config.php on line 7 when visiting task-viewTask-all

21:46:27 Creating default object from empty value in module\statistics\config.php on line 8 when visiting task-viewTask-all

21:46:27 Creating default object from empty value in module\statistics\config.php on line 9 when visiting task-viewTask-all

21:46:27 Creating default object from empty value in module\statistics\config.php on line 10 when visiting task-viewTask-all

21:46:27 Undefined variable: curRole in module\task\control.php on line 40 when visiting task-viewTask-all

21:46:27 Undefined property: language::$chooseUsersToMail in module\common\view\chosen.html.php on line 11 when visiting task-viewTask-all

21:46:27 Attempt to modify property of non-object in module\common\model.php on line 367 when visiting task-viewTask-all

21:46:27 Undefined property: stdClass::$completetime in module\task\view\viewtask.html.php on line 122 when visiting task-viewTask-all

21:46:27 Undefined property: stdClass::$submittime in module\task\view\viewtask.html.php on line 126 when visiting task-viewTask-all

21:46:47 Creating default object from empty value in module\common\lang\menuOrder.php on line 39 when visiting 

21:46:47 Declaration of taskModel::delete() should be compatible with model::delete($table, $id) in module\task\model.php on line 948 when visiting task-viewgroup-28

21:46:47 Creating default object from empty value in module\action\lang\zh-cn.php on line 12 when visiting task-viewgroup-28

21:46:47 Use of undefined constant G - assumed 'G' in module\tutorial\lang\zh-cn.php on line 39 when visiting task-viewgroup-28

21:46:47 Use of undefined constant T - assumed 'T' in module\tutorial\lang\zh-cn.php on line 40 when visiting task-viewgroup-28

21:46:47 Use of undefined constant R - assumed 'R' in module\tutorial\lang\zh-cn.php on line 41 when visiting task-viewgroup-28

21:46:47 Use of undefined constant P - assumed 'P' in module\tutorial\lang\zh-cn.php on line 42 when visiting task-viewgroup-28

21:46:47 Use of undefined constant G - assumed 'G' in module\tutorial\lang\zh-cn.php on line 44 when visiting task-viewgroup-28

21:46:47 Use of undefined constant T - assumed 'T' in module\tutorial\lang\zh-cn.php on line 45 when visiting task-viewgroup-28

21:46:47 Use of undefined constant R - assumed 'R' in module\tutorial\lang\zh-cn.php on line 46 when visiting task-viewgroup-28

21:46:47 Use of undefined constant P - assumed 'P' in module\tutorial\lang\zh-cn.php on line 47 when visiting task-viewgroup-28

21:46:47 Use of undefined constant G - assumed 'G' in module\tutorial\lang\zh-cn.php on line 49 when visiting task-viewgroup-28

21:46:47 Use of undefined constant T - assumed 'T' in module\tutorial\lang\zh-cn.php on line 50 when visiting task-viewgroup-28

21:46:47 Use of undefined constant R - assumed 'R' in module\tutorial\lang\zh-cn.php on line 51 when visiting task-viewgroup-28

21:46:47 Use of undefined constant P - assumed 'P' in module\tutorial\lang\zh-cn.php on line 52 when visiting task-viewgroup-28

21:46:47 Undefined variable: lang in module\tutorial\config.php on line 8 when visiting task-viewgroup-28

21:46:47 Trying to get property of non-object in module\tutorial\config.php on line 8 when visiting task-viewgroup-28

21:46:47 Trying to get property of non-object in module\tutorial\config.php on line 8 when visiting task-viewgroup-28

21:46:47 Undefined variable: lang in module\tutorial\config.php on line 9 when visiting task-viewgroup-28

21:46:47 Trying to get property of non-object in module\tutorial\config.php on line 9 when visiting task-viewgroup-28

21:46:47 Trying to get property of non-object in module\tutorial\config.php on line 9 when visiting task-viewgroup-28

21:46:47 Undefined variable: setImgSize in module\task\model.php on line 298 when visiting task-viewgroup-28

21:46:47 Creating default object from empty value in module\task\model.php on line 302 when visiting task-viewgroup-28

21:46:47 Undefined variable: group in module\task\control.php on line 342 when visiting task-viewgroup-28

21:46:48 Undefined variable: groupIndex in module\task\control.php on line 343 when visiting task-viewgroup-28

21:46:48 Undefined property: language::$chooseUsersToMail in module\common\view\chosen.html.php on line 11 when visiting task-viewgroup-28

21:46:48 Attempt to modify property of non-object in module\common\model.php on line 367 when visiting task-viewgroup-28

21:46:48 Undefined property: stdClass::$isG in module\task\view\viewgroup.html.php on line 125 when visiting task-viewgroup-28

21:46:48 Undefined property: stdClass::$isG in module\task\view\viewgroup.html.php on line 134 when visiting task-viewgroup-28

21:46:48 Undefined variable: comment in module\task\view\viewgroup.html.php on line 195 when visiting task-viewgroup-28

21:46:53 Creating default object from empty value in module\common\lang\menuOrder.php on line 39 when visiting 

21:46:53 Declaration of taskModel::delete() should be compatible with model::delete($table, $id) in module\task\model.php on line 948 when visiting task-edit-28

21:46:53 Creating default object from empty value in module\action\lang\zh-cn.php on line 12 when visiting task-edit-28

21:46:53 Use of undefined constant G - assumed 'G' in module\tutorial\lang\zh-cn.php on line 39 when visiting task-edit-28

21:46:53 Use of undefined constant T - assumed 'T' in module\tutorial\lang\zh-cn.php on line 40 when visiting task-edit-28

21:46:53 Use of undefined constant R - assumed 'R' in module\tutorial\lang\zh-cn.php on line 41 when visiting task-edit-28

21:46:53 Use of undefined constant P - assumed 'P' in module\tutorial\lang\zh-cn.php on line 42 when visiting task-edit-28

21:46:53 Use of undefined constant G - assumed 'G' in module\tutorial\lang\zh-cn.php on line 44 when visiting task-edit-28

21:46:53 Use of undefined constant T - assumed 'T' in module\tutorial\lang\zh-cn.php on line 45 when visiting task-edit-28

21:46:53 Use of undefined constant R - assumed 'R' in module\tutorial\lang\zh-cn.php on line 46 when visiting task-edit-28

21:46:53 Use of undefined constant P - assumed 'P' in module\tutorial\lang\zh-cn.php on line 47 when visiting task-edit-28

21:46:53 Use of undefined constant G - assumed 'G' in module\tutorial\lang\zh-cn.php on line 49 when visiting task-edit-28

21:46:53 Use of undefined constant T - assumed 'T' in module\tutorial\lang\zh-cn.php on line 50 when visiting task-edit-28

21:46:53 Use of undefined constant R - assumed 'R' in module\tutorial\lang\zh-cn.php on line 51 when visiting task-edit-28

21:46:53 Use of undefined constant P - assumed 'P' in module\tutorial\lang\zh-cn.php on line 52 when visiting task-edit-28

21:46:53 Undefined variable: lang in module\tutorial\config.php on line 8 when visiting task-edit-28

21:46:53 Trying to get property of non-object in module\tutorial\config.php on line 8 when visiting task-edit-28

21:46:53 Trying to get property of non-object in module\tutorial\config.php on line 8 when visiting task-edit-28

21:46:53 Undefined variable: lang in module\tutorial\config.php on line 9 when visiting task-edit-28

21:46:53 Trying to get property of non-object in module\tutorial\config.php on line 9 when visiting task-edit-28

21:46:53 Trying to get property of non-object in module\tutorial\config.php on line 9 when visiting task-edit-28

21:46:53 Undefined property: stdClass::$begin_time in module\task\control.php on line 110 when visiting task-edit-28

21:46:53 Use of undefined constant t1 - assumed 't1' in module\task\model.php on line 332 when visiting task-edit-28

21:46:53 Use of undefined constant t2 - assumed 't2' in module\task\model.php on line 333 when visiting task-edit-28

21:46:54 Undefined property: stdClass::$assignedTo in module\task\control.php on line 150 when visiting task-edit-28

21:46:54 Undefined property: stdClass::$assignedTo in module\task\control.php on line 150 when visiting task-edit-28

21:46:54 Undefined property: stdClass::$assignedTo in module\task\control.php on line 150 when visiting task-edit-28

21:46:54 Undefined property: language::$chooseUsersToMail in module\common\view\chosen.html.php on line 11 when visiting task-edit-28

21:46:54 Attempt to modify property of non-object in module\common\model.php on line 367 when visiting task-edit-28

21:46:54 Undefined property: language::$chooseUsersToMail in module\common\view\chosen.html.php on line 11 when visiting task-edit-28

21:46:54 Undefined property: stdClass::$story in module\task\view\edit.html.php on line 5 when visiting task-edit-28

21:46:54 Undefined property: stdClass::$confirmChangeProject in module\task\view\edit.html.php on line 6 when visiting task-edit-28

21:47:04 Creating default object from empty value in module\common\lang\menuOrder.php on line 39 when visiting 

21:47:04 Declaration of taskModel::delete() should be compatible with model::delete($table, $id) in module\task\model.php on line 948 when visiting task-view-28

21:47:04 Creating default object from empty value in module\action\lang\zh-cn.php on line 12 when visiting task-view-28

21:47:04 Use of undefined constant G - assumed 'G' in module\tutorial\lang\zh-cn.php on line 39 when visiting task-view-28

21:47:04 Use of undefined constant T - assumed 'T' in module\tutorial\lang\zh-cn.php on line 40 when visiting task-view-28

21:47:04 Use of undefined constant R - assumed 'R' in module\tutorial\lang\zh-cn.php on line 41 when visiting task-view-28

21:47:04 Use of undefined constant P - assumed 'P' in module\tutorial\lang\zh-cn.php on line 42 when visiting task-view-28

21:47:04 Use of undefined constant G - assumed 'G' in module\tutorial\lang\zh-cn.php on line 44 when visiting task-view-28

21:47:04 Use of undefined constant T - assumed 'T' in module\tutorial\lang\zh-cn.php on line 45 when visiting task-view-28

21:47:04 Use of undefined constant R - assumed 'R' in module\tutorial\lang\zh-cn.php on line 46 when visiting task-view-28

21:47:04 Use of undefined constant P - assumed 'P' in module\tutorial\lang\zh-cn.php on line 47 when visiting task-view-28

21:47:04 Use of undefined constant G - assumed 'G' in module\tutorial\lang\zh-cn.php on line 49 when visiting task-view-28

21:47:04 Use of undefined constant T - assumed 'T' in module\tutorial\lang\zh-cn.php on line 50 when visiting task-view-28

21:47:04 Use of undefined constant R - assumed 'R' in module\tutorial\lang\zh-cn.php on line 51 when visiting task-view-28

21:47:04 Use of undefined constant P - assumed 'P' in module\tutorial\lang\zh-cn.php on line 52 when visiting task-view-28

21:47:04 Undefined variable: lang in module\tutorial\config.php on line 8 when visiting task-view-28

21:47:04 Trying to get property of non-object in module\tutorial\config.php on line 8 when visiting task-view-28

21:47:04 Trying to get property of non-object in module\tutorial\config.php on line 8 when visiting task-view-28

21:47:04 Undefined variable: lang in module\tutorial\config.php on line 9 when visiting task-view-28

21:47:04 Trying to get property of non-object in module\tutorial\config.php on line 9 when visiting task-view-28

21:47:04 Trying to get property of non-object in module\tutorial\config.php on line 9 when visiting task-view-28

21:47:04 Undefined property: language::$chooseUsersToMail in module\common\view\chosen.html.php on line 11 when visiting task-view-28

21:47:04 Attempt to modify property of non-object in module\common\model.php on line 367 when visiting task-view-28

21:47:04 Undefined variable: comment in module\task\view\view.html.php on line 195 when visiting task-view-28

21:48:05 Creating default object from empty value in module\common\lang\menuOrder.php on line 39 when visiting 

22:08:05 Creating default object from empty value in module\common\lang\menuOrder.php on line 39 when visiting 

22:28:06 Creating default object from empty value in module\common\lang\menuOrder.php on line 39 when visiting 
