
20:12:43 Creating default object from empty value in module\common\lang\menuOrder.php on line 39 when visiting 

20:13:01 Creating default object from empty value in module\common\lang\menuOrder.php on line 39 when visiting 

20:13:01 Missing argument 3 for common::setMenuVars(), called in module\company\model.php on line 25 and defined in module\common\control.php on line 103 when visiting user-login-L29hL3d3dy8=

20:13:01 Undefined variable: params in module\common\control.php on line 105 when visiting user-login-L29hL3d3dy8=

20:13:01 Undefined variable: params in module\common\control.php on line 123 when visiting user-login-L29hL3d3dy8=

20:13:01 Undefined property: stdClass::$title in module\personalinfo\config.php on line 20 when visiting user-login-L29hL3d3dy8=

20:13:01 Undefined property: stdClass::$id in module\personalinfo\config.php on line 21 when visiting user-login-L29hL3d3dy8=

20:13:01 Undefined property: stdClass::$keywords in module\personalinfo\config.php on line 22 when visiting user-login-L29hL3d3dy8=

20:13:01 Undefined property: stdClass::$product in module\personalinfo\config.php on line 23 when visiting user-login-L29hL3d3dy8=

20:13:01 Undefined property: stdClass::$project in module\personalinfo\config.php on line 24 when visiting user-login-L29hL3d3dy8=

20:13:01 Undefined property: stdClass::$type in module\personalinfo\config.php on line 25 when visiting user-login-L29hL3d3dy8=

20:13:01 Undefined property: stdClass::$module in module\personalinfo\config.php on line 26 when visiting user-login-L29hL3d3dy8=

20:13:01 Undefined property: stdClass::$lib in module\personalinfo\config.php on line 27 when visiting user-login-L29hL3d3dy8=

20:13:01 Undefined property: stdClass::$digest in module\personalinfo\config.php on line 28 when visiting user-login-L29hL3d3dy8=

20:13:01 Undefined property: stdClass::$content in module\personalinfo\config.php on line 29 when visiting user-login-L29hL3d3dy8=

20:13:01 Undefined property: stdClass::$url in module\personalinfo\config.php on line 30 when visiting user-login-L29hL3d3dy8=

20:13:01 Undefined property: stdClass::$addedBy in module\personalinfo\config.php on line 31 when visiting user-login-L29hL3d3dy8=

20:13:01 Undefined property: stdClass::$addedDate in module\personalinfo\config.php on line 32 when visiting user-login-L29hL3d3dy8=

20:13:01 Undefined property: stdClass::$editedBy in module\personalinfo\config.php on line 33 when visiting user-login-L29hL3d3dy8=

20:13:01 Undefined property: stdClass::$editedDate in module\personalinfo\config.php on line 34 when visiting user-login-L29hL3d3dy8=

20:13:01 Undefined property: stdClass::$types in module\personalinfo\config.php on line 41 when visiting user-login-L29hL3d3dy8=

20:13:01 Undefined index: account in lib\dao\dao.class.php on line 615 when visiting user-login-L29hL3d3dy8=

20:13:01 Use of undefined constant t1 - assumed 't1' in module\user\model.php on line 754 when visiting user-login-L29hL3d3dy8=

20:13:01 Use of undefined constant t2 - assumed 't2' in module\user\model.php on line 756 when visiting user-login-L29hL3d3dy8=

20:13:01 Use of undefined constant t3 - assumed 't3' in module\user\model.php on line 758 when visiting user-login-L29hL3d3dy8=

20:13:01 Creating default object from empty value in module\action\lang\zh-cn.php on line 12 when visiting user-login-L29hL3d3dy8=

20:13:01 Creating default object from empty value in module\common\lang\menuOrder.php on line 39 when visiting 

20:13:01 Creating default object from empty value in module\common\lang\menuOrder.php on line 39 when visiting 

20:13:01 Undefined property: stdClass::$role in module\my\model.php on line 27 when visiting my

20:13:01 Declaration of taskModel::delete() should be compatible with model::delete($table, $id) in module\task\model.php on line 941 when visiting my

20:13:01 Declaration of problemModel::delete() should be compatible with model::delete($table, $id) in module\problem\model.php on line 430 when visiting my

20:13:01 Declaration of noticeModel::delete() should be compatible with model::delete($table, $id) in module\notice\model.php on line 314 when visiting my

20:13:01 Creating default object from empty value in module\notice\config.php on line 4 when visiting my

20:13:01 Use of undefined constant t1 - assumed 't1' in module\task\model.php on line 440 when visiting my

20:13:01 Use of undefined constant t2 - assumed 't2' in module\task\model.php on line 441 when visiting my

20:13:02 Creating default object from empty value in module\statistics\config.php on line 4 when visiting my

20:13:02 Creating default object from empty value in module\statistics\config.php on line 5 when visiting my

20:13:02 Creating default object from empty value in module\statistics\config.php on line 6 when visiting my

20:13:02 Creating default object from empty value in module\statistics\config.php on line 7 when visiting my

20:13:02 Creating default object from empty value in module\statistics\config.php on line 8 when visiting my

20:13:02 Creating default object from empty value in module\statistics\config.php on line 9 when visiting my

20:13:02 Creating default object from empty value in module\statistics\config.php on line 10 when visiting my

20:13:02 Use of undefined constant t1 - assumed 't1' in module\problem\model.php on line 41 when visiting my

20:13:02 Use of undefined constant t2 - assumed 't2' in module\problem\model.php on line 42 when visiting my

20:13:02 Use of undefined constant t1 - assumed 't1' in module\notice\model.php on line 168 when visiting my

20:13:02 Use of undefined constant t2 - assumed 't2' in module\notice\model.php on line 169 when visiting my

20:13:02 Undefined property: language::$chooseUsersToMail in module\common\view\chosen.html.php on line 11 when visiting my

20:13:02 Attempt to modify property of non-object in module\common\model.php on line 367 when visiting my

20:14:02 Creating default object from empty value in module\common\lang\menuOrder.php on line 39 when visiting 

20:19:46 Creating default object from empty value in module\common\lang\menuOrder.php on line 39 when visiting 

20:19:46 Creating default object from empty value in module\common\lang\menuOrder.php on line 39 when visiting 

20:19:46 Missing argument 3 for common::setMenuVars(), called in module\company\model.php on line 25 and defined in module\common\control.php on line 103 when visiting user

20:19:46 Undefined variable: params in module\common\control.php on line 105 when visiting user

20:19:46 Undefined variable: params in module\common\control.php on line 123 when visiting user

20:19:46 Undefined property: stdClass::$title in module\personalinfo\config.php on line 20 when visiting user

20:19:46 Undefined property: stdClass::$id in module\personalinfo\config.php on line 21 when visiting user

20:19:46 Undefined property: stdClass::$keywords in module\personalinfo\config.php on line 22 when visiting user

20:19:46 Undefined property: stdClass::$product in module\personalinfo\config.php on line 23 when visiting user

20:19:46 Undefined property: stdClass::$project in module\personalinfo\config.php on line 24 when visiting user

20:19:46 Undefined property: stdClass::$type in module\personalinfo\config.php on line 25 when visiting user

20:19:46 Undefined property: stdClass::$module in module\personalinfo\config.php on line 26 when visiting user

20:19:46 Undefined property: stdClass::$lib in module\personalinfo\config.php on line 27 when visiting user

20:19:46 Undefined property: stdClass::$digest in module\personalinfo\config.php on line 28 when visiting user

20:19:46 Undefined property: stdClass::$content in module\personalinfo\config.php on line 29 when visiting user

20:19:46 Undefined property: stdClass::$url in module\personalinfo\config.php on line 30 when visiting user

20:19:46 Undefined property: stdClass::$addedBy in module\personalinfo\config.php on line 31 when visiting user

20:19:46 Undefined property: stdClass::$addedDate in module\personalinfo\config.php on line 32 when visiting user

20:19:46 Undefined property: stdClass::$editedBy in module\personalinfo\config.php on line 33 when visiting user

20:19:46 Undefined property: stdClass::$editedDate in module\personalinfo\config.php on line 34 when visiting user

20:19:46 Undefined property: stdClass::$types in module\personalinfo\config.php on line 41 when visiting user

20:19:46 Undefined variable: type in module\user\control.php on line 74 when visiting user

20:19:46 Undefined property: language::$chooseUsersToMail in module\common\view\chosen.html.php on line 11 when visiting user

20:19:46 Attempt to modify property of non-object in module\common\model.php on line 367 when visiting user

20:19:46 Undefined variable: viewtype in module\user\view\index.html.php on line 7 when visiting user

20:19:47 Creating default object from empty value in module\common\lang\menuOrder.php on line 39 when visiting 

20:19:47 Missing argument 3 for common::setMenuVars(), called in module\company\model.php on line 25 and defined in module\common\control.php on line 103 when visiting user-create

20:19:47 Undefined variable: params in module\common\control.php on line 105 when visiting user-create

20:19:47 Undefined variable: params in module\common\control.php on line 123 when visiting user-create

20:19:47 Undefined property: stdClass::$title in module\personalinfo\config.php on line 20 when visiting user-create

20:19:47 Undefined property: stdClass::$id in module\personalinfo\config.php on line 21 when visiting user-create

20:19:47 Undefined property: stdClass::$keywords in module\personalinfo\config.php on line 22 when visiting user-create

20:19:47 Undefined property: stdClass::$product in module\personalinfo\config.php on line 23 when visiting user-create

20:19:47 Undefined property: stdClass::$project in module\personalinfo\config.php on line 24 when visiting user-create

20:19:47 Undefined property: stdClass::$type in module\personalinfo\config.php on line 25 when visiting user-create

20:19:47 Undefined property: stdClass::$module in module\personalinfo\config.php on line 26 when visiting user-create

20:19:47 Undefined property: stdClass::$lib in module\personalinfo\config.php on line 27 when visiting user-create

20:19:47 Undefined property: stdClass::$digest in module\personalinfo\config.php on line 28 when visiting user-create

20:19:47 Undefined property: stdClass::$content in module\personalinfo\config.php on line 29 when visiting user-create

20:19:47 Undefined property: stdClass::$url in module\personalinfo\config.php on line 30 when visiting user-create

20:19:47 Undefined property: stdClass::$addedBy in module\personalinfo\config.php on line 31 when visiting user-create

20:19:47 Undefined property: stdClass::$addedDate in module\personalinfo\config.php on line 32 when visiting user-create

20:19:47 Undefined property: stdClass::$editedBy in module\personalinfo\config.php on line 33 when visiting user-create

20:19:47 Undefined property: stdClass::$editedDate in module\personalinfo\config.php on line 34 when visiting user-create

20:19:47 Undefined property: stdClass::$types in module\personalinfo\config.php on line 41 when visiting user-create

20:19:47 Undefined property: language::$chooseUsersToMail in module\common\view\chosen.html.php on line 11 when visiting user-create

20:19:47 Attempt to modify property of non-object in module\common\model.php on line 367 when visiting user-create

20:22:04 Creating default object from empty value in module\common\lang\menuOrder.php on line 39 when visiting 

20:22:04 Undefined property: stdClass::$title in module\personalinfo\config.php on line 20 when visiting personalinfo

20:22:04 Undefined property: stdClass::$id in module\personalinfo\config.php on line 21 when visiting personalinfo

20:22:04 Undefined property: stdClass::$keywords in module\personalinfo\config.php on line 22 when visiting personalinfo

20:22:04 Undefined property: stdClass::$product in module\personalinfo\config.php on line 23 when visiting personalinfo

20:22:04 Undefined property: stdClass::$project in module\personalinfo\config.php on line 24 when visiting personalinfo

20:22:04 Undefined property: stdClass::$type in module\personalinfo\config.php on line 25 when visiting personalinfo

20:22:04 Undefined property: stdClass::$module in module\personalinfo\config.php on line 26 when visiting personalinfo

20:22:04 Undefined property: stdClass::$lib in module\personalinfo\config.php on line 27 when visiting personalinfo

20:22:04 Undefined property: stdClass::$digest in module\personalinfo\config.php on line 28 when visiting personalinfo

20:22:04 Undefined property: stdClass::$content in module\personalinfo\config.php on line 29 when visiting personalinfo

20:22:04 Undefined property: stdClass::$url in module\personalinfo\config.php on line 30 when visiting personalinfo

20:22:04 Undefined property: stdClass::$addedBy in module\personalinfo\config.php on line 31 when visiting personalinfo

20:22:04 Undefined property: stdClass::$addedDate in module\personalinfo\config.php on line 32 when visiting personalinfo

20:22:04 Undefined property: stdClass::$editedBy in module\personalinfo\config.php on line 33 when visiting personalinfo

20:22:04 Undefined property: stdClass::$editedDate in module\personalinfo\config.php on line 34 when visiting personalinfo

20:22:04 Undefined property: stdClass::$types in module\personalinfo\config.php on line 41 when visiting personalinfo

20:22:05 Creating default object from empty value in module\common\lang\menuOrder.php on line 39 when visiting 

20:22:05 Undefined property: stdClass::$title in module\personalinfo\config.php on line 20 when visiting personalinfo-viewBasicInformation

20:22:05 Undefined property: stdClass::$id in module\personalinfo\config.php on line 21 when visiting personalinfo-viewBasicInformation

20:22:05 Undefined property: stdClass::$keywords in module\personalinfo\config.php on line 22 when visiting personalinfo-viewBasicInformation

20:22:05 Undefined property: stdClass::$product in module\personalinfo\config.php on line 23 when visiting personalinfo-viewBasicInformation

20:22:05 Undefined property: stdClass::$project in module\personalinfo\config.php on line 24 when visiting personalinfo-viewBasicInformation

20:22:05 Undefined property: stdClass::$type in module\personalinfo\config.php on line 25 when visiting personalinfo-viewBasicInformation

20:22:05 Undefined property: stdClass::$module in module\personalinfo\config.php on line 26 when visiting personalinfo-viewBasicInformation

20:22:05 Undefined property: stdClass::$lib in module\personalinfo\config.php on line 27 when visiting personalinfo-viewBasicInformation

20:22:05 Undefined property: stdClass::$digest in module\personalinfo\config.php on line 28 when visiting personalinfo-viewBasicInformation

20:22:05 Undefined property: stdClass::$content in module\personalinfo\config.php on line 29 when visiting personalinfo-viewBasicInformation

20:22:05 Undefined property: stdClass::$url in module\personalinfo\config.php on line 30 when visiting personalinfo-viewBasicInformation

20:22:05 Undefined property: stdClass::$addedBy in module\personalinfo\config.php on line 31 when visiting personalinfo-viewBasicInformation

20:22:05 Undefined property: stdClass::$addedDate in module\personalinfo\config.php on line 32 when visiting personalinfo-viewBasicInformation

20:22:05 Undefined property: stdClass::$editedBy in module\personalinfo\config.php on line 33 when visiting personalinfo-viewBasicInformation

20:22:05 Undefined property: stdClass::$editedDate in module\personalinfo\config.php on line 34 when visiting personalinfo-viewBasicInformation

20:22:05 Undefined property: stdClass::$types in module\personalinfo\config.php on line 41 when visiting personalinfo-viewBasicInformation

20:22:05 Missing argument 1 for personalinfoModel::setMenu(), called in module\personalinfo\control.php on line 111 and defined in module\personalinfo\model.php on line 25 when visiting personalinfo-viewBasicInformation

20:22:05 Missing argument 2 for personalinfoModel::setMenu(), called in module\personalinfo\control.php on line 111 and defined in module\personalinfo\model.php on line 25 when visiting personalinfo-viewBasicInformation

20:22:05 Undefined variable: selectHtml in module\personalinfo\model.php on line 31 when visiting personalinfo-viewBasicInformation

20:22:05 Undefined variable: libID in module\personalinfo\model.php on line 34 when visiting personalinfo-viewBasicInformation

20:22:05 Undefined variable: libID in module\personalinfo\model.php on line 34 when visiting personalinfo-viewBasicInformation

20:22:05 Undefined property: stdClass::$common in module\personalinfo\control.php on line 113 when visiting personalinfo-viewBasicInformation

20:22:05 Undefined property: stdClass::$viewBasicInformation in module\personalinfo\control.php on line 113 when visiting personalinfo-viewBasicInformation

20:22:05 Undefined property: language::$chooseUsersToMail in module\common\view\chosen.html.php on line 11 when visiting personalinfo-viewBasicInformation

20:22:05 Attempt to modify property of non-object in module\common\model.php on line 367 when visiting personalinfo-viewBasicInformation

20:22:06 Creating default object from empty value in module\common\lang\menuOrder.php on line 39 when visiting 

20:22:09 Creating default object from empty value in module\common\lang\menuOrder.php on line 39 when visiting 

20:22:09 Missing argument 3 for common::setMenuVars(), called in module\company\model.php on line 25 and defined in module\common\control.php on line 103 when visiting user-edit-1427402001-company

20:22:09 Undefined variable: params in module\common\control.php on line 105 when visiting user-edit-1427402001-company

20:22:09 Undefined variable: params in module\common\control.php on line 123 when visiting user-edit-1427402001-company

20:22:09 Undefined property: stdClass::$title in module\personalinfo\config.php on line 20 when visiting user-edit-1427402001-company

20:22:09 Undefined property: stdClass::$id in module\personalinfo\config.php on line 21 when visiting user-edit-1427402001-company

20:22:09 Undefined property: stdClass::$keywords in module\personalinfo\config.php on line 22 when visiting user-edit-1427402001-company

20:22:09 Undefined property: stdClass::$product in module\personalinfo\config.php on line 23 when visiting user-edit-1427402001-company

20:22:09 Undefined property: stdClass::$project in module\personalinfo\config.php on line 24 when visiting user-edit-1427402001-company

20:22:09 Undefined property: stdClass::$type in module\personalinfo\config.php on line 25 when visiting user-edit-1427402001-company

20:22:09 Undefined property: stdClass::$module in module\personalinfo\config.php on line 26 when visiting user-edit-1427402001-company

20:22:09 Undefined property: stdClass::$lib in module\personalinfo\config.php on line 27 when visiting user-edit-1427402001-company

20:22:09 Undefined property: stdClass::$digest in module\personalinfo\config.php on line 28 when visiting user-edit-1427402001-company

20:22:09 Undefined property: stdClass::$content in module\personalinfo\config.php on line 29 when visiting user-edit-1427402001-company

20:22:09 Undefined property: stdClass::$url in module\personalinfo\config.php on line 30 when visiting user-edit-1427402001-company

20:22:09 Undefined property: stdClass::$addedBy in module\personalinfo\config.php on line 31 when visiting user-edit-1427402001-company

20:22:09 Undefined property: stdClass::$addedDate in module\personalinfo\config.php on line 32 when visiting user-edit-1427402001-company

20:22:09 Undefined property: stdClass::$editedBy in module\personalinfo\config.php on line 33 when visiting user-edit-1427402001-company

20:22:09 Undefined property: stdClass::$editedDate in module\personalinfo\config.php on line 34 when visiting user-edit-1427402001-company

20:22:09 Undefined property: stdClass::$types in module\personalinfo\config.php on line 41 when visiting user-edit-1427402001-company

20:22:09 Undefined property: language::$chooseUsersToMail in module\common\view\chosen.html.php on line 11 when visiting user-edit-1427402001-company

20:22:09 Attempt to modify property of non-object in module\common\model.php on line 367 when visiting user-edit-1427402001-company

20:22:09 Undefined index: editPassword in module\user\view\edit.html.php on line 92 when visiting user-edit-1427402001-company

20:22:27 Creating default object from empty value in module\common\lang\menuOrder.php on line 39 when visiting 

20:22:27 Missing argument 3 for common::setMenuVars(), called in module\company\model.php on line 25 and defined in module\common\control.php on line 103 when visiting user-edit-1427402004-company

20:22:27 Undefined variable: params in module\common\control.php on line 105 when visiting user-edit-1427402004-company

20:22:27 Undefined variable: params in module\common\control.php on line 123 when visiting user-edit-1427402004-company

20:22:27 Undefined property: stdClass::$title in module\personalinfo\config.php on line 20 when visiting user-edit-1427402004-company

20:22:27 Undefined property: stdClass::$id in module\personalinfo\config.php on line 21 when visiting user-edit-1427402004-company

20:22:27 Undefined property: stdClass::$keywords in module\personalinfo\config.php on line 22 when visiting user-edit-1427402004-company

20:22:27 Undefined property: stdClass::$product in module\personalinfo\config.php on line 23 when visiting user-edit-1427402004-company

20:22:27 Undefined property: stdClass::$project in module\personalinfo\config.php on line 24 when visiting user-edit-1427402004-company

20:22:27 Undefined property: stdClass::$type in module\personalinfo\config.php on line 25 when visiting user-edit-1427402004-company

20:22:27 Undefined property: stdClass::$module in module\personalinfo\config.php on line 26 when visiting user-edit-1427402004-company

20:22:27 Undefined property: stdClass::$lib in module\personalinfo\config.php on line 27 when visiting user-edit-1427402004-company

20:22:27 Undefined property: stdClass::$digest in module\personalinfo\config.php on line 28 when visiting user-edit-1427402004-company

20:22:27 Undefined property: stdClass::$content in module\personalinfo\config.php on line 29 when visiting user-edit-1427402004-company

20:22:27 Undefined property: stdClass::$url in module\personalinfo\config.php on line 30 when visiting user-edit-1427402004-company

20:22:27 Undefined property: stdClass::$addedBy in module\personalinfo\config.php on line 31 when visiting user-edit-1427402004-company

20:22:27 Undefined property: stdClass::$addedDate in module\personalinfo\config.php on line 32 when visiting user-edit-1427402004-company

20:22:27 Undefined property: stdClass::$editedBy in module\personalinfo\config.php on line 33 when visiting user-edit-1427402004-company

20:22:27 Undefined property: stdClass::$editedDate in module\personalinfo\config.php on line 34 when visiting user-edit-1427402004-company

20:22:27 Undefined property: stdClass::$types in module\personalinfo\config.php on line 41 when visiting user-edit-1427402004-company

20:22:27 Undefined property: language::$chooseUsersToMail in module\common\view\chosen.html.php on line 11 when visiting user-edit-1427402004-company

20:22:27 Attempt to modify property of non-object in module\common\model.php on line 367 when visiting user-edit-1427402004-company

20:22:27 Undefined index: editPassword in module\user\view\edit.html.php on line 92 when visiting user-edit-1427402004-company

20:22:36 Creating default object from empty value in module\common\lang\menuOrder.php on line 39 when visiting 

20:22:36 Undefined property: stdClass::$title in module\personalinfo\config.php on line 20 when visiting personalinfo-viewBasicInformation-1427402005-yes

20:22:36 Undefined property: stdClass::$id in module\personalinfo\config.php on line 21 when visiting personalinfo-viewBasicInformation-1427402005-yes

20:22:36 Undefined property: stdClass::$keywords in module\personalinfo\config.php on line 22 when visiting personalinfo-viewBasicInformation-1427402005-yes

20:22:36 Undefined property: stdClass::$product in module\personalinfo\config.php on line 23 when visiting personalinfo-viewBasicInformation-1427402005-yes

20:22:36 Undefined property: stdClass::$project in module\personalinfo\config.php on line 24 when visiting personalinfo-viewBasicInformation-1427402005-yes

20:22:36 Undefined property: stdClass::$type in module\personalinfo\config.php on line 25 when visiting personalinfo-viewBasicInformation-1427402005-yes

20:22:36 Undefined property: stdClass::$module in module\personalinfo\config.php on line 26 when visiting personalinfo-viewBasicInformation-1427402005-yes

20:22:36 Undefined property: stdClass::$lib in module\personalinfo\config.php on line 27 when visiting personalinfo-viewBasicInformation-1427402005-yes

20:22:36 Undefined property: stdClass::$digest in module\personalinfo\config.php on line 28 when visiting personalinfo-viewBasicInformation-1427402005-yes

20:22:36 Undefined property: stdClass::$content in module\personalinfo\config.php on line 29 when visiting personalinfo-viewBasicInformation-1427402005-yes

20:22:36 Undefined property: stdClass::$url in module\personalinfo\config.php on line 30 when visiting personalinfo-viewBasicInformation-1427402005-yes

20:22:36 Undefined property: stdClass::$addedBy in module\personalinfo\config.php on line 31 when visiting personalinfo-viewBasicInformation-1427402005-yes

20:22:36 Undefined property: stdClass::$addedDate in module\personalinfo\config.php on line 32 when visiting personalinfo-viewBasicInformation-1427402005-yes

20:22:36 Undefined property: stdClass::$editedBy in module\personalinfo\config.php on line 33 when visiting personalinfo-viewBasicInformation-1427402005-yes

20:22:36 Undefined property: stdClass::$editedDate in module\personalinfo\config.php on line 34 when visiting personalinfo-viewBasicInformation-1427402005-yes

20:22:36 Undefined property: stdClass::$types in module\personalinfo\config.php on line 41 when visiting personalinfo-viewBasicInformation-1427402005-yes

20:22:36 Missing argument 1 for personalinfoModel::setMenu(), called in module\personalinfo\control.php on line 111 and defined in module\personalinfo\model.php on line 25 when visiting personalinfo-viewBasicInformation-1427402005-yes

20:22:36 Missing argument 2 for personalinfoModel::setMenu(), called in module\personalinfo\control.php on line 111 and defined in module\personalinfo\model.php on line 25 when visiting personalinfo-viewBasicInformation-1427402005-yes

20:22:36 Undefined variable: selectHtml in module\personalinfo\model.php on line 31 when visiting personalinfo-viewBasicInformation-1427402005-yes

20:22:36 Undefined variable: libID in module\personalinfo\model.php on line 34 when visiting personalinfo-viewBasicInformation-1427402005-yes

20:22:36 Undefined variable: libID in module\personalinfo\model.php on line 34 when visiting personalinfo-viewBasicInformation-1427402005-yes

20:22:36 Undefined property: stdClass::$common in module\personalinfo\control.php on line 113 when visiting personalinfo-viewBasicInformation-1427402005-yes

20:22:36 Undefined property: stdClass::$viewBasicInformation in module\personalinfo\control.php on line 113 when visiting personalinfo-viewBasicInformation-1427402005-yes

20:22:36 Undefined property: language::$chooseUsersToMail in module\common\view\chosen.html.php on line 11 when visiting personalinfo-viewBasicInformation-1427402005-yes

20:22:44 Creating default object from empty value in module\common\lang\menuOrder.php on line 39 when visiting 

20:22:44 Missing argument 3 for common::setMenuVars(), called in module\company\model.php on line 25 and defined in module\common\control.php on line 103 when visiting user-edit-1427402005-company

20:22:44 Undefined variable: params in module\common\control.php on line 105 when visiting user-edit-1427402005-company

20:22:44 Undefined variable: params in module\common\control.php on line 123 when visiting user-edit-1427402005-company

20:22:44 Undefined property: stdClass::$title in module\personalinfo\config.php on line 20 when visiting user-edit-1427402005-company

20:22:44 Undefined property: stdClass::$id in module\personalinfo\config.php on line 21 when visiting user-edit-1427402005-company

20:22:44 Undefined property: stdClass::$keywords in module\personalinfo\config.php on line 22 when visiting user-edit-1427402005-company

20:22:44 Undefined property: stdClass::$product in module\personalinfo\config.php on line 23 when visiting user-edit-1427402005-company

20:22:44 Undefined property: stdClass::$project in module\personalinfo\config.php on line 24 when visiting user-edit-1427402005-company

20:22:44 Undefined property: stdClass::$type in module\personalinfo\config.php on line 25 when visiting user-edit-1427402005-company

20:22:44 Undefined property: stdClass::$module in module\personalinfo\config.php on line 26 when visiting user-edit-1427402005-company

20:22:44 Undefined property: stdClass::$lib in module\personalinfo\config.php on line 27 when visiting user-edit-1427402005-company

20:22:44 Undefined property: stdClass::$digest in module\personalinfo\config.php on line 28 when visiting user-edit-1427402005-company

20:22:44 Undefined property: stdClass::$content in module\personalinfo\config.php on line 29 when visiting user-edit-1427402005-company

20:22:44 Undefined property: stdClass::$url in module\personalinfo\config.php on line 30 when visiting user-edit-1427402005-company

20:22:44 Undefined property: stdClass::$addedBy in module\personalinfo\config.php on line 31 when visiting user-edit-1427402005-company

20:22:44 Undefined property: stdClass::$addedDate in module\personalinfo\config.php on line 32 when visiting user-edit-1427402005-company

20:22:44 Undefined property: stdClass::$editedBy in module\personalinfo\config.php on line 33 when visiting user-edit-1427402005-company

20:22:44 Undefined property: stdClass::$editedDate in module\personalinfo\config.php on line 34 when visiting user-edit-1427402005-company

20:22:44 Undefined property: stdClass::$types in module\personalinfo\config.php on line 41 when visiting user-edit-1427402005-company

20:22:44 Undefined property: language::$chooseUsersToMail in module\common\view\chosen.html.php on line 11 when visiting user-edit-1427402005-company

20:22:44 Attempt to modify property of non-object in module\common\model.php on line 367 when visiting user-edit-1427402005-company

20:22:44 Undefined index: editPassword in module\user\view\edit.html.php on line 92 when visiting user-edit-1427402005-company

20:43:47 Creating default object from empty value in module\common\lang\menuOrder.php on line 39 when visiting 

20:50:46 Creating default object from empty value in module\common\lang\menuOrder.php on line 39 when visiting 

20:50:46 Missing argument 3 for common::setMenuVars(), called in module\company\model.php on line 25 and defined in module\common\control.php on line 103 when visiting user-logout

20:50:46 Undefined variable: params in module\common\control.php on line 105 when visiting user-logout

20:50:46 Undefined variable: params in module\common\control.php on line 123 when visiting user-logout

20:50:46 Undefined property: stdClass::$title in module\personalinfo\config.php on line 20 when visiting user-logout

20:50:46 Undefined property: stdClass::$id in module\personalinfo\config.php on line 21 when visiting user-logout

20:50:46 Undefined property: stdClass::$keywords in module\personalinfo\config.php on line 22 when visiting user-logout

20:50:46 Undefined property: stdClass::$product in module\personalinfo\config.php on line 23 when visiting user-logout

20:50:46 Undefined property: stdClass::$project in module\personalinfo\config.php on line 24 when visiting user-logout

20:50:46 Undefined property: stdClass::$type in module\personalinfo\config.php on line 25 when visiting user-logout

20:50:46 Undefined property: stdClass::$module in module\personalinfo\config.php on line 26 when visiting user-logout

20:50:46 Undefined property: stdClass::$lib in module\personalinfo\config.php on line 27 when visiting user-logout

20:50:46 Undefined property: stdClass::$digest in module\personalinfo\config.php on line 28 when visiting user-logout

20:50:46 Undefined property: stdClass::$content in module\personalinfo\config.php on line 29 when visiting user-logout

20:50:46 Undefined property: stdClass::$url in module\personalinfo\config.php on line 30 when visiting user-logout

20:50:46 Undefined property: stdClass::$addedBy in module\personalinfo\config.php on line 31 when visiting user-logout

20:50:46 Undefined property: stdClass::$addedDate in module\personalinfo\config.php on line 32 when visiting user-logout

20:50:46 Undefined property: stdClass::$editedBy in module\personalinfo\config.php on line 33 when visiting user-logout

20:50:46 Undefined property: stdClass::$editedDate in module\personalinfo\config.php on line 34 when visiting user-logout

20:50:46 Undefined property: stdClass::$types in module\personalinfo\config.php on line 41 when visiting user-logout

20:50:46 Creating default object from empty value in module\action\lang\zh-cn.php on line 12 when visiting user-logout

20:50:46 Creating default object from empty value in module\common\lang\menuOrder.php on line 39 when visiting 

20:50:46 Missing argument 3 for common::setMenuVars(), called in module\company\model.php on line 25 and defined in module\common\control.php on line 103 when visiting user-login

20:50:46 Undefined variable: params in module\common\control.php on line 105 when visiting user-login

20:50:46 Undefined variable: params in module\common\control.php on line 123 when visiting user-login

20:50:46 Undefined property: stdClass::$title in module\personalinfo\config.php on line 20 when visiting user-login

20:50:46 Undefined property: stdClass::$id in module\personalinfo\config.php on line 21 when visiting user-login

20:50:46 Undefined property: stdClass::$keywords in module\personalinfo\config.php on line 22 when visiting user-login

20:50:46 Undefined property: stdClass::$product in module\personalinfo\config.php on line 23 when visiting user-login

20:50:46 Undefined property: stdClass::$project in module\personalinfo\config.php on line 24 when visiting user-login

20:50:46 Undefined property: stdClass::$type in module\personalinfo\config.php on line 25 when visiting user-login

20:50:46 Undefined property: stdClass::$module in module\personalinfo\config.php on line 26 when visiting user-login

20:50:46 Undefined property: stdClass::$lib in module\personalinfo\config.php on line 27 when visiting user-login

20:50:46 Undefined property: stdClass::$digest in module\personalinfo\config.php on line 28 when visiting user-login

20:50:46 Undefined property: stdClass::$content in module\personalinfo\config.php on line 29 when visiting user-login

20:50:46 Undefined property: stdClass::$url in module\personalinfo\config.php on line 30 when visiting user-login

20:50:46 Undefined property: stdClass::$addedBy in module\personalinfo\config.php on line 31 when visiting user-login

20:50:46 Undefined property: stdClass::$addedDate in module\personalinfo\config.php on line 32 when visiting user-login

20:50:46 Undefined property: stdClass::$editedBy in module\personalinfo\config.php on line 33 when visiting user-login

20:50:46 Undefined property: stdClass::$editedDate in module\personalinfo\config.php on line 34 when visiting user-login

20:50:46 Undefined property: stdClass::$types in module\personalinfo\config.php on line 41 when visiting user-login

20:53:31 Creating default object from empty value in module\common\lang\menuOrder.php on line 39 when visiting 

20:53:31 Creating default object from empty value in module\common\lang\menuOrder.php on line 39 when visiting 

20:53:31 Missing argument 3 for common::setMenuVars(), called in module\company\model.php on line 25 and defined in module\common\control.php on line 103 when visiting user-login-L29hL3d3dy8=

20:53:31 Undefined variable: params in module\common\control.php on line 105 when visiting user-login-L29hL3d3dy8=

20:53:31 Undefined variable: params in module\common\control.php on line 123 when visiting user-login-L29hL3d3dy8=

20:53:31 Undefined property: stdClass::$title in module\personalinfo\config.php on line 20 when visiting user-login-L29hL3d3dy8=

20:53:31 Undefined property: stdClass::$id in module\personalinfo\config.php on line 21 when visiting user-login-L29hL3d3dy8=

20:53:31 Undefined property: stdClass::$keywords in module\personalinfo\config.php on line 22 when visiting user-login-L29hL3d3dy8=

20:53:31 Undefined property: stdClass::$product in module\personalinfo\config.php on line 23 when visiting user-login-L29hL3d3dy8=

20:53:31 Undefined property: stdClass::$project in module\personalinfo\config.php on line 24 when visiting user-login-L29hL3d3dy8=

20:53:31 Undefined property: stdClass::$type in module\personalinfo\config.php on line 25 when visiting user-login-L29hL3d3dy8=

20:53:31 Undefined property: stdClass::$module in module\personalinfo\config.php on line 26 when visiting user-login-L29hL3d3dy8=

20:53:31 Undefined property: stdClass::$lib in module\personalinfo\config.php on line 27 when visiting user-login-L29hL3d3dy8=

20:53:31 Undefined property: stdClass::$digest in module\personalinfo\config.php on line 28 when visiting user-login-L29hL3d3dy8=

20:53:31 Undefined property: stdClass::$content in module\personalinfo\config.php on line 29 when visiting user-login-L29hL3d3dy8=

20:53:31 Undefined property: stdClass::$url in module\personalinfo\config.php on line 30 when visiting user-login-L29hL3d3dy8=

20:53:31 Undefined property: stdClass::$addedBy in module\personalinfo\config.php on line 31 when visiting user-login-L29hL3d3dy8=

20:53:31 Undefined property: stdClass::$addedDate in module\personalinfo\config.php on line 32 when visiting user-login-L29hL3d3dy8=

20:53:31 Undefined property: stdClass::$editedBy in module\personalinfo\config.php on line 33 when visiting user-login-L29hL3d3dy8=

20:53:31 Undefined property: stdClass::$editedDate in module\personalinfo\config.php on line 34 when visiting user-login-L29hL3d3dy8=

20:53:31 Undefined property: stdClass::$types in module\personalinfo\config.php on line 41 when visiting user-login-L29hL3d3dy8=

22:48:45 Creating default object from empty value in module\common\lang\menuOrder.php on line 39 when visiting 

22:48:45 Creating default object from empty value in module\common\lang\menuOrder.php on line 39 when visiting 

22:48:45 Missing argument 3 for common::setMenuVars(), called in module\company\model.php on line 25 and defined in module\common\control.php on line 103 when visiting user-login-L29hL3d3dy8=

22:48:45 Undefined variable: params in module\common\control.php on line 105 when visiting user-login-L29hL3d3dy8=

22:48:45 Undefined variable: params in module\common\control.php on line 123 when visiting user-login-L29hL3d3dy8=

22:48:45 Undefined property: stdClass::$title in module\personalinfo\config.php on line 20 when visiting user-login-L29hL3d3dy8=

22:48:45 Undefined property: stdClass::$id in module\personalinfo\config.php on line 21 when visiting user-login-L29hL3d3dy8=

22:48:45 Undefined property: stdClass::$keywords in module\personalinfo\config.php on line 22 when visiting user-login-L29hL3d3dy8=

22:48:45 Undefined property: stdClass::$product in module\personalinfo\config.php on line 23 when visiting user-login-L29hL3d3dy8=

22:48:45 Undefined property: stdClass::$project in module\personalinfo\config.php on line 24 when visiting user-login-L29hL3d3dy8=

22:48:45 Undefined property: stdClass::$type in module\personalinfo\config.php on line 25 when visiting user-login-L29hL3d3dy8=

22:48:45 Undefined property: stdClass::$module in module\personalinfo\config.php on line 26 when visiting user-login-L29hL3d3dy8=

22:48:45 Undefined property: stdClass::$lib in module\personalinfo\config.php on line 27 when visiting user-login-L29hL3d3dy8=

22:48:45 Undefined property: stdClass::$digest in module\personalinfo\config.php on line 28 when visiting user-login-L29hL3d3dy8=

22:48:45 Undefined property: stdClass::$content in module\personalinfo\config.php on line 29 when visiting user-login-L29hL3d3dy8=

22:48:45 Undefined property: stdClass::$url in module\personalinfo\config.php on line 30 when visiting user-login-L29hL3d3dy8=

22:48:45 Undefined property: stdClass::$addedBy in module\personalinfo\config.php on line 31 when visiting user-login-L29hL3d3dy8=

22:48:45 Undefined property: stdClass::$addedDate in module\personalinfo\config.php on line 32 when visiting user-login-L29hL3d3dy8=

22:48:45 Undefined property: stdClass::$editedBy in module\personalinfo\config.php on line 33 when visiting user-login-L29hL3d3dy8=

22:48:45 Undefined property: stdClass::$editedDate in module\personalinfo\config.php on line 34 when visiting user-login-L29hL3d3dy8=

22:48:45 Undefined property: stdClass::$types in module\personalinfo\config.php on line 41 when visiting user-login-L29hL3d3dy8=

22:48:50 Creating default object from empty value in module\common\lang\menuOrder.php on line 39 when visiting 

22:48:50 Missing argument 3 for common::setMenuVars(), called in module\company\model.php on line 25 and defined in module\common\control.php on line 103 when visiting user-login-L29hL3d3dy8=

22:48:50 Undefined variable: params in module\common\control.php on line 105 when visiting user-login-L29hL3d3dy8=

22:48:50 Undefined variable: params in module\common\control.php on line 123 when visiting user-login-L29hL3d3dy8=

22:48:50 Undefined property: stdClass::$title in module\personalinfo\config.php on line 20 when visiting user-login-L29hL3d3dy8=

22:48:50 Undefined property: stdClass::$id in module\personalinfo\config.php on line 21 when visiting user-login-L29hL3d3dy8=

22:48:50 Undefined property: stdClass::$keywords in module\personalinfo\config.php on line 22 when visiting user-login-L29hL3d3dy8=

22:48:50 Undefined property: stdClass::$product in module\personalinfo\config.php on line 23 when visiting user-login-L29hL3d3dy8=

22:48:50 Undefined property: stdClass::$project in module\personalinfo\config.php on line 24 when visiting user-login-L29hL3d3dy8=

22:48:50 Undefined property: stdClass::$type in module\personalinfo\config.php on line 25 when visiting user-login-L29hL3d3dy8=

22:48:50 Undefined property: stdClass::$module in module\personalinfo\config.php on line 26 when visiting user-login-L29hL3d3dy8=

22:48:50 Undefined property: stdClass::$lib in module\personalinfo\config.php on line 27 when visiting user-login-L29hL3d3dy8=

22:48:50 Undefined property: stdClass::$digest in module\personalinfo\config.php on line 28 when visiting user-login-L29hL3d3dy8=

22:48:50 Undefined property: stdClass::$content in module\personalinfo\config.php on line 29 when visiting user-login-L29hL3d3dy8=

22:48:50 Undefined property: stdClass::$url in module\personalinfo\config.php on line 30 when visiting user-login-L29hL3d3dy8=

22:48:50 Undefined property: stdClass::$addedBy in module\personalinfo\config.php on line 31 when visiting user-login-L29hL3d3dy8=

22:48:50 Undefined property: stdClass::$addedDate in module\personalinfo\config.php on line 32 when visiting user-login-L29hL3d3dy8=

22:48:50 Undefined property: stdClass::$editedBy in module\personalinfo\config.php on line 33 when visiting user-login-L29hL3d3dy8=

22:48:50 Undefined property: stdClass::$editedDate in module\personalinfo\config.php on line 34 when visiting user-login-L29hL3d3dy8=

22:48:50 Undefined property: stdClass::$types in module\personalinfo\config.php on line 41 when visiting user-login-L29hL3d3dy8=

22:48:51 Undefined index: account in lib\dao\dao.class.php on line 615 when visiting user-login-L29hL3d3dy8=

22:48:51 Use of undefined constant t1 - assumed 't1' in module\user\model.php on line 754 when visiting user-login-L29hL3d3dy8=

22:48:51 Use of undefined constant t2 - assumed 't2' in module\user\model.php on line 756 when visiting user-login-L29hL3d3dy8=

22:48:51 Use of undefined constant t3 - assumed 't3' in module\user\model.php on line 758 when visiting user-login-L29hL3d3dy8=

22:48:51 Creating default object from empty value in module\action\lang\zh-cn.php on line 12 when visiting user-login-L29hL3d3dy8=

22:48:51 Creating default object from empty value in module\common\lang\menuOrder.php on line 39 when visiting 

22:48:51 Creating default object from empty value in module\common\lang\menuOrder.php on line 39 when visiting 

22:48:51 Undefined property: stdClass::$role in module\my\model.php on line 27 when visiting my

22:48:51 Declaration of taskModel::delete() should be compatible with model::delete($table, $id) in module\task\model.php on line 941 when visiting my

22:48:51 Declaration of problemModel::delete() should be compatible with model::delete($table, $id) in module\problem\model.php on line 430 when visiting my

22:48:51 Declaration of noticeModel::delete() should be compatible with model::delete($table, $id) in module\notice\model.php on line 314 when visiting my

22:48:51 Creating default object from empty value in module\notice\config.php on line 4 when visiting my

22:48:51 Use of undefined constant t1 - assumed 't1' in module\task\model.php on line 440 when visiting my

22:48:51 Use of undefined constant t2 - assumed 't2' in module\task\model.php on line 441 when visiting my

22:48:51 Creating default object from empty value in module\statistics\config.php on line 4 when visiting my

22:48:51 Creating default object from empty value in module\statistics\config.php on line 5 when visiting my

22:48:51 Creating default object from empty value in module\statistics\config.php on line 6 when visiting my

22:48:51 Creating default object from empty value in module\statistics\config.php on line 7 when visiting my

22:48:51 Creating default object from empty value in module\statistics\config.php on line 8 when visiting my

22:48:51 Creating default object from empty value in module\statistics\config.php on line 9 when visiting my

22:48:51 Creating default object from empty value in module\statistics\config.php on line 10 when visiting my

22:48:51 Use of undefined constant t1 - assumed 't1' in module\problem\model.php on line 41 when visiting my

22:48:51 Use of undefined constant t2 - assumed 't2' in module\problem\model.php on line 42 when visiting my

22:48:51 Use of undefined constant t1 - assumed 't1' in module\notice\model.php on line 168 when visiting my

22:48:51 Use of undefined constant t2 - assumed 't2' in module\notice\model.php on line 169 when visiting my

22:48:52 Undefined property: language::$chooseUsersToMail in module\common\view\chosen.html.php on line 11 when visiting my

22:48:52 Attempt to modify property of non-object in module\common\model.php on line 367 when visiting my

22:48:53 Creating default object from empty value in module\common\lang\menuOrder.php on line 39 when visiting 

22:48:53 Undefined property: stdClass::$title in module\personalinfo\config.php on line 20 when visiting personalinfo

22:48:53 Undefined property: stdClass::$id in module\personalinfo\config.php on line 21 when visiting personalinfo

22:48:53 Undefined property: stdClass::$keywords in module\personalinfo\config.php on line 22 when visiting personalinfo

22:48:53 Undefined property: stdClass::$product in module\personalinfo\config.php on line 23 when visiting personalinfo

22:48:53 Undefined property: stdClass::$project in module\personalinfo\config.php on line 24 when visiting personalinfo

22:48:53 Undefined property: stdClass::$type in module\personalinfo\config.php on line 25 when visiting personalinfo

22:48:53 Undefined property: stdClass::$module in module\personalinfo\config.php on line 26 when visiting personalinfo

22:48:53 Undefined property: stdClass::$lib in module\personalinfo\config.php on line 27 when visiting personalinfo

22:48:53 Undefined property: stdClass::$digest in module\personalinfo\config.php on line 28 when visiting personalinfo

22:48:53 Undefined property: stdClass::$content in module\personalinfo\config.php on line 29 when visiting personalinfo

22:48:53 Undefined property: stdClass::$url in module\personalinfo\config.php on line 30 when visiting personalinfo

22:48:53 Undefined property: stdClass::$addedBy in module\personalinfo\config.php on line 31 when visiting personalinfo

22:48:53 Undefined property: stdClass::$addedDate in module\personalinfo\config.php on line 32 when visiting personalinfo

22:48:53 Undefined property: stdClass::$editedBy in module\personalinfo\config.php on line 33 when visiting personalinfo

22:48:53 Undefined property: stdClass::$editedDate in module\personalinfo\config.php on line 34 when visiting personalinfo

22:48:53 Undefined property: stdClass::$types in module\personalinfo\config.php on line 41 when visiting personalinfo

22:48:53 Creating default object from empty value in module\common\lang\menuOrder.php on line 39 when visiting 

22:48:53 Undefined property: stdClass::$title in module\personalinfo\config.php on line 20 when visiting personalinfo-viewBasicInformation

22:48:53 Undefined property: stdClass::$id in module\personalinfo\config.php on line 21 when visiting personalinfo-viewBasicInformation

22:48:53 Undefined property: stdClass::$keywords in module\personalinfo\config.php on line 22 when visiting personalinfo-viewBasicInformation

22:48:53 Undefined property: stdClass::$product in module\personalinfo\config.php on line 23 when visiting personalinfo-viewBasicInformation

22:48:53 Undefined property: stdClass::$project in module\personalinfo\config.php on line 24 when visiting personalinfo-viewBasicInformation

22:48:53 Undefined property: stdClass::$type in module\personalinfo\config.php on line 25 when visiting personalinfo-viewBasicInformation

22:48:53 Undefined property: stdClass::$module in module\personalinfo\config.php on line 26 when visiting personalinfo-viewBasicInformation

22:48:53 Undefined property: stdClass::$lib in module\personalinfo\config.php on line 27 when visiting personalinfo-viewBasicInformation

22:48:53 Undefined property: stdClass::$digest in module\personalinfo\config.php on line 28 when visiting personalinfo-viewBasicInformation

22:48:53 Undefined property: stdClass::$content in module\personalinfo\config.php on line 29 when visiting personalinfo-viewBasicInformation

22:48:53 Undefined property: stdClass::$url in module\personalinfo\config.php on line 30 when visiting personalinfo-viewBasicInformation

22:48:53 Undefined property: stdClass::$addedBy in module\personalinfo\config.php on line 31 when visiting personalinfo-viewBasicInformation

22:48:53 Undefined property: stdClass::$addedDate in module\personalinfo\config.php on line 32 when visiting personalinfo-viewBasicInformation

22:48:53 Undefined property: stdClass::$editedBy in module\personalinfo\config.php on line 33 when visiting personalinfo-viewBasicInformation

22:48:53 Undefined property: stdClass::$editedDate in module\personalinfo\config.php on line 34 when visiting personalinfo-viewBasicInformation

22:48:53 Undefined property: stdClass::$types in module\personalinfo\config.php on line 41 when visiting personalinfo-viewBasicInformation

22:48:53 Missing argument 1 for personalinfoModel::setMenu(), called in module\personalinfo\control.php on line 111 and defined in module\personalinfo\model.php on line 25 when visiting personalinfo-viewBasicInformation

22:48:53 Missing argument 2 for personalinfoModel::setMenu(), called in module\personalinfo\control.php on line 111 and defined in module\personalinfo\model.php on line 25 when visiting personalinfo-viewBasicInformation

22:48:53 Undefined variable: selectHtml in module\personalinfo\model.php on line 31 when visiting personalinfo-viewBasicInformation

22:48:53 Undefined variable: libID in module\personalinfo\model.php on line 34 when visiting personalinfo-viewBasicInformation

22:48:53 Undefined variable: libID in module\personalinfo\model.php on line 34 when visiting personalinfo-viewBasicInformation

22:48:53 Undefined property: stdClass::$common in module\personalinfo\control.php on line 113 when visiting personalinfo-viewBasicInformation

22:48:53 Undefined property: stdClass::$viewBasicInformation in module\personalinfo\control.php on line 113 when visiting personalinfo-viewBasicInformation

22:48:53 Undefined property: language::$chooseUsersToMail in module\common\view\chosen.html.php on line 11 when visiting personalinfo-viewBasicInformation

22:48:53 Attempt to modify property of non-object in module\common\model.php on line 367 when visiting personalinfo-viewBasicInformation

22:48:55 Creating default object from empty value in module\common\lang\menuOrder.php on line 39 when visiting 

22:48:55 Undefined property: stdClass::$title in module\personalinfo\config.php on line 20 when visiting personalinfo-editBasicInformation

22:48:55 Undefined property: stdClass::$id in module\personalinfo\config.php on line 21 when visiting personalinfo-editBasicInformation

22:48:55 Undefined property: stdClass::$keywords in module\personalinfo\config.php on line 22 when visiting personalinfo-editBasicInformation

22:48:55 Undefined property: stdClass::$product in module\personalinfo\config.php on line 23 when visiting personalinfo-editBasicInformation

22:48:55 Undefined property: stdClass::$project in module\personalinfo\config.php on line 24 when visiting personalinfo-editBasicInformation

22:48:55 Undefined property: stdClass::$type in module\personalinfo\config.php on line 25 when visiting personalinfo-editBasicInformation

22:48:55 Undefined property: stdClass::$module in module\personalinfo\config.php on line 26 when visiting personalinfo-editBasicInformation

22:48:55 Undefined property: stdClass::$lib in module\personalinfo\config.php on line 27 when visiting personalinfo-editBasicInformation

22:48:55 Undefined property: stdClass::$digest in module\personalinfo\config.php on line 28 when visiting personalinfo-editBasicInformation

22:48:55 Undefined property: stdClass::$content in module\personalinfo\config.php on line 29 when visiting personalinfo-editBasicInformation

22:48:55 Undefined property: stdClass::$url in module\personalinfo\config.php on line 30 when visiting personalinfo-editBasicInformation

22:48:55 Undefined property: stdClass::$addedBy in module\personalinfo\config.php on line 31 when visiting personalinfo-editBasicInformation

22:48:55 Undefined property: stdClass::$addedDate in module\personalinfo\config.php on line 32 when visiting personalinfo-editBasicInformation

22:48:55 Undefined property: stdClass::$editedBy in module\personalinfo\config.php on line 33 when visiting personalinfo-editBasicInformation

22:48:55 Undefined property: stdClass::$editedDate in module\personalinfo\config.php on line 34 when visiting personalinfo-editBasicInformation

22:48:55 Undefined property: stdClass::$types in module\personalinfo\config.php on line 41 when visiting personalinfo-editBasicInformation

22:48:55 Undefined property: stdClass::$common in module\personalinfo\control.php on line 91 when visiting personalinfo-editBasicInformation

22:48:55 Undefined property: stdClass::$editBasicInformation in module\personalinfo\control.php on line 91 when visiting personalinfo-editBasicInformation

22:48:55 Undefined property: stdClass::$editBasicInformation in module\personalinfo\control.php on line 92 when visiting personalinfo-editBasicInformation

22:48:55 Undefined property: language::$chooseUsersToMail in module\common\view\chosen.html.php on line 11 when visiting personalinfo-editBasicInformation

22:48:55 Attempt to modify property of non-object in module\common\model.php on line 367 when visiting personalinfo-editBasicInformation

22:48:55 Undefined property: stdClass::$editBasicInformation in module\personalinfo\view\editbasicinformation.html.php on line 5 when visiting personalinfo-editBasicInformation

22:49:55 Creating default object from empty value in module\common\lang\menuOrder.php on line 39 when visiting 

22:50:01 Creating default object from empty value in module\common\lang\menuOrder.php on line 39 when visiting 

22:50:01 Creating default object from empty value in module\common\lang\menuOrder.php on line 39 when visiting 

22:50:01 Missing argument 3 for common::setMenuVars(), called in module\company\model.php on line 25 and defined in module\common\control.php on line 103 when visiting user

22:50:01 Undefined variable: params in module\common\control.php on line 105 when visiting user

22:50:01 Undefined variable: params in module\common\control.php on line 123 when visiting user

22:50:01 Undefined property: stdClass::$title in module\personalinfo\config.php on line 20 when visiting user

22:50:01 Undefined property: stdClass::$id in module\personalinfo\config.php on line 21 when visiting user

22:50:01 Undefined property: stdClass::$keywords in module\personalinfo\config.php on line 22 when visiting user

22:50:01 Undefined property: stdClass::$product in module\personalinfo\config.php on line 23 when visiting user

22:50:01 Undefined property: stdClass::$project in module\personalinfo\config.php on line 24 when visiting user

22:50:01 Undefined property: stdClass::$type in module\personalinfo\config.php on line 25 when visiting user

22:50:01 Undefined property: stdClass::$module in module\personalinfo\config.php on line 26 when visiting user

22:50:01 Undefined property: stdClass::$lib in module\personalinfo\config.php on line 27 when visiting user

22:50:01 Undefined property: stdClass::$digest in module\personalinfo\config.php on line 28 when visiting user

22:50:01 Undefined property: stdClass::$content in module\personalinfo\config.php on line 29 when visiting user

22:50:01 Undefined property: stdClass::$url in module\personalinfo\config.php on line 30 when visiting user

22:50:01 Undefined property: stdClass::$addedBy in module\personalinfo\config.php on line 31 when visiting user

22:50:01 Undefined property: stdClass::$addedDate in module\personalinfo\config.php on line 32 when visiting user

22:50:01 Undefined property: stdClass::$editedBy in module\personalinfo\config.php on line 33 when visiting user

22:50:01 Undefined property: stdClass::$editedDate in module\personalinfo\config.php on line 34 when visiting user

22:50:01 Undefined property: stdClass::$types in module\personalinfo\config.php on line 41 when visiting user

22:50:01 Undefined variable: type in module\user\control.php on line 74 when visiting user

22:50:01 Undefined property: language::$chooseUsersToMail in module\common\view\chosen.html.php on line 11 when visiting user

22:50:01 Attempt to modify property of non-object in module\common\model.php on line 367 when visiting user

22:50:01 Undefined variable: viewtype in module\user\view\index.html.php on line 7 when visiting user

22:50:03 Creating default object from empty value in module\common\lang\menuOrder.php on line 39 when visiting 

22:50:03 Missing argument 3 for common::setMenuVars(), called in module\company\model.php on line 25 and defined in module\common\control.php on line 103 when visiting user-create

22:50:03 Undefined variable: params in module\common\control.php on line 105 when visiting user-create

22:50:03 Undefined variable: params in module\common\control.php on line 123 when visiting user-create

22:50:03 Undefined property: stdClass::$title in module\personalinfo\config.php on line 20 when visiting user-create

22:50:03 Undefined property: stdClass::$id in module\personalinfo\config.php on line 21 when visiting user-create

22:50:03 Undefined property: stdClass::$keywords in module\personalinfo\config.php on line 22 when visiting user-create

22:50:03 Undefined property: stdClass::$product in module\personalinfo\config.php on line 23 when visiting user-create

22:50:03 Undefined property: stdClass::$project in module\personalinfo\config.php on line 24 when visiting user-create

22:50:03 Undefined property: stdClass::$type in module\personalinfo\config.php on line 25 when visiting user-create

22:50:03 Undefined property: stdClass::$module in module\personalinfo\config.php on line 26 when visiting user-create

22:50:03 Undefined property: stdClass::$lib in module\personalinfo\config.php on line 27 when visiting user-create

22:50:03 Undefined property: stdClass::$digest in module\personalinfo\config.php on line 28 when visiting user-create

22:50:03 Undefined property: stdClass::$content in module\personalinfo\config.php on line 29 when visiting user-create

22:50:03 Undefined property: stdClass::$url in module\personalinfo\config.php on line 30 when visiting user-create

22:50:03 Undefined property: stdClass::$addedBy in module\personalinfo\config.php on line 31 when visiting user-create

22:50:03 Undefined property: stdClass::$addedDate in module\personalinfo\config.php on line 32 when visiting user-create

22:50:03 Undefined property: stdClass::$editedBy in module\personalinfo\config.php on line 33 when visiting user-create

22:50:03 Undefined property: stdClass::$editedDate in module\personalinfo\config.php on line 34 when visiting user-create

22:50:03 Undefined property: stdClass::$types in module\personalinfo\config.php on line 41 when visiting user-create

22:50:04 Undefined property: language::$chooseUsersToMail in module\common\view\chosen.html.php on line 11 when visiting user-create

22:50:04 Attempt to modify property of non-object in module\common\model.php on line 367 when visiting user-create

22:50:15 Creating default object from empty value in module\common\lang\menuOrder.php on line 39 when visiting 

22:50:15 Missing argument 3 for common::setMenuVars(), called in module\company\model.php on line 25 and defined in module\common\control.php on line 103 when visiting user-create

22:50:15 Undefined variable: params in module\common\control.php on line 105 when visiting user-create

22:50:15 Undefined variable: params in module\common\control.php on line 123 when visiting user-create

22:50:15 Undefined property: stdClass::$title in module\personalinfo\config.php on line 20 when visiting user-create

22:50:15 Undefined property: stdClass::$id in module\personalinfo\config.php on line 21 when visiting user-create

22:50:15 Undefined property: stdClass::$keywords in module\personalinfo\config.php on line 22 when visiting user-create

22:50:15 Undefined property: stdClass::$product in module\personalinfo\config.php on line 23 when visiting user-create

22:50:15 Undefined property: stdClass::$project in module\personalinfo\config.php on line 24 when visiting user-create

22:50:15 Undefined property: stdClass::$type in module\personalinfo\config.php on line 25 when visiting user-create

22:50:15 Undefined property: stdClass::$module in module\personalinfo\config.php on line 26 when visiting user-create

22:50:15 Undefined property: stdClass::$lib in module\personalinfo\config.php on line 27 when visiting user-create

22:50:15 Undefined property: stdClass::$digest in module\personalinfo\config.php on line 28 when visiting user-create

22:50:15 Undefined property: stdClass::$content in module\personalinfo\config.php on line 29 when visiting user-create

22:50:15 Undefined property: stdClass::$url in module\personalinfo\config.php on line 30 when visiting user-create

22:50:15 Undefined property: stdClass::$addedBy in module\personalinfo\config.php on line 31 when visiting user-create

22:50:15 Undefined property: stdClass::$addedDate in module\personalinfo\config.php on line 32 when visiting user-create

22:50:15 Undefined property: stdClass::$editedBy in module\personalinfo\config.php on line 33 when visiting user-create

22:50:15 Undefined property: stdClass::$editedDate in module\personalinfo\config.php on line 34 when visiting user-create

22:50:15 Undefined property: stdClass::$types in module\personalinfo\config.php on line 41 when visiting user-create

22:50:15 Undefined property: language::$chooseUsersToMail in module\common\view\chosen.html.php on line 11 when visiting user-create

22:50:15 Attempt to modify property of non-object in module\common\model.php on line 367 when visiting user-create

22:50:31 Creating default object from empty value in module\common\lang\menuOrder.php on line 39 when visiting 

22:50:31 Undefined property: stdClass::$title in module\personalinfo\config.php on line 20 when visiting personalinfo

22:50:31 Undefined property: stdClass::$id in module\personalinfo\config.php on line 21 when visiting personalinfo

22:50:31 Undefined property: stdClass::$keywords in module\personalinfo\config.php on line 22 when visiting personalinfo

22:50:31 Undefined property: stdClass::$product in module\personalinfo\config.php on line 23 when visiting personalinfo

22:50:31 Undefined property: stdClass::$project in module\personalinfo\config.php on line 24 when visiting personalinfo

22:50:31 Undefined property: stdClass::$type in module\personalinfo\config.php on line 25 when visiting personalinfo

22:50:31 Undefined property: stdClass::$module in module\personalinfo\config.php on line 26 when visiting personalinfo

22:50:31 Undefined property: stdClass::$lib in module\personalinfo\config.php on line 27 when visiting personalinfo

22:50:31 Undefined property: stdClass::$digest in module\personalinfo\config.php on line 28 when visiting personalinfo

22:50:31 Undefined property: stdClass::$content in module\personalinfo\config.php on line 29 when visiting personalinfo

22:50:31 Undefined property: stdClass::$url in module\personalinfo\config.php on line 30 when visiting personalinfo

22:50:31 Undefined property: stdClass::$addedBy in module\personalinfo\config.php on line 31 when visiting personalinfo

22:50:31 Undefined property: stdClass::$addedDate in module\personalinfo\config.php on line 32 when visiting personalinfo

22:50:31 Undefined property: stdClass::$editedBy in module\personalinfo\config.php on line 33 when visiting personalinfo

22:50:31 Undefined property: stdClass::$editedDate in module\personalinfo\config.php on line 34 when visiting personalinfo

22:50:31 Undefined property: stdClass::$types in module\personalinfo\config.php on line 41 when visiting personalinfo

22:50:31 Creating default object from empty value in module\common\lang\menuOrder.php on line 39 when visiting 

22:50:31 Undefined property: stdClass::$title in module\personalinfo\config.php on line 20 when visiting personalinfo-viewBasicInformation

22:50:31 Undefined property: stdClass::$id in module\personalinfo\config.php on line 21 when visiting personalinfo-viewBasicInformation

22:50:31 Undefined property: stdClass::$keywords in module\personalinfo\config.php on line 22 when visiting personalinfo-viewBasicInformation

22:50:31 Undefined property: stdClass::$product in module\personalinfo\config.php on line 23 when visiting personalinfo-viewBasicInformation

22:50:31 Undefined property: stdClass::$project in module\personalinfo\config.php on line 24 when visiting personalinfo-viewBasicInformation

22:50:31 Undefined property: stdClass::$type in module\personalinfo\config.php on line 25 when visiting personalinfo-viewBasicInformation

22:50:31 Undefined property: stdClass::$module in module\personalinfo\config.php on line 26 when visiting personalinfo-viewBasicInformation

22:50:31 Undefined property: stdClass::$lib in module\personalinfo\config.php on line 27 when visiting personalinfo-viewBasicInformation

22:50:31 Undefined property: stdClass::$digest in module\personalinfo\config.php on line 28 when visiting personalinfo-viewBasicInformation

22:50:31 Undefined property: stdClass::$content in module\personalinfo\config.php on line 29 when visiting personalinfo-viewBasicInformation

22:50:31 Undefined property: stdClass::$url in module\personalinfo\config.php on line 30 when visiting personalinfo-viewBasicInformation

22:50:31 Undefined property: stdClass::$addedBy in module\personalinfo\config.php on line 31 when visiting personalinfo-viewBasicInformation

22:50:31 Undefined property: stdClass::$addedDate in module\personalinfo\config.php on line 32 when visiting personalinfo-viewBasicInformation

22:50:31 Undefined property: stdClass::$editedBy in module\personalinfo\config.php on line 33 when visiting personalinfo-viewBasicInformation

22:50:31 Undefined property: stdClass::$editedDate in module\personalinfo\config.php on line 34 when visiting personalinfo-viewBasicInformation

22:50:31 Undefined property: stdClass::$types in module\personalinfo\config.php on line 41 when visiting personalinfo-viewBasicInformation

22:50:31 Missing argument 1 for personalinfoModel::setMenu(), called in module\personalinfo\control.php on line 111 and defined in module\personalinfo\model.php on line 25 when visiting personalinfo-viewBasicInformation

22:50:31 Missing argument 2 for personalinfoModel::setMenu(), called in module\personalinfo\control.php on line 111 and defined in module\personalinfo\model.php on line 25 when visiting personalinfo-viewBasicInformation

22:50:31 Undefined variable: selectHtml in module\personalinfo\model.php on line 31 when visiting personalinfo-viewBasicInformation

22:50:31 Undefined variable: libID in module\personalinfo\model.php on line 34 when visiting personalinfo-viewBasicInformation

22:50:31 Undefined variable: libID in module\personalinfo\model.php on line 34 when visiting personalinfo-viewBasicInformation

22:50:31 Undefined property: stdClass::$common in module\personalinfo\control.php on line 113 when visiting personalinfo-viewBasicInformation

22:50:31 Undefined property: stdClass::$viewBasicInformation in module\personalinfo\control.php on line 113 when visiting personalinfo-viewBasicInformation

22:50:31 Undefined property: language::$chooseUsersToMail in module\common\view\chosen.html.php on line 11 when visiting personalinfo-viewBasicInformation

22:50:31 Attempt to modify property of non-object in module\common\model.php on line 367 when visiting personalinfo-viewBasicInformation

22:50:33 Creating default object from empty value in module\common\lang\menuOrder.php on line 39 when visiting 

22:50:33 Undefined property: stdClass::$title in module\personalinfo\config.php on line 20 when visiting personalinfo-editBasicInformation

22:50:33 Undefined property: stdClass::$id in module\personalinfo\config.php on line 21 when visiting personalinfo-editBasicInformation

22:50:33 Undefined property: stdClass::$keywords in module\personalinfo\config.php on line 22 when visiting personalinfo-editBasicInformation

22:50:33 Undefined property: stdClass::$product in module\personalinfo\config.php on line 23 when visiting personalinfo-editBasicInformation

22:50:33 Undefined property: stdClass::$project in module\personalinfo\config.php on line 24 when visiting personalinfo-editBasicInformation

22:50:33 Undefined property: stdClass::$type in module\personalinfo\config.php on line 25 when visiting personalinfo-editBasicInformation

22:50:33 Undefined property: stdClass::$module in module\personalinfo\config.php on line 26 when visiting personalinfo-editBasicInformation

22:50:33 Undefined property: stdClass::$lib in module\personalinfo\config.php on line 27 when visiting personalinfo-editBasicInformation

22:50:33 Undefined property: stdClass::$digest in module\personalinfo\config.php on line 28 when visiting personalinfo-editBasicInformation

22:50:33 Undefined property: stdClass::$content in module\personalinfo\config.php on line 29 when visiting personalinfo-editBasicInformation

22:50:33 Undefined property: stdClass::$url in module\personalinfo\config.php on line 30 when visiting personalinfo-editBasicInformation

22:50:33 Undefined property: stdClass::$addedBy in module\personalinfo\config.php on line 31 when visiting personalinfo-editBasicInformation

22:50:33 Undefined property: stdClass::$addedDate in module\personalinfo\config.php on line 32 when visiting personalinfo-editBasicInformation

22:50:33 Undefined property: stdClass::$editedBy in module\personalinfo\config.php on line 33 when visiting personalinfo-editBasicInformation

22:50:33 Undefined property: stdClass::$editedDate in module\personalinfo\config.php on line 34 when visiting personalinfo-editBasicInformation

22:50:33 Undefined property: stdClass::$types in module\personalinfo\config.php on line 41 when visiting personalinfo-editBasicInformation

22:50:33 Undefined property: stdClass::$common in module\personalinfo\control.php on line 91 when visiting personalinfo-editBasicInformation

22:50:33 Undefined property: stdClass::$editBasicInformation in module\personalinfo\control.php on line 91 when visiting personalinfo-editBasicInformation

22:50:33 Undefined property: stdClass::$editBasicInformation in module\personalinfo\control.php on line 92 when visiting personalinfo-editBasicInformation

22:50:33 Undefined property: language::$chooseUsersToMail in module\common\view\chosen.html.php on line 11 when visiting personalinfo-editBasicInformation

22:50:33 Attempt to modify property of non-object in module\common\model.php on line 367 when visiting personalinfo-editBasicInformation

22:50:33 Undefined property: stdClass::$editBasicInformation in module\personalinfo\view\editbasicinformation.html.php on line 5 when visiting personalinfo-editBasicInformation
