
06:27:41 ERROR: SQLSTATE[HY000] [2002] 由于连接方在一段时间后没有正确答复或连接的主机没有反应，连接尝试失败。
 in framework\router.class.php on line 1533, last called by framework\router.class.php on line 1495 through function connectByPDO.
 in framework\router.class.php on line 1577 when visiting 

13:29:03 Creating default object from empty value in module\common\lang\menuOrder.php on line 39 when visiting 

13:29:03 Creating default object from empty value in module\common\lang\menuOrder.php on line 39 when visiting 

13:29:03 Missing argument 3 for common::setMenuVars(), called in module\company\model.php on line 25 and defined in module\common\control.php on line 103 when visiting user-login-L29hL3d3dy9wcm9ibGVtLXZpZXctMy5odG1s

13:29:03 Undefined variable: params in module\common\control.php on line 105 when visiting user-login-L29hL3d3dy9wcm9ibGVtLXZpZXctMy5odG1s

13:29:03 Undefined variable: params in module\common\control.php on line 123 when visiting user-login-L29hL3d3dy9wcm9ibGVtLXZpZXctMy5odG1s

13:29:03 Undefined property: stdClass::$title in module\personalinfo\config.php on line 20 when visiting user-login-L29hL3d3dy9wcm9ibGVtLXZpZXctMy5odG1s

13:29:03 Undefined property: stdClass::$id in module\personalinfo\config.php on line 21 when visiting user-login-L29hL3d3dy9wcm9ibGVtLXZpZXctMy5odG1s

13:29:03 Undefined property: stdClass::$keywords in module\personalinfo\config.php on line 22 when visiting user-login-L29hL3d3dy9wcm9ibGVtLXZpZXctMy5odG1s

13:29:03 Undefined property: stdClass::$product in module\personalinfo\config.php on line 23 when visiting user-login-L29hL3d3dy9wcm9ibGVtLXZpZXctMy5odG1s

13:29:03 Undefined property: stdClass::$project in module\personalinfo\config.php on line 24 when visiting user-login-L29hL3d3dy9wcm9ibGVtLXZpZXctMy5odG1s

13:29:03 Undefined property: stdClass::$type in module\personalinfo\config.php on line 25 when visiting user-login-L29hL3d3dy9wcm9ibGVtLXZpZXctMy5odG1s

13:29:03 Undefined property: stdClass::$module in module\personalinfo\config.php on line 26 when visiting user-login-L29hL3d3dy9wcm9ibGVtLXZpZXctMy5odG1s

13:29:03 Undefined property: stdClass::$lib in module\personalinfo\config.php on line 27 when visiting user-login-L29hL3d3dy9wcm9ibGVtLXZpZXctMy5odG1s

13:29:03 Undefined property: stdClass::$digest in module\personalinfo\config.php on line 28 when visiting user-login-L29hL3d3dy9wcm9ibGVtLXZpZXctMy5odG1s

13:29:03 Undefined property: stdClass::$content in module\personalinfo\config.php on line 29 when visiting user-login-L29hL3d3dy9wcm9ibGVtLXZpZXctMy5odG1s

13:29:03 Undefined property: stdClass::$url in module\personalinfo\config.php on line 30 when visiting user-login-L29hL3d3dy9wcm9ibGVtLXZpZXctMy5odG1s

13:29:03 Undefined property: stdClass::$addedBy in module\personalinfo\config.php on line 31 when visiting user-login-L29hL3d3dy9wcm9ibGVtLXZpZXctMy5odG1s

13:29:03 Undefined property: stdClass::$addedDate in module\personalinfo\config.php on line 32 when visiting user-login-L29hL3d3dy9wcm9ibGVtLXZpZXctMy5odG1s

13:29:03 Undefined property: stdClass::$editedBy in module\personalinfo\config.php on line 33 when visiting user-login-L29hL3d3dy9wcm9ibGVtLXZpZXctMy5odG1s

13:29:03 Undefined property: stdClass::$editedDate in module\personalinfo\config.php on line 34 when visiting user-login-L29hL3d3dy9wcm9ibGVtLXZpZXctMy5odG1s

13:29:03 Undefined property: stdClass::$types in module\personalinfo\config.php on line 41 when visiting user-login-L29hL3d3dy9wcm9ibGVtLXZpZXctMy5odG1s

13:29:03 Creating default object from empty value in module\common\lang\menuOrder.php on line 39 when visiting 

13:29:03 Missing argument 3 for common::setMenuVars(), called in module\company\model.php on line 25 and defined in module\common\control.php on line 103 when visiting user-captcha

13:29:03 Undefined variable: params in module\common\control.php on line 105 when visiting user-captcha

13:29:03 Undefined variable: params in module\common\control.php on line 123 when visiting user-captcha

13:29:03 Undefined property: stdClass::$title in module\personalinfo\config.php on line 20 when visiting user-captcha

13:29:03 Undefined property: stdClass::$id in module\personalinfo\config.php on line 21 when visiting user-captcha

13:29:03 Undefined property: stdClass::$keywords in module\personalinfo\config.php on line 22 when visiting user-captcha

13:29:03 Undefined property: stdClass::$product in module\personalinfo\config.php on line 23 when visiting user-captcha

13:29:03 Undefined property: stdClass::$project in module\personalinfo\config.php on line 24 when visiting user-captcha

13:29:03 Undefined property: stdClass::$type in module\personalinfo\config.php on line 25 when visiting user-captcha

13:29:03 Undefined property: stdClass::$module in module\personalinfo\config.php on line 26 when visiting user-captcha

13:29:03 Undefined property: stdClass::$lib in module\personalinfo\config.php on line 27 when visiting user-captcha

13:29:03 Undefined property: stdClass::$digest in module\personalinfo\config.php on line 28 when visiting user-captcha

13:29:03 Undefined property: stdClass::$content in module\personalinfo\config.php on line 29 when visiting user-captcha

13:29:03 Undefined property: stdClass::$url in module\personalinfo\config.php on line 30 when visiting user-captcha

13:29:03 Undefined property: stdClass::$addedBy in module\personalinfo\config.php on line 31 when visiting user-captcha

13:29:03 Undefined property: stdClass::$addedDate in module\personalinfo\config.php on line 32 when visiting user-captcha

13:29:03 Undefined property: stdClass::$editedBy in module\personalinfo\config.php on line 33 when visiting user-captcha

13:29:03 Undefined property: stdClass::$editedDate in module\personalinfo\config.php on line 34 when visiting user-captcha

13:29:03 Undefined property: stdClass::$types in module\personalinfo\config.php on line 41 when visiting user-captcha

13:29:13 Creating default object from empty value in module\common\lang\menuOrder.php on line 39 when visiting 

13:29:13 Missing argument 3 for common::setMenuVars(), called in module\company\model.php on line 25 and defined in module\common\control.php on line 103 when visiting user-login-L29hL3d3dy9wcm9ibGVtLXZpZXctMy5odG1s

13:29:13 Undefined variable: params in module\common\control.php on line 105 when visiting user-login-L29hL3d3dy9wcm9ibGVtLXZpZXctMy5odG1s

13:29:13 Undefined variable: params in module\common\control.php on line 123 when visiting user-login-L29hL3d3dy9wcm9ibGVtLXZpZXctMy5odG1s

13:29:13 Undefined property: stdClass::$title in module\personalinfo\config.php on line 20 when visiting user-login-L29hL3d3dy9wcm9ibGVtLXZpZXctMy5odG1s

13:29:13 Undefined property: stdClass::$id in module\personalinfo\config.php on line 21 when visiting user-login-L29hL3d3dy9wcm9ibGVtLXZpZXctMy5odG1s

13:29:13 Undefined property: stdClass::$keywords in module\personalinfo\config.php on line 22 when visiting user-login-L29hL3d3dy9wcm9ibGVtLXZpZXctMy5odG1s

13:29:13 Undefined property: stdClass::$product in module\personalinfo\config.php on line 23 when visiting user-login-L29hL3d3dy9wcm9ibGVtLXZpZXctMy5odG1s

13:29:13 Undefined property: stdClass::$project in module\personalinfo\config.php on line 24 when visiting user-login-L29hL3d3dy9wcm9ibGVtLXZpZXctMy5odG1s

13:29:13 Undefined property: stdClass::$type in module\personalinfo\config.php on line 25 when visiting user-login-L29hL3d3dy9wcm9ibGVtLXZpZXctMy5odG1s

13:29:13 Undefined property: stdClass::$module in module\personalinfo\config.php on line 26 when visiting user-login-L29hL3d3dy9wcm9ibGVtLXZpZXctMy5odG1s

13:29:13 Undefined property: stdClass::$lib in module\personalinfo\config.php on line 27 when visiting user-login-L29hL3d3dy9wcm9ibGVtLXZpZXctMy5odG1s

13:29:13 Undefined property: stdClass::$digest in module\personalinfo\config.php on line 28 when visiting user-login-L29hL3d3dy9wcm9ibGVtLXZpZXctMy5odG1s

13:29:13 Undefined property: stdClass::$content in module\personalinfo\config.php on line 29 when visiting user-login-L29hL3d3dy9wcm9ibGVtLXZpZXctMy5odG1s

13:29:13 Undefined property: stdClass::$url in module\personalinfo\config.php on line 30 when visiting user-login-L29hL3d3dy9wcm9ibGVtLXZpZXctMy5odG1s

13:29:13 Undefined property: stdClass::$addedBy in module\personalinfo\config.php on line 31 when visiting user-login-L29hL3d3dy9wcm9ibGVtLXZpZXctMy5odG1s

13:29:13 Undefined property: stdClass::$addedDate in module\personalinfo\config.php on line 32 when visiting user-login-L29hL3d3dy9wcm9ibGVtLXZpZXctMy5odG1s

13:29:13 Undefined property: stdClass::$editedBy in module\personalinfo\config.php on line 33 when visiting user-login-L29hL3d3dy9wcm9ibGVtLXZpZXctMy5odG1s

13:29:13 Undefined property: stdClass::$editedDate in module\personalinfo\config.php on line 34 when visiting user-login-L29hL3d3dy9wcm9ibGVtLXZpZXctMy5odG1s

13:29:13 Undefined property: stdClass::$types in module\personalinfo\config.php on line 41 when visiting user-login-L29hL3d3dy9wcm9ibGVtLXZpZXctMy5odG1s

13:29:13 Undefined index: account in lib\dao\dao.class.php on line 615 when visiting user-login-L29hL3d3dy9wcm9ibGVtLXZpZXctMy5odG1s

13:29:13 Use of undefined constant t1 - assumed 't1' in module\user\model.php on line 754 when visiting user-login-L29hL3d3dy9wcm9ibGVtLXZpZXctMy5odG1s

13:29:13 Use of undefined constant t2 - assumed 't2' in module\user\model.php on line 756 when visiting user-login-L29hL3d3dy9wcm9ibGVtLXZpZXctMy5odG1s

13:29:13 Use of undefined constant t3 - assumed 't3' in module\user\model.php on line 758 when visiting user-login-L29hL3d3dy9wcm9ibGVtLXZpZXctMy5odG1s

13:29:13 Creating default object from empty value in module\action\lang\zh-cn.php on line 12 when visiting user-login-L29hL3d3dy9wcm9ibGVtLXZpZXctMy5odG1s

13:29:13 Creating default object from empty value in module\common\lang\menuOrder.php on line 39 when visiting 

13:29:13 Creating default object from empty value in module\common\lang\menuOrder.php on line 39 when visiting 

13:29:13 Undefined property: stdClass::$role in module\my\model.php on line 27 when visiting my

13:29:13 Declaration of taskModel::delete() should be compatible with model::delete($table, $id) in module\task\model.php on line 953 when visiting my

13:29:13 Declaration of problemModel::delete() should be compatible with model::delete($table, $id) in module\problem\model.php on line 483 when visiting my

13:29:13 Declaration of noticeModel::delete() should be compatible with model::delete($table, $id) in module\notice\model.php on line 314 when visiting my

13:29:13 Creating default object from empty value in module\notice\config.php on line 4 when visiting my

13:29:13 Creating default object from empty value in module\statistics\config.php on line 4 when visiting my

13:29:13 Creating default object from empty value in module\statistics\config.php on line 5 when visiting my

13:29:13 Creating default object from empty value in module\statistics\config.php on line 6 when visiting my

13:29:13 Creating default object from empty value in module\statistics\config.php on line 7 when visiting my

13:29:13 Creating default object from empty value in module\statistics\config.php on line 8 when visiting my

13:29:13 Creating default object from empty value in module\statistics\config.php on line 9 when visiting my

13:29:13 Creating default object from empty value in module\statistics\config.php on line 10 when visiting my

13:29:13 Use of undefined constant t1 - assumed 't1' in module\notice\model.php on line 147 when visiting my

13:29:13 Use of undefined constant t2 - assumed 't2' in module\notice\model.php on line 148 when visiting my

13:29:13 Undefined property: language::$chooseUsersToMail in module\common\view\chosen.html.php on line 11 when visiting my

13:29:13 Attempt to modify property of non-object in module\common\model.php on line 367 when visiting my

13:29:13 Undefined property: stdClass::$acpID in module\my\view\blockproblems.html.php on line 22 when visiting my

13:29:13 Undefined property: stdClass::$solvetime in module\my\view\blockproblems.html.php on line 24 when visiting my

13:29:13 Undefined property: stdClass::$acpID in module\my\view\blockproblems.html.php on line 22 when visiting my

13:29:13 Undefined property: stdClass::$solvetime in module\my\view\blockproblems.html.php on line 24 when visiting my

13:29:16 Creating default object from empty value in module\common\lang\menuOrder.php on line 39 when visiting 

13:29:16 Declaration of taskModel::delete() should be compatible with model::delete($table, $id) in module\task\model.php on line 953 when visiting workspace

13:29:16 Declaration of projectModel::delete() should be compatible with model::delete($table, $id) in module\project\model.php on line 425 when visiting workspace

13:29:16 Use of undefined constant G - assumed 'G' in module\tutorial\lang\zh-cn.php on line 39 when visiting workspace

13:29:16 Use of undefined constant T - assumed 'T' in module\tutorial\lang\zh-cn.php on line 40 when visiting workspace

13:29:16 Use of undefined constant R - assumed 'R' in module\tutorial\lang\zh-cn.php on line 41 when visiting workspace

13:29:16 Use of undefined constant P - assumed 'P' in module\tutorial\lang\zh-cn.php on line 42 when visiting workspace

13:29:16 Use of undefined constant G - assumed 'G' in module\tutorial\lang\zh-cn.php on line 44 when visiting workspace

13:29:16 Use of undefined constant T - assumed 'T' in module\tutorial\lang\zh-cn.php on line 45 when visiting workspace

13:29:16 Use of undefined constant R - assumed 'R' in module\tutorial\lang\zh-cn.php on line 46 when visiting workspace

13:29:16 Use of undefined constant P - assumed 'P' in module\tutorial\lang\zh-cn.php on line 47 when visiting workspace

13:29:16 Use of undefined constant G - assumed 'G' in module\tutorial\lang\zh-cn.php on line 49 when visiting workspace

13:29:16 Use of undefined constant T - assumed 'T' in module\tutorial\lang\zh-cn.php on line 50 when visiting workspace

13:29:16 Use of undefined constant R - assumed 'R' in module\tutorial\lang\zh-cn.php on line 51 when visiting workspace

13:29:16 Use of undefined constant P - assumed 'P' in module\tutorial\lang\zh-cn.php on line 52 when visiting workspace

13:29:16 Undefined variable: lang in module\tutorial\config.php on line 8 when visiting workspace

13:29:16 Trying to get property of non-object in module\tutorial\config.php on line 8 when visiting workspace

13:29:16 Trying to get property of non-object in module\tutorial\config.php on line 8 when visiting workspace

13:29:16 Undefined variable: lang in module\tutorial\config.php on line 9 when visiting workspace

13:29:16 Trying to get property of non-object in module\tutorial\config.php on line 9 when visiting workspace

13:29:16 Trying to get property of non-object in module\tutorial\config.php on line 9 when visiting workspace

13:29:16 Creating default object from empty value in module\common\lang\menuOrder.php on line 39 when visiting 

13:29:16 Declaration of taskModel::delete() should be compatible with model::delete($table, $id) in module\task\model.php on line 953 when visiting workspace-task

13:29:16 Declaration of projectModel::delete() should be compatible with model::delete($table, $id) in module\project\model.php on line 425 when visiting workspace-task

13:29:16 Use of undefined constant G - assumed 'G' in module\tutorial\lang\zh-cn.php on line 39 when visiting workspace-task

13:29:16 Use of undefined constant T - assumed 'T' in module\tutorial\lang\zh-cn.php on line 40 when visiting workspace-task

13:29:16 Use of undefined constant R - assumed 'R' in module\tutorial\lang\zh-cn.php on line 41 when visiting workspace-task

13:29:16 Use of undefined constant P - assumed 'P' in module\tutorial\lang\zh-cn.php on line 42 when visiting workspace-task

13:29:16 Use of undefined constant G - assumed 'G' in module\tutorial\lang\zh-cn.php on line 44 when visiting workspace-task

13:29:16 Use of undefined constant T - assumed 'T' in module\tutorial\lang\zh-cn.php on line 45 when visiting workspace-task

13:29:16 Use of undefined constant R - assumed 'R' in module\tutorial\lang\zh-cn.php on line 46 when visiting workspace-task

13:29:16 Use of undefined constant P - assumed 'P' in module\tutorial\lang\zh-cn.php on line 47 when visiting workspace-task

13:29:16 Use of undefined constant G - assumed 'G' in module\tutorial\lang\zh-cn.php on line 49 when visiting workspace-task

13:29:16 Use of undefined constant T - assumed 'T' in module\tutorial\lang\zh-cn.php on line 50 when visiting workspace-task

13:29:16 Use of undefined constant R - assumed 'R' in module\tutorial\lang\zh-cn.php on line 51 when visiting workspace-task

13:29:16 Use of undefined constant P - assumed 'P' in module\tutorial\lang\zh-cn.php on line 52 when visiting workspace-task

13:29:16 Undefined variable: lang in module\tutorial\config.php on line 8 when visiting workspace-task

13:29:16 Trying to get property of non-object in module\tutorial\config.php on line 8 when visiting workspace-task

13:29:16 Trying to get property of non-object in module\tutorial\config.php on line 8 when visiting workspace-task

13:29:16 Undefined variable: lang in module\tutorial\config.php on line 9 when visiting workspace-task

13:29:16 Trying to get property of non-object in module\tutorial\config.php on line 9 when visiting workspace-task

13:29:16 Trying to get property of non-object in module\tutorial\config.php on line 9 when visiting workspace-task

13:29:16 Creating default object from empty value in module\common\lang\menuOrder.php on line 39 when visiting 

13:29:16 Declaration of taskModel::delete() should be compatible with model::delete($table, $id) in module\task\model.php on line 953 when visiting task-viewTask

13:29:16 Use of undefined constant on - assumed 'on' in module\mail\config.php on line 8 when visiting task-viewTask

13:29:16 Creating default object from empty value in module\action\lang\zh-cn.php on line 12 when visiting task-viewTask

13:29:16 Use of undefined constant G - assumed 'G' in module\tutorial\lang\zh-cn.php on line 39 when visiting task-viewTask

13:29:16 Use of undefined constant T - assumed 'T' in module\tutorial\lang\zh-cn.php on line 40 when visiting task-viewTask

13:29:16 Use of undefined constant R - assumed 'R' in module\tutorial\lang\zh-cn.php on line 41 when visiting task-viewTask

13:29:16 Use of undefined constant P - assumed 'P' in module\tutorial\lang\zh-cn.php on line 42 when visiting task-viewTask

13:29:16 Use of undefined constant G - assumed 'G' in module\tutorial\lang\zh-cn.php on line 44 when visiting task-viewTask

13:29:16 Use of undefined constant T - assumed 'T' in module\tutorial\lang\zh-cn.php on line 45 when visiting task-viewTask

13:29:16 Use of undefined constant R - assumed 'R' in module\tutorial\lang\zh-cn.php on line 46 when visiting task-viewTask

13:29:16 Use of undefined constant P - assumed 'P' in module\tutorial\lang\zh-cn.php on line 47 when visiting task-viewTask

13:29:16 Use of undefined constant G - assumed 'G' in module\tutorial\lang\zh-cn.php on line 49 when visiting task-viewTask

13:29:16 Use of undefined constant T - assumed 'T' in module\tutorial\lang\zh-cn.php on line 50 when visiting task-viewTask

13:29:16 Use of undefined constant R - assumed 'R' in module\tutorial\lang\zh-cn.php on line 51 when visiting task-viewTask

13:29:16 Use of undefined constant P - assumed 'P' in module\tutorial\lang\zh-cn.php on line 52 when visiting task-viewTask

13:29:16 Undefined variable: lang in module\tutorial\config.php on line 8 when visiting task-viewTask

13:29:16 Trying to get property of non-object in module\tutorial\config.php on line 8 when visiting task-viewTask

13:29:16 Trying to get property of non-object in module\tutorial\config.php on line 8 when visiting task-viewTask

13:29:16 Undefined variable: lang in module\tutorial\config.php on line 9 when visiting task-viewTask

13:29:16 Trying to get property of non-object in module\tutorial\config.php on line 9 when visiting task-viewTask

13:29:16 Trying to get property of non-object in module\tutorial\config.php on line 9 when visiting task-viewTask

13:29:17 Creating default object from empty value in module\statistics\config.php on line 4 when visiting task-viewTask

13:29:17 Creating default object from empty value in module\statistics\config.php on line 5 when visiting task-viewTask

13:29:17 Creating default object from empty value in module\statistics\config.php on line 6 when visiting task-viewTask

13:29:17 Creating default object from empty value in module\statistics\config.php on line 7 when visiting task-viewTask

13:29:17 Creating default object from empty value in module\statistics\config.php on line 8 when visiting task-viewTask

13:29:17 Creating default object from empty value in module\statistics\config.php on line 9 when visiting task-viewTask

13:29:17 Creating default object from empty value in module\statistics\config.php on line 10 when visiting task-viewTask

13:29:17 Undefined variable: curRole in module\task\control.php on line 41 when visiting task-viewTask

13:29:17 Undefined property: language::$chooseUsersToMail in module\common\view\chosen.html.php on line 11 when visiting task-viewTask

13:29:17 Attempt to modify property of non-object in module\common\model.php on line 367 when visiting task-viewTask

13:29:17 Undefined property: stdClass::$completetime in module\task\view\viewtask.html.php on line 122 when visiting task-viewTask

13:29:17 Undefined property: stdClass::$submittime in module\task\view\viewtask.html.php on line 126 when visiting task-viewTask

13:29:17 Undefined property: stdClass::$completetime in module\task\view\viewtask.html.php on line 122 when visiting task-viewTask

13:29:17 Undefined property: stdClass::$submittime in module\task\view\viewtask.html.php on line 126 when visiting task-viewTask

13:29:17 Undefined property: stdClass::$completetime in module\task\view\viewtask.html.php on line 122 when visiting task-viewTask

13:29:17 Undefined property: stdClass::$submittime in module\task\view\viewtask.html.php on line 126 when visiting task-viewTask

13:29:17 Undefined property: stdClass::$completetime in module\task\view\viewtask.html.php on line 122 when visiting task-viewTask

13:29:17 Undefined property: stdClass::$submittime in module\task\view\viewtask.html.php on line 126 when visiting task-viewTask

13:29:17 Undefined property: stdClass::$completetime in module\task\view\viewtask.html.php on line 122 when visiting task-viewTask

13:29:17 Undefined property: stdClass::$submittime in module\task\view\viewtask.html.php on line 126 when visiting task-viewTask

13:29:17 Undefined property: stdClass::$completetime in module\task\view\viewtask.html.php on line 122 when visiting task-viewTask

13:29:17 Undefined property: stdClass::$submittime in module\task\view\viewtask.html.php on line 126 when visiting task-viewTask

13:29:17 Undefined property: stdClass::$completetime in module\task\view\viewtask.html.php on line 122 when visiting task-viewTask

13:29:17 Undefined property: stdClass::$submittime in module\task\view\viewtask.html.php on line 126 when visiting task-viewTask

13:29:17 Undefined property: stdClass::$completetime in module\task\view\viewtask.html.php on line 122 when visiting task-viewTask

13:29:17 Undefined property: stdClass::$submittime in module\task\view\viewtask.html.php on line 126 when visiting task-viewTask

13:29:17 Undefined property: stdClass::$completetime in module\task\view\viewtask.html.php on line 122 when visiting task-viewTask

13:29:17 Undefined property: stdClass::$submittime in module\task\view\viewtask.html.php on line 126 when visiting task-viewTask

13:29:20 Creating default object from empty value in module\common\lang\menuOrder.php on line 39 when visiting 

13:29:20 Undefined property: stdClass::$title in module\personalinfo\config.php on line 20 when visiting resources

13:29:20 Undefined property: stdClass::$id in module\personalinfo\config.php on line 21 when visiting resources

13:29:20 Undefined property: stdClass::$keywords in module\personalinfo\config.php on line 22 when visiting resources

13:29:20 Undefined property: stdClass::$product in module\personalinfo\config.php on line 23 when visiting resources

13:29:20 Undefined property: stdClass::$project in module\personalinfo\config.php on line 24 when visiting resources

13:29:20 Undefined property: stdClass::$type in module\personalinfo\config.php on line 25 when visiting resources

13:29:20 Undefined property: stdClass::$module in module\personalinfo\config.php on line 26 when visiting resources

13:29:20 Undefined property: stdClass::$lib in module\personalinfo\config.php on line 27 when visiting resources

13:29:20 Undefined property: stdClass::$digest in module\personalinfo\config.php on line 28 when visiting resources

13:29:20 Undefined property: stdClass::$content in module\personalinfo\config.php on line 29 when visiting resources

13:29:20 Undefined property: stdClass::$url in module\personalinfo\config.php on line 30 when visiting resources

13:29:20 Undefined property: stdClass::$addedBy in module\personalinfo\config.php on line 31 when visiting resources

13:29:20 Undefined property: stdClass::$addedDate in module\personalinfo\config.php on line 32 when visiting resources

13:29:20 Undefined property: stdClass::$editedBy in module\personalinfo\config.php on line 33 when visiting resources

13:29:20 Undefined property: stdClass::$editedDate in module\personalinfo\config.php on line 34 when visiting resources

13:29:20 Undefined property: stdClass::$types in module\personalinfo\config.php on line 41 when visiting resources

13:29:20 Declaration of taskModel::delete() should be compatible with model::delete($table, $id) in module\task\model.php on line 953 when visiting resources

13:29:20 Declaration of achievementModel::delete() should be compatible with model::delete($table, $id) in module\achievement\model.php on line 306 when visiting resources

13:29:20 Declaration of projectModel::delete() should be compatible with model::delete($table, $id) in module\project\model.php on line 425 when visiting resources

13:29:20 Declaration of problemModel::delete() should be compatible with model::delete($table, $id) in module\problem\model.php on line 483 when visiting resources

13:29:20 Creating default object from empty value in module\common\lang\menuOrder.php on line 39 when visiting 

13:29:20 Undefined property: stdClass::$title in module\personalinfo\config.php on line 20 when visiting resources-viewTeachers

13:29:20 Undefined property: stdClass::$id in module\personalinfo\config.php on line 21 when visiting resources-viewTeachers

13:29:20 Undefined property: stdClass::$keywords in module\personalinfo\config.php on line 22 when visiting resources-viewTeachers

13:29:20 Undefined property: stdClass::$product in module\personalinfo\config.php on line 23 when visiting resources-viewTeachers

13:29:20 Undefined property: stdClass::$project in module\personalinfo\config.php on line 24 when visiting resources-viewTeachers

13:29:20 Undefined property: stdClass::$type in module\personalinfo\config.php on line 25 when visiting resources-viewTeachers

13:29:20 Undefined property: stdClass::$module in module\personalinfo\config.php on line 26 when visiting resources-viewTeachers

13:29:20 Undefined property: stdClass::$lib in module\personalinfo\config.php on line 27 when visiting resources-viewTeachers

13:29:20 Undefined property: stdClass::$digest in module\personalinfo\config.php on line 28 when visiting resources-viewTeachers

13:29:20 Undefined property: stdClass::$content in module\personalinfo\config.php on line 29 when visiting resources-viewTeachers

13:29:20 Undefined property: stdClass::$url in module\personalinfo\config.php on line 30 when visiting resources-viewTeachers

13:29:20 Undefined property: stdClass::$addedBy in module\personalinfo\config.php on line 31 when visiting resources-viewTeachers

13:29:20 Undefined property: stdClass::$addedDate in module\personalinfo\config.php on line 32 when visiting resources-viewTeachers

13:29:20 Undefined property: stdClass::$editedBy in module\personalinfo\config.php on line 33 when visiting resources-viewTeachers

13:29:20 Undefined property: stdClass::$editedDate in module\personalinfo\config.php on line 34 when visiting resources-viewTeachers

13:29:20 Undefined property: stdClass::$types in module\personalinfo\config.php on line 41 when visiting resources-viewTeachers

13:29:20 Declaration of taskModel::delete() should be compatible with model::delete($table, $id) in module\task\model.php on line 953 when visiting resources-viewTeachers

13:29:20 Declaration of achievementModel::delete() should be compatible with model::delete($table, $id) in module\achievement\model.php on line 306 when visiting resources-viewTeachers

13:29:20 Declaration of projectModel::delete() should be compatible with model::delete($table, $id) in module\project\model.php on line 425 when visiting resources-viewTeachers

13:29:20 Declaration of problemModel::delete() should be compatible with model::delete($table, $id) in module\problem\model.php on line 483 when visiting resources-viewTeachers

13:29:20 Creating default object from empty value in module\statistics\config.php on line 4 when visiting resources-viewTeachers

13:29:20 Creating default object from empty value in module\statistics\config.php on line 5 when visiting resources-viewTeachers

13:29:20 Creating default object from empty value in module\statistics\config.php on line 6 when visiting resources-viewTeachers

13:29:20 Creating default object from empty value in module\statistics\config.php on line 7 when visiting resources-viewTeachers

13:29:20 Creating default object from empty value in module\statistics\config.php on line 8 when visiting resources-viewTeachers

13:29:20 Creating default object from empty value in module\statistics\config.php on line 9 when visiting resources-viewTeachers

13:29:20 Creating default object from empty value in module\statistics\config.php on line 10 when visiting resources-viewTeachers

13:29:20 Undefined variable: position in module\resources\control.php on line 55 when visiting resources-viewTeachers

13:29:20 Undefined property: language::$chooseUsersToMail in module\common\view\chosen.html.php on line 11 when visiting resources-viewTeachers

13:29:20 Attempt to modify property of non-object in module\common\model.php on line 367 when visiting resources-viewTeachers

13:29:21 Creating default object from empty value in module\common\lang\menuOrder.php on line 39 when visiting 

13:29:21 Undefined property: stdClass::$title in module\personalinfo\config.php on line 20 when visiting personalinfo

13:29:21 Undefined property: stdClass::$id in module\personalinfo\config.php on line 21 when visiting personalinfo

13:29:21 Undefined property: stdClass::$keywords in module\personalinfo\config.php on line 22 when visiting personalinfo

13:29:21 Undefined property: stdClass::$product in module\personalinfo\config.php on line 23 when visiting personalinfo

13:29:21 Undefined property: stdClass::$project in module\personalinfo\config.php on line 24 when visiting personalinfo

13:29:21 Undefined property: stdClass::$type in module\personalinfo\config.php on line 25 when visiting personalinfo

13:29:21 Undefined property: stdClass::$module in module\personalinfo\config.php on line 26 when visiting personalinfo

13:29:21 Undefined property: stdClass::$lib in module\personalinfo\config.php on line 27 when visiting personalinfo

13:29:21 Undefined property: stdClass::$digest in module\personalinfo\config.php on line 28 when visiting personalinfo

13:29:21 Undefined property: stdClass::$content in module\personalinfo\config.php on line 29 when visiting personalinfo

13:29:21 Undefined property: stdClass::$url in module\personalinfo\config.php on line 30 when visiting personalinfo

13:29:21 Undefined property: stdClass::$addedBy in module\personalinfo\config.php on line 31 when visiting personalinfo

13:29:21 Undefined property: stdClass::$addedDate in module\personalinfo\config.php on line 32 when visiting personalinfo

13:29:21 Undefined property: stdClass::$editedBy in module\personalinfo\config.php on line 33 when visiting personalinfo

13:29:21 Undefined property: stdClass::$editedDate in module\personalinfo\config.php on line 34 when visiting personalinfo

13:29:21 Undefined property: stdClass::$types in module\personalinfo\config.php on line 41 when visiting personalinfo

13:29:21 Creating default object from empty value in module\common\lang\menuOrder.php on line 39 when visiting 

13:29:21 Undefined property: stdClass::$title in module\personalinfo\config.php on line 20 when visiting personalinfo-viewBasicInformation

13:29:21 Undefined property: stdClass::$id in module\personalinfo\config.php on line 21 when visiting personalinfo-viewBasicInformation

13:29:21 Undefined property: stdClass::$keywords in module\personalinfo\config.php on line 22 when visiting personalinfo-viewBasicInformation

13:29:21 Undefined property: stdClass::$product in module\personalinfo\config.php on line 23 when visiting personalinfo-viewBasicInformation

13:29:21 Undefined property: stdClass::$project in module\personalinfo\config.php on line 24 when visiting personalinfo-viewBasicInformation

13:29:21 Undefined property: stdClass::$type in module\personalinfo\config.php on line 25 when visiting personalinfo-viewBasicInformation

13:29:21 Undefined property: stdClass::$module in module\personalinfo\config.php on line 26 when visiting personalinfo-viewBasicInformation

13:29:21 Undefined property: stdClass::$lib in module\personalinfo\config.php on line 27 when visiting personalinfo-viewBasicInformation

13:29:21 Undefined property: stdClass::$digest in module\personalinfo\config.php on line 28 when visiting personalinfo-viewBasicInformation

13:29:21 Undefined property: stdClass::$content in module\personalinfo\config.php on line 29 when visiting personalinfo-viewBasicInformation

13:29:21 Undefined property: stdClass::$url in module\personalinfo\config.php on line 30 when visiting personalinfo-viewBasicInformation

13:29:21 Undefined property: stdClass::$addedBy in module\personalinfo\config.php on line 31 when visiting personalinfo-viewBasicInformation

13:29:21 Undefined property: stdClass::$addedDate in module\personalinfo\config.php on line 32 when visiting personalinfo-viewBasicInformation

13:29:21 Undefined property: stdClass::$editedBy in module\personalinfo\config.php on line 33 when visiting personalinfo-viewBasicInformation

13:29:21 Undefined property: stdClass::$editedDate in module\personalinfo\config.php on line 34 when visiting personalinfo-viewBasicInformation

13:29:21 Undefined property: stdClass::$types in module\personalinfo\config.php on line 41 when visiting personalinfo-viewBasicInformation

13:29:21 Missing argument 1 for personalinfoModel::setMenu(), called in module\personalinfo\control.php on line 111 and defined in module\personalinfo\model.php on line 25 when visiting personalinfo-viewBasicInformation

13:29:21 Missing argument 2 for personalinfoModel::setMenu(), called in module\personalinfo\control.php on line 111 and defined in module\personalinfo\model.php on line 25 when visiting personalinfo-viewBasicInformation

13:29:21 Undefined variable: selectHtml in module\personalinfo\model.php on line 31 when visiting personalinfo-viewBasicInformation

13:29:21 Undefined variable: libID in module\personalinfo\model.php on line 34 when visiting personalinfo-viewBasicInformation

13:29:21 Undefined variable: libID in module\personalinfo\model.php on line 34 when visiting personalinfo-viewBasicInformation

13:29:21 Undefined property: stdClass::$common in module\personalinfo\control.php on line 113 when visiting personalinfo-viewBasicInformation

13:29:21 Undefined property: stdClass::$viewBasicInformation in module\personalinfo\control.php on line 113 when visiting personalinfo-viewBasicInformation

13:29:21 Undefined property: language::$chooseUsersToMail in module\common\view\chosen.html.php on line 11 when visiting personalinfo-viewBasicInformation

13:29:21 Attempt to modify property of non-object in module\common\model.php on line 367 when visiting personalinfo-viewBasicInformation

13:30:21 Creating default object from empty value in module\common\lang\menuOrder.php on line 39 when visiting 

13:30:21 Undefined property: stdClass::$title in module\personalinfo\config.php on line 20 when visiting resources

13:30:21 Undefined property: stdClass::$id in module\personalinfo\config.php on line 21 when visiting resources

13:30:21 Undefined property: stdClass::$keywords in module\personalinfo\config.php on line 22 when visiting resources

13:30:21 Undefined property: stdClass::$product in module\personalinfo\config.php on line 23 when visiting resources

13:30:21 Undefined property: stdClass::$project in module\personalinfo\config.php on line 24 when visiting resources

13:30:21 Undefined property: stdClass::$type in module\personalinfo\config.php on line 25 when visiting resources

13:30:21 Undefined property: stdClass::$module in module\personalinfo\config.php on line 26 when visiting resources

13:30:21 Undefined property: stdClass::$lib in module\personalinfo\config.php on line 27 when visiting resources

13:30:21 Undefined property: stdClass::$digest in module\personalinfo\config.php on line 28 when visiting resources

13:30:21 Undefined property: stdClass::$content in module\personalinfo\config.php on line 29 when visiting resources

13:30:21 Undefined property: stdClass::$url in module\personalinfo\config.php on line 30 when visiting resources

13:30:21 Undefined property: stdClass::$addedBy in module\personalinfo\config.php on line 31 when visiting resources

13:30:21 Undefined property: stdClass::$addedDate in module\personalinfo\config.php on line 32 when visiting resources

13:30:21 Undefined property: stdClass::$editedBy in module\personalinfo\config.php on line 33 when visiting resources

13:30:21 Undefined property: stdClass::$editedDate in module\personalinfo\config.php on line 34 when visiting resources

13:30:21 Undefined property: stdClass::$types in module\personalinfo\config.php on line 41 when visiting resources

13:30:21 Declaration of taskModel::delete() should be compatible with model::delete($table, $id) in module\task\model.php on line 953 when visiting resources

13:30:21 Declaration of achievementModel::delete() should be compatible with model::delete($table, $id) in module\achievement\model.php on line 306 when visiting resources

13:30:21 Declaration of projectModel::delete() should be compatible with model::delete($table, $id) in module\project\model.php on line 425 when visiting resources

13:30:21 Declaration of problemModel::delete() should be compatible with model::delete($table, $id) in module\problem\model.php on line 483 when visiting resources

13:30:21 Creating default object from empty value in module\common\lang\menuOrder.php on line 39 when visiting 

13:30:21 Undefined property: stdClass::$title in module\personalinfo\config.php on line 20 when visiting resources-viewTeachers

13:30:21 Undefined property: stdClass::$id in module\personalinfo\config.php on line 21 when visiting resources-viewTeachers

13:30:21 Undefined property: stdClass::$keywords in module\personalinfo\config.php on line 22 when visiting resources-viewTeachers

13:30:21 Undefined property: stdClass::$product in module\personalinfo\config.php on line 23 when visiting resources-viewTeachers

13:30:21 Undefined property: stdClass::$project in module\personalinfo\config.php on line 24 when visiting resources-viewTeachers

13:30:21 Undefined property: stdClass::$type in module\personalinfo\config.php on line 25 when visiting resources-viewTeachers

13:30:21 Undefined property: stdClass::$module in module\personalinfo\config.php on line 26 when visiting resources-viewTeachers

13:30:21 Undefined property: stdClass::$lib in module\personalinfo\config.php on line 27 when visiting resources-viewTeachers

13:30:21 Undefined property: stdClass::$digest in module\personalinfo\config.php on line 28 when visiting resources-viewTeachers

13:30:21 Undefined property: stdClass::$content in module\personalinfo\config.php on line 29 when visiting resources-viewTeachers

13:30:21 Undefined property: stdClass::$url in module\personalinfo\config.php on line 30 when visiting resources-viewTeachers

13:30:21 Undefined property: stdClass::$addedBy in module\personalinfo\config.php on line 31 when visiting resources-viewTeachers

13:30:21 Undefined property: stdClass::$addedDate in module\personalinfo\config.php on line 32 when visiting resources-viewTeachers

13:30:21 Undefined property: stdClass::$editedBy in module\personalinfo\config.php on line 33 when visiting resources-viewTeachers

13:30:21 Undefined property: stdClass::$editedDate in module\personalinfo\config.php on line 34 when visiting resources-viewTeachers

13:30:21 Undefined property: stdClass::$types in module\personalinfo\config.php on line 41 when visiting resources-viewTeachers

13:30:21 Declaration of taskModel::delete() should be compatible with model::delete($table, $id) in module\task\model.php on line 953 when visiting resources-viewTeachers

13:30:21 Declaration of achievementModel::delete() should be compatible with model::delete($table, $id) in module\achievement\model.php on line 306 when visiting resources-viewTeachers

13:30:21 Declaration of projectModel::delete() should be compatible with model::delete($table, $id) in module\project\model.php on line 425 when visiting resources-viewTeachers

13:30:21 Declaration of problemModel::delete() should be compatible with model::delete($table, $id) in module\problem\model.php on line 483 when visiting resources-viewTeachers

13:30:21 Creating default object from empty value in module\statistics\config.php on line 4 when visiting resources-viewTeachers

13:30:21 Creating default object from empty value in module\statistics\config.php on line 5 when visiting resources-viewTeachers

13:30:21 Creating default object from empty value in module\statistics\config.php on line 6 when visiting resources-viewTeachers

13:30:21 Creating default object from empty value in module\statistics\config.php on line 7 when visiting resources-viewTeachers

13:30:21 Creating default object from empty value in module\statistics\config.php on line 8 when visiting resources-viewTeachers

13:30:21 Creating default object from empty value in module\statistics\config.php on line 9 when visiting resources-viewTeachers

13:30:21 Creating default object from empty value in module\statistics\config.php on line 10 when visiting resources-viewTeachers

13:30:21 Undefined variable: position in module\resources\control.php on line 55 when visiting resources-viewTeachers

13:30:21 Undefined property: language::$chooseUsersToMail in module\common\view\chosen.html.php on line 11 when visiting resources-viewTeachers

13:30:21 Attempt to modify property of non-object in module\common\model.php on line 367 when visiting resources-viewTeachers

22:37:37 Creating default object from empty value in module\common\lang\menuOrder.php on line 39 when visiting 

22:37:37 Creating default object from empty value in module\common\lang\menuOrder.php on line 39 when visiting 

22:37:37 Missing argument 3 for common::setMenuVars(), called in module\company\model.php on line 25 and defined in module\common\control.php on line 103 when visiting user-login-L29hL3d3dy9wcm9ibGVtLXZpZXctMy5odG1s

22:37:37 Undefined variable: params in module\common\control.php on line 105 when visiting user-login-L29hL3d3dy9wcm9ibGVtLXZpZXctMy5odG1s

22:37:37 Undefined variable: params in module\common\control.php on line 123 when visiting user-login-L29hL3d3dy9wcm9ibGVtLXZpZXctMy5odG1s

22:37:37 Undefined property: stdClass::$title in module\personalinfo\config.php on line 20 when visiting user-login-L29hL3d3dy9wcm9ibGVtLXZpZXctMy5odG1s

22:37:37 Undefined property: stdClass::$id in module\personalinfo\config.php on line 21 when visiting user-login-L29hL3d3dy9wcm9ibGVtLXZpZXctMy5odG1s

22:37:37 Undefined property: stdClass::$keywords in module\personalinfo\config.php on line 22 when visiting user-login-L29hL3d3dy9wcm9ibGVtLXZpZXctMy5odG1s

22:37:37 Undefined property: stdClass::$product in module\personalinfo\config.php on line 23 when visiting user-login-L29hL3d3dy9wcm9ibGVtLXZpZXctMy5odG1s

22:37:37 Undefined property: stdClass::$project in module\personalinfo\config.php on line 24 when visiting user-login-L29hL3d3dy9wcm9ibGVtLXZpZXctMy5odG1s

22:37:37 Undefined property: stdClass::$type in module\personalinfo\config.php on line 25 when visiting user-login-L29hL3d3dy9wcm9ibGVtLXZpZXctMy5odG1s

22:37:37 Undefined property: stdClass::$module in module\personalinfo\config.php on line 26 when visiting user-login-L29hL3d3dy9wcm9ibGVtLXZpZXctMy5odG1s

22:37:37 Undefined property: stdClass::$lib in module\personalinfo\config.php on line 27 when visiting user-login-L29hL3d3dy9wcm9ibGVtLXZpZXctMy5odG1s

22:37:37 Undefined property: stdClass::$digest in module\personalinfo\config.php on line 28 when visiting user-login-L29hL3d3dy9wcm9ibGVtLXZpZXctMy5odG1s

22:37:37 Undefined property: stdClass::$content in module\personalinfo\config.php on line 29 when visiting user-login-L29hL3d3dy9wcm9ibGVtLXZpZXctMy5odG1s

22:37:37 Undefined property: stdClass::$url in module\personalinfo\config.php on line 30 when visiting user-login-L29hL3d3dy9wcm9ibGVtLXZpZXctMy5odG1s

22:37:37 Undefined property: stdClass::$addedBy in module\personalinfo\config.php on line 31 when visiting user-login-L29hL3d3dy9wcm9ibGVtLXZpZXctMy5odG1s

22:37:37 Undefined property: stdClass::$addedDate in module\personalinfo\config.php on line 32 when visiting user-login-L29hL3d3dy9wcm9ibGVtLXZpZXctMy5odG1s

22:37:37 Undefined property: stdClass::$editedBy in module\personalinfo\config.php on line 33 when visiting user-login-L29hL3d3dy9wcm9ibGVtLXZpZXctMy5odG1s

22:37:37 Undefined property: stdClass::$editedDate in module\personalinfo\config.php on line 34 when visiting user-login-L29hL3d3dy9wcm9ibGVtLXZpZXctMy5odG1s

22:37:37 Undefined property: stdClass::$types in module\personalinfo\config.php on line 41 when visiting user-login-L29hL3d3dy9wcm9ibGVtLXZpZXctMy5odG1s

22:37:37 Creating default object from empty value in module\common\lang\menuOrder.php on line 39 when visiting 

22:37:37 Missing argument 3 for common::setMenuVars(), called in module\company\model.php on line 25 and defined in module\common\control.php on line 103 when visiting user-captcha

22:37:37 Undefined variable: params in module\common\control.php on line 105 when visiting user-captcha

22:37:37 Undefined variable: params in module\common\control.php on line 123 when visiting user-captcha

22:37:37 Undefined property: stdClass::$title in module\personalinfo\config.php on line 20 when visiting user-captcha

22:37:37 Undefined property: stdClass::$id in module\personalinfo\config.php on line 21 when visiting user-captcha

22:37:37 Undefined property: stdClass::$keywords in module\personalinfo\config.php on line 22 when visiting user-captcha

22:37:37 Undefined property: stdClass::$product in module\personalinfo\config.php on line 23 when visiting user-captcha

22:37:37 Undefined property: stdClass::$project in module\personalinfo\config.php on line 24 when visiting user-captcha

22:37:37 Undefined property: stdClass::$type in module\personalinfo\config.php on line 25 when visiting user-captcha

22:37:37 Undefined property: stdClass::$module in module\personalinfo\config.php on line 26 when visiting user-captcha

22:37:37 Undefined property: stdClass::$lib in module\personalinfo\config.php on line 27 when visiting user-captcha

22:37:37 Undefined property: stdClass::$digest in module\personalinfo\config.php on line 28 when visiting user-captcha

22:37:37 Undefined property: stdClass::$content in module\personalinfo\config.php on line 29 when visiting user-captcha

22:37:37 Undefined property: stdClass::$url in module\personalinfo\config.php on line 30 when visiting user-captcha

22:37:37 Undefined property: stdClass::$addedBy in module\personalinfo\config.php on line 31 when visiting user-captcha

22:37:37 Undefined property: stdClass::$addedDate in module\personalinfo\config.php on line 32 when visiting user-captcha

22:37:37 Undefined property: stdClass::$editedBy in module\personalinfo\config.php on line 33 when visiting user-captcha

22:37:37 Undefined property: stdClass::$editedDate in module\personalinfo\config.php on line 34 when visiting user-captcha

22:37:37 Undefined property: stdClass::$types in module\personalinfo\config.php on line 41 when visiting user-captcha

22:37:51 Creating default object from empty value in module\common\lang\menuOrder.php on line 39 when visiting 

22:37:51 Missing argument 3 for common::setMenuVars(), called in module\company\model.php on line 25 and defined in module\common\control.php on line 103 when visiting user-login-L29hL3d3dy9wcm9ibGVtLXZpZXctMy5odG1s

22:37:51 Undefined variable: params in module\common\control.php on line 105 when visiting user-login-L29hL3d3dy9wcm9ibGVtLXZpZXctMy5odG1s

22:37:51 Undefined variable: params in module\common\control.php on line 123 when visiting user-login-L29hL3d3dy9wcm9ibGVtLXZpZXctMy5odG1s

22:37:51 Undefined property: stdClass::$title in module\personalinfo\config.php on line 20 when visiting user-login-L29hL3d3dy9wcm9ibGVtLXZpZXctMy5odG1s

22:37:51 Undefined property: stdClass::$id in module\personalinfo\config.php on line 21 when visiting user-login-L29hL3d3dy9wcm9ibGVtLXZpZXctMy5odG1s

22:37:51 Undefined property: stdClass::$keywords in module\personalinfo\config.php on line 22 when visiting user-login-L29hL3d3dy9wcm9ibGVtLXZpZXctMy5odG1s

22:37:51 Undefined property: stdClass::$product in module\personalinfo\config.php on line 23 when visiting user-login-L29hL3d3dy9wcm9ibGVtLXZpZXctMy5odG1s

22:37:51 Undefined property: stdClass::$project in module\personalinfo\config.php on line 24 when visiting user-login-L29hL3d3dy9wcm9ibGVtLXZpZXctMy5odG1s

22:37:51 Undefined property: stdClass::$type in module\personalinfo\config.php on line 25 when visiting user-login-L29hL3d3dy9wcm9ibGVtLXZpZXctMy5odG1s

22:37:51 Undefined property: stdClass::$module in module\personalinfo\config.php on line 26 when visiting user-login-L29hL3d3dy9wcm9ibGVtLXZpZXctMy5odG1s

22:37:51 Undefined property: stdClass::$lib in module\personalinfo\config.php on line 27 when visiting user-login-L29hL3d3dy9wcm9ibGVtLXZpZXctMy5odG1s

22:37:51 Undefined property: stdClass::$digest in module\personalinfo\config.php on line 28 when visiting user-login-L29hL3d3dy9wcm9ibGVtLXZpZXctMy5odG1s

22:37:51 Undefined property: stdClass::$content in module\personalinfo\config.php on line 29 when visiting user-login-L29hL3d3dy9wcm9ibGVtLXZpZXctMy5odG1s

22:37:51 Undefined property: stdClass::$url in module\personalinfo\config.php on line 30 when visiting user-login-L29hL3d3dy9wcm9ibGVtLXZpZXctMy5odG1s

22:37:51 Undefined property: stdClass::$addedBy in module\personalinfo\config.php on line 31 when visiting user-login-L29hL3d3dy9wcm9ibGVtLXZpZXctMy5odG1s

22:37:51 Undefined property: stdClass::$addedDate in module\personalinfo\config.php on line 32 when visiting user-login-L29hL3d3dy9wcm9ibGVtLXZpZXctMy5odG1s

22:37:51 Undefined property: stdClass::$editedBy in module\personalinfo\config.php on line 33 when visiting user-login-L29hL3d3dy9wcm9ibGVtLXZpZXctMy5odG1s

22:37:51 Undefined property: stdClass::$editedDate in module\personalinfo\config.php on line 34 when visiting user-login-L29hL3d3dy9wcm9ibGVtLXZpZXctMy5odG1s

22:37:51 Undefined property: stdClass::$types in module\personalinfo\config.php on line 41 when visiting user-login-L29hL3d3dy9wcm9ibGVtLXZpZXctMy5odG1s

22:37:51 Undefined index: account in lib\dao\dao.class.php on line 615 when visiting user-login-L29hL3d3dy9wcm9ibGVtLXZpZXctMy5odG1s

22:37:51 Use of undefined constant t1 - assumed 't1' in module\user\model.php on line 754 when visiting user-login-L29hL3d3dy9wcm9ibGVtLXZpZXctMy5odG1s

22:37:51 Use of undefined constant t2 - assumed 't2' in module\user\model.php on line 756 when visiting user-login-L29hL3d3dy9wcm9ibGVtLXZpZXctMy5odG1s

22:37:51 Use of undefined constant t3 - assumed 't3' in module\user\model.php on line 758 when visiting user-login-L29hL3d3dy9wcm9ibGVtLXZpZXctMy5odG1s

22:37:51 Creating default object from empty value in module\action\lang\zh-cn.php on line 12 when visiting user-login-L29hL3d3dy9wcm9ibGVtLXZpZXctMy5odG1s

22:37:51 Creating default object from empty value in module\common\lang\menuOrder.php on line 39 when visiting 

22:37:51 Creating default object from empty value in module\common\lang\menuOrder.php on line 39 when visiting 

22:37:51 Undefined property: stdClass::$role in module\my\model.php on line 27 when visiting my

22:37:51 Declaration of taskModel::delete() should be compatible with model::delete($table, $id) in module\task\model.php on line 953 when visiting my

22:37:51 Declaration of problemModel::delete() should be compatible with model::delete($table, $id) in module\problem\model.php on line 483 when visiting my

22:37:51 Declaration of noticeModel::delete() should be compatible with model::delete($table, $id) in module\notice\model.php on line 314 when visiting my

22:37:51 Creating default object from empty value in module\notice\config.php on line 4 when visiting my

22:37:51 Creating default object from empty value in module\statistics\config.php on line 4 when visiting my

22:37:51 Creating default object from empty value in module\statistics\config.php on line 5 when visiting my

22:37:51 Creating default object from empty value in module\statistics\config.php on line 6 when visiting my

22:37:51 Creating default object from empty value in module\statistics\config.php on line 7 when visiting my

22:37:51 Creating default object from empty value in module\statistics\config.php on line 8 when visiting my

22:37:51 Creating default object from empty value in module\statistics\config.php on line 9 when visiting my

22:37:51 Creating default object from empty value in module\statistics\config.php on line 10 when visiting my

22:37:51 Undefined variable: results in module\statistics\model.php on line 785 when visiting my

22:37:51 Use of undefined constant t1 - assumed 't1' in module\tutor\model.php on line 12 when visiting my

22:37:51 Use of undefined constant t2 - assumed 't2' in module\tutor\model.php on line 13 when visiting my

22:37:51 Use of undefined constant t1 - assumed 't1' in module\notice\model.php on line 127 when visiting my

22:37:51 Use of undefined constant t2 - assumed 't2' in module\notice\model.php on line 128 when visiting my

22:37:51 Undefined property: language::$chooseUsersToMail in module\common\view\chosen.html.php on line 11 when visiting my

22:37:51 Attempt to modify property of non-object in module\common\model.php on line 367 when visiting my

22:37:51 Undefined property: stdClass::$acpNum in module\my\view\blocktasks.html.php on line 23 when visiting my

22:37:51 Undefined property: stdClass::$acpNum in module\my\view\blocktasks.html.php on line 23 when visiting my

22:37:51 Undefined property: stdClass::$acpNum in module\my\view\blocktasks.html.php on line 23 when visiting my

22:37:51 Undefined property: stdClass::$acpNum in module\my\view\blocktasks.html.php on line 23 when visiting my

22:37:51 Undefined property: stdClass::$acpNum in module\my\view\blocktasks.html.php on line 23 when visiting my

22:37:55 Creating default object from empty value in module\common\lang\menuOrder.php on line 39 when visiting 

22:37:55 Declaration of taskModel::delete() should be compatible with model::delete($table, $id) in module\task\model.php on line 953 when visiting workspace

22:37:55 Declaration of projectModel::delete() should be compatible with model::delete($table, $id) in module\project\model.php on line 425 when visiting workspace

22:37:56 Use of undefined constant G - assumed 'G' in module\tutorial\lang\zh-cn.php on line 39 when visiting workspace

22:37:56 Use of undefined constant T - assumed 'T' in module\tutorial\lang\zh-cn.php on line 40 when visiting workspace

22:37:56 Use of undefined constant R - assumed 'R' in module\tutorial\lang\zh-cn.php on line 41 when visiting workspace

22:37:56 Use of undefined constant P - assumed 'P' in module\tutorial\lang\zh-cn.php on line 42 when visiting workspace

22:37:56 Use of undefined constant G - assumed 'G' in module\tutorial\lang\zh-cn.php on line 44 when visiting workspace

22:37:56 Use of undefined constant T - assumed 'T' in module\tutorial\lang\zh-cn.php on line 45 when visiting workspace

22:37:56 Use of undefined constant R - assumed 'R' in module\tutorial\lang\zh-cn.php on line 46 when visiting workspace

22:37:56 Use of undefined constant P - assumed 'P' in module\tutorial\lang\zh-cn.php on line 47 when visiting workspace

22:37:56 Use of undefined constant G - assumed 'G' in module\tutorial\lang\zh-cn.php on line 49 when visiting workspace

22:37:56 Use of undefined constant T - assumed 'T' in module\tutorial\lang\zh-cn.php on line 50 when visiting workspace

22:37:56 Use of undefined constant R - assumed 'R' in module\tutorial\lang\zh-cn.php on line 51 when visiting workspace

22:37:56 Use of undefined constant P - assumed 'P' in module\tutorial\lang\zh-cn.php on line 52 when visiting workspace

22:37:56 Undefined variable: lang in module\tutorial\config.php on line 8 when visiting workspace

22:37:56 Trying to get property of non-object in module\tutorial\config.php on line 8 when visiting workspace

22:37:56 Trying to get property of non-object in module\tutorial\config.php on line 8 when visiting workspace

22:37:56 Undefined variable: lang in module\tutorial\config.php on line 9 when visiting workspace

22:37:56 Trying to get property of non-object in module\tutorial\config.php on line 9 when visiting workspace

22:37:56 Trying to get property of non-object in module\tutorial\config.php on line 9 when visiting workspace

22:37:56 Creating default object from empty value in module\common\lang\menuOrder.php on line 39 when visiting 

22:37:56 Declaration of taskModel::delete() should be compatible with model::delete($table, $id) in module\task\model.php on line 953 when visiting workspace-task

22:37:56 Declaration of projectModel::delete() should be compatible with model::delete($table, $id) in module\project\model.php on line 425 when visiting workspace-task

22:37:56 Use of undefined constant G - assumed 'G' in module\tutorial\lang\zh-cn.php on line 39 when visiting workspace-task

22:37:56 Use of undefined constant T - assumed 'T' in module\tutorial\lang\zh-cn.php on line 40 when visiting workspace-task

22:37:56 Use of undefined constant R - assumed 'R' in module\tutorial\lang\zh-cn.php on line 41 when visiting workspace-task

22:37:56 Use of undefined constant P - assumed 'P' in module\tutorial\lang\zh-cn.php on line 42 when visiting workspace-task

22:37:56 Use of undefined constant G - assumed 'G' in module\tutorial\lang\zh-cn.php on line 44 when visiting workspace-task

22:37:56 Use of undefined constant T - assumed 'T' in module\tutorial\lang\zh-cn.php on line 45 when visiting workspace-task

22:37:56 Use of undefined constant R - assumed 'R' in module\tutorial\lang\zh-cn.php on line 46 when visiting workspace-task

22:37:56 Use of undefined constant P - assumed 'P' in module\tutorial\lang\zh-cn.php on line 47 when visiting workspace-task

22:37:56 Use of undefined constant G - assumed 'G' in module\tutorial\lang\zh-cn.php on line 49 when visiting workspace-task

22:37:56 Use of undefined constant T - assumed 'T' in module\tutorial\lang\zh-cn.php on line 50 when visiting workspace-task

22:37:56 Use of undefined constant R - assumed 'R' in module\tutorial\lang\zh-cn.php on line 51 when visiting workspace-task

22:37:56 Use of undefined constant P - assumed 'P' in module\tutorial\lang\zh-cn.php on line 52 when visiting workspace-task

22:37:56 Undefined variable: lang in module\tutorial\config.php on line 8 when visiting workspace-task

22:37:56 Trying to get property of non-object in module\tutorial\config.php on line 8 when visiting workspace-task

22:37:56 Trying to get property of non-object in module\tutorial\config.php on line 8 when visiting workspace-task

22:37:56 Undefined variable: lang in module\tutorial\config.php on line 9 when visiting workspace-task

22:37:56 Trying to get property of non-object in module\tutorial\config.php on line 9 when visiting workspace-task

22:37:56 Trying to get property of non-object in module\tutorial\config.php on line 9 when visiting workspace-task

22:37:56 Creating default object from empty value in module\common\lang\menuOrder.php on line 39 when visiting 

22:37:56 Declaration of taskModel::delete() should be compatible with model::delete($table, $id) in module\task\model.php on line 953 when visiting task-viewTask

22:37:56 Use of undefined constant on - assumed 'on' in module\mail\config.php on line 8 when visiting task-viewTask

22:37:56 Creating default object from empty value in module\action\lang\zh-cn.php on line 12 when visiting task-viewTask

22:37:56 Use of undefined constant G - assumed 'G' in module\tutorial\lang\zh-cn.php on line 39 when visiting task-viewTask

22:37:56 Use of undefined constant T - assumed 'T' in module\tutorial\lang\zh-cn.php on line 40 when visiting task-viewTask

22:37:56 Use of undefined constant R - assumed 'R' in module\tutorial\lang\zh-cn.php on line 41 when visiting task-viewTask

22:37:56 Use of undefined constant P - assumed 'P' in module\tutorial\lang\zh-cn.php on line 42 when visiting task-viewTask

22:37:56 Use of undefined constant G - assumed 'G' in module\tutorial\lang\zh-cn.php on line 44 when visiting task-viewTask

22:37:56 Use of undefined constant T - assumed 'T' in module\tutorial\lang\zh-cn.php on line 45 when visiting task-viewTask

22:37:56 Use of undefined constant R - assumed 'R' in module\tutorial\lang\zh-cn.php on line 46 when visiting task-viewTask

22:37:56 Use of undefined constant P - assumed 'P' in module\tutorial\lang\zh-cn.php on line 47 when visiting task-viewTask

22:37:56 Use of undefined constant G - assumed 'G' in module\tutorial\lang\zh-cn.php on line 49 when visiting task-viewTask

22:37:56 Use of undefined constant T - assumed 'T' in module\tutorial\lang\zh-cn.php on line 50 when visiting task-viewTask

22:37:56 Use of undefined constant R - assumed 'R' in module\tutorial\lang\zh-cn.php on line 51 when visiting task-viewTask

22:37:56 Use of undefined constant P - assumed 'P' in module\tutorial\lang\zh-cn.php on line 52 when visiting task-viewTask

22:37:56 Undefined variable: lang in module\tutorial\config.php on line 8 when visiting task-viewTask

22:37:56 Trying to get property of non-object in module\tutorial\config.php on line 8 when visiting task-viewTask

22:37:56 Trying to get property of non-object in module\tutorial\config.php on line 8 when visiting task-viewTask

22:37:56 Undefined variable: lang in module\tutorial\config.php on line 9 when visiting task-viewTask

22:37:56 Trying to get property of non-object in module\tutorial\config.php on line 9 when visiting task-viewTask

22:37:56 Trying to get property of non-object in module\tutorial\config.php on line 9 when visiting task-viewTask

22:37:56 Undefined variable: curRole in module\task\control.php on line 41 when visiting task-viewTask

22:37:56 Undefined property: language::$chooseUsersToMail in module\common\view\chosen.html.php on line 11 when visiting task-viewTask

22:37:56 Attempt to modify property of non-object in module\common\model.php on line 367 when visiting task-viewTask

22:37:57 Creating default object from empty value in module\common\lang\menuOrder.php on line 39 when visiting 

22:37:57 Declaration of taskModel::delete() should be compatible with model::delete($table, $id) in module\task\model.php on line 953 when visiting workspace-viewProject

22:37:57 Declaration of projectModel::delete() should be compatible with model::delete($table, $id) in module\project\model.php on line 425 when visiting workspace-viewProject

22:37:57 Use of undefined constant G - assumed 'G' in module\tutorial\lang\zh-cn.php on line 39 when visiting workspace-viewProject

22:37:57 Use of undefined constant T - assumed 'T' in module\tutorial\lang\zh-cn.php on line 40 when visiting workspace-viewProject

22:37:57 Use of undefined constant R - assumed 'R' in module\tutorial\lang\zh-cn.php on line 41 when visiting workspace-viewProject

22:37:57 Use of undefined constant P - assumed 'P' in module\tutorial\lang\zh-cn.php on line 42 when visiting workspace-viewProject

22:37:57 Use of undefined constant G - assumed 'G' in module\tutorial\lang\zh-cn.php on line 44 when visiting workspace-viewProject

22:37:57 Use of undefined constant T - assumed 'T' in module\tutorial\lang\zh-cn.php on line 45 when visiting workspace-viewProject

22:37:57 Use of undefined constant R - assumed 'R' in module\tutorial\lang\zh-cn.php on line 46 when visiting workspace-viewProject

22:37:57 Use of undefined constant P - assumed 'P' in module\tutorial\lang\zh-cn.php on line 47 when visiting workspace-viewProject

22:37:57 Use of undefined constant G - assumed 'G' in module\tutorial\lang\zh-cn.php on line 49 when visiting workspace-viewProject

22:37:57 Use of undefined constant T - assumed 'T' in module\tutorial\lang\zh-cn.php on line 50 when visiting workspace-viewProject

22:37:57 Use of undefined constant R - assumed 'R' in module\tutorial\lang\zh-cn.php on line 51 when visiting workspace-viewProject

22:37:57 Use of undefined constant P - assumed 'P' in module\tutorial\lang\zh-cn.php on line 52 when visiting workspace-viewProject

22:37:57 Undefined variable: lang in module\tutorial\config.php on line 8 when visiting workspace-viewProject

22:37:57 Trying to get property of non-object in module\tutorial\config.php on line 8 when visiting workspace-viewProject

22:37:57 Trying to get property of non-object in module\tutorial\config.php on line 8 when visiting workspace-viewProject

22:37:57 Undefined variable: lang in module\tutorial\config.php on line 9 when visiting workspace-viewProject

22:37:57 Trying to get property of non-object in module\tutorial\config.php on line 9 when visiting workspace-viewProject

22:37:57 Trying to get property of non-object in module\tutorial\config.php on line 9 when visiting workspace-viewProject

22:37:57 Creating default object from empty value in module\common\lang\menuOrder.php on line 39 when visiting 

22:37:57 Declaration of projectModel::delete() should be compatible with model::delete($table, $id) in module\project\model.php on line 425 when visiting project-viewProject

22:37:57 Declaration of taskModel::delete() should be compatible with model::delete($table, $id) in module\task\model.php on line 953 when visiting project-viewProject

22:37:57 Creating default object from empty value in module\action\lang\zh-cn.php on line 12 when visiting project-viewProject

22:37:57 Use of undefined constant G - assumed 'G' in module\tutorial\lang\zh-cn.php on line 39 when visiting project-viewProject

22:37:57 Use of undefined constant T - assumed 'T' in module\tutorial\lang\zh-cn.php on line 40 when visiting project-viewProject

22:37:57 Use of undefined constant R - assumed 'R' in module\tutorial\lang\zh-cn.php on line 41 when visiting project-viewProject

22:37:57 Use of undefined constant P - assumed 'P' in module\tutorial\lang\zh-cn.php on line 42 when visiting project-viewProject

22:37:57 Use of undefined constant G - assumed 'G' in module\tutorial\lang\zh-cn.php on line 44 when visiting project-viewProject

22:37:57 Use of undefined constant T - assumed 'T' in module\tutorial\lang\zh-cn.php on line 45 when visiting project-viewProject

22:37:57 Use of undefined constant R - assumed 'R' in module\tutorial\lang\zh-cn.php on line 46 when visiting project-viewProject

22:37:57 Use of undefined constant P - assumed 'P' in module\tutorial\lang\zh-cn.php on line 47 when visiting project-viewProject

22:37:57 Use of undefined constant G - assumed 'G' in module\tutorial\lang\zh-cn.php on line 49 when visiting project-viewProject

22:37:57 Use of undefined constant T - assumed 'T' in module\tutorial\lang\zh-cn.php on line 50 when visiting project-viewProject

22:37:57 Use of undefined constant R - assumed 'R' in module\tutorial\lang\zh-cn.php on line 51 when visiting project-viewProject

22:37:57 Use of undefined constant P - assumed 'P' in module\tutorial\lang\zh-cn.php on line 52 when visiting project-viewProject

22:37:57 Undefined variable: lang in module\tutorial\config.php on line 8 when visiting project-viewProject

22:37:57 Trying to get property of non-object in module\tutorial\config.php on line 8 when visiting project-viewProject

22:37:57 Trying to get property of non-object in module\tutorial\config.php on line 8 when visiting project-viewProject

22:37:57 Undefined variable: lang in module\tutorial\config.php on line 9 when visiting project-viewProject

22:37:57 Trying to get property of non-object in module\tutorial\config.php on line 9 when visiting project-viewProject

22:37:57 Trying to get property of non-object in module\tutorial\config.php on line 9 when visiting project-viewProject

22:37:57 Use of undefined constant creator_ID - assumed 'creator_ID' in module\project\model.php on line 125 when visiting project-viewProject

22:37:57 Undefined property: language::$chooseUsersToMail in module\common\view\chosen.html.php on line 11 when visiting project-viewProject

22:37:57 Attempt to modify property of non-object in module\common\model.php on line 367 when visiting project-viewProject

22:37:59 Creating default object from empty value in module\common\lang\menuOrder.php on line 39 when visiting 

22:37:59 Declaration of projectModel::delete() should be compatible with model::delete($table, $id) in module\project\model.php on line 425 when visiting project-create

22:37:59 Declaration of taskModel::delete() should be compatible with model::delete($table, $id) in module\task\model.php on line 953 when visiting project-create

22:37:59 Creating default object from empty value in module\action\lang\zh-cn.php on line 12 when visiting project-create

22:37:59 Use of undefined constant G - assumed 'G' in module\tutorial\lang\zh-cn.php on line 39 when visiting project-create

22:37:59 Use of undefined constant T - assumed 'T' in module\tutorial\lang\zh-cn.php on line 40 when visiting project-create

22:37:59 Use of undefined constant R - assumed 'R' in module\tutorial\lang\zh-cn.php on line 41 when visiting project-create

22:37:59 Use of undefined constant P - assumed 'P' in module\tutorial\lang\zh-cn.php on line 42 when visiting project-create

22:37:59 Use of undefined constant G - assumed 'G' in module\tutorial\lang\zh-cn.php on line 44 when visiting project-create

22:37:59 Use of undefined constant T - assumed 'T' in module\tutorial\lang\zh-cn.php on line 45 when visiting project-create

22:37:59 Use of undefined constant R - assumed 'R' in module\tutorial\lang\zh-cn.php on line 46 when visiting project-create

22:37:59 Use of undefined constant P - assumed 'P' in module\tutorial\lang\zh-cn.php on line 47 when visiting project-create

22:37:59 Use of undefined constant G - assumed 'G' in module\tutorial\lang\zh-cn.php on line 49 when visiting project-create

22:37:59 Use of undefined constant T - assumed 'T' in module\tutorial\lang\zh-cn.php on line 50 when visiting project-create

22:37:59 Use of undefined constant R - assumed 'R' in module\tutorial\lang\zh-cn.php on line 51 when visiting project-create

22:37:59 Use of undefined constant P - assumed 'P' in module\tutorial\lang\zh-cn.php on line 52 when visiting project-create

22:37:59 Undefined variable: lang in module\tutorial\config.php on line 8 when visiting project-create

22:37:59 Trying to get property of non-object in module\tutorial\config.php on line 8 when visiting project-create

22:37:59 Trying to get property of non-object in module\tutorial\config.php on line 8 when visiting project-create

22:37:59 Undefined variable: lang in module\tutorial\config.php on line 9 when visiting project-create

22:37:59 Trying to get property of non-object in module\tutorial\config.php on line 9 when visiting project-create

22:37:59 Trying to get property of non-object in module\tutorial\config.php on line 9 when visiting project-create

22:37:59 Use of undefined constant t1 - assumed 't1' in module\tutor\model.php on line 12 when visiting project-create

22:37:59 Use of undefined constant t2 - assumed 't2' in module\tutor\model.php on line 13 when visiting project-create

22:37:59 Use of undefined constant t1 - assumed 't1' in module\common\model.php on line 682 when visiting project-create

22:37:59 Use of undefined constant t2 - assumed 't2' in module\common\model.php on line 688 when visiting project-create

22:37:59 Use of undefined constant t3 - assumed 't3' in module\common\model.php on line 689 when visiting project-create

22:37:59 Undefined property: language::$chooseUsersToMail in module\common\view\chosen.html.php on line 11 when visiting project-create

22:37:59 Attempt to modify property of non-object in module\common\model.php on line 367 when visiting project-create

22:37:59 Undefined index: bug in module\project\view\create.html.php on line 11 when visiting project-create

22:37:59 Undefined variable: name in module\project\view\create.html.php on line 19 when visiting project-create

22:38:22 Creating default object from empty value in module\common\lang\menuOrder.php on line 39 when visiting 

22:38:22 Declaration of projectModel::delete() should be compatible with model::delete($table, $id) in module\project\model.php on line 425 when visiting project-create

22:38:22 Declaration of taskModel::delete() should be compatible with model::delete($table, $id) in module\task\model.php on line 953 when visiting project-create

22:38:22 Creating default object from empty value in module\action\lang\zh-cn.php on line 12 when visiting project-create

22:38:22 Use of undefined constant G - assumed 'G' in module\tutorial\lang\zh-cn.php on line 39 when visiting project-create

22:38:22 Use of undefined constant T - assumed 'T' in module\tutorial\lang\zh-cn.php on line 40 when visiting project-create

22:38:22 Use of undefined constant R - assumed 'R' in module\tutorial\lang\zh-cn.php on line 41 when visiting project-create

22:38:22 Use of undefined constant P - assumed 'P' in module\tutorial\lang\zh-cn.php on line 42 when visiting project-create

22:38:22 Use of undefined constant G - assumed 'G' in module\tutorial\lang\zh-cn.php on line 44 when visiting project-create

22:38:22 Use of undefined constant T - assumed 'T' in module\tutorial\lang\zh-cn.php on line 45 when visiting project-create

22:38:22 Use of undefined constant R - assumed 'R' in module\tutorial\lang\zh-cn.php on line 46 when visiting project-create

22:38:22 Use of undefined constant P - assumed 'P' in module\tutorial\lang\zh-cn.php on line 47 when visiting project-create

22:38:22 Use of undefined constant G - assumed 'G' in module\tutorial\lang\zh-cn.php on line 49 when visiting project-create

22:38:22 Use of undefined constant T - assumed 'T' in module\tutorial\lang\zh-cn.php on line 50 when visiting project-create

22:38:22 Use of undefined constant R - assumed 'R' in module\tutorial\lang\zh-cn.php on line 51 when visiting project-create

22:38:22 Use of undefined constant P - assumed 'P' in module\tutorial\lang\zh-cn.php on line 52 when visiting project-create

22:38:22 Undefined variable: lang in module\tutorial\config.php on line 8 when visiting project-create

22:38:22 Trying to get property of non-object in module\tutorial\config.php on line 8 when visiting project-create

22:38:22 Trying to get property of non-object in module\tutorial\config.php on line 8 when visiting project-create

22:38:22 Undefined variable: lang in module\tutorial\config.php on line 9 when visiting project-create

22:38:22 Trying to get property of non-object in module\tutorial\config.php on line 9 when visiting project-create

22:38:22 Trying to get property of non-object in module\tutorial\config.php on line 9 when visiting project-create

22:38:23 Creating default object from empty value in module\common\lang\menuOrder.php on line 39 when visiting 

22:38:23 Declaration of projectModel::delete() should be compatible with model::delete($table, $id) in module\project\model.php on line 425 when visiting project-viewProject

22:38:23 Declaration of taskModel::delete() should be compatible with model::delete($table, $id) in module\task\model.php on line 953 when visiting project-viewProject

22:38:23 Creating default object from empty value in module\action\lang\zh-cn.php on line 12 when visiting project-viewProject

22:38:23 Use of undefined constant G - assumed 'G' in module\tutorial\lang\zh-cn.php on line 39 when visiting project-viewProject

22:38:23 Use of undefined constant T - assumed 'T' in module\tutorial\lang\zh-cn.php on line 40 when visiting project-viewProject

22:38:23 Use of undefined constant R - assumed 'R' in module\tutorial\lang\zh-cn.php on line 41 when visiting project-viewProject

22:38:23 Use of undefined constant P - assumed 'P' in module\tutorial\lang\zh-cn.php on line 42 when visiting project-viewProject

22:38:23 Use of undefined constant G - assumed 'G' in module\tutorial\lang\zh-cn.php on line 44 when visiting project-viewProject

22:38:23 Use of undefined constant T - assumed 'T' in module\tutorial\lang\zh-cn.php on line 45 when visiting project-viewProject

22:38:23 Use of undefined constant R - assumed 'R' in module\tutorial\lang\zh-cn.php on line 46 when visiting project-viewProject

22:38:23 Use of undefined constant P - assumed 'P' in module\tutorial\lang\zh-cn.php on line 47 when visiting project-viewProject

22:38:23 Use of undefined constant G - assumed 'G' in module\tutorial\lang\zh-cn.php on line 49 when visiting project-viewProject

22:38:23 Use of undefined constant T - assumed 'T' in module\tutorial\lang\zh-cn.php on line 50 when visiting project-viewProject

22:38:23 Use of undefined constant R - assumed 'R' in module\tutorial\lang\zh-cn.php on line 51 when visiting project-viewProject

22:38:23 Use of undefined constant P - assumed 'P' in module\tutorial\lang\zh-cn.php on line 52 when visiting project-viewProject

22:38:23 Undefined variable: lang in module\tutorial\config.php on line 8 when visiting project-viewProject

22:38:23 Trying to get property of non-object in module\tutorial\config.php on line 8 when visiting project-viewProject

22:38:23 Trying to get property of non-object in module\tutorial\config.php on line 8 when visiting project-viewProject

22:38:23 Undefined variable: lang in module\tutorial\config.php on line 9 when visiting project-viewProject

22:38:23 Trying to get property of non-object in module\tutorial\config.php on line 9 when visiting project-viewProject

22:38:23 Trying to get property of non-object in module\tutorial\config.php on line 9 when visiting project-viewProject

22:38:23 Use of undefined constant creator_ID - assumed 'creator_ID' in module\project\model.php on line 125 when visiting project-viewProject

22:38:23 Undefined variable: i in module\project\control.php on line 57 when visiting project-viewProject

22:38:23 Undefined variable: i in module\project\control.php on line 58 when visiting project-viewProject

22:38:23 Undefined variable: i in module\project\control.php on line 59 when visiting project-viewProject

22:38:23 Undefined variable: i in module\project\control.php on line 60 when visiting project-viewProject

22:38:23 Undefined variable: i in module\project\control.php on line 61 when visiting project-viewProject

22:38:23 Undefined variable: i in module\project\control.php on line 62 when visiting project-viewProject

22:38:23 Undefined property: language::$chooseUsersToMail in module\common\view\chosen.html.php on line 11 when visiting project-viewProject

22:38:23 Attempt to modify property of non-object in module\common\model.php on line 367 when visiting project-viewProject

22:38:25 Creating default object from empty value in module\common\lang\menuOrder.php on line 39 when visiting 

22:38:25 Declaration of projectModel::delete() should be compatible with model::delete($table, $id) in module\project\model.php on line 425 when visiting project-view-1

22:38:25 Declaration of taskModel::delete() should be compatible with model::delete($table, $id) in module\task\model.php on line 953 when visiting project-view-1

22:38:25 Creating default object from empty value in module\action\lang\zh-cn.php on line 12 when visiting project-view-1

22:38:25 Use of undefined constant G - assumed 'G' in module\tutorial\lang\zh-cn.php on line 39 when visiting project-view-1

22:38:25 Use of undefined constant T - assumed 'T' in module\tutorial\lang\zh-cn.php on line 40 when visiting project-view-1

22:38:25 Use of undefined constant R - assumed 'R' in module\tutorial\lang\zh-cn.php on line 41 when visiting project-view-1

22:38:25 Use of undefined constant P - assumed 'P' in module\tutorial\lang\zh-cn.php on line 42 when visiting project-view-1

22:38:25 Use of undefined constant G - assumed 'G' in module\tutorial\lang\zh-cn.php on line 44 when visiting project-view-1

22:38:25 Use of undefined constant T - assumed 'T' in module\tutorial\lang\zh-cn.php on line 45 when visiting project-view-1

22:38:25 Use of undefined constant R - assumed 'R' in module\tutorial\lang\zh-cn.php on line 46 when visiting project-view-1

22:38:25 Use of undefined constant P - assumed 'P' in module\tutorial\lang\zh-cn.php on line 47 when visiting project-view-1

22:38:25 Use of undefined constant G - assumed 'G' in module\tutorial\lang\zh-cn.php on line 49 when visiting project-view-1

22:38:25 Use of undefined constant T - assumed 'T' in module\tutorial\lang\zh-cn.php on line 50 when visiting project-view-1

22:38:25 Use of undefined constant R - assumed 'R' in module\tutorial\lang\zh-cn.php on line 51 when visiting project-view-1

22:38:25 Use of undefined constant P - assumed 'P' in module\tutorial\lang\zh-cn.php on line 52 when visiting project-view-1

22:38:25 Undefined variable: lang in module\tutorial\config.php on line 8 when visiting project-view-1

22:38:25 Trying to get property of non-object in module\tutorial\config.php on line 8 when visiting project-view-1

22:38:25 Trying to get property of non-object in module\tutorial\config.php on line 8 when visiting project-view-1

22:38:25 Undefined variable: lang in module\tutorial\config.php on line 9 when visiting project-view-1

22:38:25 Trying to get property of non-object in module\tutorial\config.php on line 9 when visiting project-view-1

22:38:25 Trying to get property of non-object in module\tutorial\config.php on line 9 when visiting project-view-1

22:38:25 Undefined property: language::$chooseUsersToMail in module\common\view\chosen.html.php on line 11 when visiting project-view-1

22:38:25 Attempt to modify property of non-object in module\common\model.php on line 367 when visiting project-view-1

22:38:25 Undefined variable: comment in module\project\view\view.html.php on line 46 when visiting project-view-1

22:38:25 Undefined property: stdClass::$isG in module\project\view\view.html.php on line 83 when visiting project-view-1

22:38:25 Undefined property: stdClass::$isG in module\project\view\view.html.php on line 92 when visiting project-view-1

22:38:28 Creating default object from empty value in module\common\lang\menuOrder.php on line 39 when visiting 

22:38:28 Declaration of taskModel::delete() should be compatible with model::delete($table, $id) in module\task\model.php on line 953 when visiting workspace-viewProject

22:38:28 Declaration of projectModel::delete() should be compatible with model::delete($table, $id) in module\project\model.php on line 425 when visiting workspace-viewProject

22:38:28 Use of undefined constant G - assumed 'G' in module\tutorial\lang\zh-cn.php on line 39 when visiting workspace-viewProject

22:38:28 Use of undefined constant T - assumed 'T' in module\tutorial\lang\zh-cn.php on line 40 when visiting workspace-viewProject

22:38:28 Use of undefined constant R - assumed 'R' in module\tutorial\lang\zh-cn.php on line 41 when visiting workspace-viewProject

22:38:28 Use of undefined constant P - assumed 'P' in module\tutorial\lang\zh-cn.php on line 42 when visiting workspace-viewProject

22:38:28 Use of undefined constant G - assumed 'G' in module\tutorial\lang\zh-cn.php on line 44 when visiting workspace-viewProject

22:38:28 Use of undefined constant T - assumed 'T' in module\tutorial\lang\zh-cn.php on line 45 when visiting workspace-viewProject

22:38:28 Use of undefined constant R - assumed 'R' in module\tutorial\lang\zh-cn.php on line 46 when visiting workspace-viewProject

22:38:28 Use of undefined constant P - assumed 'P' in module\tutorial\lang\zh-cn.php on line 47 when visiting workspace-viewProject

22:38:28 Use of undefined constant G - assumed 'G' in module\tutorial\lang\zh-cn.php on line 49 when visiting workspace-viewProject

22:38:28 Use of undefined constant T - assumed 'T' in module\tutorial\lang\zh-cn.php on line 50 when visiting workspace-viewProject

22:38:28 Use of undefined constant R - assumed 'R' in module\tutorial\lang\zh-cn.php on line 51 when visiting workspace-viewProject

22:38:28 Use of undefined constant P - assumed 'P' in module\tutorial\lang\zh-cn.php on line 52 when visiting workspace-viewProject

22:38:28 Undefined variable: lang in module\tutorial\config.php on line 8 when visiting workspace-viewProject

22:38:28 Trying to get property of non-object in module\tutorial\config.php on line 8 when visiting workspace-viewProject

22:38:28 Trying to get property of non-object in module\tutorial\config.php on line 8 when visiting workspace-viewProject

22:38:28 Undefined variable: lang in module\tutorial\config.php on line 9 when visiting workspace-viewProject

22:38:28 Trying to get property of non-object in module\tutorial\config.php on line 9 when visiting workspace-viewProject

22:38:28 Trying to get property of non-object in module\tutorial\config.php on line 9 when visiting workspace-viewProject

22:38:28 Creating default object from empty value in module\common\lang\menuOrder.php on line 39 when visiting 

22:38:28 Declaration of projectModel::delete() should be compatible with model::delete($table, $id) in module\project\model.php on line 425 when visiting project-viewProject

22:38:28 Declaration of taskModel::delete() should be compatible with model::delete($table, $id) in module\task\model.php on line 953 when visiting project-viewProject

22:38:28 Creating default object from empty value in module\action\lang\zh-cn.php on line 12 when visiting project-viewProject

22:38:28 Use of undefined constant G - assumed 'G' in module\tutorial\lang\zh-cn.php on line 39 when visiting project-viewProject

22:38:28 Use of undefined constant T - assumed 'T' in module\tutorial\lang\zh-cn.php on line 40 when visiting project-viewProject

22:38:28 Use of undefined constant R - assumed 'R' in module\tutorial\lang\zh-cn.php on line 41 when visiting project-viewProject

22:38:28 Use of undefined constant P - assumed 'P' in module\tutorial\lang\zh-cn.php on line 42 when visiting project-viewProject

22:38:28 Use of undefined constant G - assumed 'G' in module\tutorial\lang\zh-cn.php on line 44 when visiting project-viewProject

22:38:28 Use of undefined constant T - assumed 'T' in module\tutorial\lang\zh-cn.php on line 45 when visiting project-viewProject

22:38:28 Use of undefined constant R - assumed 'R' in module\tutorial\lang\zh-cn.php on line 46 when visiting project-viewProject

22:38:28 Use of undefined constant P - assumed 'P' in module\tutorial\lang\zh-cn.php on line 47 when visiting project-viewProject

22:38:28 Use of undefined constant G - assumed 'G' in module\tutorial\lang\zh-cn.php on line 49 when visiting project-viewProject

22:38:28 Use of undefined constant T - assumed 'T' in module\tutorial\lang\zh-cn.php on line 50 when visiting project-viewProject

22:38:28 Use of undefined constant R - assumed 'R' in module\tutorial\lang\zh-cn.php on line 51 when visiting project-viewProject

22:38:28 Use of undefined constant P - assumed 'P' in module\tutorial\lang\zh-cn.php on line 52 when visiting project-viewProject

22:38:28 Undefined variable: lang in module\tutorial\config.php on line 8 when visiting project-viewProject

22:38:28 Trying to get property of non-object in module\tutorial\config.php on line 8 when visiting project-viewProject

22:38:28 Trying to get property of non-object in module\tutorial\config.php on line 8 when visiting project-viewProject

22:38:28 Undefined variable: lang in module\tutorial\config.php on line 9 when visiting project-viewProject

22:38:28 Trying to get property of non-object in module\tutorial\config.php on line 9 when visiting project-viewProject

22:38:28 Trying to get property of non-object in module\tutorial\config.php on line 9 when visiting project-viewProject

22:38:28 Use of undefined constant creator_ID - assumed 'creator_ID' in module\project\model.php on line 125 when visiting project-viewProject

22:38:28 Undefined variable: i in module\project\control.php on line 57 when visiting project-viewProject

22:38:28 Undefined variable: i in module\project\control.php on line 58 when visiting project-viewProject

22:38:28 Undefined variable: i in module\project\control.php on line 59 when visiting project-viewProject

22:38:28 Undefined variable: i in module\project\control.php on line 60 when visiting project-viewProject

22:38:28 Undefined variable: i in module\project\control.php on line 61 when visiting project-viewProject

22:38:28 Undefined variable: i in module\project\control.php on line 62 when visiting project-viewProject

22:38:28 Undefined property: language::$chooseUsersToMail in module\common\view\chosen.html.php on line 11 when visiting project-viewProject

22:38:28 Attempt to modify property of non-object in module\common\model.php on line 367 when visiting project-viewProject

22:39:28 Creating default object from empty value in module\common\lang\menuOrder.php on line 39 when visiting 

22:59:28 Creating default object from empty value in module\common\lang\menuOrder.php on line 39 when visiting 

23:19:29 Creating default object from empty value in module\common\lang\menuOrder.php on line 39 when visiting 

23:39:29 Creating default object from empty value in module\common\lang\menuOrder.php on line 39 when visiting 
