
16:49:11 Creating default object from empty value in module\common\lang\menuOrder.php on line 39 when visiting 

16:49:11 Creating default object from empty value in module\common\lang\menuOrder.php on line 39 when visiting 

16:49:11 Missing argument 3 for common::setMenuVars(), called in module\company\model.php on line 25 and defined in module\common\control.php on line 103 when visiting user-login-L29hL3d3dy8=

16:49:11 Undefined variable: params in module\common\control.php on line 105 when visiting user-login-L29hL3d3dy8=

16:49:11 Undefined variable: params in module\common\control.php on line 123 when visiting user-login-L29hL3d3dy8=

16:49:11 Undefined property: stdClass::$title in module\personalinfo\config.php on line 20 when visiting user-login-L29hL3d3dy8=

16:49:11 Undefined property: stdClass::$id in module\personalinfo\config.php on line 21 when visiting user-login-L29hL3d3dy8=

16:49:11 Undefined property: stdClass::$keywords in module\personalinfo\config.php on line 22 when visiting user-login-L29hL3d3dy8=

16:49:11 Undefined property: stdClass::$product in module\personalinfo\config.php on line 23 when visiting user-login-L29hL3d3dy8=

16:49:11 Undefined property: stdClass::$project in module\personalinfo\config.php on line 24 when visiting user-login-L29hL3d3dy8=

16:49:11 Undefined property: stdClass::$type in module\personalinfo\config.php on line 25 when visiting user-login-L29hL3d3dy8=

16:49:11 Undefined property: stdClass::$module in module\personalinfo\config.php on line 26 when visiting user-login-L29hL3d3dy8=

16:49:11 Undefined property: stdClass::$lib in module\personalinfo\config.php on line 27 when visiting user-login-L29hL3d3dy8=

16:49:11 Undefined property: stdClass::$digest in module\personalinfo\config.php on line 28 when visiting user-login-L29hL3d3dy8=

16:49:11 Undefined property: stdClass::$content in module\personalinfo\config.php on line 29 when visiting user-login-L29hL3d3dy8=

16:49:11 Undefined property: stdClass::$url in module\personalinfo\config.php on line 30 when visiting user-login-L29hL3d3dy8=

16:49:11 Undefined property: stdClass::$addedBy in module\personalinfo\config.php on line 31 when visiting user-login-L29hL3d3dy8=

16:49:11 Undefined property: stdClass::$addedDate in module\personalinfo\config.php on line 32 when visiting user-login-L29hL3d3dy8=

16:49:11 Undefined property: stdClass::$editedBy in module\personalinfo\config.php on line 33 when visiting user-login-L29hL3d3dy8=

16:49:11 Undefined property: stdClass::$editedDate in module\personalinfo\config.php on line 34 when visiting user-login-L29hL3d3dy8=

16:49:11 Undefined property: stdClass::$types in module\personalinfo\config.php on line 41 when visiting user-login-L29hL3d3dy8=

16:49:11 Creating default object from empty value in module\common\lang\menuOrder.php on line 39 when visiting 

16:49:11 Missing argument 3 for common::setMenuVars(), called in module\company\model.php on line 25 and defined in module\common\control.php on line 103 when visiting user-captcha

16:49:11 Undefined variable: params in module\common\control.php on line 105 when visiting user-captcha

16:49:11 Undefined variable: params in module\common\control.php on line 123 when visiting user-captcha

16:49:11 Undefined property: stdClass::$title in module\personalinfo\config.php on line 20 when visiting user-captcha

16:49:11 Undefined property: stdClass::$id in module\personalinfo\config.php on line 21 when visiting user-captcha

16:49:11 Undefined property: stdClass::$keywords in module\personalinfo\config.php on line 22 when visiting user-captcha

16:49:11 Undefined property: stdClass::$product in module\personalinfo\config.php on line 23 when visiting user-captcha

16:49:11 Undefined property: stdClass::$project in module\personalinfo\config.php on line 24 when visiting user-captcha

16:49:11 Undefined property: stdClass::$type in module\personalinfo\config.php on line 25 when visiting user-captcha

16:49:11 Undefined property: stdClass::$module in module\personalinfo\config.php on line 26 when visiting user-captcha

16:49:11 Undefined property: stdClass::$lib in module\personalinfo\config.php on line 27 when visiting user-captcha

16:49:11 Undefined property: stdClass::$digest in module\personalinfo\config.php on line 28 when visiting user-captcha

16:49:11 Undefined property: stdClass::$content in module\personalinfo\config.php on line 29 when visiting user-captcha

16:49:11 Undefined property: stdClass::$url in module\personalinfo\config.php on line 30 when visiting user-captcha

16:49:11 Undefined property: stdClass::$addedBy in module\personalinfo\config.php on line 31 when visiting user-captcha

16:49:11 Undefined property: stdClass::$addedDate in module\personalinfo\config.php on line 32 when visiting user-captcha

16:49:11 Undefined property: stdClass::$editedBy in module\personalinfo\config.php on line 33 when visiting user-captcha

16:49:11 Undefined property: stdClass::$editedDate in module\personalinfo\config.php on line 34 when visiting user-captcha

16:49:11 Undefined property: stdClass::$types in module\personalinfo\config.php on line 41 when visiting user-captcha

16:49:35 Creating default object from empty value in module\common\lang\menuOrder.php on line 39 when visiting 

16:49:35 Missing argument 3 for common::setMenuVars(), called in module\company\model.php on line 25 and defined in module\common\control.php on line 103 when visiting user-login-L29hL3d3dy8=

16:49:35 Undefined variable: params in module\common\control.php on line 105 when visiting user-login-L29hL3d3dy8=

16:49:35 Undefined variable: params in module\common\control.php on line 123 when visiting user-login-L29hL3d3dy8=

16:49:35 Undefined property: stdClass::$title in module\personalinfo\config.php on line 20 when visiting user-login-L29hL3d3dy8=

16:49:35 Undefined property: stdClass::$id in module\personalinfo\config.php on line 21 when visiting user-login-L29hL3d3dy8=

16:49:35 Undefined property: stdClass::$keywords in module\personalinfo\config.php on line 22 when visiting user-login-L29hL3d3dy8=

16:49:35 Undefined property: stdClass::$product in module\personalinfo\config.php on line 23 when visiting user-login-L29hL3d3dy8=

16:49:35 Undefined property: stdClass::$project in module\personalinfo\config.php on line 24 when visiting user-login-L29hL3d3dy8=

16:49:35 Undefined property: stdClass::$type in module\personalinfo\config.php on line 25 when visiting user-login-L29hL3d3dy8=

16:49:35 Undefined property: stdClass::$module in module\personalinfo\config.php on line 26 when visiting user-login-L29hL3d3dy8=

16:49:35 Undefined property: stdClass::$lib in module\personalinfo\config.php on line 27 when visiting user-login-L29hL3d3dy8=

16:49:35 Undefined property: stdClass::$digest in module\personalinfo\config.php on line 28 when visiting user-login-L29hL3d3dy8=

16:49:35 Undefined property: stdClass::$content in module\personalinfo\config.php on line 29 when visiting user-login-L29hL3d3dy8=

16:49:35 Undefined property: stdClass::$url in module\personalinfo\config.php on line 30 when visiting user-login-L29hL3d3dy8=

16:49:35 Undefined property: stdClass::$addedBy in module\personalinfo\config.php on line 31 when visiting user-login-L29hL3d3dy8=

16:49:35 Undefined property: stdClass::$addedDate in module\personalinfo\config.php on line 32 when visiting user-login-L29hL3d3dy8=

16:49:35 Undefined property: stdClass::$editedBy in module\personalinfo\config.php on line 33 when visiting user-login-L29hL3d3dy8=

16:49:35 Undefined property: stdClass::$editedDate in module\personalinfo\config.php on line 34 when visiting user-login-L29hL3d3dy8=

16:49:35 Undefined property: stdClass::$types in module\personalinfo\config.php on line 41 when visiting user-login-L29hL3d3dy8=

16:50:12 Creating default object from empty value in module\common\lang\menuOrder.php on line 39 when visiting 

16:50:12 Missing argument 3 for common::setMenuVars(), called in module\company\model.php on line 25 and defined in module\common\control.php on line 103 when visiting user-login-L29hL3d3dy8=

16:50:12 Undefined variable: params in module\common\control.php on line 105 when visiting user-login-L29hL3d3dy8=

16:50:12 Undefined variable: params in module\common\control.php on line 123 when visiting user-login-L29hL3d3dy8=

16:50:12 Undefined property: stdClass::$title in module\personalinfo\config.php on line 20 when visiting user-login-L29hL3d3dy8=

16:50:12 Undefined property: stdClass::$id in module\personalinfo\config.php on line 21 when visiting user-login-L29hL3d3dy8=

16:50:12 Undefined property: stdClass::$keywords in module\personalinfo\config.php on line 22 when visiting user-login-L29hL3d3dy8=

16:50:12 Undefined property: stdClass::$product in module\personalinfo\config.php on line 23 when visiting user-login-L29hL3d3dy8=

16:50:12 Undefined property: stdClass::$project in module\personalinfo\config.php on line 24 when visiting user-login-L29hL3d3dy8=

16:50:12 Undefined property: stdClass::$type in module\personalinfo\config.php on line 25 when visiting user-login-L29hL3d3dy8=

16:50:12 Undefined property: stdClass::$module in module\personalinfo\config.php on line 26 when visiting user-login-L29hL3d3dy8=

16:50:12 Undefined property: stdClass::$lib in module\personalinfo\config.php on line 27 when visiting user-login-L29hL3d3dy8=

16:50:12 Undefined property: stdClass::$digest in module\personalinfo\config.php on line 28 when visiting user-login-L29hL3d3dy8=

16:50:12 Undefined property: stdClass::$content in module\personalinfo\config.php on line 29 when visiting user-login-L29hL3d3dy8=

16:50:12 Undefined property: stdClass::$url in module\personalinfo\config.php on line 30 when visiting user-login-L29hL3d3dy8=

16:50:12 Undefined property: stdClass::$addedBy in module\personalinfo\config.php on line 31 when visiting user-login-L29hL3d3dy8=

16:50:12 Undefined property: stdClass::$addedDate in module\personalinfo\config.php on line 32 when visiting user-login-L29hL3d3dy8=

16:50:12 Undefined property: stdClass::$editedBy in module\personalinfo\config.php on line 33 when visiting user-login-L29hL3d3dy8=

16:50:12 Undefined property: stdClass::$editedDate in module\personalinfo\config.php on line 34 when visiting user-login-L29hL3d3dy8=

16:50:12 Undefined property: stdClass::$types in module\personalinfo\config.php on line 41 when visiting user-login-L29hL3d3dy8=

16:50:35 Creating default object from empty value in module\common\lang\menuOrder.php on line 39 when visiting 

16:51:16 Creating default object from empty value in module\common\lang\menuOrder.php on line 39 when visiting 

16:51:16 Missing argument 3 for common::setMenuVars(), called in module\company\model.php on line 25 and defined in module\common\control.php on line 103 when visiting user-login-L29hL3d3dy8=

16:51:16 Undefined variable: params in module\common\control.php on line 105 when visiting user-login-L29hL3d3dy8=

16:51:16 Undefined variable: params in module\common\control.php on line 123 when visiting user-login-L29hL3d3dy8=

16:51:16 Undefined property: stdClass::$title in module\personalinfo\config.php on line 20 when visiting user-login-L29hL3d3dy8=

16:51:16 Undefined property: stdClass::$id in module\personalinfo\config.php on line 21 when visiting user-login-L29hL3d3dy8=

16:51:16 Undefined property: stdClass::$keywords in module\personalinfo\config.php on line 22 when visiting user-login-L29hL3d3dy8=

16:51:16 Undefined property: stdClass::$product in module\personalinfo\config.php on line 23 when visiting user-login-L29hL3d3dy8=

16:51:16 Undefined property: stdClass::$project in module\personalinfo\config.php on line 24 when visiting user-login-L29hL3d3dy8=

16:51:16 Undefined property: stdClass::$type in module\personalinfo\config.php on line 25 when visiting user-login-L29hL3d3dy8=

16:51:16 Undefined property: stdClass::$module in module\personalinfo\config.php on line 26 when visiting user-login-L29hL3d3dy8=

16:51:16 Undefined property: stdClass::$lib in module\personalinfo\config.php on line 27 when visiting user-login-L29hL3d3dy8=

16:51:16 Undefined property: stdClass::$digest in module\personalinfo\config.php on line 28 when visiting user-login-L29hL3d3dy8=

16:51:16 Undefined property: stdClass::$content in module\personalinfo\config.php on line 29 when visiting user-login-L29hL3d3dy8=

16:51:16 Undefined property: stdClass::$url in module\personalinfo\config.php on line 30 when visiting user-login-L29hL3d3dy8=

16:51:16 Undefined property: stdClass::$addedBy in module\personalinfo\config.php on line 31 when visiting user-login-L29hL3d3dy8=

16:51:16 Undefined property: stdClass::$addedDate in module\personalinfo\config.php on line 32 when visiting user-login-L29hL3d3dy8=

16:51:16 Undefined property: stdClass::$editedBy in module\personalinfo\config.php on line 33 when visiting user-login-L29hL3d3dy8=

16:51:16 Undefined property: stdClass::$editedDate in module\personalinfo\config.php on line 34 when visiting user-login-L29hL3d3dy8=

16:51:16 Undefined property: stdClass::$types in module\personalinfo\config.php on line 41 when visiting user-login-L29hL3d3dy8=

16:51:16 Undefined index: account in lib\dao\dao.class.php on line 615 when visiting user-login-L29hL3d3dy8=

16:51:16 Use of undefined constant t1 - assumed 't1' in module\user\model.php on line 754 when visiting user-login-L29hL3d3dy8=

16:51:16 Use of undefined constant t2 - assumed 't2' in module\user\model.php on line 756 when visiting user-login-L29hL3d3dy8=

16:51:16 Use of undefined constant t3 - assumed 't3' in module\user\model.php on line 758 when visiting user-login-L29hL3d3dy8=

16:51:16 Creating default object from empty value in module\action\lang\zh-cn.php on line 12 when visiting user-login-L29hL3d3dy8=

16:51:16 Creating default object from empty value in module\common\lang\menuOrder.php on line 39 when visiting 

16:51:16 Creating default object from empty value in module\common\lang\menuOrder.php on line 39 when visiting 

16:51:16 Undefined property: stdClass::$role in module\my\model.php on line 27 when visiting my

16:51:16 Declaration of taskModel::delete() should be compatible with model::delete($table, $id) in module\task\model.php on line 953 when visiting my

16:51:16 Declaration of problemModel::delete() should be compatible with model::delete($table, $id) in module\problem\model.php on line 476 when visiting my

16:51:16 Declaration of noticeModel::delete() should be compatible with model::delete($table, $id) in module\notice\model.php on line 314 when visiting my

16:51:16 Creating default object from empty value in module\notice\config.php on line 4 when visiting my

16:51:16 Creating default object from empty value in module\statistics\config.php on line 4 when visiting my

16:51:16 Creating default object from empty value in module\statistics\config.php on line 5 when visiting my

16:51:16 Creating default object from empty value in module\statistics\config.php on line 6 when visiting my

16:51:16 Creating default object from empty value in module\statistics\config.php on line 7 when visiting my

16:51:16 Creating default object from empty value in module\statistics\config.php on line 8 when visiting my

16:51:16 Creating default object from empty value in module\statistics\config.php on line 9 when visiting my

16:51:16 Creating default object from empty value in module\statistics\config.php on line 10 when visiting my

16:51:16 Use of undefined constant t1 - assumed 't1' in module\tutor\model.php on line 12 when visiting my

16:51:16 Use of undefined constant t2 - assumed 't2' in module\tutor\model.php on line 13 when visiting my

16:51:16 Use of undefined constant t1 - assumed 't1' in module\notice\model.php on line 127 when visiting my

16:51:16 Use of undefined constant t2 - assumed 't2' in module\notice\model.php on line 128 when visiting my

16:51:16 Undefined property: language::$chooseUsersToMail in module\common\view\chosen.html.php on line 11 when visiting my

16:51:16 Attempt to modify property of non-object in module\common\model.php on line 367 when visiting my

16:51:16 Undefined property: stdClass::$acpNum in module\my\view\blocktasks.html.php on line 23 when visiting my

16:51:16 Undefined property: stdClass::$acpNum in module\my\view\blocktasks.html.php on line 23 when visiting my

16:51:16 Undefined property: stdClass::$acpNum in module\my\view\blocktasks.html.php on line 23 when visiting my

16:51:16 Undefined property: stdClass::$acpNum in module\my\view\blocktasks.html.php on line 23 when visiting my

16:51:16 Undefined property: stdClass::$acpNum in module\my\view\blocktasks.html.php on line 23 when visiting my

16:51:16 Undefined property: stdClass::$acpID in module\my\view\blockproblems.html.php on line 22 when visiting my

16:51:16 Undefined property: stdClass::$solvetime in module\my\view\blockproblems.html.php on line 24 when visiting my

16:52:16 Creating default object from empty value in module\common\lang\menuOrder.php on line 39 when visiting 

16:57:00 Creating default object from empty value in module\common\lang\menuOrder.php on line 39 when visiting 

16:57:00 Creating default object from empty value in module\common\lang\menuOrder.php on line 39 when visiting 

16:57:00 Missing argument 3 for common::setMenuVars(), called in module\company\model.php on line 25 and defined in module\common\control.php on line 103 when visiting user-deny-task-viewgroup

16:57:00 Undefined variable: params in module\common\control.php on line 105 when visiting user-deny-task-viewgroup

16:57:00 Undefined variable: params in module\common\control.php on line 123 when visiting user-deny-task-viewgroup

16:57:00 Undefined property: stdClass::$title in module\personalinfo\config.php on line 20 when visiting user-deny-task-viewgroup

16:57:00 Undefined property: stdClass::$id in module\personalinfo\config.php on line 21 when visiting user-deny-task-viewgroup

16:57:00 Undefined property: stdClass::$keywords in module\personalinfo\config.php on line 22 when visiting user-deny-task-viewgroup

16:57:00 Undefined property: stdClass::$product in module\personalinfo\config.php on line 23 when visiting user-deny-task-viewgroup

16:57:00 Undefined property: stdClass::$project in module\personalinfo\config.php on line 24 when visiting user-deny-task-viewgroup

16:57:00 Undefined property: stdClass::$type in module\personalinfo\config.php on line 25 when visiting user-deny-task-viewgroup

16:57:00 Undefined property: stdClass::$module in module\personalinfo\config.php on line 26 when visiting user-deny-task-viewgroup

16:57:00 Undefined property: stdClass::$lib in module\personalinfo\config.php on line 27 when visiting user-deny-task-viewgroup

16:57:00 Undefined property: stdClass::$digest in module\personalinfo\config.php on line 28 when visiting user-deny-task-viewgroup

16:57:00 Undefined property: stdClass::$content in module\personalinfo\config.php on line 29 when visiting user-deny-task-viewgroup

16:57:00 Undefined property: stdClass::$url in module\personalinfo\config.php on line 30 when visiting user-deny-task-viewgroup

16:57:00 Undefined property: stdClass::$addedBy in module\personalinfo\config.php on line 31 when visiting user-deny-task-viewgroup

16:57:00 Undefined property: stdClass::$addedDate in module\personalinfo\config.php on line 32 when visiting user-deny-task-viewgroup

16:57:00 Undefined property: stdClass::$editedBy in module\personalinfo\config.php on line 33 when visiting user-deny-task-viewgroup

16:57:00 Undefined property: stdClass::$editedDate in module\personalinfo\config.php on line 34 when visiting user-deny-task-viewgroup

16:57:00 Undefined property: stdClass::$types in module\personalinfo\config.php on line 41 when visiting user-deny-task-viewgroup

16:57:03 Creating default object from empty value in module\common\lang\menuOrder.php on line 39 when visiting 

16:57:03 Missing argument 3 for common::setMenuVars(), called in module\company\model.php on line 25 and defined in module\common\control.php on line 103 when visiting user-logout-aHR0cDovL2xvY2FsaG9zdC9vYS93d3cvdGFzay12aWV3R3JvdXAtNTguaHRtbA==

16:57:03 Undefined variable: params in module\common\control.php on line 105 when visiting user-logout-aHR0cDovL2xvY2FsaG9zdC9vYS93d3cvdGFzay12aWV3R3JvdXAtNTguaHRtbA==

16:57:03 Undefined variable: params in module\common\control.php on line 123 when visiting user-logout-aHR0cDovL2xvY2FsaG9zdC9vYS93d3cvdGFzay12aWV3R3JvdXAtNTguaHRtbA==

16:57:03 Undefined property: stdClass::$title in module\personalinfo\config.php on line 20 when visiting user-logout-aHR0cDovL2xvY2FsaG9zdC9vYS93d3cvdGFzay12aWV3R3JvdXAtNTguaHRtbA==

16:57:03 Undefined property: stdClass::$id in module\personalinfo\config.php on line 21 when visiting user-logout-aHR0cDovL2xvY2FsaG9zdC9vYS93d3cvdGFzay12aWV3R3JvdXAtNTguaHRtbA==

16:57:03 Undefined property: stdClass::$keywords in module\personalinfo\config.php on line 22 when visiting user-logout-aHR0cDovL2xvY2FsaG9zdC9vYS93d3cvdGFzay12aWV3R3JvdXAtNTguaHRtbA==

16:57:03 Undefined property: stdClass::$product in module\personalinfo\config.php on line 23 when visiting user-logout-aHR0cDovL2xvY2FsaG9zdC9vYS93d3cvdGFzay12aWV3R3JvdXAtNTguaHRtbA==

16:57:03 Undefined property: stdClass::$project in module\personalinfo\config.php on line 24 when visiting user-logout-aHR0cDovL2xvY2FsaG9zdC9vYS93d3cvdGFzay12aWV3R3JvdXAtNTguaHRtbA==

16:57:03 Undefined property: stdClass::$type in module\personalinfo\config.php on line 25 when visiting user-logout-aHR0cDovL2xvY2FsaG9zdC9vYS93d3cvdGFzay12aWV3R3JvdXAtNTguaHRtbA==

16:57:03 Undefined property: stdClass::$module in module\personalinfo\config.php on line 26 when visiting user-logout-aHR0cDovL2xvY2FsaG9zdC9vYS93d3cvdGFzay12aWV3R3JvdXAtNTguaHRtbA==

16:57:03 Undefined property: stdClass::$lib in module\personalinfo\config.php on line 27 when visiting user-logout-aHR0cDovL2xvY2FsaG9zdC9vYS93d3cvdGFzay12aWV3R3JvdXAtNTguaHRtbA==

16:57:03 Undefined property: stdClass::$digest in module\personalinfo\config.php on line 28 when visiting user-logout-aHR0cDovL2xvY2FsaG9zdC9vYS93d3cvdGFzay12aWV3R3JvdXAtNTguaHRtbA==

16:57:03 Undefined property: stdClass::$content in module\personalinfo\config.php on line 29 when visiting user-logout-aHR0cDovL2xvY2FsaG9zdC9vYS93d3cvdGFzay12aWV3R3JvdXAtNTguaHRtbA==

16:57:03 Undefined property: stdClass::$url in module\personalinfo\config.php on line 30 when visiting user-logout-aHR0cDovL2xvY2FsaG9zdC9vYS93d3cvdGFzay12aWV3R3JvdXAtNTguaHRtbA==

16:57:03 Undefined property: stdClass::$addedBy in module\personalinfo\config.php on line 31 when visiting user-logout-aHR0cDovL2xvY2FsaG9zdC9vYS93d3cvdGFzay12aWV3R3JvdXAtNTguaHRtbA==

16:57:03 Undefined property: stdClass::$addedDate in module\personalinfo\config.php on line 32 when visiting user-logout-aHR0cDovL2xvY2FsaG9zdC9vYS93d3cvdGFzay12aWV3R3JvdXAtNTguaHRtbA==

16:57:03 Undefined property: stdClass::$editedBy in module\personalinfo\config.php on line 33 when visiting user-logout-aHR0cDovL2xvY2FsaG9zdC9vYS93d3cvdGFzay12aWV3R3JvdXAtNTguaHRtbA==

16:57:03 Undefined property: stdClass::$editedDate in module\personalinfo\config.php on line 34 when visiting user-logout-aHR0cDovL2xvY2FsaG9zdC9vYS93d3cvdGFzay12aWV3R3JvdXAtNTguaHRtbA==

16:57:03 Undefined property: stdClass::$types in module\personalinfo\config.php on line 41 when visiting user-logout-aHR0cDovL2xvY2FsaG9zdC9vYS93d3cvdGFzay12aWV3R3JvdXAtNTguaHRtbA==

16:57:03 Creating default object from empty value in module\action\lang\zh-cn.php on line 12 when visiting user-logout-aHR0cDovL2xvY2FsaG9zdC9vYS93d3cvdGFzay12aWV3R3JvdXAtNTguaHRtbA==

16:57:03 Creating default object from empty value in module\common\lang\menuOrder.php on line 39 when visiting 

16:57:03 Missing argument 3 for common::setMenuVars(), called in module\company\model.php on line 25 and defined in module\common\control.php on line 103 when visiting user-login-aHR0cDovL2xvY2FsaG9zdC9vYS93d3cvdGFzay12aWV3R3JvdXAtNTguaHRtbA==

16:57:03 Undefined variable: params in module\common\control.php on line 105 when visiting user-login-aHR0cDovL2xvY2FsaG9zdC9vYS93d3cvdGFzay12aWV3R3JvdXAtNTguaHRtbA==

16:57:03 Undefined variable: params in module\common\control.php on line 123 when visiting user-login-aHR0cDovL2xvY2FsaG9zdC9vYS93d3cvdGFzay12aWV3R3JvdXAtNTguaHRtbA==

16:57:03 Undefined property: stdClass::$title in module\personalinfo\config.php on line 20 when visiting user-login-aHR0cDovL2xvY2FsaG9zdC9vYS93d3cvdGFzay12aWV3R3JvdXAtNTguaHRtbA==

16:57:03 Undefined property: stdClass::$id in module\personalinfo\config.php on line 21 when visiting user-login-aHR0cDovL2xvY2FsaG9zdC9vYS93d3cvdGFzay12aWV3R3JvdXAtNTguaHRtbA==

16:57:03 Undefined property: stdClass::$keywords in module\personalinfo\config.php on line 22 when visiting user-login-aHR0cDovL2xvY2FsaG9zdC9vYS93d3cvdGFzay12aWV3R3JvdXAtNTguaHRtbA==

16:57:03 Undefined property: stdClass::$product in module\personalinfo\config.php on line 23 when visiting user-login-aHR0cDovL2xvY2FsaG9zdC9vYS93d3cvdGFzay12aWV3R3JvdXAtNTguaHRtbA==

16:57:03 Undefined property: stdClass::$project in module\personalinfo\config.php on line 24 when visiting user-login-aHR0cDovL2xvY2FsaG9zdC9vYS93d3cvdGFzay12aWV3R3JvdXAtNTguaHRtbA==

16:57:03 Undefined property: stdClass::$type in module\personalinfo\config.php on line 25 when visiting user-login-aHR0cDovL2xvY2FsaG9zdC9vYS93d3cvdGFzay12aWV3R3JvdXAtNTguaHRtbA==

16:57:03 Undefined property: stdClass::$module in module\personalinfo\config.php on line 26 when visiting user-login-aHR0cDovL2xvY2FsaG9zdC9vYS93d3cvdGFzay12aWV3R3JvdXAtNTguaHRtbA==

16:57:03 Undefined property: stdClass::$lib in module\personalinfo\config.php on line 27 when visiting user-login-aHR0cDovL2xvY2FsaG9zdC9vYS93d3cvdGFzay12aWV3R3JvdXAtNTguaHRtbA==

16:57:03 Undefined property: stdClass::$digest in module\personalinfo\config.php on line 28 when visiting user-login-aHR0cDovL2xvY2FsaG9zdC9vYS93d3cvdGFzay12aWV3R3JvdXAtNTguaHRtbA==

16:57:03 Undefined property: stdClass::$content in module\personalinfo\config.php on line 29 when visiting user-login-aHR0cDovL2xvY2FsaG9zdC9vYS93d3cvdGFzay12aWV3R3JvdXAtNTguaHRtbA==

16:57:03 Undefined property: stdClass::$url in module\personalinfo\config.php on line 30 when visiting user-login-aHR0cDovL2xvY2FsaG9zdC9vYS93d3cvdGFzay12aWV3R3JvdXAtNTguaHRtbA==

16:57:03 Undefined property: stdClass::$addedBy in module\personalinfo\config.php on line 31 when visiting user-login-aHR0cDovL2xvY2FsaG9zdC9vYS93d3cvdGFzay12aWV3R3JvdXAtNTguaHRtbA==

16:57:03 Undefined property: stdClass::$addedDate in module\personalinfo\config.php on line 32 when visiting user-login-aHR0cDovL2xvY2FsaG9zdC9vYS93d3cvdGFzay12aWV3R3JvdXAtNTguaHRtbA==

16:57:03 Undefined property: stdClass::$editedBy in module\personalinfo\config.php on line 33 when visiting user-login-aHR0cDovL2xvY2FsaG9zdC9vYS93d3cvdGFzay12aWV3R3JvdXAtNTguaHRtbA==

16:57:03 Undefined property: stdClass::$editedDate in module\personalinfo\config.php on line 34 when visiting user-login-aHR0cDovL2xvY2FsaG9zdC9vYS93d3cvdGFzay12aWV3R3JvdXAtNTguaHRtbA==

16:57:03 Undefined property: stdClass::$types in module\personalinfo\config.php on line 41 when visiting user-login-aHR0cDovL2xvY2FsaG9zdC9vYS93d3cvdGFzay12aWV3R3JvdXAtNTguaHRtbA==

16:57:03 Creating default object from empty value in module\common\lang\menuOrder.php on line 39 when visiting 

16:57:03 Missing argument 3 for common::setMenuVars(), called in module\company\model.php on line 25 and defined in module\common\control.php on line 103 when visiting user-captcha

16:57:03 Undefined variable: params in module\common\control.php on line 105 when visiting user-captcha

16:57:03 Undefined variable: params in module\common\control.php on line 123 when visiting user-captcha

16:57:03 Undefined property: stdClass::$title in module\personalinfo\config.php on line 20 when visiting user-captcha

16:57:03 Undefined property: stdClass::$id in module\personalinfo\config.php on line 21 when visiting user-captcha

16:57:03 Undefined property: stdClass::$keywords in module\personalinfo\config.php on line 22 when visiting user-captcha

16:57:03 Undefined property: stdClass::$product in module\personalinfo\config.php on line 23 when visiting user-captcha

16:57:03 Undefined property: stdClass::$project in module\personalinfo\config.php on line 24 when visiting user-captcha

16:57:03 Undefined property: stdClass::$type in module\personalinfo\config.php on line 25 when visiting user-captcha

16:57:03 Undefined property: stdClass::$module in module\personalinfo\config.php on line 26 when visiting user-captcha

16:57:03 Undefined property: stdClass::$lib in module\personalinfo\config.php on line 27 when visiting user-captcha

16:57:03 Undefined property: stdClass::$digest in module\personalinfo\config.php on line 28 when visiting user-captcha

16:57:03 Undefined property: stdClass::$content in module\personalinfo\config.php on line 29 when visiting user-captcha

16:57:03 Undefined property: stdClass::$url in module\personalinfo\config.php on line 30 when visiting user-captcha

16:57:03 Undefined property: stdClass::$addedBy in module\personalinfo\config.php on line 31 when visiting user-captcha

16:57:03 Undefined property: stdClass::$addedDate in module\personalinfo\config.php on line 32 when visiting user-captcha

16:57:03 Undefined property: stdClass::$editedBy in module\personalinfo\config.php on line 33 when visiting user-captcha

16:57:03 Undefined property: stdClass::$editedDate in module\personalinfo\config.php on line 34 when visiting user-captcha

16:57:03 Undefined property: stdClass::$types in module\personalinfo\config.php on line 41 when visiting user-captcha

16:57:10 Creating default object from empty value in module\common\lang\menuOrder.php on line 39 when visiting 

16:57:10 Missing argument 3 for common::setMenuVars(), called in module\company\model.php on line 25 and defined in module\common\control.php on line 103 when visiting user-login-aHR0cDovL2xvY2FsaG9zdC9vYS93d3cvdGFzay12aWV3R3JvdXAtNTguaHRtbA==

16:57:10 Undefined variable: params in module\common\control.php on line 105 when visiting user-login-aHR0cDovL2xvY2FsaG9zdC9vYS93d3cvdGFzay12aWV3R3JvdXAtNTguaHRtbA==

16:57:10 Undefined variable: params in module\common\control.php on line 123 when visiting user-login-aHR0cDovL2xvY2FsaG9zdC9vYS93d3cvdGFzay12aWV3R3JvdXAtNTguaHRtbA==

16:57:10 Undefined property: stdClass::$title in module\personalinfo\config.php on line 20 when visiting user-login-aHR0cDovL2xvY2FsaG9zdC9vYS93d3cvdGFzay12aWV3R3JvdXAtNTguaHRtbA==

16:57:10 Undefined property: stdClass::$id in module\personalinfo\config.php on line 21 when visiting user-login-aHR0cDovL2xvY2FsaG9zdC9vYS93d3cvdGFzay12aWV3R3JvdXAtNTguaHRtbA==

16:57:10 Undefined property: stdClass::$keywords in module\personalinfo\config.php on line 22 when visiting user-login-aHR0cDovL2xvY2FsaG9zdC9vYS93d3cvdGFzay12aWV3R3JvdXAtNTguaHRtbA==

16:57:10 Undefined property: stdClass::$product in module\personalinfo\config.php on line 23 when visiting user-login-aHR0cDovL2xvY2FsaG9zdC9vYS93d3cvdGFzay12aWV3R3JvdXAtNTguaHRtbA==

16:57:10 Undefined property: stdClass::$project in module\personalinfo\config.php on line 24 when visiting user-login-aHR0cDovL2xvY2FsaG9zdC9vYS93d3cvdGFzay12aWV3R3JvdXAtNTguaHRtbA==

16:57:10 Undefined property: stdClass::$type in module\personalinfo\config.php on line 25 when visiting user-login-aHR0cDovL2xvY2FsaG9zdC9vYS93d3cvdGFzay12aWV3R3JvdXAtNTguaHRtbA==

16:57:10 Undefined property: stdClass::$module in module\personalinfo\config.php on line 26 when visiting user-login-aHR0cDovL2xvY2FsaG9zdC9vYS93d3cvdGFzay12aWV3R3JvdXAtNTguaHRtbA==

16:57:10 Undefined property: stdClass::$lib in module\personalinfo\config.php on line 27 when visiting user-login-aHR0cDovL2xvY2FsaG9zdC9vYS93d3cvdGFzay12aWV3R3JvdXAtNTguaHRtbA==

16:57:10 Undefined property: stdClass::$digest in module\personalinfo\config.php on line 28 when visiting user-login-aHR0cDovL2xvY2FsaG9zdC9vYS93d3cvdGFzay12aWV3R3JvdXAtNTguaHRtbA==

16:57:10 Undefined property: stdClass::$content in module\personalinfo\config.php on line 29 when visiting user-login-aHR0cDovL2xvY2FsaG9zdC9vYS93d3cvdGFzay12aWV3R3JvdXAtNTguaHRtbA==

16:57:10 Undefined property: stdClass::$url in module\personalinfo\config.php on line 30 when visiting user-login-aHR0cDovL2xvY2FsaG9zdC9vYS93d3cvdGFzay12aWV3R3JvdXAtNTguaHRtbA==

16:57:10 Undefined property: stdClass::$addedBy in module\personalinfo\config.php on line 31 when visiting user-login-aHR0cDovL2xvY2FsaG9zdC9vYS93d3cvdGFzay12aWV3R3JvdXAtNTguaHRtbA==

16:57:10 Undefined property: stdClass::$addedDate in module\personalinfo\config.php on line 32 when visiting user-login-aHR0cDovL2xvY2FsaG9zdC9vYS93d3cvdGFzay12aWV3R3JvdXAtNTguaHRtbA==

16:57:10 Undefined property: stdClass::$editedBy in module\personalinfo\config.php on line 33 when visiting user-login-aHR0cDovL2xvY2FsaG9zdC9vYS93d3cvdGFzay12aWV3R3JvdXAtNTguaHRtbA==

16:57:10 Undefined property: stdClass::$editedDate in module\personalinfo\config.php on line 34 when visiting user-login-aHR0cDovL2xvY2FsaG9zdC9vYS93d3cvdGFzay12aWV3R3JvdXAtNTguaHRtbA==

16:57:10 Undefined property: stdClass::$types in module\personalinfo\config.php on line 41 when visiting user-login-aHR0cDovL2xvY2FsaG9zdC9vYS93d3cvdGFzay12aWV3R3JvdXAtNTguaHRtbA==

16:57:10 Undefined index: account in lib\dao\dao.class.php on line 615 when visiting user-login-aHR0cDovL2xvY2FsaG9zdC9vYS93d3cvdGFzay12aWV3R3JvdXAtNTguaHRtbA==

16:57:10 Use of undefined constant t1 - assumed 't1' in module\user\model.php on line 754 when visiting user-login-aHR0cDovL2xvY2FsaG9zdC9vYS93d3cvdGFzay12aWV3R3JvdXAtNTguaHRtbA==

16:57:10 Use of undefined constant t2 - assumed 't2' in module\user\model.php on line 756 when visiting user-login-aHR0cDovL2xvY2FsaG9zdC9vYS93d3cvdGFzay12aWV3R3JvdXAtNTguaHRtbA==

16:57:10 Use of undefined constant t3 - assumed 't3' in module\user\model.php on line 758 when visiting user-login-aHR0cDovL2xvY2FsaG9zdC9vYS93d3cvdGFzay12aWV3R3JvdXAtNTguaHRtbA==

16:57:10 Creating default object from empty value in module\action\lang\zh-cn.php on line 12 when visiting user-login-aHR0cDovL2xvY2FsaG9zdC9vYS93d3cvdGFzay12aWV3R3JvdXAtNTguaHRtbA==

16:57:10 Creating default object from empty value in module\common\lang\menuOrder.php on line 39 when visiting 

16:57:10 Creating default object from empty value in module\common\lang\menuOrder.php on line 39 when visiting 

16:57:10 Undefined property: stdClass::$role in module\my\model.php on line 27 when visiting my

16:57:10 Declaration of taskModel::delete() should be compatible with model::delete($table, $id) in module\task\model.php on line 953 when visiting my

16:57:10 Declaration of problemModel::delete() should be compatible with model::delete($table, $id) in module\problem\model.php on line 476 when visiting my

16:57:10 Declaration of noticeModel::delete() should be compatible with model::delete($table, $id) in module\notice\model.php on line 314 when visiting my

16:57:10 Creating default object from empty value in module\notice\config.php on line 4 when visiting my

16:57:11 Creating default object from empty value in module\statistics\config.php on line 4 when visiting my

16:57:11 Creating default object from empty value in module\statistics\config.php on line 5 when visiting my

16:57:11 Creating default object from empty value in module\statistics\config.php on line 6 when visiting my

16:57:11 Creating default object from empty value in module\statistics\config.php on line 7 when visiting my

16:57:11 Creating default object from empty value in module\statistics\config.php on line 8 when visiting my

16:57:11 Creating default object from empty value in module\statistics\config.php on line 9 when visiting my

16:57:11 Creating default object from empty value in module\statistics\config.php on line 10 when visiting my

16:57:11 Use of undefined constant t1 - assumed 't1' in module\tutor\model.php on line 12 when visiting my

16:57:11 Use of undefined constant t2 - assumed 't2' in module\tutor\model.php on line 13 when visiting my

16:57:11 Use of undefined constant t1 - assumed 't1' in module\notice\model.php on line 127 when visiting my

16:57:11 Use of undefined constant t2 - assumed 't2' in module\notice\model.php on line 128 when visiting my

16:57:11 Undefined property: language::$chooseUsersToMail in module\common\view\chosen.html.php on line 11 when visiting my

16:57:11 Attempt to modify property of non-object in module\common\model.php on line 367 when visiting my

16:57:11 Undefined property: stdClass::$acpNum in module\my\view\blocktasks.html.php on line 23 when visiting my

16:57:11 Undefined property: stdClass::$acpNum in module\my\view\blocktasks.html.php on line 23 when visiting my

16:57:11 Undefined property: stdClass::$acpNum in module\my\view\blocktasks.html.php on line 23 when visiting my

16:57:11 Undefined property: stdClass::$acpNum in module\my\view\blocktasks.html.php on line 23 when visiting my

16:57:11 Undefined property: stdClass::$acpNum in module\my\view\blocktasks.html.php on line 23 when visiting my

16:57:11 Undefined property: stdClass::$acpID in module\my\view\blockproblems.html.php on line 22 when visiting my

16:57:11 Undefined property: stdClass::$solvetime in module\my\view\blockproblems.html.php on line 24 when visiting my

16:58:11 Creating default object from empty value in module\common\lang\menuOrder.php on line 39 when visiting 

17:38:38 Creating default object from empty value in module\common\lang\menuOrder.php on line 39 when visiting 

17:38:38 Creating default object from empty value in module\common\lang\menuOrder.php on line 39 when visiting 

17:38:38 Missing argument 3 for common::setMenuVars(), called in module\company\model.php on line 25 and defined in module\common\control.php on line 103 when visiting user-login-L29hL3d3dy8=

17:38:38 Undefined variable: params in module\common\control.php on line 105 when visiting user-login-L29hL3d3dy8=

17:38:38 Undefined variable: params in module\common\control.php on line 123 when visiting user-login-L29hL3d3dy8=

17:38:38 Undefined property: stdClass::$title in module\personalinfo\config.php on line 20 when visiting user-login-L29hL3d3dy8=

17:38:38 Undefined property: stdClass::$id in module\personalinfo\config.php on line 21 when visiting user-login-L29hL3d3dy8=

17:38:38 Undefined property: stdClass::$keywords in module\personalinfo\config.php on line 22 when visiting user-login-L29hL3d3dy8=

17:38:38 Undefined property: stdClass::$product in module\personalinfo\config.php on line 23 when visiting user-login-L29hL3d3dy8=

17:38:38 Undefined property: stdClass::$project in module\personalinfo\config.php on line 24 when visiting user-login-L29hL3d3dy8=

17:38:38 Undefined property: stdClass::$type in module\personalinfo\config.php on line 25 when visiting user-login-L29hL3d3dy8=

17:38:38 Undefined property: stdClass::$module in module\personalinfo\config.php on line 26 when visiting user-login-L29hL3d3dy8=

17:38:38 Undefined property: stdClass::$lib in module\personalinfo\config.php on line 27 when visiting user-login-L29hL3d3dy8=

17:38:38 Undefined property: stdClass::$digest in module\personalinfo\config.php on line 28 when visiting user-login-L29hL3d3dy8=

17:38:38 Undefined property: stdClass::$content in module\personalinfo\config.php on line 29 when visiting user-login-L29hL3d3dy8=

17:38:38 Undefined property: stdClass::$url in module\personalinfo\config.php on line 30 when visiting user-login-L29hL3d3dy8=

17:38:38 Undefined property: stdClass::$addedBy in module\personalinfo\config.php on line 31 when visiting user-login-L29hL3d3dy8=

17:38:38 Undefined property: stdClass::$addedDate in module\personalinfo\config.php on line 32 when visiting user-login-L29hL3d3dy8=

17:38:38 Undefined property: stdClass::$editedBy in module\personalinfo\config.php on line 33 when visiting user-login-L29hL3d3dy8=

17:38:38 Undefined property: stdClass::$editedDate in module\personalinfo\config.php on line 34 when visiting user-login-L29hL3d3dy8=

17:38:38 Undefined property: stdClass::$types in module\personalinfo\config.php on line 41 when visiting user-login-L29hL3d3dy8=

17:38:39 Creating default object from empty value in module\common\lang\menuOrder.php on line 39 when visiting 

17:38:39 Missing argument 3 for common::setMenuVars(), called in module\company\model.php on line 25 and defined in module\common\control.php on line 103 when visiting user-captcha

17:38:39 Undefined variable: params in module\common\control.php on line 105 when visiting user-captcha

17:38:39 Undefined variable: params in module\common\control.php on line 123 when visiting user-captcha

17:38:39 Undefined property: stdClass::$title in module\personalinfo\config.php on line 20 when visiting user-captcha

17:38:39 Undefined property: stdClass::$id in module\personalinfo\config.php on line 21 when visiting user-captcha

17:38:39 Undefined property: stdClass::$keywords in module\personalinfo\config.php on line 22 when visiting user-captcha

17:38:39 Undefined property: stdClass::$product in module\personalinfo\config.php on line 23 when visiting user-captcha

17:38:39 Undefined property: stdClass::$project in module\personalinfo\config.php on line 24 when visiting user-captcha

17:38:39 Undefined property: stdClass::$type in module\personalinfo\config.php on line 25 when visiting user-captcha

17:38:39 Undefined property: stdClass::$module in module\personalinfo\config.php on line 26 when visiting user-captcha

17:38:39 Undefined property: stdClass::$lib in module\personalinfo\config.php on line 27 when visiting user-captcha

17:38:39 Undefined property: stdClass::$digest in module\personalinfo\config.php on line 28 when visiting user-captcha

17:38:39 Undefined property: stdClass::$content in module\personalinfo\config.php on line 29 when visiting user-captcha

17:38:39 Undefined property: stdClass::$url in module\personalinfo\config.php on line 30 when visiting user-captcha

17:38:39 Undefined property: stdClass::$addedBy in module\personalinfo\config.php on line 31 when visiting user-captcha

17:38:39 Undefined property: stdClass::$addedDate in module\personalinfo\config.php on line 32 when visiting user-captcha

17:38:39 Undefined property: stdClass::$editedBy in module\personalinfo\config.php on line 33 when visiting user-captcha

17:38:39 Undefined property: stdClass::$editedDate in module\personalinfo\config.php on line 34 when visiting user-captcha

17:38:39 Undefined property: stdClass::$types in module\personalinfo\config.php on line 41 when visiting user-captcha

17:38:43 Creating default object from empty value in module\common\lang\menuOrder.php on line 39 when visiting 

17:38:43 Missing argument 3 for common::setMenuVars(), called in module\company\model.php on line 25 and defined in module\common\control.php on line 103 when visiting user-login-L29hL3d3dy8=

17:38:43 Undefined variable: params in module\common\control.php on line 105 when visiting user-login-L29hL3d3dy8=

17:38:43 Undefined variable: params in module\common\control.php on line 123 when visiting user-login-L29hL3d3dy8=

17:38:43 Undefined property: stdClass::$title in module\personalinfo\config.php on line 20 when visiting user-login-L29hL3d3dy8=

17:38:43 Undefined property: stdClass::$id in module\personalinfo\config.php on line 21 when visiting user-login-L29hL3d3dy8=

17:38:43 Undefined property: stdClass::$keywords in module\personalinfo\config.php on line 22 when visiting user-login-L29hL3d3dy8=

17:38:43 Undefined property: stdClass::$product in module\personalinfo\config.php on line 23 when visiting user-login-L29hL3d3dy8=

17:38:43 Undefined property: stdClass::$project in module\personalinfo\config.php on line 24 when visiting user-login-L29hL3d3dy8=

17:38:43 Undefined property: stdClass::$type in module\personalinfo\config.php on line 25 when visiting user-login-L29hL3d3dy8=

17:38:43 Undefined property: stdClass::$module in module\personalinfo\config.php on line 26 when visiting user-login-L29hL3d3dy8=

17:38:43 Undefined property: stdClass::$lib in module\personalinfo\config.php on line 27 when visiting user-login-L29hL3d3dy8=

17:38:43 Undefined property: stdClass::$digest in module\personalinfo\config.php on line 28 when visiting user-login-L29hL3d3dy8=

17:38:43 Undefined property: stdClass::$content in module\personalinfo\config.php on line 29 when visiting user-login-L29hL3d3dy8=

17:38:43 Undefined property: stdClass::$url in module\personalinfo\config.php on line 30 when visiting user-login-L29hL3d3dy8=

17:38:43 Undefined property: stdClass::$addedBy in module\personalinfo\config.php on line 31 when visiting user-login-L29hL3d3dy8=

17:38:43 Undefined property: stdClass::$addedDate in module\personalinfo\config.php on line 32 when visiting user-login-L29hL3d3dy8=

17:38:43 Undefined property: stdClass::$editedBy in module\personalinfo\config.php on line 33 when visiting user-login-L29hL3d3dy8=

17:38:43 Undefined property: stdClass::$editedDate in module\personalinfo\config.php on line 34 when visiting user-login-L29hL3d3dy8=

17:38:43 Undefined property: stdClass::$types in module\personalinfo\config.php on line 41 when visiting user-login-L29hL3d3dy8=

17:38:43 Undefined index: account in lib\dao\dao.class.php on line 615 when visiting user-login-L29hL3d3dy8=

17:38:43 Use of undefined constant t1 - assumed 't1' in module\user\model.php on line 754 when visiting user-login-L29hL3d3dy8=

17:38:43 Use of undefined constant t2 - assumed 't2' in module\user\model.php on line 756 when visiting user-login-L29hL3d3dy8=

17:38:43 Use of undefined constant t3 - assumed 't3' in module\user\model.php on line 758 when visiting user-login-L29hL3d3dy8=

17:38:43 Creating default object from empty value in module\action\lang\zh-cn.php on line 12 when visiting user-login-L29hL3d3dy8=

17:38:43 Creating default object from empty value in module\common\lang\menuOrder.php on line 39 when visiting 

17:38:43 Creating default object from empty value in module\common\lang\menuOrder.php on line 39 when visiting 

17:38:44 Undefined property: stdClass::$role in module\my\model.php on line 27 when visiting my

17:38:44 Declaration of taskModel::delete() should be compatible with model::delete($table, $id) in module\task\model.php on line 953 when visiting my

17:38:44 Declaration of problemModel::delete() should be compatible with model::delete($table, $id) in module\problem\model.php on line 476 when visiting my

17:38:44 Declaration of noticeModel::delete() should be compatible with model::delete($table, $id) in module\notice\model.php on line 314 when visiting my

17:38:44 Creating default object from empty value in module\notice\config.php on line 4 when visiting my

17:38:44 Creating default object from empty value in module\statistics\config.php on line 4 when visiting my

17:38:44 Creating default object from empty value in module\statistics\config.php on line 5 when visiting my

17:38:44 Creating default object from empty value in module\statistics\config.php on line 6 when visiting my

17:38:44 Creating default object from empty value in module\statistics\config.php on line 7 when visiting my

17:38:44 Creating default object from empty value in module\statistics\config.php on line 8 when visiting my

17:38:44 Creating default object from empty value in module\statistics\config.php on line 9 when visiting my

17:38:44 Creating default object from empty value in module\statistics\config.php on line 10 when visiting my

17:38:44 Use of undefined constant t1 - assumed 't1' in module\tutor\model.php on line 12 when visiting my

17:38:44 Use of undefined constant t2 - assumed 't2' in module\tutor\model.php on line 13 when visiting my

17:38:44 Use of undefined constant t1 - assumed 't1' in module\notice\model.php on line 127 when visiting my

17:38:44 Use of undefined constant t2 - assumed 't2' in module\notice\model.php on line 128 when visiting my

17:38:44 Undefined property: language::$chooseUsersToMail in module\common\view\chosen.html.php on line 11 when visiting my

17:38:44 Attempt to modify property of non-object in module\common\model.php on line 367 when visiting my

17:38:44 Undefined property: stdClass::$acpNum in module\my\view\blocktasks.html.php on line 23 when visiting my

17:38:44 Undefined property: stdClass::$acpNum in module\my\view\blocktasks.html.php on line 23 when visiting my

17:38:44 Undefined property: stdClass::$acpNum in module\my\view\blocktasks.html.php on line 23 when visiting my

17:38:44 Undefined property: stdClass::$acpNum in module\my\view\blocktasks.html.php on line 23 when visiting my

17:38:44 Undefined property: stdClass::$acpNum in module\my\view\blocktasks.html.php on line 23 when visiting my

17:38:44 Undefined property: stdClass::$acpID in module\my\view\blockproblems.html.php on line 22 when visiting my

17:38:44 Undefined property: stdClass::$solvetime in module\my\view\blockproblems.html.php on line 24 when visiting my

17:39:44 Creating default object from empty value in module\common\lang\menuOrder.php on line 39 when visiting 

17:59:44 Creating default object from empty value in module\common\lang\menuOrder.php on line 39 when visiting 

18:19:44 Creating default object from empty value in module\common\lang\menuOrder.php on line 39 when visiting 

18:39:44 Creating default object from empty value in module\common\lang\menuOrder.php on line 39 when visiting 

18:59:45 Creating default object from empty value in module\common\lang\menuOrder.php on line 39 when visiting 

19:19:45 Creating default object from empty value in module\common\lang\menuOrder.php on line 39 when visiting 

19:39:45 Creating default object from empty value in module\common\lang\menuOrder.php on line 39 when visiting 

19:59:45 Creating default object from empty value in module\common\lang\menuOrder.php on line 39 when visiting 

20:19:45 Creating default object from empty value in module\common\lang\menuOrder.php on line 39 when visiting 

20:35:14 Creating default object from empty value in module\common\lang\menuOrder.php on line 39 when visiting 

22:10:59 Creating default object from empty value in module\common\lang\menuOrder.php on line 39 when visiting 

22:10:59 Creating default object from empty value in module\common\lang\menuOrder.php on line 39 when visiting 

22:10:59 Missing argument 3 for common::setMenuVars(), called in module\company\model.php on line 25 and defined in module\common\control.php on line 103 when visiting user-login-L29hL3d3dy8=

22:10:59 Undefined variable: params in module\common\control.php on line 105 when visiting user-login-L29hL3d3dy8=

22:10:59 Undefined variable: params in module\common\control.php on line 123 when visiting user-login-L29hL3d3dy8=

22:10:59 Undefined property: stdClass::$title in module\personalinfo\config.php on line 20 when visiting user-login-L29hL3d3dy8=

22:10:59 Undefined property: stdClass::$id in module\personalinfo\config.php on line 21 when visiting user-login-L29hL3d3dy8=

22:10:59 Undefined property: stdClass::$keywords in module\personalinfo\config.php on line 22 when visiting user-login-L29hL3d3dy8=

22:10:59 Undefined property: stdClass::$product in module\personalinfo\config.php on line 23 when visiting user-login-L29hL3d3dy8=

22:10:59 Undefined property: stdClass::$project in module\personalinfo\config.php on line 24 when visiting user-login-L29hL3d3dy8=

22:10:59 Undefined property: stdClass::$type in module\personalinfo\config.php on line 25 when visiting user-login-L29hL3d3dy8=

22:10:59 Undefined property: stdClass::$module in module\personalinfo\config.php on line 26 when visiting user-login-L29hL3d3dy8=

22:10:59 Undefined property: stdClass::$lib in module\personalinfo\config.php on line 27 when visiting user-login-L29hL3d3dy8=

22:10:59 Undefined property: stdClass::$digest in module\personalinfo\config.php on line 28 when visiting user-login-L29hL3d3dy8=

22:10:59 Undefined property: stdClass::$content in module\personalinfo\config.php on line 29 when visiting user-login-L29hL3d3dy8=

22:10:59 Undefined property: stdClass::$url in module\personalinfo\config.php on line 30 when visiting user-login-L29hL3d3dy8=

22:10:59 Undefined property: stdClass::$addedBy in module\personalinfo\config.php on line 31 when visiting user-login-L29hL3d3dy8=

22:10:59 Undefined property: stdClass::$addedDate in module\personalinfo\config.php on line 32 when visiting user-login-L29hL3d3dy8=

22:10:59 Undefined property: stdClass::$editedBy in module\personalinfo\config.php on line 33 when visiting user-login-L29hL3d3dy8=

22:10:59 Undefined property: stdClass::$editedDate in module\personalinfo\config.php on line 34 when visiting user-login-L29hL3d3dy8=

22:10:59 Undefined property: stdClass::$types in module\personalinfo\config.php on line 41 when visiting user-login-L29hL3d3dy8=

22:10:59 Creating default object from empty value in module\common\lang\menuOrder.php on line 39 when visiting 

22:10:59 Missing argument 3 for common::setMenuVars(), called in module\company\model.php on line 25 and defined in module\common\control.php on line 103 when visiting user-captcha

22:10:59 Undefined variable: params in module\common\control.php on line 105 when visiting user-captcha

22:10:59 Undefined variable: params in module\common\control.php on line 123 when visiting user-captcha

22:10:59 Undefined property: stdClass::$title in module\personalinfo\config.php on line 20 when visiting user-captcha

22:10:59 Undefined property: stdClass::$id in module\personalinfo\config.php on line 21 when visiting user-captcha

22:10:59 Undefined property: stdClass::$keywords in module\personalinfo\config.php on line 22 when visiting user-captcha

22:10:59 Undefined property: stdClass::$product in module\personalinfo\config.php on line 23 when visiting user-captcha

22:10:59 Undefined property: stdClass::$project in module\personalinfo\config.php on line 24 when visiting user-captcha

22:10:59 Undefined property: stdClass::$type in module\personalinfo\config.php on line 25 when visiting user-captcha

22:10:59 Undefined property: stdClass::$module in module\personalinfo\config.php on line 26 when visiting user-captcha

22:10:59 Undefined property: stdClass::$lib in module\personalinfo\config.php on line 27 when visiting user-captcha

22:10:59 Undefined property: stdClass::$digest in module\personalinfo\config.php on line 28 when visiting user-captcha

22:10:59 Undefined property: stdClass::$content in module\personalinfo\config.php on line 29 when visiting user-captcha

22:10:59 Undefined property: stdClass::$url in module\personalinfo\config.php on line 30 when visiting user-captcha

22:10:59 Undefined property: stdClass::$addedBy in module\personalinfo\config.php on line 31 when visiting user-captcha

22:10:59 Undefined property: stdClass::$addedDate in module\personalinfo\config.php on line 32 when visiting user-captcha

22:10:59 Undefined property: stdClass::$editedBy in module\personalinfo\config.php on line 33 when visiting user-captcha

22:10:59 Undefined property: stdClass::$editedDate in module\personalinfo\config.php on line 34 when visiting user-captcha

22:10:59 Undefined property: stdClass::$types in module\personalinfo\config.php on line 41 when visiting user-captcha

22:11:04 Creating default object from empty value in module\common\lang\menuOrder.php on line 39 when visiting 

22:11:04 Missing argument 3 for common::setMenuVars(), called in module\company\model.php on line 25 and defined in module\common\control.php on line 103 when visiting user-login-L29hL3d3dy8=

22:11:04 Undefined variable: params in module\common\control.php on line 105 when visiting user-login-L29hL3d3dy8=

22:11:04 Undefined variable: params in module\common\control.php on line 123 when visiting user-login-L29hL3d3dy8=

22:11:04 Undefined property: stdClass::$title in module\personalinfo\config.php on line 20 when visiting user-login-L29hL3d3dy8=

22:11:04 Undefined property: stdClass::$id in module\personalinfo\config.php on line 21 when visiting user-login-L29hL3d3dy8=

22:11:04 Undefined property: stdClass::$keywords in module\personalinfo\config.php on line 22 when visiting user-login-L29hL3d3dy8=

22:11:04 Undefined property: stdClass::$product in module\personalinfo\config.php on line 23 when visiting user-login-L29hL3d3dy8=

22:11:04 Undefined property: stdClass::$project in module\personalinfo\config.php on line 24 when visiting user-login-L29hL3d3dy8=

22:11:04 Undefined property: stdClass::$type in module\personalinfo\config.php on line 25 when visiting user-login-L29hL3d3dy8=

22:11:04 Undefined property: stdClass::$module in module\personalinfo\config.php on line 26 when visiting user-login-L29hL3d3dy8=

22:11:04 Undefined property: stdClass::$lib in module\personalinfo\config.php on line 27 when visiting user-login-L29hL3d3dy8=

22:11:04 Undefined property: stdClass::$digest in module\personalinfo\config.php on line 28 when visiting user-login-L29hL3d3dy8=

22:11:04 Undefined property: stdClass::$content in module\personalinfo\config.php on line 29 when visiting user-login-L29hL3d3dy8=

22:11:04 Undefined property: stdClass::$url in module\personalinfo\config.php on line 30 when visiting user-login-L29hL3d3dy8=

22:11:04 Undefined property: stdClass::$addedBy in module\personalinfo\config.php on line 31 when visiting user-login-L29hL3d3dy8=

22:11:04 Undefined property: stdClass::$addedDate in module\personalinfo\config.php on line 32 when visiting user-login-L29hL3d3dy8=

22:11:04 Undefined property: stdClass::$editedBy in module\personalinfo\config.php on line 33 when visiting user-login-L29hL3d3dy8=

22:11:04 Undefined property: stdClass::$editedDate in module\personalinfo\config.php on line 34 when visiting user-login-L29hL3d3dy8=

22:11:04 Undefined property: stdClass::$types in module\personalinfo\config.php on line 41 when visiting user-login-L29hL3d3dy8=

22:11:04 Undefined index: account in lib\dao\dao.class.php on line 615 when visiting user-login-L29hL3d3dy8=

22:11:04 Use of undefined constant t1 - assumed 't1' in module\user\model.php on line 754 when visiting user-login-L29hL3d3dy8=

22:11:04 Use of undefined constant t2 - assumed 't2' in module\user\model.php on line 756 when visiting user-login-L29hL3d3dy8=

22:11:04 Use of undefined constant t3 - assumed 't3' in module\user\model.php on line 758 when visiting user-login-L29hL3d3dy8=

22:11:04 Creating default object from empty value in module\action\lang\zh-cn.php on line 12 when visiting user-login-L29hL3d3dy8=

22:11:04 Creating default object from empty value in module\common\lang\menuOrder.php on line 39 when visiting 

22:11:04 Creating default object from empty value in module\common\lang\menuOrder.php on line 39 when visiting 

22:11:04 Undefined property: stdClass::$role in module\my\model.php on line 27 when visiting my

22:11:04 Declaration of taskModel::delete() should be compatible with model::delete($table, $id) in module\task\model.php on line 953 when visiting my

22:11:05 Declaration of problemModel::delete() should be compatible with model::delete($table, $id) in module\problem\model.php on line 476 when visiting my

22:11:05 Declaration of noticeModel::delete() should be compatible with model::delete($table, $id) in module\notice\model.php on line 314 when visiting my

22:11:05 Creating default object from empty value in module\notice\config.php on line 4 when visiting my

22:11:05 Creating default object from empty value in module\statistics\config.php on line 4 when visiting my

22:11:05 Creating default object from empty value in module\statistics\config.php on line 5 when visiting my

22:11:05 Creating default object from empty value in module\statistics\config.php on line 6 when visiting my

22:11:05 Creating default object from empty value in module\statistics\config.php on line 7 when visiting my

22:11:05 Creating default object from empty value in module\statistics\config.php on line 8 when visiting my

22:11:05 Creating default object from empty value in module\statistics\config.php on line 9 when visiting my

22:11:05 Creating default object from empty value in module\statistics\config.php on line 10 when visiting my

22:11:05 Use of undefined constant t1 - assumed 't1' in module\tutor\model.php on line 12 when visiting my

22:11:05 Use of undefined constant t2 - assumed 't2' in module\tutor\model.php on line 13 when visiting my

22:11:05 Use of undefined constant t1 - assumed 't1' in module\notice\model.php on line 127 when visiting my

22:11:05 Use of undefined constant t2 - assumed 't2' in module\notice\model.php on line 128 when visiting my

22:11:05 Undefined property: language::$chooseUsersToMail in module\common\view\chosen.html.php on line 11 when visiting my

22:11:05 Attempt to modify property of non-object in module\common\model.php on line 367 when visiting my

22:11:05 Undefined property: stdClass::$acpNum in module\my\view\blocktasks.html.php on line 23 when visiting my

22:11:05 Undefined property: stdClass::$acpNum in module\my\view\blocktasks.html.php on line 23 when visiting my

22:11:05 Undefined property: stdClass::$acpNum in module\my\view\blocktasks.html.php on line 23 when visiting my

22:11:05 Undefined property: stdClass::$acpNum in module\my\view\blocktasks.html.php on line 23 when visiting my

22:11:05 Undefined property: stdClass::$acpNum in module\my\view\blocktasks.html.php on line 23 when visiting my

22:11:05 Undefined property: stdClass::$acpID in module\my\view\blockproblems.html.php on line 22 when visiting my

22:11:05 Undefined property: stdClass::$solvetime in module\my\view\blockproblems.html.php on line 24 when visiting my

22:12:05 Creating default object from empty value in module\common\lang\menuOrder.php on line 39 when visiting 

22:24:21 Creating default object from empty value in module\common\lang\menuOrder.php on line 39 when visiting 

22:24:21 Declaration of taskModel::delete() should be compatible with model::delete($table, $id) in module\task\model.php on line 953 when visiting workspace

22:24:21 Declaration of projectModel::delete() should be compatible with model::delete($table, $id) in module\project\model.php on line 425 when visiting workspace

22:24:21 Use of undefined constant G - assumed 'G' in module\tutorial\lang\zh-cn.php on line 39 when visiting workspace

22:24:21 Use of undefined constant T - assumed 'T' in module\tutorial\lang\zh-cn.php on line 40 when visiting workspace

22:24:21 Use of undefined constant R - assumed 'R' in module\tutorial\lang\zh-cn.php on line 41 when visiting workspace

22:24:21 Use of undefined constant P - assumed 'P' in module\tutorial\lang\zh-cn.php on line 42 when visiting workspace

22:24:21 Use of undefined constant G - assumed 'G' in module\tutorial\lang\zh-cn.php on line 44 when visiting workspace

22:24:21 Use of undefined constant T - assumed 'T' in module\tutorial\lang\zh-cn.php on line 45 when visiting workspace

22:24:21 Use of undefined constant R - assumed 'R' in module\tutorial\lang\zh-cn.php on line 46 when visiting workspace

22:24:21 Use of undefined constant P - assumed 'P' in module\tutorial\lang\zh-cn.php on line 47 when visiting workspace

22:24:21 Use of undefined constant G - assumed 'G' in module\tutorial\lang\zh-cn.php on line 49 when visiting workspace

22:24:21 Use of undefined constant T - assumed 'T' in module\tutorial\lang\zh-cn.php on line 50 when visiting workspace

22:24:21 Use of undefined constant R - assumed 'R' in module\tutorial\lang\zh-cn.php on line 51 when visiting workspace

22:24:21 Use of undefined constant P - assumed 'P' in module\tutorial\lang\zh-cn.php on line 52 when visiting workspace

22:24:21 Undefined variable: lang in module\tutorial\config.php on line 8 when visiting workspace

22:24:21 Trying to get property of non-object in module\tutorial\config.php on line 8 when visiting workspace

22:24:21 Trying to get property of non-object in module\tutorial\config.php on line 8 when visiting workspace

22:24:21 Undefined variable: lang in module\tutorial\config.php on line 9 when visiting workspace

22:24:21 Trying to get property of non-object in module\tutorial\config.php on line 9 when visiting workspace

22:24:21 Trying to get property of non-object in module\tutorial\config.php on line 9 when visiting workspace

22:24:21 Creating default object from empty value in module\common\lang\menuOrder.php on line 39 when visiting 

22:24:22 Declaration of taskModel::delete() should be compatible with model::delete($table, $id) in module\task\model.php on line 953 when visiting workspace-task

22:24:22 Declaration of projectModel::delete() should be compatible with model::delete($table, $id) in module\project\model.php on line 425 when visiting workspace-task

22:24:22 Use of undefined constant G - assumed 'G' in module\tutorial\lang\zh-cn.php on line 39 when visiting workspace-task

22:24:22 Use of undefined constant T - assumed 'T' in module\tutorial\lang\zh-cn.php on line 40 when visiting workspace-task

22:24:22 Use of undefined constant R - assumed 'R' in module\tutorial\lang\zh-cn.php on line 41 when visiting workspace-task

22:24:22 Use of undefined constant P - assumed 'P' in module\tutorial\lang\zh-cn.php on line 42 when visiting workspace-task

22:24:22 Use of undefined constant G - assumed 'G' in module\tutorial\lang\zh-cn.php on line 44 when visiting workspace-task

22:24:22 Use of undefined constant T - assumed 'T' in module\tutorial\lang\zh-cn.php on line 45 when visiting workspace-task

22:24:22 Use of undefined constant R - assumed 'R' in module\tutorial\lang\zh-cn.php on line 46 when visiting workspace-task

22:24:22 Use of undefined constant P - assumed 'P' in module\tutorial\lang\zh-cn.php on line 47 when visiting workspace-task

22:24:22 Use of undefined constant G - assumed 'G' in module\tutorial\lang\zh-cn.php on line 49 when visiting workspace-task

22:24:22 Use of undefined constant T - assumed 'T' in module\tutorial\lang\zh-cn.php on line 50 when visiting workspace-task

22:24:22 Use of undefined constant R - assumed 'R' in module\tutorial\lang\zh-cn.php on line 51 when visiting workspace-task

22:24:22 Use of undefined constant P - assumed 'P' in module\tutorial\lang\zh-cn.php on line 52 when visiting workspace-task

22:24:22 Undefined variable: lang in module\tutorial\config.php on line 8 when visiting workspace-task

22:24:22 Trying to get property of non-object in module\tutorial\config.php on line 8 when visiting workspace-task

22:24:22 Trying to get property of non-object in module\tutorial\config.php on line 8 when visiting workspace-task

22:24:22 Undefined variable: lang in module\tutorial\config.php on line 9 when visiting workspace-task

22:24:22 Trying to get property of non-object in module\tutorial\config.php on line 9 when visiting workspace-task

22:24:22 Trying to get property of non-object in module\tutorial\config.php on line 9 when visiting workspace-task

22:24:22 Creating default object from empty value in module\common\lang\menuOrder.php on line 39 when visiting 

22:24:22 Declaration of taskModel::delete() should be compatible with model::delete($table, $id) in module\task\model.php on line 953 when visiting task-viewTask

22:24:22 Use of undefined constant on - assumed 'on' in module\mail\config.php on line 8 when visiting task-viewTask

22:24:22 Creating default object from empty value in module\action\lang\zh-cn.php on line 12 when visiting task-viewTask

22:24:22 Use of undefined constant G - assumed 'G' in module\tutorial\lang\zh-cn.php on line 39 when visiting task-viewTask

22:24:22 Use of undefined constant T - assumed 'T' in module\tutorial\lang\zh-cn.php on line 40 when visiting task-viewTask

22:24:22 Use of undefined constant R - assumed 'R' in module\tutorial\lang\zh-cn.php on line 41 when visiting task-viewTask

22:24:22 Use of undefined constant P - assumed 'P' in module\tutorial\lang\zh-cn.php on line 42 when visiting task-viewTask

22:24:22 Use of undefined constant G - assumed 'G' in module\tutorial\lang\zh-cn.php on line 44 when visiting task-viewTask

22:24:22 Use of undefined constant T - assumed 'T' in module\tutorial\lang\zh-cn.php on line 45 when visiting task-viewTask

22:24:22 Use of undefined constant R - assumed 'R' in module\tutorial\lang\zh-cn.php on line 46 when visiting task-viewTask

22:24:22 Use of undefined constant P - assumed 'P' in module\tutorial\lang\zh-cn.php on line 47 when visiting task-viewTask

22:24:22 Use of undefined constant G - assumed 'G' in module\tutorial\lang\zh-cn.php on line 49 when visiting task-viewTask

22:24:22 Use of undefined constant T - assumed 'T' in module\tutorial\lang\zh-cn.php on line 50 when visiting task-viewTask

22:24:22 Use of undefined constant R - assumed 'R' in module\tutorial\lang\zh-cn.php on line 51 when visiting task-viewTask

22:24:22 Use of undefined constant P - assumed 'P' in module\tutorial\lang\zh-cn.php on line 52 when visiting task-viewTask

22:24:22 Undefined variable: lang in module\tutorial\config.php on line 8 when visiting task-viewTask

22:24:22 Trying to get property of non-object in module\tutorial\config.php on line 8 when visiting task-viewTask

22:24:22 Trying to get property of non-object in module\tutorial\config.php on line 8 when visiting task-viewTask

22:24:22 Undefined variable: lang in module\tutorial\config.php on line 9 when visiting task-viewTask

22:24:22 Trying to get property of non-object in module\tutorial\config.php on line 9 when visiting task-viewTask

22:24:22 Trying to get property of non-object in module\tutorial\config.php on line 9 when visiting task-viewTask

22:24:22 Undefined variable: curRole in module\task\control.php on line 41 when visiting task-viewTask

22:24:22 Undefined property: language::$chooseUsersToMail in module\common\view\chosen.html.php on line 11 when visiting task-viewTask

22:24:22 Attempt to modify property of non-object in module\common\model.php on line 367 when visiting task-viewTask

22:24:23 Creating default object from empty value in module\common\lang\menuOrder.php on line 39 when visiting 

22:24:23 Declaration of taskModel::delete() should be compatible with model::delete($table, $id) in module\task\model.php on line 953 when visiting workspace-viewProblem

22:24:23 Declaration of projectModel::delete() should be compatible with model::delete($table, $id) in module\project\model.php on line 425 when visiting workspace-viewProblem

22:24:23 Use of undefined constant G - assumed 'G' in module\tutorial\lang\zh-cn.php on line 39 when visiting workspace-viewProblem

22:24:23 Use of undefined constant T - assumed 'T' in module\tutorial\lang\zh-cn.php on line 40 when visiting workspace-viewProblem

22:24:23 Use of undefined constant R - assumed 'R' in module\tutorial\lang\zh-cn.php on line 41 when visiting workspace-viewProblem

22:24:23 Use of undefined constant P - assumed 'P' in module\tutorial\lang\zh-cn.php on line 42 when visiting workspace-viewProblem

22:24:23 Use of undefined constant G - assumed 'G' in module\tutorial\lang\zh-cn.php on line 44 when visiting workspace-viewProblem

22:24:23 Use of undefined constant T - assumed 'T' in module\tutorial\lang\zh-cn.php on line 45 when visiting workspace-viewProblem

22:24:23 Use of undefined constant R - assumed 'R' in module\tutorial\lang\zh-cn.php on line 46 when visiting workspace-viewProblem

22:24:23 Use of undefined constant P - assumed 'P' in module\tutorial\lang\zh-cn.php on line 47 when visiting workspace-viewProblem

22:24:23 Use of undefined constant G - assumed 'G' in module\tutorial\lang\zh-cn.php on line 49 when visiting workspace-viewProblem

22:24:23 Use of undefined constant T - assumed 'T' in module\tutorial\lang\zh-cn.php on line 50 when visiting workspace-viewProblem

22:24:23 Use of undefined constant R - assumed 'R' in module\tutorial\lang\zh-cn.php on line 51 when visiting workspace-viewProblem

22:24:23 Use of undefined constant P - assumed 'P' in module\tutorial\lang\zh-cn.php on line 52 when visiting workspace-viewProblem

22:24:23 Undefined variable: lang in module\tutorial\config.php on line 8 when visiting workspace-viewProblem

22:24:23 Trying to get property of non-object in module\tutorial\config.php on line 8 when visiting workspace-viewProblem

22:24:23 Trying to get property of non-object in module\tutorial\config.php on line 8 when visiting workspace-viewProblem

22:24:23 Undefined variable: lang in module\tutorial\config.php on line 9 when visiting workspace-viewProblem

22:24:23 Trying to get property of non-object in module\tutorial\config.php on line 9 when visiting workspace-viewProblem

22:24:23 Trying to get property of non-object in module\tutorial\config.php on line 9 when visiting workspace-viewProblem

22:24:23 Creating default object from empty value in module\common\lang\menuOrder.php on line 39 when visiting 

22:24:23 Declaration of problemModel::delete() should be compatible with model::delete($table, $id) in module\problem\model.php on line 476 when visiting problem-viewProblem-all

22:24:23 Declaration of taskModel::delete() should be compatible with model::delete($table, $id) in module\task\model.php on line 953 when visiting problem-viewProblem-all

22:24:23 Creating default object from empty value in module\action\lang\zh-cn.php on line 12 when visiting problem-viewProblem-all

22:24:23 Use of undefined constant G - assumed 'G' in module\tutorial\lang\zh-cn.php on line 39 when visiting problem-viewProblem-all

22:24:23 Use of undefined constant T - assumed 'T' in module\tutorial\lang\zh-cn.php on line 40 when visiting problem-viewProblem-all

22:24:23 Use of undefined constant R - assumed 'R' in module\tutorial\lang\zh-cn.php on line 41 when visiting problem-viewProblem-all

22:24:23 Use of undefined constant P - assumed 'P' in module\tutorial\lang\zh-cn.php on line 42 when visiting problem-viewProblem-all

22:24:23 Use of undefined constant G - assumed 'G' in module\tutorial\lang\zh-cn.php on line 44 when visiting problem-viewProblem-all

22:24:23 Use of undefined constant T - assumed 'T' in module\tutorial\lang\zh-cn.php on line 45 when visiting problem-viewProblem-all

22:24:23 Use of undefined constant R - assumed 'R' in module\tutorial\lang\zh-cn.php on line 46 when visiting problem-viewProblem-all

22:24:23 Use of undefined constant P - assumed 'P' in module\tutorial\lang\zh-cn.php on line 47 when visiting problem-viewProblem-all

22:24:23 Use of undefined constant G - assumed 'G' in module\tutorial\lang\zh-cn.php on line 49 when visiting problem-viewProblem-all

22:24:23 Use of undefined constant T - assumed 'T' in module\tutorial\lang\zh-cn.php on line 50 when visiting problem-viewProblem-all

22:24:23 Use of undefined constant R - assumed 'R' in module\tutorial\lang\zh-cn.php on line 51 when visiting problem-viewProblem-all

22:24:23 Use of undefined constant P - assumed 'P' in module\tutorial\lang\zh-cn.php on line 52 when visiting problem-viewProblem-all

22:24:23 Undefined variable: lang in module\tutorial\config.php on line 8 when visiting problem-viewProblem-all

22:24:23 Trying to get property of non-object in module\tutorial\config.php on line 8 when visiting problem-viewProblem-all

22:24:23 Trying to get property of non-object in module\tutorial\config.php on line 8 when visiting problem-viewProblem-all

22:24:23 Undefined variable: lang in module\tutorial\config.php on line 9 when visiting problem-viewProblem-all

22:24:23 Trying to get property of non-object in module\tutorial\config.php on line 9 when visiting problem-viewProblem-all

22:24:23 Trying to get property of non-object in module\tutorial\config.php on line 9 when visiting problem-viewProblem-all

22:24:23 Creating default object from empty value in module\statistics\config.php on line 4 when visiting problem-viewProblem-all

22:24:23 Creating default object from empty value in module\statistics\config.php on line 5 when visiting problem-viewProblem-all

22:24:23 Creating default object from empty value in module\statistics\config.php on line 6 when visiting problem-viewProblem-all

22:24:23 Creating default object from empty value in module\statistics\config.php on line 7 when visiting problem-viewProblem-all

22:24:23 Creating default object from empty value in module\statistics\config.php on line 8 when visiting problem-viewProblem-all

22:24:23 Creating default object from empty value in module\statistics\config.php on line 9 when visiting problem-viewProblem-all

22:24:23 Creating default object from empty value in module\statistics\config.php on line 10 when visiting problem-viewProblem-all

22:24:23 Undefined property: language::$chooseUsersToMail in module\common\view\chosen.html.php on line 11 when visiting problem-viewProblem-all

22:24:23 Attempt to modify property of non-object in module\common\model.php on line 367 when visiting problem-viewProblem-all

22:24:23 Undefined property: stdClass::$solvetime in module\problem\view\viewproblem.html.php on line 84 when visiting problem-viewProblem-all

22:24:23 Undefined property: stdClass::$readtime in module\problem\view\viewproblem.html.php on line 86 when visiting problem-viewProblem-all

22:24:23 Undefined property: stdClass::$completetime in module\problem\view\viewproblem.html.php on line 91 when visiting problem-viewProblem-all

22:25:23 Creating default object from empty value in module\common\lang\menuOrder.php on line 39 when visiting 

15:45:44 ERROR: SQLSTATE[HY000] [2002] 
 in framework\router.class.php on line 1533, last called by framework\router.class.php on line 1495 through function connectByPDO.
 in framework\router.class.php on line 1577 when visiting 
