
19:12:10 Creating default object from empty value in module\common\lang\menuOrder.php on line 37 when visiting 

19:12:10 Creating default object from empty value in module\common\lang\menuOrder.php on line 38 when visiting 

19:12:11 Creating default object from empty value in module\common\lang\menuOrder.php on line 37 when visiting 

19:12:11 Creating default object from empty value in module\common\lang\menuOrder.php on line 38 when visiting 

19:12:11 Missing argument 3 for common::setMenuVars(), called in module\company\model.php on line 25 and defined in module\common\control.php on line 113 when visiting user-login-L29hL3d3dy8=

19:12:11 Undefined variable: params in module\common\control.php on line 115 when visiting user-login-L29hL3d3dy8=

19:12:11 Undefined variable: params in module\common\control.php on line 133 when visiting user-login-L29hL3d3dy8=

19:12:11 Undefined property: language::$misc in module\user\control.php on line 536 when visiting user-login-L29hL3d3dy8=

19:12:11 Trying to get property of non-object in module\user\control.php on line 536 when visiting user-login-L29hL3d3dy8=

19:12:11 Creating default object from empty value in module\common\lang\menuOrder.php on line 37 when visiting 

19:12:11 Creating default object from empty value in module\common\lang\menuOrder.php on line 38 when visiting 

19:12:11 Missing argument 3 for common::setMenuVars(), called in module\company\model.php on line 25 and defined in module\common\control.php on line 113 when visiting user-login-L29hL3d3dy8=

19:12:11 Undefined variable: params in module\common\control.php on line 115 when visiting user-login-L29hL3d3dy8=

19:12:11 Undefined variable: params in module\common\control.php on line 133 when visiting user-login-L29hL3d3dy8=

19:12:11 Undefined property: language::$misc in module\user\control.php on line 536 when visiting user-login-L29hL3d3dy8=

19:12:11 Trying to get property of non-object in module\user\control.php on line 536 when visiting user-login-L29hL3d3dy8=

19:12:12 Creating default object from empty value in module\common\lang\menuOrder.php on line 37 when visiting 

19:12:12 Creating default object from empty value in module\common\lang\menuOrder.php on line 38 when visiting 

19:12:12 Missing argument 3 for common::setMenuVars(), called in module\company\model.php on line 25 and defined in module\common\control.php on line 113 when visiting user-login-L29hL3d3dy8=

19:12:12 Undefined variable: params in module\common\control.php on line 115 when visiting user-login-L29hL3d3dy8=

19:12:12 Undefined variable: params in module\common\control.php on line 133 when visiting user-login-L29hL3d3dy8=

19:12:12 Creating default object from empty value in module\action\lang\zh-cn.php on line 12 when visiting user-login-L29hL3d3dy8=

19:12:12 Undefined property: stdClass::$id in module\user\control.php on line 466 when visiting user-login-L29hL3d3dy8=

19:12:12 Creating default object from empty value in module\common\lang\menuOrder.php on line 37 when visiting 

19:12:12 Creating default object from empty value in module\common\lang\menuOrder.php on line 38 when visiting 

19:12:12 Creating default object from empty value in module\common\lang\menuOrder.php on line 37 when visiting 

19:12:12 Creating default object from empty value in module\common\lang\menuOrder.php on line 38 when visiting 

19:12:12 Undefined property: stdClass::$role in module\my\model.php on line 27 when visiting my

19:12:12 Attempt to modify property of non-object in module\common\model.php on line 399 when visiting my

19:12:12 Undefined variable: projectStats in module\my\view\blockprojects.html.php on line 2 when visiting my

19:12:12 Undefined variable: actions in module\my\view\blockdynamic.html.php on line 18 when visiting my

19:12:12 Invalid argument supplied for foreach() in module\my\view\blockdynamic.html.php on line 18 when visiting my

19:12:12 include(./blocktodoes.html.php) [function.include]: failed to open stream: No such file or directory in module\my\view\index.html.php on line 26 when visiting my

19:12:12 include() [function.include]: Failed opening './blocktodoes.html.php' for inclusion (include_path='.;C:\xampp\php\PEAR') in module\my\view\index.html.php on line 26 when visiting my

19:12:12 Undefined property: stdClass::$role in module\my\view\index.html.php on line 28 when visiting my

19:12:12 Undefined property: stdClass::$role in module\my\view\index.html.php on line 35 when visiting my

19:12:12 include(./blocktasks.html.php) [function.include]: failed to open stream: No such file or directory in module\my\view\index.html.php on line 44 when visiting my

19:12:12 include() [function.include]: Failed opening './blocktasks.html.php' for inclusion (include_path='.;C:\xampp\php\PEAR') in module\my\view\index.html.php on line 44 when visiting my

19:12:12 include(./blockbugs.html.php) [function.include]: failed to open stream: No such file or directory in module\my\view\index.html.php on line 47 when visiting my

19:12:12 include() [function.include]: Failed opening './blockbugs.html.php' for inclusion (include_path='.;C:\xampp\php\PEAR') in module\my\view\index.html.php on line 47 when visiting my

19:12:14 Creating default object from empty value in module\common\lang\menuOrder.php on line 37 when visiting 

19:12:14 Creating default object from empty value in module\common\lang\menuOrder.php on line 38 when visiting 

19:12:14 Declaration of taskModel::delete() should be compatible with that of model::delete() in module\task\model.php on line 483 when visiting workspace

19:12:14 Creating default object from empty value in module\common\lang\menuOrder.php on line 37 when visiting 

19:12:14 Creating default object from empty value in module\common\lang\menuOrder.php on line 38 when visiting 

19:12:14 Declaration of taskModel::delete() should be compatible with that of model::delete() in module\task\model.php on line 483 when visiting workspace-MyCalendar

19:12:14 Attempt to modify property of non-object in module\common\model.php on line 399 when visiting workspace-MyCalendar

19:12:14 Undefined variable: browseType in module\workspace\view\MyCalendar.html.php on line 15 when visiting workspace-MyCalendar

19:12:14 Undefined variable: browseType in module\workspace\view\MyCalendar.html.php on line 21 when visiting workspace-MyCalendar

19:12:14 Undefined variable: moduleID in module\workspace\view\MyCalendar.html.php on line 34 when visiting workspace-MyCalendar

19:12:14 Undefined variable: browseType in module\workspace\view\MyCalendar.html.php on line 35 when visiting workspace-MyCalendar

19:12:15 Creating default object from empty value in module\common\lang\menuOrder.php on line 37 when visiting 

19:12:15 Creating default object from empty value in module\common\lang\menuOrder.php on line 38 when visiting 

19:12:15 Declaration of taskModel::delete() should be compatible with that of model::delete() in module\task\model.php on line 483 when visiting workspace-Task

19:12:15 Creating default object from empty value in module\common\lang\menuOrder.php on line 37 when visiting 

19:12:15 Creating default object from empty value in module\common\lang\menuOrder.php on line 38 when visiting 

19:12:15 Declaration of taskModel::delete() should be compatible with that of model::delete() in module\task\model.php on line 483 when visiting Task-viewTask-all

19:12:15 Undefined variable: cur_userpriv in module\task\model.php on line 334 when visiting Task-viewTask-all

19:12:15 Undefined variable: cur_userpriv in module\task\model.php on line 338 when visiting Task-viewTask-all

19:12:15 Attempt to modify property of non-object in module\common\model.php on line 399 when visiting Task-viewTask-all

19:13:16 Creating default object from empty value in module\common\lang\menuOrder.php on line 37 when visiting 

19:13:16 Creating default object from empty value in module\common\lang\menuOrder.php on line 38 when visiting 

19:13:16 ERROR: the control file module\misc\control.php not found. in framework\router.class.php on line 971, last called by framework\router.class.php on line 1061 through function setControlFile.
 in framework\router.class.php on line 1577 when visiting misc-ping

19:52:10 Creating default object from empty value in module\common\lang\menuOrder.php on line 37 when visiting 

19:52:10 Creating default object from empty value in module\common\lang\menuOrder.php on line 38 when visiting 

19:52:10 Declaration of taskModel::delete() should be compatible with that of model::delete() in module\task\model.php on line 495 when visiting task-submit-5

19:52:10 Attempt to modify property of non-object in module\common\model.php on line 399 when visiting task-submit-5

19:52:24 Creating default object from empty value in module\common\lang\menuOrder.php on line 37 when visiting 

19:52:24 Creating default object from empty value in module\common\lang\menuOrder.php on line 38 when visiting 

19:52:24 Declaration of taskModel::delete() should be compatible with that of model::delete() in module\task\model.php on line 495 when visiting task-submit-5

19:52:24 Undefined property: stdClass::$comment in module\common\control.php on line 394 when visiting task-submit-5

19:52:24 Creating default object from empty value in module\common\lang\menuOrder.php on line 37 when visiting 

19:52:24 Creating default object from empty value in module\common\lang\menuOrder.php on line 38 when visiting 

19:52:24 Declaration of taskModel::delete() should be compatible with that of model::delete() in module\task\model.php on line 495 when visiting task-view-5

19:52:24 Undefined variable: cur_userpriv in module\task\model.php on line 344 when visiting task-view-5

19:52:24 Undefined variable: cur_userpriv in module\task\model.php on line 348 when visiting task-view-5

19:52:24 Attempt to modify property of non-object in module\common\model.php on line 399 when visiting task-view-5

19:52:24 Object of class stdClass could not be converted to string in module\task\view\view.html.php on line 36 when visiting task-view-5

19:52:24 Object of class stdClass could not be converted to string in module\task\view\view.html.php on line 36 when visiting task-view-5

19:52:24 Object of class stdClass could not be converted to string in module\task\view\view.html.php on line 36 when visiting task-view-5

19:52:24 Object of class stdClass could not be converted to string in module\task\view\view.html.php on line 46 when visiting task-view-5

19:53:25 Creating default object from empty value in module\common\lang\menuOrder.php on line 37 when visiting 

19:53:25 Creating default object from empty value in module\common\lang\menuOrder.php on line 38 when visiting 

19:53:25 ERROR: the control file module\misc\control.php not found. in framework\router.class.php on line 971, last called by framework\router.class.php on line 1061 through function setControlFile.
 in framework\router.class.php on line 1577 when visiting misc-ping

20:24:30 Creating default object from empty value in module\common\lang\menuOrder.php on line 37 when visiting 

20:24:30 Creating default object from empty value in module\common\lang\menuOrder.php on line 38 when visiting 

20:24:30 Declaration of taskModel::delete() should be compatible with that of model::delete() in module\task\model.php on line 495 when visiting workspace-Task

20:24:30 Creating default object from empty value in module\common\lang\menuOrder.php on line 37 when visiting 

20:24:30 Creating default object from empty value in module\common\lang\menuOrder.php on line 38 when visiting 

20:24:30 Declaration of taskModel::delete() should be compatible with that of model::delete() in module\task\model.php on line 495 when visiting Task-viewTask-all

20:24:30 Undefined variable: cur_userpriv in module\task\model.php on line 344 when visiting Task-viewTask-all

20:24:30 Undefined variable: cur_userpriv in module\task\model.php on line 348 when visiting Task-viewTask-all

20:24:30 Attempt to modify property of non-object in module\common\model.php on line 399 when visiting Task-viewTask-all

20:24:33 Creating default object from empty value in module\common\lang\menuOrder.php on line 37 when visiting 

20:24:33 Creating default object from empty value in module\common\lang\menuOrder.php on line 38 when visiting 

20:24:33 Declaration of taskModel::delete() should be compatible with that of model::delete() in module\task\model.php on line 495 when visiting Task-view-5

20:24:33 Undefined variable: cur_userpriv in module\task\model.php on line 344 when visiting Task-view-5

20:24:33 Undefined variable: cur_userpriv in module\task\model.php on line 348 when visiting Task-view-5

20:24:33 Attempt to modify property of non-object in module\common\model.php on line 399 when visiting Task-view-5

20:24:33 Object of class stdClass could not be converted to string in module\task\view\view.html.php on line 36 when visiting Task-view-5

20:24:33 Object of class stdClass could not be converted to string in module\task\view\view.html.php on line 36 when visiting Task-view-5

20:24:33 Object of class stdClass could not be converted to string in module\task\view\view.html.php on line 36 when visiting Task-view-5

20:24:33 Object of class stdClass could not be converted to string in module\task\view\view.html.php on line 46 when visiting Task-view-5

20:24:34 Creating default object from empty value in module\common\lang\menuOrder.php on line 37 when visiting 

20:24:34 Creating default object from empty value in module\common\lang\menuOrder.php on line 38 when visiting 

20:24:34 Declaration of taskModel::delete() should be compatible with that of model::delete() in module\task\model.php on line 495 when visiting workspace-Task

20:24:35 Creating default object from empty value in module\common\lang\menuOrder.php on line 37 when visiting 

20:24:35 Creating default object from empty value in module\common\lang\menuOrder.php on line 38 when visiting 

20:24:35 Declaration of taskModel::delete() should be compatible with that of model::delete() in module\task\model.php on line 495 when visiting Task-viewTask-all

20:24:35 Undefined variable: cur_userpriv in module\task\model.php on line 344 when visiting Task-viewTask-all

20:24:35 Undefined variable: cur_userpriv in module\task\model.php on line 348 when visiting Task-viewTask-all

20:24:35 Attempt to modify property of non-object in module\common\model.php on line 399 when visiting Task-viewTask-all

20:24:35 Creating default object from empty value in module\common\lang\menuOrder.php on line 37 when visiting 

20:24:35 Creating default object from empty value in module\common\lang\menuOrder.php on line 38 when visiting 

20:24:35 Declaration of taskModel::delete() should be compatible with that of model::delete() in module\task\model.php on line 495 when visiting Task-view-4

20:24:35 Undefined variable: cur_userpriv in module\task\model.php on line 344 when visiting Task-view-4

20:24:35 Undefined variable: cur_userpriv in module\task\model.php on line 348 when visiting Task-view-4

20:24:36 Attempt to modify property of non-object in module\common\model.php on line 399 when visiting Task-view-4

20:24:36 Object of class stdClass could not be converted to string in module\task\view\view.html.php on line 36 when visiting Task-view-4

20:24:36 Object of class stdClass could not be converted to string in module\task\view\view.html.php on line 36 when visiting Task-view-4

20:24:36 Object of class stdClass could not be converted to string in module\task\view\view.html.php on line 36 when visiting Task-view-4

20:24:36 Object of class stdClass could not be converted to string in module\task\view\view.html.php on line 36 when visiting Task-view-4

20:24:36 Object of class stdClass could not be converted to string in module\task\view\view.html.php on line 46 when visiting Task-view-4

20:24:39 Creating default object from empty value in module\common\lang\menuOrder.php on line 37 when visiting 

20:24:39 Creating default object from empty value in module\common\lang\menuOrder.php on line 38 when visiting 

20:24:39 Declaration of taskModel::delete() should be compatible with that of model::delete() in module\task\model.php on line 495 when visiting workspace-Task

20:24:39 Creating default object from empty value in module\common\lang\menuOrder.php on line 37 when visiting 

20:24:39 Creating default object from empty value in module\common\lang\menuOrder.php on line 38 when visiting 

20:24:39 Declaration of taskModel::delete() should be compatible with that of model::delete() in module\task\model.php on line 495 when visiting Task-viewTask-all

20:24:39 Undefined variable: cur_userpriv in module\task\model.php on line 344 when visiting Task-viewTask-all

20:24:39 Undefined variable: cur_userpriv in module\task\model.php on line 348 when visiting Task-viewTask-all

20:24:39 Attempt to modify property of non-object in module\common\model.php on line 399 when visiting Task-viewTask-all

20:24:40 Creating default object from empty value in module\common\lang\menuOrder.php on line 37 when visiting 

20:24:40 Creating default object from empty value in module\common\lang\menuOrder.php on line 38 when visiting 

20:24:40 Declaration of taskModel::delete() should be compatible with that of model::delete() in module\task\model.php on line 495 when visiting Task-view-5

20:24:40 Undefined variable: cur_userpriv in module\task\model.php on line 344 when visiting Task-view-5

20:24:40 Undefined variable: cur_userpriv in module\task\model.php on line 348 when visiting Task-view-5

20:24:40 Attempt to modify property of non-object in module\common\model.php on line 399 when visiting Task-view-5

20:24:40 Object of class stdClass could not be converted to string in module\task\view\view.html.php on line 36 when visiting Task-view-5

20:24:40 Object of class stdClass could not be converted to string in module\task\view\view.html.php on line 36 when visiting Task-view-5

20:24:40 Object of class stdClass could not be converted to string in module\task\view\view.html.php on line 36 when visiting Task-view-5

20:24:40 Object of class stdClass could not be converted to string in module\task\view\view.html.php on line 46 when visiting Task-view-5

20:24:43 Creating default object from empty value in module\common\lang\menuOrder.php on line 37 when visiting 

20:24:43 Creating default object from empty value in module\common\lang\menuOrder.php on line 38 when visiting 

20:24:43 Declaration of taskModel::delete() should be compatible with that of model::delete() in module\task\model.php on line 495 when visiting workspace-Task

20:24:43 Creating default object from empty value in module\common\lang\menuOrder.php on line 37 when visiting 

20:24:43 Creating default object from empty value in module\common\lang\menuOrder.php on line 38 when visiting 

20:24:43 Declaration of taskModel::delete() should be compatible with that of model::delete() in module\task\model.php on line 495 when visiting Task-viewTask-all

20:24:43 Undefined variable: cur_userpriv in module\task\model.php on line 344 when visiting Task-viewTask-all

20:24:43 Undefined variable: cur_userpriv in module\task\model.php on line 348 when visiting Task-viewTask-all

20:24:43 Attempt to modify property of non-object in module\common\model.php on line 399 when visiting Task-viewTask-all

20:25:43 Creating default object from empty value in module\common\lang\menuOrder.php on line 37 when visiting 

20:25:43 Creating default object from empty value in module\common\lang\menuOrder.php on line 38 when visiting 

20:25:43 ERROR: the control file module\misc\control.php not found. in framework\router.class.php on line 971, last called by framework\router.class.php on line 1061 through function setControlFile.
 in framework\router.class.php on line 1577 when visiting misc-ping

20:31:10 Creating default object from empty value in module\common\lang\menuOrder.php on line 37 when visiting 

20:31:10 Creating default object from empty value in module\common\lang\menuOrder.php on line 38 when visiting 

20:31:10 Declaration of taskModel::delete() should be compatible with that of model::delete() in module\task\model.php on line 495 when visiting task-submit-5

20:31:10 Attempt to modify property of non-object in module\common\model.php on line 399 when visiting task-submit-5

20:31:18 Creating default object from empty value in module\common\lang\menuOrder.php on line 37 when visiting 

20:31:18 Creating default object from empty value in module\common\lang\menuOrder.php on line 38 when visiting 

20:31:18 Declaration of taskModel::delete() should be compatible with that of model::delete() in module\task\model.php on line 495 when visiting task-submit-5

20:31:18 Attempt to modify property of non-object in module\common\model.php on line 399 when visiting task-submit-5

20:31:28 Creating default object from empty value in module\common\lang\menuOrder.php on line 37 when visiting 

20:31:28 Creating default object from empty value in module\common\lang\menuOrder.php on line 38 when visiting 

20:31:28 Declaration of taskModel::delete() should be compatible with that of model::delete() in module\task\model.php on line 495 when visiting task-submit-5

20:31:28 Undefined property: stdClass::$comment in module\common\control.php on line 394 when visiting task-submit-5

20:31:28 Creating default object from empty value in module\common\lang\menuOrder.php on line 37 when visiting 

20:31:28 Creating default object from empty value in module\common\lang\menuOrder.php on line 38 when visiting 

20:31:28 Declaration of taskModel::delete() should be compatible with that of model::delete() in module\task\model.php on line 495 when visiting task-view-5

20:31:28 Undefined variable: cur_userpriv in module\task\model.php on line 344 when visiting task-view-5

20:31:28 Undefined variable: cur_userpriv in module\task\model.php on line 348 when visiting task-view-5

20:31:28 Attempt to modify property of non-object in module\common\model.php on line 399 when visiting task-view-5

20:31:28 Object of class stdClass could not be converted to string in module\task\view\view.html.php on line 36 when visiting task-view-5

20:31:28 Object of class stdClass could not be converted to string in module\task\view\view.html.php on line 36 when visiting task-view-5

20:31:28 Object of class stdClass could not be converted to string in module\task\view\view.html.php on line 36 when visiting task-view-5

20:31:28 Object of class stdClass could not be converted to string in module\task\view\view.html.php on line 36 when visiting task-view-5

20:31:28 Object of class stdClass could not be converted to string in module\task\view\view.html.php on line 46 when visiting task-view-5

20:32:29 Creating default object from empty value in module\common\lang\menuOrder.php on line 37 when visiting 

20:32:29 Creating default object from empty value in module\common\lang\menuOrder.php on line 38 when visiting 

20:32:29 ERROR: the control file module\misc\control.php not found. in framework\router.class.php on line 971, last called by framework\router.class.php on line 1061 through function setControlFile.
 in framework\router.class.php on line 1577 when visiting misc-ping

20:39:17 Creating default object from empty value in module\common\lang\menuOrder.php on line 37 when visiting 

20:39:17 Creating default object from empty value in module\common\lang\menuOrder.php on line 38 when visiting 

20:39:17 Declaration of taskModel::delete() should be compatible with that of model::delete() in module\task\model.php on line 495 when visiting workspace-Task

20:39:17 Creating default object from empty value in module\common\lang\menuOrder.php on line 37 when visiting 

20:39:17 Creating default object from empty value in module\common\lang\menuOrder.php on line 38 when visiting 

20:39:17 Declaration of taskModel::delete() should be compatible with that of model::delete() in module\task\model.php on line 495 when visiting Task-viewTask-all

20:39:17 Undefined variable: cur_userpriv in module\task\model.php on line 344 when visiting Task-viewTask-all

20:39:17 Undefined variable: cur_userpriv in module\task\model.php on line 348 when visiting Task-viewTask-all

20:39:17 Attempt to modify property of non-object in module\common\model.php on line 399 when visiting Task-viewTask-all

20:39:19 Creating default object from empty value in module\common\lang\menuOrder.php on line 37 when visiting 

20:39:19 Creating default object from empty value in module\common\lang\menuOrder.php on line 38 when visiting 

20:39:19 Declaration of taskModel::delete() should be compatible with that of model::delete() in module\task\model.php on line 495 when visiting task-submit-5

20:39:19 Attempt to modify property of non-object in module\common\model.php on line 399 when visiting task-submit-5

20:40:19 Creating default object from empty value in module\common\lang\menuOrder.php on line 37 when visiting 

20:40:19 Creating default object from empty value in module\common\lang\menuOrder.php on line 38 when visiting 

20:40:19 ERROR: the control file module\misc\control.php not found. in framework\router.class.php on line 971, last called by framework\router.class.php on line 1061 through function setControlFile.
 in framework\router.class.php on line 1577 when visiting misc-ping

21:03:05 Creating default object from empty value in module\common\lang\menuOrder.php on line 37 when visiting 

21:03:05 Creating default object from empty value in module\common\lang\menuOrder.php on line 38 when visiting 

21:03:05 Declaration of taskModel::delete() should be compatible with that of model::delete() in module\task\model.php on line 495 when visiting task-submit-5

21:03:05 Undefined property: stdClass::$comment in module\common\control.php on line 394 when visiting task-submit-5

21:03:05 Creating default object from empty value in module\common\lang\menuOrder.php on line 37 when visiting 

21:03:05 Creating default object from empty value in module\common\lang\menuOrder.php on line 38 when visiting 

21:03:05 Declaration of taskModel::delete() should be compatible with that of model::delete() in module\task\model.php on line 495 when visiting task-view-5

21:03:05 Undefined variable: cur_userpriv in module\task\model.php on line 344 when visiting task-view-5

21:03:05 Undefined variable: cur_userpriv in module\task\model.php on line 348 when visiting task-view-5

21:03:05 Attempt to modify property of non-object in module\common\model.php on line 399 when visiting task-view-5

21:03:05 Object of class stdClass could not be converted to string in module\task\view\view.html.php on line 36 when visiting task-view-5

21:03:05 Object of class stdClass could not be converted to string in module\task\view\view.html.php on line 36 when visiting task-view-5

21:03:05 Object of class stdClass could not be converted to string in module\task\view\view.html.php on line 36 when visiting task-view-5

21:03:05 Object of class stdClass could not be converted to string in module\task\view\view.html.php on line 36 when visiting task-view-5

21:03:05 Object of class stdClass could not be converted to string in module\task\view\view.html.php on line 36 when visiting task-view-5

21:03:05 Object of class stdClass could not be converted to string in module\task\view\view.html.php on line 46 when visiting task-view-5

21:03:09 Creating default object from empty value in module\common\lang\menuOrder.php on line 37 when visiting 

21:03:09 Creating default object from empty value in module\common\lang\menuOrder.php on line 38 when visiting 

21:03:09 Declaration of taskModel::delete() should be compatible with that of model::delete() in module\task\model.php on line 495 when visiting task-view-5

21:03:09 Undefined variable: cur_userpriv in module\task\model.php on line 344 when visiting task-view-5

21:03:09 Undefined variable: cur_userpriv in module\task\model.php on line 348 when visiting task-view-5

21:03:09 Attempt to modify property of non-object in module\common\model.php on line 399 when visiting task-view-5

21:03:09 Object of class stdClass could not be converted to string in module\task\view\view.html.php on line 36 when visiting task-view-5

21:03:09 Object of class stdClass could not be converted to string in module\task\view\view.html.php on line 36 when visiting task-view-5

21:03:09 Object of class stdClass could not be converted to string in module\task\view\view.html.php on line 36 when visiting task-view-5

21:03:09 Object of class stdClass could not be converted to string in module\task\view\view.html.php on line 36 when visiting task-view-5

21:03:09 Object of class stdClass could not be converted to string in module\task\view\view.html.php on line 36 when visiting task-view-5

21:03:09 Object of class stdClass could not be converted to string in module\task\view\view.html.php on line 46 when visiting task-view-5

21:03:10 Creating default object from empty value in module\common\lang\menuOrder.php on line 37 when visiting 

21:03:10 Creating default object from empty value in module\common\lang\menuOrder.php on line 38 when visiting 

21:03:10 Declaration of taskModel::delete() should be compatible with that of model::delete() in module\task\model.php on line 495 when visiting task-view-5

21:03:10 Undefined variable: cur_userpriv in module\task\model.php on line 344 when visiting task-view-5

21:03:10 Undefined variable: cur_userpriv in module\task\model.php on line 348 when visiting task-view-5

21:03:10 Attempt to modify property of non-object in module\common\model.php on line 399 when visiting task-view-5

21:03:10 Object of class stdClass could not be converted to string in module\task\view\view.html.php on line 36 when visiting task-view-5

21:03:10 Object of class stdClass could not be converted to string in module\task\view\view.html.php on line 36 when visiting task-view-5

21:03:10 Object of class stdClass could not be converted to string in module\task\view\view.html.php on line 36 when visiting task-view-5

21:03:10 Object of class stdClass could not be converted to string in module\task\view\view.html.php on line 36 when visiting task-view-5

21:03:10 Object of class stdClass could not be converted to string in module\task\view\view.html.php on line 36 when visiting task-view-5

21:03:10 Object of class stdClass could not be converted to string in module\task\view\view.html.php on line 46 when visiting task-view-5

21:03:13 Creating default object from empty value in module\common\lang\menuOrder.php on line 37 when visiting 

21:03:13 Creating default object from empty value in module\common\lang\menuOrder.php on line 38 when visiting 

21:03:13 Declaration of taskModel::delete() should be compatible with that of model::delete() in module\task\model.php on line 495 when visiting task-view-5

21:03:13 Undefined variable: cur_userpriv in module\task\model.php on line 344 when visiting task-view-5

21:03:13 Undefined variable: cur_userpriv in module\task\model.php on line 348 when visiting task-view-5

21:03:13 Attempt to modify property of non-object in module\common\model.php on line 399 when visiting task-view-5

21:03:13 Object of class stdClass could not be converted to string in module\task\view\view.html.php on line 36 when visiting task-view-5

21:03:13 Object of class stdClass could not be converted to string in module\task\view\view.html.php on line 36 when visiting task-view-5

21:03:13 Object of class stdClass could not be converted to string in module\task\view\view.html.php on line 36 when visiting task-view-5

21:03:13 Object of class stdClass could not be converted to string in module\task\view\view.html.php on line 36 when visiting task-view-5

21:03:13 Object of class stdClass could not be converted to string in module\task\view\view.html.php on line 36 when visiting task-view-5

21:03:13 Object of class stdClass could not be converted to string in module\task\view\view.html.php on line 46 when visiting task-view-5

21:04:13 Creating default object from empty value in module\common\lang\menuOrder.php on line 37 when visiting 

21:04:13 Creating default object from empty value in module\common\lang\menuOrder.php on line 38 when visiting 

21:04:13 ERROR: the control file module\misc\control.php not found. in framework\router.class.php on line 971, last called by framework\router.class.php on line 1061 through function setControlFile.
 in framework\router.class.php on line 1577 when visiting misc-ping

21:05:36 Creating default object from empty value in module\common\lang\menuOrder.php on line 37 when visiting 

21:05:36 Creating default object from empty value in module\common\lang\menuOrder.php on line 38 when visiting 

21:05:36 Declaration of taskModel::delete() should be compatible with that of model::delete() in module\task\model.php on line 496 when visiting task-view-5

21:05:37 Undefined variable: cur_userpriv in module\task\model.php on line 344 when visiting task-view-5

21:05:37 Undefined variable: cur_userpriv in module\task\model.php on line 348 when visiting task-view-5

21:05:37 Attempt to modify property of non-object in module\common\model.php on line 399 when visiting task-view-5

21:05:37 Object of class stdClass could not be converted to string in module\task\view\view.html.php on line 36 when visiting task-view-5

21:05:37 Object of class stdClass could not be converted to string in module\task\view\view.html.php on line 36 when visiting task-view-5

21:05:37 Object of class stdClass could not be converted to string in module\task\view\view.html.php on line 46 when visiting task-view-5

21:05:39 Creating default object from empty value in module\common\lang\menuOrder.php on line 37 when visiting 

21:05:39 Creating default object from empty value in module\common\lang\menuOrder.php on line 38 when visiting 

21:05:39 Declaration of taskModel::delete() should be compatible with that of model::delete() in module\task\model.php on line 496 when visiting workspace-Task

21:05:39 Creating default object from empty value in module\common\lang\menuOrder.php on line 37 when visiting 

21:05:39 Creating default object from empty value in module\common\lang\menuOrder.php on line 38 when visiting 

21:05:39 Declaration of taskModel::delete() should be compatible with that of model::delete() in module\task\model.php on line 496 when visiting Task-viewTask-all

21:05:39 Undefined variable: cur_userpriv in module\task\model.php on line 344 when visiting Task-viewTask-all

21:05:39 Undefined variable: cur_userpriv in module\task\model.php on line 348 when visiting Task-viewTask-all

21:05:39 Attempt to modify property of non-object in module\common\model.php on line 399 when visiting Task-viewTask-all

21:05:41 Creating default object from empty value in module\common\lang\menuOrder.php on line 37 when visiting 

21:05:41 Creating default object from empty value in module\common\lang\menuOrder.php on line 38 when visiting 

21:05:41 Declaration of taskModel::delete() should be compatible with that of model::delete() in module\task\model.php on line 496 when visiting task-submit-5

21:05:41 Attempt to modify property of non-object in module\common\model.php on line 399 when visiting task-submit-5

21:06:41 Creating default object from empty value in module\common\lang\menuOrder.php on line 37 when visiting 

21:06:41 Creating default object from empty value in module\common\lang\menuOrder.php on line 38 when visiting 

21:06:41 ERROR: the control file module\misc\control.php not found. in framework\router.class.php on line 971, last called by framework\router.class.php on line 1061 through function setControlFile.
 in framework\router.class.php on line 1577 when visiting misc-ping

21:14:33 Creating default object from empty value in module\common\lang\menuOrder.php on line 37 when visiting 

21:14:33 Creating default object from empty value in module\common\lang\menuOrder.php on line 38 when visiting 

21:14:33 Declaration of taskModel::delete() should be compatible with that of model::delete() in module\task\model.php on line 496 when visiting task-submit-5

21:14:33 Undefined property: stdClass::$comment in module\common\control.php on line 394 when visiting task-submit-5

21:14:33 Creating default object from empty value in module\common\lang\menuOrder.php on line 37 when visiting 

21:14:33 Creating default object from empty value in module\common\lang\menuOrder.php on line 38 when visiting 

21:14:33 Declaration of taskModel::delete() should be compatible with that of model::delete() in module\task\model.php on line 496 when visiting task-view-5

21:14:33 Undefined variable: cur_userpriv in module\task\model.php on line 344 when visiting task-view-5

21:14:33 Undefined variable: cur_userpriv in module\task\model.php on line 348 when visiting task-view-5

21:14:33 Attempt to modify property of non-object in module\common\model.php on line 399 when visiting task-view-5

21:14:33 Object of class stdClass could not be converted to string in module\task\view\view.html.php on line 36 when visiting task-view-5

21:14:33 Object of class stdClass could not be converted to string in module\task\view\view.html.php on line 36 when visiting task-view-5

21:14:33 Object of class stdClass could not be converted to string in module\task\view\view.html.php on line 46 when visiting task-view-5

21:14:57 Creating default object from empty value in module\common\lang\menuOrder.php on line 37 when visiting 

21:14:57 Creating default object from empty value in module\common\lang\menuOrder.php on line 38 when visiting 

21:14:57 Declaration of taskModel::delete() should be compatible with that of model::delete() in module\task\model.php on line 496 when visiting task-view-5

21:14:58 Undefined variable: cur_userpriv in module\task\model.php on line 344 when visiting task-view-5

21:14:58 Undefined variable: cur_userpriv in module\task\model.php on line 348 when visiting task-view-5

21:14:58 Attempt to modify property of non-object in module\common\model.php on line 399 when visiting task-view-5

21:14:58 Object of class stdClass could not be converted to string in module\task\view\view.html.php on line 36 when visiting task-view-5

21:14:58 Object of class stdClass could not be converted to string in module\task\view\view.html.php on line 36 when visiting task-view-5

21:14:58 Object of class stdClass could not be converted to string in module\task\view\view.html.php on line 46 when visiting task-view-5

21:15:55 Creating default object from empty value in module\common\lang\menuOrder.php on line 37 when visiting 

21:15:55 Creating default object from empty value in module\common\lang\menuOrder.php on line 38 when visiting 

21:15:55 Declaration of taskModel::delete() should be compatible with that of model::delete() in module\task\model.php on line 496 when visiting workspace

21:15:55 Creating default object from empty value in module\common\lang\menuOrder.php on line 37 when visiting 

21:15:55 Creating default object from empty value in module\common\lang\menuOrder.php on line 38 when visiting 

21:15:55 Declaration of taskModel::delete() should be compatible with that of model::delete() in module\task\model.php on line 496 when visiting workspace-MyCalendar

21:15:55 Attempt to modify property of non-object in module\common\model.php on line 399 when visiting workspace-MyCalendar

21:15:55 Undefined variable: browseType in module\workspace\view\MyCalendar.html.php on line 15 when visiting workspace-MyCalendar

21:15:55 Undefined variable: browseType in module\workspace\view\MyCalendar.html.php on line 21 when visiting workspace-MyCalendar

21:15:55 Undefined variable: moduleID in module\workspace\view\MyCalendar.html.php on line 34 when visiting workspace-MyCalendar

21:15:55 Undefined variable: browseType in module\workspace\view\MyCalendar.html.php on line 35 when visiting workspace-MyCalendar

21:15:56 Creating default object from empty value in module\common\lang\menuOrder.php on line 37 when visiting 

21:15:56 Creating default object from empty value in module\common\lang\menuOrder.php on line 38 when visiting 

21:15:56 Declaration of taskModel::delete() should be compatible with that of model::delete() in module\task\model.php on line 496 when visiting workspace-Task

21:15:56 Creating default object from empty value in module\common\lang\menuOrder.php on line 37 when visiting 

21:15:56 Creating default object from empty value in module\common\lang\menuOrder.php on line 38 when visiting 

21:15:56 Declaration of taskModel::delete() should be compatible with that of model::delete() in module\task\model.php on line 496 when visiting Task-viewTask-all

21:15:56 Undefined variable: cur_userpriv in module\task\model.php on line 344 when visiting Task-viewTask-all

21:15:56 Undefined variable: cur_userpriv in module\task\model.php on line 348 when visiting Task-viewTask-all

21:15:56 Attempt to modify property of non-object in module\common\model.php on line 399 when visiting Task-viewTask-all

21:16:01 Creating default object from empty value in module\common\lang\menuOrder.php on line 37 when visiting 

21:16:01 Creating default object from empty value in module\common\lang\menuOrder.php on line 38 when visiting 

21:16:01 Declaration of taskModel::delete() should be compatible with that of model::delete() in module\task\model.php on line 496 when visiting task-create

21:16:01 Attempt to modify property of non-object in module\common\model.php on line 399 when visiting task-create

21:16:01 Undefined property: stdClass::$placeholder in module\task\view\create.html.php on line 17 when visiting task-create

21:16:03 Creating default object from empty value in module\common\lang\menuOrder.php on line 37 when visiting 

21:16:03 Creating default object from empty value in module\common\lang\menuOrder.php on line 38 when visiting 

21:16:03 Declaration of taskModel::delete() should be compatible with that of model::delete() in module\task\model.php on line 496 when visiting workspace-Task

21:16:03 Creating default object from empty value in module\common\lang\menuOrder.php on line 37 when visiting 

21:16:03 Creating default object from empty value in module\common\lang\menuOrder.php on line 38 when visiting 

21:16:03 Declaration of taskModel::delete() should be compatible with that of model::delete() in module\task\model.php on line 496 when visiting Task-viewTask-all

21:16:03 Undefined variable: cur_userpriv in module\task\model.php on line 344 when visiting Task-viewTask-all

21:16:03 Undefined variable: cur_userpriv in module\task\model.php on line 348 when visiting Task-viewTask-all

21:16:04 Attempt to modify property of non-object in module\common\model.php on line 399 when visiting Task-viewTask-all

21:16:04 Creating default object from empty value in module\common\lang\menuOrder.php on line 37 when visiting 

21:16:04 Creating default object from empty value in module\common\lang\menuOrder.php on line 38 when visiting 

21:16:04 Declaration of taskModel::delete() should be compatible with that of model::delete() in module\task\model.php on line 496 when visiting Task-view-5

21:16:04 Undefined variable: cur_userpriv in module\task\model.php on line 344 when visiting Task-view-5

21:16:04 Undefined variable: cur_userpriv in module\task\model.php on line 348 when visiting Task-view-5

21:16:05 Attempt to modify property of non-object in module\common\model.php on line 399 when visiting Task-view-5

21:16:05 Object of class stdClass could not be converted to string in module\task\view\view.html.php on line 36 when visiting Task-view-5

21:16:05 Object of class stdClass could not be converted to string in module\task\view\view.html.php on line 36 when visiting Task-view-5

21:16:05 Object of class stdClass could not be converted to string in module\task\view\view.html.php on line 46 when visiting Task-view-5

21:16:07 Creating default object from empty value in module\common\lang\menuOrder.php on line 37 when visiting 

21:16:07 Creating default object from empty value in module\common\lang\menuOrder.php on line 38 when visiting 

21:16:07 Declaration of taskModel::delete() should be compatible with that of model::delete() in module\task\model.php on line 496 when visiting workspace-Task

21:16:07 Creating default object from empty value in module\common\lang\menuOrder.php on line 37 when visiting 

21:16:07 Creating default object from empty value in module\common\lang\menuOrder.php on line 38 when visiting 

21:16:07 Declaration of taskModel::delete() should be compatible with that of model::delete() in module\task\model.php on line 496 when visiting Task-viewTask-all

21:16:07 Undefined variable: cur_userpriv in module\task\model.php on line 344 when visiting Task-viewTask-all

21:16:07 Undefined variable: cur_userpriv in module\task\model.php on line 348 when visiting Task-viewTask-all

21:16:07 Attempt to modify property of non-object in module\common\model.php on line 399 when visiting Task-viewTask-all

21:16:11 Creating default object from empty value in module\common\lang\menuOrder.php on line 37 when visiting 

21:16:11 Creating default object from empty value in module\common\lang\menuOrder.php on line 38 when visiting 

21:16:11 Declaration of taskModel::delete() should be compatible with that of model::delete() in module\task\model.php on line 496 when visiting Task-view-5

21:16:11 Undefined variable: cur_userpriv in module\task\model.php on line 344 when visiting Task-view-5

21:16:11 Undefined variable: cur_userpriv in module\task\model.php on line 348 when visiting Task-view-5

21:16:12 Attempt to modify property of non-object in module\common\model.php on line 399 when visiting Task-view-5

21:16:12 Object of class stdClass could not be converted to string in module\task\view\view.html.php on line 36 when visiting Task-view-5

21:16:12 Object of class stdClass could not be converted to string in module\task\view\view.html.php on line 36 when visiting Task-view-5

21:16:12 Object of class stdClass could not be converted to string in module\task\view\view.html.php on line 46 when visiting Task-view-5

21:17:16 Creating default object from empty value in module\common\lang\menuOrder.php on line 37 when visiting 

21:17:16 Creating default object from empty value in module\common\lang\menuOrder.php on line 38 when visiting 

21:17:16 ERROR: the control file module\misc\control.php not found. in framework\router.class.php on line 971, last called by framework\router.class.php on line 1061 through function setControlFile.
 in framework\router.class.php on line 1577 when visiting misc-ping

21:18:45 Creating default object from empty value in module\common\lang\menuOrder.php on line 37 when visiting 

21:18:45 Creating default object from empty value in module\common\lang\menuOrder.php on line 38 when visiting 

21:18:45 Declaration of taskModel::delete() should be compatible with that of model::delete() in module\task\model.php on line 496 when visiting Task-view-5

21:18:45 Undefined variable: cur_userpriv in module\task\model.php on line 344 when visiting Task-view-5

21:18:45 Undefined variable: cur_userpriv in module\task\model.php on line 348 when visiting Task-view-5

21:18:45 Attempt to modify property of non-object in module\common\model.php on line 399 when visiting Task-view-5

21:18:45 Object of class stdClass could not be converted to string in module\task\view\view.html.php on line 36 when visiting Task-view-5

21:18:45 Object of class stdClass could not be converted to string in module\task\view\view.html.php on line 36 when visiting Task-view-5

21:18:45 Object of class stdClass could not be converted to string in module\task\view\view.html.php on line 46 when visiting Task-view-5

21:18:52 Creating default object from empty value in module\common\lang\menuOrder.php on line 37 when visiting 

21:18:52 Creating default object from empty value in module\common\lang\menuOrder.php on line 38 when visiting 

21:18:52 Declaration of taskModel::delete() should be compatible with that of model::delete() in module\task\model.php on line 496 when visiting Task-view-5

21:18:52 Undefined variable: cur_userpriv in module\task\model.php on line 344 when visiting Task-view-5

21:18:52 Undefined variable: cur_userpriv in module\task\model.php on line 348 when visiting Task-view-5

21:18:52 Attempt to modify property of non-object in module\common\model.php on line 399 when visiting Task-view-5

21:18:52 Object of class stdClass could not be converted to string in module\task\view\view.html.php on line 37 when visiting Task-view-5

21:18:52 Object of class stdClass could not be converted to string in module\task\view\view.html.php on line 37 when visiting Task-view-5

21:18:52 Object of class stdClass could not be converted to string in module\task\view\view.html.php on line 47 when visiting Task-view-5

21:18:58 Creating default object from empty value in module\common\lang\menuOrder.php on line 37 when visiting 

21:18:58 Creating default object from empty value in module\common\lang\menuOrder.php on line 38 when visiting 

21:19:53 Creating default object from empty value in module\common\lang\menuOrder.php on line 37 when visiting 

21:19:53 Creating default object from empty value in module\common\lang\menuOrder.php on line 38 when visiting 

21:19:53 ERROR: the control file module\misc\control.php not found. in framework\router.class.php on line 971, last called by framework\router.class.php on line 1061 through function setControlFile.
 in framework\router.class.php on line 1577 when visiting misc-ping

21:19:59 Creating default object from empty value in module\common\lang\menuOrder.php on line 37 when visiting 

21:19:59 Creating default object from empty value in module\common\lang\menuOrder.php on line 38 when visiting 

21:19:59 ERROR: the control file module\misc\control.php not found. in framework\router.class.php on line 971, last called by framework\router.class.php on line 1061 through function setControlFile.
 in framework\router.class.php on line 1577 when visiting misc-ping

21:21:21 Creating default object from empty value in module\common\lang\menuOrder.php on line 37 when visiting 

21:21:21 Creating default object from empty value in module\common\lang\menuOrder.php on line 38 when visiting 

21:21:21 Declaration of taskModel::delete() should be compatible with that of model::delete() in module\task\model.php on line 496 when visiting Task-view-5

21:21:21 Undefined variable: cur_userpriv in module\task\model.php on line 344 when visiting Task-view-5

21:21:21 Undefined variable: cur_userpriv in module\task\model.php on line 348 when visiting Task-view-5

21:21:21 Attempt to modify property of non-object in module\common\model.php on line 399 when visiting Task-view-5

21:21:21 Object of class stdClass could not be converted to string in module\task\view\view.html.php on line 40 when visiting Task-view-5

21:21:21 Object of class stdClass could not be converted to string in module\task\view\view.html.php on line 40 when visiting Task-view-5

21:21:21 Object of class stdClass could not be converted to string in module\task\view\view.html.php on line 50 when visiting Task-view-5

21:21:23 Creating default object from empty value in module\common\lang\menuOrder.php on line 37 when visiting 

21:21:23 Creating default object from empty value in module\common\lang\menuOrder.php on line 38 when visiting 

21:21:23 Declaration of taskModel::delete() should be compatible with that of model::delete() in module\task\model.php on line 496 when visiting Task-view-5

21:21:23 Undefined variable: cur_userpriv in module\task\model.php on line 344 when visiting Task-view-5

21:21:23 Undefined variable: cur_userpriv in module\task\model.php on line 348 when visiting Task-view-5

21:21:23 Attempt to modify property of non-object in module\common\model.php on line 399 when visiting Task-view-5

21:21:23 Object of class stdClass could not be converted to string in module\task\view\view.html.php on line 40 when visiting Task-view-5

21:21:23 Object of class stdClass could not be converted to string in module\task\view\view.html.php on line 40 when visiting Task-view-5

21:21:23 Object of class stdClass could not be converted to string in module\task\view\view.html.php on line 50 when visiting Task-view-5

21:21:24 Creating default object from empty value in module\common\lang\menuOrder.php on line 37 when visiting 

21:21:24 Creating default object from empty value in module\common\lang\menuOrder.php on line 38 when visiting 

21:21:24 Declaration of taskModel::delete() should be compatible with that of model::delete() in module\task\model.php on line 496 when visiting workspace-Task

21:21:24 Creating default object from empty value in module\common\lang\menuOrder.php on line 37 when visiting 

21:21:24 Creating default object from empty value in module\common\lang\menuOrder.php on line 38 when visiting 

21:21:24 Declaration of taskModel::delete() should be compatible with that of model::delete() in module\task\model.php on line 496 when visiting Task-viewTask-all

21:21:24 Undefined variable: cur_userpriv in module\task\model.php on line 344 when visiting Task-viewTask-all

21:21:24 Undefined variable: cur_userpriv in module\task\model.php on line 348 when visiting Task-viewTask-all

21:21:24 Attempt to modify property of non-object in module\common\model.php on line 399 when visiting Task-viewTask-all

21:21:25 Creating default object from empty value in module\common\lang\menuOrder.php on line 37 when visiting 

21:21:25 Creating default object from empty value in module\common\lang\menuOrder.php on line 38 when visiting 

21:21:25 Declaration of taskModel::delete() should be compatible with that of model::delete() in module\task\model.php on line 496 when visiting Task-view-4

21:21:25 Undefined variable: cur_userpriv in module\task\model.php on line 344 when visiting Task-view-4

21:21:25 Undefined variable: cur_userpriv in module\task\model.php on line 348 when visiting Task-view-4

21:21:25 Attempt to modify property of non-object in module\common\model.php on line 399 when visiting Task-view-4

21:21:25 Object of class stdClass could not be converted to string in module\task\view\view.html.php on line 40 when visiting Task-view-4

21:21:25 Object of class stdClass could not be converted to string in module\task\view\view.html.php on line 40 when visiting Task-view-4

21:21:25 Object of class stdClass could not be converted to string in module\task\view\view.html.php on line 40 when visiting Task-view-4

21:21:25 Object of class stdClass could not be converted to string in module\task\view\view.html.php on line 40 when visiting Task-view-4

21:21:25 Object of class stdClass could not be converted to string in module\task\view\view.html.php on line 50 when visiting Task-view-4

21:21:38 Creating default object from empty value in module\common\lang\menuOrder.php on line 37 when visiting 

21:21:38 Creating default object from empty value in module\common\lang\menuOrder.php on line 38 when visiting 

21:21:38 Declaration of taskModel::delete() should be compatible with that of model::delete() in module\task\model.php on line 496 when visiting Task-view-4

21:21:38 Undefined variable: cur_userpriv in module\task\model.php on line 344 when visiting Task-view-4

21:21:38 Undefined variable: cur_userpriv in module\task\model.php on line 348 when visiting Task-view-4

21:21:38 Attempt to modify property of non-object in module\common\model.php on line 399 when visiting Task-view-4

21:21:38 Object of class stdClass could not be converted to string in module\task\view\view.html.php on line 40 when visiting Task-view-4

21:21:38 Object of class stdClass could not be converted to string in module\task\view\view.html.php on line 40 when visiting Task-view-4

21:21:38 Object of class stdClass could not be converted to string in module\task\view\view.html.php on line 40 when visiting Task-view-4

21:21:38 Object of class stdClass could not be converted to string in module\task\view\view.html.php on line 40 when visiting Task-view-4

21:21:38 Object of class stdClass could not be converted to string in module\task\view\view.html.php on line 50 when visiting Task-view-4

21:21:41 Creating default object from empty value in module\common\lang\menuOrder.php on line 37 when visiting 

21:21:41 Creating default object from empty value in module\common\lang\menuOrder.php on line 38 when visiting 

21:21:41 Declaration of taskModel::delete() should be compatible with that of model::delete() in module\task\model.php on line 496 when visiting workspace-Task

21:21:41 Creating default object from empty value in module\common\lang\menuOrder.php on line 37 when visiting 

21:21:41 Creating default object from empty value in module\common\lang\menuOrder.php on line 38 when visiting 

21:21:41 Declaration of taskModel::delete() should be compatible with that of model::delete() in module\task\model.php on line 496 when visiting Task-viewTask-all

21:21:41 Undefined variable: cur_userpriv in module\task\model.php on line 344 when visiting Task-viewTask-all

21:21:41 Undefined variable: cur_userpriv in module\task\model.php on line 348 when visiting Task-viewTask-all

21:21:41 Attempt to modify property of non-object in module\common\model.php on line 399 when visiting Task-viewTask-all

21:21:42 Creating default object from empty value in module\common\lang\menuOrder.php on line 37 when visiting 

21:21:42 Creating default object from empty value in module\common\lang\menuOrder.php on line 38 when visiting 

21:21:42 Declaration of taskModel::delete() should be compatible with that of model::delete() in module\task\model.php on line 496 when visiting Task-view-5

21:21:42 Undefined variable: cur_userpriv in module\task\model.php on line 344 when visiting Task-view-5

21:21:42 Undefined variable: cur_userpriv in module\task\model.php on line 348 when visiting Task-view-5

21:21:42 Attempt to modify property of non-object in module\common\model.php on line 399 when visiting Task-view-5

21:21:42 Object of class stdClass could not be converted to string in module\task\view\view.html.php on line 40 when visiting Task-view-5

21:21:42 Object of class stdClass could not be converted to string in module\task\view\view.html.php on line 40 when visiting Task-view-5

21:21:42 Object of class stdClass could not be converted to string in module\task\view\view.html.php on line 50 when visiting Task-view-5

21:21:44 Creating default object from empty value in module\common\lang\menuOrder.php on line 37 when visiting 

21:21:44 Creating default object from empty value in module\common\lang\menuOrder.php on line 38 when visiting 

21:21:44 Declaration of taskModel::delete() should be compatible with that of model::delete() in module\task\model.php on line 496 when visiting workspace-Task

21:21:44 Creating default object from empty value in module\common\lang\menuOrder.php on line 37 when visiting 

21:21:44 Creating default object from empty value in module\common\lang\menuOrder.php on line 38 when visiting 

21:21:44 Declaration of taskModel::delete() should be compatible with that of model::delete() in module\task\model.php on line 496 when visiting Task-viewTask-all

21:21:44 Undefined variable: cur_userpriv in module\task\model.php on line 344 when visiting Task-viewTask-all

21:21:44 Undefined variable: cur_userpriv in module\task\model.php on line 348 when visiting Task-viewTask-all

21:21:44 Attempt to modify property of non-object in module\common\model.php on line 399 when visiting Task-viewTask-all

21:21:45 Creating default object from empty value in module\common\lang\menuOrder.php on line 37 when visiting 

21:21:45 Creating default object from empty value in module\common\lang\menuOrder.php on line 38 when visiting 

21:21:45 Declaration of taskModel::delete() should be compatible with that of model::delete() in module\task\model.php on line 496 when visiting Task-view-4

21:21:45 Undefined variable: cur_userpriv in module\task\model.php on line 344 when visiting Task-view-4

21:21:45 Undefined variable: cur_userpriv in module\task\model.php on line 348 when visiting Task-view-4

21:21:45 Attempt to modify property of non-object in module\common\model.php on line 399 when visiting Task-view-4

21:21:45 Object of class stdClass could not be converted to string in module\task\view\view.html.php on line 40 when visiting Task-view-4

21:21:45 Object of class stdClass could not be converted to string in module\task\view\view.html.php on line 40 when visiting Task-view-4

21:21:45 Object of class stdClass could not be converted to string in module\task\view\view.html.php on line 40 when visiting Task-view-4

21:21:45 Object of class stdClass could not be converted to string in module\task\view\view.html.php on line 40 when visiting Task-view-4

21:21:45 Object of class stdClass could not be converted to string in module\task\view\view.html.php on line 50 when visiting Task-view-4

21:22:13 Creating default object from empty value in module\common\lang\menuOrder.php on line 37 when visiting 

21:22:13 Creating default object from empty value in module\common\lang\menuOrder.php on line 38 when visiting 

21:22:13 Declaration of taskModel::delete() should be compatible with that of model::delete() in module\task\model.php on line 496 when visiting Task-view-4

21:22:13 Undefined variable: cur_userpriv in module\task\model.php on line 344 when visiting Task-view-4

21:22:13 Undefined variable: cur_userpriv in module\task\model.php on line 348 when visiting Task-view-4

21:22:13 Attempt to modify property of non-object in module\common\model.php on line 399 when visiting Task-view-4

21:22:13 Object of class stdClass could not be converted to string in module\task\view\view.html.php on line 42 when visiting Task-view-4

21:22:13 Object of class stdClass could not be converted to string in module\task\view\view.html.php on line 42 when visiting Task-view-4

21:22:13 Object of class stdClass could not be converted to string in module\task\view\view.html.php on line 42 when visiting Task-view-4

21:22:13 Object of class stdClass could not be converted to string in module\task\view\view.html.php on line 42 when visiting Task-view-4

21:22:13 Object of class stdClass could not be converted to string in module\task\view\view.html.php on line 52 when visiting Task-view-4

21:22:27 Creating default object from empty value in module\common\lang\menuOrder.php on line 37 when visiting 

21:22:27 Creating default object from empty value in module\common\lang\menuOrder.php on line 38 when visiting 

21:22:27 Declaration of taskModel::delete() should be compatible with that of model::delete() in module\task\model.php on line 496 when visiting Task-view-4

21:22:27 Undefined variable: cur_userpriv in module\task\model.php on line 344 when visiting Task-view-4

21:22:27 Undefined variable: cur_userpriv in module\task\model.php on line 348 when visiting Task-view-4

21:22:27 Attempt to modify property of non-object in module\common\model.php on line 399 when visiting Task-view-4

21:22:27 Object of class stdClass could not be converted to string in module\task\view\view.html.php on line 40 when visiting Task-view-4

21:22:27 Object of class stdClass could not be converted to string in module\task\view\view.html.php on line 40 when visiting Task-view-4

21:22:27 Object of class stdClass could not be converted to string in module\task\view\view.html.php on line 40 when visiting Task-view-4

21:22:27 Object of class stdClass could not be converted to string in module\task\view\view.html.php on line 40 when visiting Task-view-4

21:22:27 Object of class stdClass could not be converted to string in module\task\view\view.html.php on line 50 when visiting Task-view-4

21:22:30 Creating default object from empty value in module\common\lang\menuOrder.php on line 37 when visiting 

21:22:30 Creating default object from empty value in module\common\lang\menuOrder.php on line 38 when visiting 

21:22:30 Declaration of taskModel::delete() should be compatible with that of model::delete() in module\task\model.php on line 496 when visiting workspace-Task

21:22:30 Creating default object from empty value in module\common\lang\menuOrder.php on line 37 when visiting 

21:22:30 Creating default object from empty value in module\common\lang\menuOrder.php on line 38 when visiting 

21:22:30 Declaration of taskModel::delete() should be compatible with that of model::delete() in module\task\model.php on line 496 when visiting Task-viewTask-all

21:22:30 Undefined variable: cur_userpriv in module\task\model.php on line 344 when visiting Task-viewTask-all

21:22:30 Undefined variable: cur_userpriv in module\task\model.php on line 348 when visiting Task-viewTask-all

21:22:30 Attempt to modify property of non-object in module\common\model.php on line 399 when visiting Task-viewTask-all

21:22:31 Creating default object from empty value in module\common\lang\menuOrder.php on line 37 when visiting 

21:22:31 Creating default object from empty value in module\common\lang\menuOrder.php on line 38 when visiting 

21:22:31 Declaration of taskModel::delete() should be compatible with that of model::delete() in module\task\model.php on line 496 when visiting Task-view-5

21:22:31 Undefined variable: cur_userpriv in module\task\model.php on line 344 when visiting Task-view-5

21:22:31 Undefined variable: cur_userpriv in module\task\model.php on line 348 when visiting Task-view-5

21:22:31 Attempt to modify property of non-object in module\common\model.php on line 399 when visiting Task-view-5

21:22:31 Object of class stdClass could not be converted to string in module\task\view\view.html.php on line 40 when visiting Task-view-5

21:22:31 Object of class stdClass could not be converted to string in module\task\view\view.html.php on line 40 when visiting Task-view-5

21:22:31 Object of class stdClass could not be converted to string in module\task\view\view.html.php on line 50 when visiting Task-view-5

21:22:36 Creating default object from empty value in module\common\lang\menuOrder.php on line 37 when visiting 

21:22:36 Creating default object from empty value in module\common\lang\menuOrder.php on line 38 when visiting 

21:22:36 Declaration of taskModel::delete() should be compatible with that of model::delete() in module\task\model.php on line 496 when visiting workspace-Task

21:22:36 Creating default object from empty value in module\common\lang\menuOrder.php on line 37 when visiting 

21:22:36 Creating default object from empty value in module\common\lang\menuOrder.php on line 38 when visiting 

21:22:36 Declaration of taskModel::delete() should be compatible with that of model::delete() in module\task\model.php on line 496 when visiting Task-viewTask-all

21:22:36 Undefined variable: cur_userpriv in module\task\model.php on line 344 when visiting Task-viewTask-all

21:22:36 Undefined variable: cur_userpriv in module\task\model.php on line 348 when visiting Task-viewTask-all

21:22:36 Attempt to modify property of non-object in module\common\model.php on line 399 when visiting Task-viewTask-all

21:23:31 Creating default object from empty value in module\common\lang\menuOrder.php on line 37 when visiting 

21:23:31 Creating default object from empty value in module\common\lang\menuOrder.php on line 38 when visiting 

21:23:31 Declaration of taskModel::delete() should be compatible with that of model::delete() in module\task\model.php on line 496 when visiting Task-viewTask-all

21:23:31 Undefined variable: cur_userpriv in module\task\model.php on line 344 when visiting Task-viewTask-all

21:23:31 Undefined variable: cur_userpriv in module\task\model.php on line 348 when visiting Task-viewTask-all

21:23:31 Attempt to modify property of non-object in module\common\model.php on line 399 when visiting Task-viewTask-all

21:23:31 Creating default object from empty value in module\common\lang\menuOrder.php on line 37 when visiting 

21:23:31 Creating default object from empty value in module\common\lang\menuOrder.php on line 38 when visiting 

21:23:31 Declaration of taskModel::delete() should be compatible with that of model::delete() in module\task\model.php on line 496 when visiting Task-viewTask-all

21:23:31 Undefined variable: cur_userpriv in module\task\model.php on line 344 when visiting Task-viewTask-all

21:23:31 Undefined variable: cur_userpriv in module\task\model.php on line 348 when visiting Task-viewTask-all

21:23:31 Attempt to modify property of non-object in module\common\model.php on line 399 when visiting Task-viewTask-all

21:24:32 Creating default object from empty value in module\common\lang\menuOrder.php on line 37 when visiting 

21:24:32 Creating default object from empty value in module\common\lang\menuOrder.php on line 38 when visiting 

21:24:32 ERROR: the control file module\misc\control.php not found. in framework\router.class.php on line 971, last called by framework\router.class.php on line 1061 through function setControlFile.
 in framework\router.class.php on line 1577 when visiting misc-ping

22:12:13 Creating default object from empty value in module\common\lang\menuOrder.php on line 37 when visiting 

22:12:13 Creating default object from empty value in module\common\lang\menuOrder.php on line 38 when visiting 

22:12:13 Creating default object from empty value in module\common\lang\menuOrder.php on line 37 when visiting 

22:12:13 Creating default object from empty value in module\common\lang\menuOrder.php on line 38 when visiting 

22:12:13 Missing argument 3 for common::setMenuVars(), called in module\company\model.php on line 25 and defined in module\common\control.php on line 113 when visiting company-setUser

22:12:13 Undefined variable: params in module\common\control.php on line 115 when visiting company-setUser

22:12:13 Undefined variable: params in module\common\control.php on line 133 when visiting company-setUser

22:12:13 Undefined property: stdClass::$user in module\company\control.php on line 63 when visiting company-setUser

22:12:13 Undefined variable: type in module\company\control.php on line 68 when visiting company-setUser

22:12:13 Attempt to modify property of non-object in module\common\model.php on line 399 when visiting company-setUser

22:12:13 Undefined index: co_admin in module\company\view\setUser.html.php on line 45 when visiting company-setUser

22:12:13 Undefined index: 1 in module\company\view\setUser.html.php on line 45 when visiting company-setUser

22:12:13 Undefined variable: canBatchEdit in module\company\view\setUser.html.php on line 71 when visiting company-setUser

22:12:18 Creating default object from empty value in module\common\lang\menuOrder.php on line 37 when visiting 

22:12:18 Creating default object from empty value in module\common\lang\menuOrder.php on line 38 when visiting 

22:12:18 Missing argument 3 for common::setMenuVars(), called in module\company\model.php on line 25 and defined in module\common\control.php on line 113 when visiting user-create

22:12:18 Undefined variable: params in module\common\control.php on line 115 when visiting user-create

22:12:18 Undefined variable: params in module\common\control.php on line 133 when visiting user-create

22:12:18 Attempt to modify property of non-object in module\common\model.php on line 399 when visiting user-create

22:12:28 Creating default object from empty value in module\common\lang\menuOrder.php on line 37 when visiting 

22:12:28 Creating default object from empty value in module\common\lang\menuOrder.php on line 38 when visiting 

22:12:28 Missing argument 3 for common::setMenuVars(), called in module\company\model.php on line 25 and defined in module\common\control.php on line 113 when visiting user-create

22:12:28 Undefined variable: params in module\common\control.php on line 115 when visiting user-create

22:12:28 Undefined variable: params in module\common\control.php on line 133 when visiting user-create

22:12:28 Creating default object from empty value in module\common\lang\menuOrder.php on line 37 when visiting 

22:12:28 Creating default object from empty value in module\common\lang\menuOrder.php on line 38 when visiting 

22:12:28 Missing argument 3 for common::setMenuVars(), called in module\company\model.php on line 25 and defined in module\common\control.php on line 113 when visiting company-setUser

22:12:28 Undefined variable: params in module\common\control.php on line 115 when visiting company-setUser

22:12:28 Undefined variable: params in module\common\control.php on line 133 when visiting company-setUser

22:12:28 Undefined property: stdClass::$user in module\company\control.php on line 63 when visiting company-setUser

22:12:28 Undefined variable: type in module\company\control.php on line 68 when visiting company-setUser

22:12:28 Attempt to modify property of non-object in module\common\model.php on line 399 when visiting company-setUser

22:12:28 Undefined index: co_admin in module\company\view\setUser.html.php on line 45 when visiting company-setUser

22:12:28 Undefined index: 1 in module\company\view\setUser.html.php on line 45 when visiting company-setUser

22:12:28 Undefined variable: canBatchEdit in module\company\view\setUser.html.php on line 71 when visiting company-setUser

22:12:32 Creating default object from empty value in module\common\lang\menuOrder.php on line 37 when visiting 

22:12:32 Creating default object from empty value in module\common\lang\menuOrder.php on line 38 when visiting 

22:12:32 Missing argument 3 for common::setMenuVars(), called in module\company\model.php on line 25 and defined in module\common\control.php on line 113 when visiting company-setUser

22:12:32 Undefined variable: params in module\common\control.php on line 115 when visiting company-setUser

22:12:32 Undefined variable: params in module\common\control.php on line 133 when visiting company-setUser

22:12:32 Undefined property: stdClass::$user in module\company\control.php on line 63 when visiting company-setUser

22:12:32 Undefined variable: type in module\company\control.php on line 68 when visiting company-setUser

22:12:32 Attempt to modify property of non-object in module\common\model.php on line 399 when visiting company-setUser

22:12:32 Undefined index: co_admin in module\company\view\setUser.html.php on line 45 when visiting company-setUser

22:12:32 Undefined index: 1 in module\company\view\setUser.html.php on line 45 when visiting company-setUser

22:12:32 Undefined variable: canBatchEdit in module\company\view\setUser.html.php on line 71 when visiting company-setUser

22:12:33 Creating default object from empty value in module\common\lang\menuOrder.php on line 37 when visiting 

22:12:33 Creating default object from empty value in module\common\lang\menuOrder.php on line 38 when visiting 

22:12:33 Missing argument 3 for common::setMenuVars(), called in module\company\model.php on line 25 and defined in module\common\control.php on line 113 when visiting company-setUser

22:12:33 Undefined variable: params in module\common\control.php on line 115 when visiting company-setUser

22:12:33 Undefined variable: params in module\common\control.php on line 133 when visiting company-setUser

22:12:33 Undefined property: stdClass::$user in module\company\control.php on line 63 when visiting company-setUser

22:12:33 Undefined variable: type in module\company\control.php on line 68 when visiting company-setUser

22:12:33 Attempt to modify property of non-object in module\common\model.php on line 399 when visiting company-setUser

22:12:33 Undefined index: co_admin in module\company\view\setUser.html.php on line 45 when visiting company-setUser

22:12:33 Undefined index: 1 in module\company\view\setUser.html.php on line 45 when visiting company-setUser

22:12:33 Undefined variable: canBatchEdit in module\company\view\setUser.html.php on line 71 when visiting company-setUser

22:12:34 Creating default object from empty value in module\common\lang\menuOrder.php on line 37 when visiting 

22:12:34 Creating default object from empty value in module\common\lang\menuOrder.php on line 38 when visiting 

22:12:35 Missing argument 3 for common::setMenuVars(), called in module\company\model.php on line 25 and defined in module\common\control.php on line 113 when visiting company-setUser

22:12:35 Undefined variable: params in module\common\control.php on line 115 when visiting company-setUser

22:12:35 Undefined variable: params in module\common\control.php on line 133 when visiting company-setUser

22:12:35 Undefined property: stdClass::$user in module\company\control.php on line 63 when visiting company-setUser

22:12:35 Undefined variable: type in module\company\control.php on line 68 when visiting company-setUser

22:12:35 Attempt to modify property of non-object in module\common\model.php on line 399 when visiting company-setUser

22:12:35 Undefined index: co_admin in module\company\view\setUser.html.php on line 45 when visiting company-setUser

22:12:35 Undefined index: 1 in module\company\view\setUser.html.php on line 45 when visiting company-setUser

22:12:35 Undefined variable: canBatchEdit in module\company\view\setUser.html.php on line 71 when visiting company-setUser

22:12:42 Creating default object from empty value in module\common\lang\menuOrder.php on line 37 when visiting 

22:12:42 Creating default object from empty value in module\common\lang\menuOrder.php on line 38 when visiting 

22:12:42 Missing argument 3 for common::setMenuVars(), called in module\company\model.php on line 25 and defined in module\common\control.php on line 113 when visiting user-delete-sada-yes

22:12:42 Undefined variable: params in module\common\control.php on line 115 when visiting user-delete-sada-yes

22:12:42 Undefined variable: params in module\common\control.php on line 133 when visiting user-delete-sada-yes

22:12:42 Call to undefined method userModel::getByID() in module\user\control.php on line 381 when visiting user-delete-sada-yes

22:12:45 Creating default object from empty value in module\common\lang\menuOrder.php on line 37 when visiting 

22:12:45 Creating default object from empty value in module\common\lang\menuOrder.php on line 38 when visiting 

22:12:45 Missing argument 3 for common::setMenuVars(), called in module\company\model.php on line 25 and defined in module\common\control.php on line 113 when visiting company-setUser

22:12:45 Undefined variable: params in module\common\control.php on line 115 when visiting company-setUser

22:12:45 Undefined variable: params in module\common\control.php on line 133 when visiting company-setUser

22:12:45 Undefined property: stdClass::$user in module\company\control.php on line 63 when visiting company-setUser

22:12:45 Undefined variable: type in module\company\control.php on line 68 when visiting company-setUser

22:12:45 Attempt to modify property of non-object in module\common\model.php on line 399 when visiting company-setUser

22:12:45 Undefined index: co_admin in module\company\view\setUser.html.php on line 45 when visiting company-setUser

22:12:45 Undefined index: 1 in module\company\view\setUser.html.php on line 45 when visiting company-setUser

22:12:45 Undefined variable: canBatchEdit in module\company\view\setUser.html.php on line 71 when visiting company-setUser

22:12:46 Creating default object from empty value in module\common\lang\menuOrder.php on line 37 when visiting 

22:12:46 Creating default object from empty value in module\common\lang\menuOrder.php on line 38 when visiting 

22:12:47 Missing argument 3 for common::setMenuVars(), called in module\company\model.php on line 25 and defined in module\common\control.php on line 113 when visiting company-setUser

22:12:47 Undefined variable: params in module\common\control.php on line 115 when visiting company-setUser

22:12:47 Undefined variable: params in module\common\control.php on line 133 when visiting company-setUser

22:12:47 Undefined property: stdClass::$user in module\company\control.php on line 63 when visiting company-setUser

22:12:47 Undefined variable: type in module\company\control.php on line 68 when visiting company-setUser

22:12:47 Attempt to modify property of non-object in module\common\model.php on line 399 when visiting company-setUser

22:12:47 Undefined index: co_admin in module\company\view\setUser.html.php on line 45 when visiting company-setUser

22:12:47 Undefined index: 1 in module\company\view\setUser.html.php on line 45 when visiting company-setUser

22:12:47 Undefined variable: canBatchEdit in module\company\view\setUser.html.php on line 71 when visiting company-setUser

22:12:47 Creating default object from empty value in module\common\lang\menuOrder.php on line 37 when visiting 

22:12:47 Creating default object from empty value in module\common\lang\menuOrder.php on line 38 when visiting 

22:12:47 Missing argument 3 for common::setMenuVars(), called in module\company\model.php on line 25 and defined in module\common\control.php on line 113 when visiting company-setUser

22:12:47 Undefined variable: params in module\common\control.php on line 115 when visiting company-setUser

22:12:47 Undefined variable: params in module\common\control.php on line 133 when visiting company-setUser

22:12:47 Undefined property: stdClass::$user in module\company\control.php on line 63 when visiting company-setUser

22:12:47 Undefined variable: type in module\company\control.php on line 68 when visiting company-setUser

22:12:47 Attempt to modify property of non-object in module\common\model.php on line 399 when visiting company-setUser

22:12:47 Undefined index: co_admin in module\company\view\setUser.html.php on line 45 when visiting company-setUser

22:12:47 Undefined index: 1 in module\company\view\setUser.html.php on line 45 when visiting company-setUser

22:12:47 Undefined variable: canBatchEdit in module\company\view\setUser.html.php on line 71 when visiting company-setUser

22:12:48 Creating default object from empty value in module\common\lang\menuOrder.php on line 37 when visiting 

22:12:48 Creating default object from empty value in module\common\lang\menuOrder.php on line 38 when visiting 

22:12:48 Missing argument 3 for common::setMenuVars(), called in module\company\model.php on line 25 and defined in module\common\control.php on line 113 when visiting company-setUser

22:12:48 Undefined variable: params in module\common\control.php on line 115 when visiting company-setUser

22:12:48 Undefined variable: params in module\common\control.php on line 133 when visiting company-setUser

22:12:48 Undefined property: stdClass::$user in module\company\control.php on line 63 when visiting company-setUser

22:12:48 Undefined variable: type in module\company\control.php on line 68 when visiting company-setUser

22:12:48 Attempt to modify property of non-object in module\common\model.php on line 399 when visiting company-setUser

22:12:48 Undefined index: co_admin in module\company\view\setUser.html.php on line 45 when visiting company-setUser

22:12:48 Undefined index: 1 in module\company\view\setUser.html.php on line 45 when visiting company-setUser

22:12:49 Undefined variable: canBatchEdit in module\company\view\setUser.html.php on line 71 when visiting company-setUser

22:13:49 Creating default object from empty value in module\common\lang\menuOrder.php on line 37 when visiting 

22:13:49 Creating default object from empty value in module\common\lang\menuOrder.php on line 38 when visiting 

22:13:49 ERROR: the control file module\misc\control.php not found. in framework\router.class.php on line 971, last called by framework\router.class.php on line 1061 through function setControlFile.
 in framework\router.class.php on line 1577 when visiting misc-ping

22:15:16 Creating default object from empty value in module\common\lang\menuOrder.php on line 37 when visiting 

22:15:16 Creating default object from empty value in module\common\lang\menuOrder.php on line 38 when visiting 

22:15:16 Missing argument 3 for common::setMenuVars(), called in module\company\model.php on line 25 and defined in module\common\control.php on line 113 when visiting company-setUser

22:15:16 Undefined variable: params in module\common\control.php on line 115 when visiting company-setUser

22:15:16 Undefined variable: params in module\common\control.php on line 133 when visiting company-setUser

22:15:16 Undefined property: stdClass::$user in module\company\control.php on line 63 when visiting company-setUser

22:15:16 Undefined variable: type in module\company\control.php on line 68 when visiting company-setUser

22:15:16 Attempt to modify property of non-object in module\common\model.php on line 399 when visiting company-setUser

22:15:16 Undefined index: co_admin in module\company\view\setUser.html.php on line 45 when visiting company-setUser

22:15:16 Undefined index: 1 in module\company\view\setUser.html.php on line 45 when visiting company-setUser

22:15:16 Undefined variable: canBatchEdit in module\company\view\setUser.html.php on line 71 when visiting company-setUser

22:15:20 Creating default object from empty value in module\common\lang\menuOrder.php on line 37 when visiting 

22:15:20 Creating default object from empty value in module\common\lang\menuOrder.php on line 38 when visiting 

22:15:20 Missing argument 3 for common::setMenuVars(), called in module\company\model.php on line 25 and defined in module\common\control.php on line 113 when visiting user-delete-sada-yes

22:15:20 Undefined variable: params in module\common\control.php on line 115 when visiting user-delete-sada-yes

22:15:20 Undefined variable: params in module\common\control.php on line 133 when visiting user-delete-sada-yes

22:15:21 Creating default object from empty value in module\common\lang\menuOrder.php on line 37 when visiting 

22:15:21 Creating default object from empty value in module\common\lang\menuOrder.php on line 38 when visiting 

22:15:21 Missing argument 3 for common::setMenuVars(), called in module\company\model.php on line 25 and defined in module\common\control.php on line 113 when visiting company-setUser

22:15:21 Undefined variable: params in module\common\control.php on line 115 when visiting company-setUser

22:15:21 Undefined variable: params in module\common\control.php on line 133 when visiting company-setUser

22:15:21 Undefined property: stdClass::$user in module\company\control.php on line 63 when visiting company-setUser

22:15:21 Undefined variable: type in module\company\control.php on line 68 when visiting company-setUser

22:15:21 Attempt to modify property of non-object in module\common\model.php on line 399 when visiting company-setUser

22:15:21 Undefined index: co_admin in module\company\view\setUser.html.php on line 45 when visiting company-setUser

22:15:21 Undefined index: 1 in module\company\view\setUser.html.php on line 45 when visiting company-setUser

22:15:21 Undefined variable: canBatchEdit in module\company\view\setUser.html.php on line 71 when visiting company-setUser

22:15:22 Creating default object from empty value in module\common\lang\menuOrder.php on line 37 when visiting 

22:15:22 Creating default object from empty value in module\common\lang\menuOrder.php on line 38 when visiting 

22:15:22 Missing argument 3 for common::setMenuVars(), called in module\company\model.php on line 25 and defined in module\common\control.php on line 113 when visiting company-setUser

22:15:22 Undefined variable: params in module\common\control.php on line 115 when visiting company-setUser

22:15:22 Undefined variable: params in module\common\control.php on line 133 when visiting company-setUser

22:15:22 Undefined property: stdClass::$user in module\company\control.php on line 63 when visiting company-setUser

22:15:22 Undefined variable: type in module\company\control.php on line 68 when visiting company-setUser

22:15:22 Attempt to modify property of non-object in module\common\model.php on line 399 when visiting company-setUser

22:15:22 Undefined index: co_admin in module\company\view\setUser.html.php on line 45 when visiting company-setUser

22:15:22 Undefined index: 1 in module\company\view\setUser.html.php on line 45 when visiting company-setUser

22:15:22 Undefined variable: canBatchEdit in module\company\view\setUser.html.php on line 71 when visiting company-setUser

22:15:23 Creating default object from empty value in module\common\lang\menuOrder.php on line 37 when visiting 

22:15:23 Creating default object from empty value in module\common\lang\menuOrder.php on line 38 when visiting 

22:15:23 Missing argument 3 for common::setMenuVars(), called in module\company\model.php on line 25 and defined in module\common\control.php on line 113 when visiting company-setUser

22:15:23 Undefined variable: params in module\common\control.php on line 115 when visiting company-setUser

22:15:23 Undefined variable: params in module\common\control.php on line 133 when visiting company-setUser

22:15:23 Undefined property: stdClass::$user in module\company\control.php on line 63 when visiting company-setUser

22:15:23 Undefined variable: type in module\company\control.php on line 68 when visiting company-setUser

22:15:23 Attempt to modify property of non-object in module\common\model.php on line 399 when visiting company-setUser

22:15:23 Undefined index: co_admin in module\company\view\setUser.html.php on line 45 when visiting company-setUser

22:15:23 Undefined index: 1 in module\company\view\setUser.html.php on line 45 when visiting company-setUser

22:15:23 Undefined variable: canBatchEdit in module\company\view\setUser.html.php on line 71 when visiting company-setUser

22:15:24 Creating default object from empty value in module\common\lang\menuOrder.php on line 37 when visiting 

22:15:24 Creating default object from empty value in module\common\lang\menuOrder.php on line 38 when visiting 

22:15:24 Missing argument 3 for common::setMenuVars(), called in module\company\model.php on line 25 and defined in module\common\control.php on line 113 when visiting company-setUser

22:15:24 Undefined variable: params in module\common\control.php on line 115 when visiting company-setUser

22:15:24 Undefined variable: params in module\common\control.php on line 133 when visiting company-setUser

22:15:24 Undefined property: stdClass::$user in module\company\control.php on line 63 when visiting company-setUser

22:15:24 Undefined variable: type in module\company\control.php on line 68 when visiting company-setUser

22:15:24 Attempt to modify property of non-object in module\common\model.php on line 399 when visiting company-setUser

22:15:24 Undefined index: co_admin in module\company\view\setUser.html.php on line 45 when visiting company-setUser

22:15:24 Undefined index: 1 in module\company\view\setUser.html.php on line 45 when visiting company-setUser

22:15:24 Undefined variable: canBatchEdit in module\company\view\setUser.html.php on line 71 when visiting company-setUser

22:16:06 Creating default object from empty value in module\common\lang\menuOrder.php on line 37 when visiting 

22:16:06 Creating default object from empty value in module\common\lang\menuOrder.php on line 38 when visiting 

22:16:06 Missing argument 3 for common::setMenuVars(), called in module\company\model.php on line 25 and defined in module\common\control.php on line 113 when visiting company-setUser

22:16:06 Undefined variable: params in module\common\control.php on line 115 when visiting company-setUser

22:16:06 Undefined variable: params in module\common\control.php on line 133 when visiting company-setUser

22:16:06 Undefined property: stdClass::$user in module\company\control.php on line 63 when visiting company-setUser

22:16:06 Undefined variable: type in module\company\control.php on line 68 when visiting company-setUser

22:16:06 Attempt to modify property of non-object in module\common\model.php on line 399 when visiting company-setUser

22:16:06 Undefined index: co_admin in module\company\view\setUser.html.php on line 45 when visiting company-setUser

22:16:06 Undefined index: 1 in module\company\view\setUser.html.php on line 45 when visiting company-setUser

22:16:06 Undefined variable: canBatchEdit in module\company\view\setUser.html.php on line 71 when visiting company-setUser

22:16:35 Creating default object from empty value in module\common\lang\menuOrder.php on line 37 when visiting 

22:16:35 Creating default object from empty value in module\common\lang\menuOrder.php on line 38 when visiting 

22:16:35 Missing argument 3 for common::setMenuVars(), called in module\company\model.php on line 25 and defined in module\common\control.php on line 113 when visiting company-setUser

22:16:35 Undefined variable: params in module\common\control.php on line 115 when visiting company-setUser

22:16:35 Undefined variable: params in module\common\control.php on line 133 when visiting company-setUser

22:16:35 Undefined property: stdClass::$user in module\company\control.php on line 63 when visiting company-setUser

22:16:35 Undefined variable: type in module\company\control.php on line 68 when visiting company-setUser

22:16:36 Attempt to modify property of non-object in module\common\model.php on line 399 when visiting company-setUser

22:16:36 Undefined index: co_admin in module\company\view\setUser.html.php on line 45 when visiting company-setUser

22:16:36 Undefined index: 1 in module\company\view\setUser.html.php on line 45 when visiting company-setUser

22:16:36 Undefined variable: canBatchEdit in module\company\view\setUser.html.php on line 71 when visiting company-setUser

22:17:37 Creating default object from empty value in module\common\lang\menuOrder.php on line 37 when visiting 

22:17:37 Creating default object from empty value in module\common\lang\menuOrder.php on line 38 when visiting 

22:17:37 ERROR: the control file module\misc\control.php not found. in framework\router.class.php on line 971, last called by framework\router.class.php on line 1061 through function setControlFile.
 in framework\router.class.php on line 1577 when visiting misc-ping

22:18:15 Creating default object from empty value in module\common\lang\menuOrder.php on line 37 when visiting 

22:18:15 Creating default object from empty value in module\common\lang\menuOrder.php on line 38 when visiting 

22:18:15 Missing argument 3 for common::setMenuVars(), called in module\company\model.php on line 25 and defined in module\common\control.php on line 113 when visiting company-setUser

22:18:15 Undefined variable: params in module\common\control.php on line 115 when visiting company-setUser

22:18:15 Undefined variable: params in module\common\control.php on line 133 when visiting company-setUser

22:18:15 Undefined property: stdClass::$user in module\company\control.php on line 63 when visiting company-setUser

22:18:15 Undefined variable: type in module\company\control.php on line 68 when visiting company-setUser

22:18:15 Attempt to modify property of non-object in module\common\model.php on line 399 when visiting company-setUser

22:18:15 Undefined index: co_admin in module\company\view\setUser.html.php on line 45 when visiting company-setUser

22:18:15 Undefined index: 1 in module\company\view\setUser.html.php on line 45 when visiting company-setUser

22:18:15 Undefined variable: canBatchEdit in module\company\view\setUser.html.php on line 71 when visiting company-setUser

22:19:16 Creating default object from empty value in module\common\lang\menuOrder.php on line 37 when visiting 

22:19:16 Creating default object from empty value in module\common\lang\menuOrder.php on line 38 when visiting 

22:19:16 ERROR: the control file module\misc\control.php not found. in framework\router.class.php on line 971, last called by framework\router.class.php on line 1061 through function setControlFile.
 in framework\router.class.php on line 1577 when visiting misc-ping
