
16:48:40 Creating default object from empty value in module\common\lang\menuOrder.php on line 39 when visiting 

16:48:40 Creating default object from empty value in module\common\lang\menuOrder.php on line 39 when visiting 

16:48:40 Missing argument 3 for common::setMenuVars(), called in module\company\model.php on line 25 and defined in module\common\control.php on line 103 when visiting user-login-L29hL3d3dy8=

16:48:40 Undefined variable: params in module\common\control.php on line 105 when visiting user-login-L29hL3d3dy8=

16:48:40 Undefined variable: params in module\common\control.php on line 123 when visiting user-login-L29hL3d3dy8=

16:48:40 Undefined property: stdClass::$title in module\personalinfo\config.php on line 20 when visiting user-login-L29hL3d3dy8=

16:48:40 Undefined property: stdClass::$id in module\personalinfo\config.php on line 21 when visiting user-login-L29hL3d3dy8=

16:48:40 Undefined property: stdClass::$keywords in module\personalinfo\config.php on line 22 when visiting user-login-L29hL3d3dy8=

16:48:40 Undefined property: stdClass::$product in module\personalinfo\config.php on line 23 when visiting user-login-L29hL3d3dy8=

16:48:40 Undefined property: stdClass::$project in module\personalinfo\config.php on line 24 when visiting user-login-L29hL3d3dy8=

16:48:40 Undefined property: stdClass::$type in module\personalinfo\config.php on line 25 when visiting user-login-L29hL3d3dy8=

16:48:40 Undefined property: stdClass::$module in module\personalinfo\config.php on line 26 when visiting user-login-L29hL3d3dy8=

16:48:40 Undefined property: stdClass::$lib in module\personalinfo\config.php on line 27 when visiting user-login-L29hL3d3dy8=

16:48:40 Undefined property: stdClass::$digest in module\personalinfo\config.php on line 28 when visiting user-login-L29hL3d3dy8=

16:48:40 Undefined property: stdClass::$content in module\personalinfo\config.php on line 29 when visiting user-login-L29hL3d3dy8=

16:48:40 Undefined property: stdClass::$url in module\personalinfo\config.php on line 30 when visiting user-login-L29hL3d3dy8=

16:48:40 Undefined property: stdClass::$addedBy in module\personalinfo\config.php on line 31 when visiting user-login-L29hL3d3dy8=

16:48:40 Undefined property: stdClass::$addedDate in module\personalinfo\config.php on line 32 when visiting user-login-L29hL3d3dy8=

16:48:40 Undefined property: stdClass::$editedBy in module\personalinfo\config.php on line 33 when visiting user-login-L29hL3d3dy8=

16:48:40 Undefined property: stdClass::$editedDate in module\personalinfo\config.php on line 34 when visiting user-login-L29hL3d3dy8=

16:48:40 Undefined property: stdClass::$types in module\personalinfo\config.php on line 41 when visiting user-login-L29hL3d3dy8=

16:49:20 Creating default object from empty value in module\common\lang\menuOrder.php on line 39 when visiting 

16:49:20 Missing argument 3 for common::setMenuVars(), called in module\company\model.php on line 25 and defined in module\common\control.php on line 103 when visiting user-login-L29hL3d3dy8=

16:49:20 Undefined variable: params in module\common\control.php on line 105 when visiting user-login-L29hL3d3dy8=

16:49:20 Undefined variable: params in module\common\control.php on line 123 when visiting user-login-L29hL3d3dy8=

16:49:20 Undefined property: stdClass::$title in module\personalinfo\config.php on line 20 when visiting user-login-L29hL3d3dy8=

16:49:20 Undefined property: stdClass::$id in module\personalinfo\config.php on line 21 when visiting user-login-L29hL3d3dy8=

16:49:20 Undefined property: stdClass::$keywords in module\personalinfo\config.php on line 22 when visiting user-login-L29hL3d3dy8=

16:49:20 Undefined property: stdClass::$product in module\personalinfo\config.php on line 23 when visiting user-login-L29hL3d3dy8=

16:49:20 Undefined property: stdClass::$project in module\personalinfo\config.php on line 24 when visiting user-login-L29hL3d3dy8=

16:49:20 Undefined property: stdClass::$type in module\personalinfo\config.php on line 25 when visiting user-login-L29hL3d3dy8=

16:49:20 Undefined property: stdClass::$module in module\personalinfo\config.php on line 26 when visiting user-login-L29hL3d3dy8=

16:49:20 Undefined property: stdClass::$lib in module\personalinfo\config.php on line 27 when visiting user-login-L29hL3d3dy8=

16:49:20 Undefined property: stdClass::$digest in module\personalinfo\config.php on line 28 when visiting user-login-L29hL3d3dy8=

16:49:20 Undefined property: stdClass::$content in module\personalinfo\config.php on line 29 when visiting user-login-L29hL3d3dy8=

16:49:20 Undefined property: stdClass::$url in module\personalinfo\config.php on line 30 when visiting user-login-L29hL3d3dy8=

16:49:20 Undefined property: stdClass::$addedBy in module\personalinfo\config.php on line 31 when visiting user-login-L29hL3d3dy8=

16:49:20 Undefined property: stdClass::$addedDate in module\personalinfo\config.php on line 32 when visiting user-login-L29hL3d3dy8=

16:49:20 Undefined property: stdClass::$editedBy in module\personalinfo\config.php on line 33 when visiting user-login-L29hL3d3dy8=

16:49:20 Undefined property: stdClass::$editedDate in module\personalinfo\config.php on line 34 when visiting user-login-L29hL3d3dy8=

16:49:20 Undefined property: stdClass::$types in module\personalinfo\config.php on line 41 when visiting user-login-L29hL3d3dy8=

16:49:20 Undefined index: account in lib\dao\dao.class.php on line 615 when visiting user-login-L29hL3d3dy8=

16:49:20 Use of undefined constant t1 - assumed 't1' in module\user\model.php on line 754 when visiting user-login-L29hL3d3dy8=

16:49:20 Use of undefined constant t2 - assumed 't2' in module\user\model.php on line 756 when visiting user-login-L29hL3d3dy8=

16:49:20 Use of undefined constant t3 - assumed 't3' in module\user\model.php on line 758 when visiting user-login-L29hL3d3dy8=

16:49:20 Creating default object from empty value in module\action\lang\zh-cn.php on line 12 when visiting user-login-L29hL3d3dy8=

16:49:20 Creating default object from empty value in module\common\lang\menuOrder.php on line 39 when visiting 

16:49:21 Creating default object from empty value in module\common\lang\menuOrder.php on line 39 when visiting 

16:49:21 Undefined property: stdClass::$role in module\my\model.php on line 27 when visiting my

16:49:21 Declaration of taskModel::delete() should be compatible with model::delete($table, $id) in module\task\model.php on line 941 when visiting my

16:49:21 Declaration of problemModel::delete() should be compatible with model::delete($table, $id) in module\problem\model.php on line 430 when visiting my

16:49:21 Declaration of noticeModel::delete() should be compatible with model::delete($table, $id) in module\notice\model.php on line 314 when visiting my

16:49:21 Creating default object from empty value in module\notice\config.php on line 4 when visiting my

16:49:21 Use of undefined constant t1 - assumed 't1' in module\task\model.php on line 440 when visiting my

16:49:21 Use of undefined constant t2 - assumed 't2' in module\task\model.php on line 441 when visiting my

16:49:21 Creating default object from empty value in module\statistics\config.php on line 4 when visiting my

16:49:21 Creating default object from empty value in module\statistics\config.php on line 5 when visiting my

16:49:21 Creating default object from empty value in module\statistics\config.php on line 6 when visiting my

16:49:21 Creating default object from empty value in module\statistics\config.php on line 7 when visiting my

16:49:21 Creating default object from empty value in module\statistics\config.php on line 8 when visiting my

16:49:21 Creating default object from empty value in module\statistics\config.php on line 9 when visiting my

16:49:21 Creating default object from empty value in module\statistics\config.php on line 10 when visiting my

16:49:21 Use of undefined constant t1 - assumed 't1' in module\problem\model.php on line 41 when visiting my

16:49:21 Use of undefined constant t2 - assumed 't2' in module\problem\model.php on line 42 when visiting my

16:49:21 Use of undefined constant t1 - assumed 't1' in module\notice\model.php on line 168 when visiting my

16:49:21 Use of undefined constant t2 - assumed 't2' in module\notice\model.php on line 169 when visiting my

16:49:21 Undefined property: language::$chooseUsersToMail in module\common\view\chosen.html.php on line 11 when visiting my

16:49:21 Attempt to modify property of non-object in module\common\model.php on line 367 when visiting my

16:49:27 Creating default object from empty value in module\common\lang\menuOrder.php on line 39 when visiting 

16:49:27 Undefined property: stdClass::$role in module\my\model.php on line 27 when visiting my

16:49:27 Declaration of taskModel::delete() should be compatible with model::delete($table, $id) in module\task\model.php on line 941 when visiting my

16:49:27 Declaration of problemModel::delete() should be compatible with model::delete($table, $id) in module\problem\model.php on line 430 when visiting my

16:49:27 Declaration of noticeModel::delete() should be compatible with model::delete($table, $id) in module\notice\model.php on line 314 when visiting my

16:49:27 Creating default object from empty value in module\notice\config.php on line 4 when visiting my

16:49:27 Use of undefined constant t1 - assumed 't1' in module\task\model.php on line 440 when visiting my

16:49:27 Use of undefined constant t2 - assumed 't2' in module\task\model.php on line 441 when visiting my

16:49:27 Creating default object from empty value in module\statistics\config.php on line 4 when visiting my

16:49:27 Creating default object from empty value in module\statistics\config.php on line 5 when visiting my

16:49:27 Creating default object from empty value in module\statistics\config.php on line 6 when visiting my

16:49:27 Creating default object from empty value in module\statistics\config.php on line 7 when visiting my

16:49:27 Creating default object from empty value in module\statistics\config.php on line 8 when visiting my

16:49:27 Creating default object from empty value in module\statistics\config.php on line 9 when visiting my

16:49:27 Creating default object from empty value in module\statistics\config.php on line 10 when visiting my

16:49:27 Use of undefined constant t1 - assumed 't1' in module\problem\model.php on line 41 when visiting my

16:49:27 Use of undefined constant t2 - assumed 't2' in module\problem\model.php on line 42 when visiting my

16:49:27 Use of undefined constant t1 - assumed 't1' in module\notice\model.php on line 168 when visiting my

16:49:27 Use of undefined constant t2 - assumed 't2' in module\notice\model.php on line 169 when visiting my

16:49:27 Undefined property: language::$chooseUsersToMail in module\common\view\chosen.html.php on line 11 when visiting my

16:49:27 Attempt to modify property of non-object in module\common\model.php on line 367 when visiting my

16:50:28 Creating default object from empty value in module\common\lang\menuOrder.php on line 39 when visiting 

16:50:38 Creating default object from empty value in module\common\lang\menuOrder.php on line 39 when visiting 

16:50:38 Declaration of taskModel::delete() should be compatible with model::delete($table, $id) in module\task\model.php on line 941 when visiting task-viewGroup-17

16:50:38 Creating default object from empty value in module\action\lang\zh-cn.php on line 12 when visiting task-viewGroup-17

16:50:38 Use of undefined constant G - assumed 'G' in module\tutorial\lang\zh-cn.php on line 39 when visiting task-viewGroup-17

16:50:38 Use of undefined constant T - assumed 'T' in module\tutorial\lang\zh-cn.php on line 40 when visiting task-viewGroup-17

16:50:38 Use of undefined constant R - assumed 'R' in module\tutorial\lang\zh-cn.php on line 41 when visiting task-viewGroup-17

16:50:38 Use of undefined constant P - assumed 'P' in module\tutorial\lang\zh-cn.php on line 42 when visiting task-viewGroup-17

16:50:38 Use of undefined constant G - assumed 'G' in module\tutorial\lang\zh-cn.php on line 44 when visiting task-viewGroup-17

16:50:38 Use of undefined constant T - assumed 'T' in module\tutorial\lang\zh-cn.php on line 45 when visiting task-viewGroup-17

16:50:38 Use of undefined constant R - assumed 'R' in module\tutorial\lang\zh-cn.php on line 46 when visiting task-viewGroup-17

16:50:38 Use of undefined constant P - assumed 'P' in module\tutorial\lang\zh-cn.php on line 47 when visiting task-viewGroup-17

16:50:38 Use of undefined constant G - assumed 'G' in module\tutorial\lang\zh-cn.php on line 49 when visiting task-viewGroup-17

16:50:38 Use of undefined constant T - assumed 'T' in module\tutorial\lang\zh-cn.php on line 50 when visiting task-viewGroup-17

16:50:38 Use of undefined constant R - assumed 'R' in module\tutorial\lang\zh-cn.php on line 51 when visiting task-viewGroup-17

16:50:38 Use of undefined constant P - assumed 'P' in module\tutorial\lang\zh-cn.php on line 52 when visiting task-viewGroup-17

16:50:38 Undefined variable: lang in module\tutorial\config.php on line 8 when visiting task-viewGroup-17

16:50:38 Trying to get property of non-object in module\tutorial\config.php on line 8 when visiting task-viewGroup-17

16:50:38 Trying to get property of non-object in module\tutorial\config.php on line 8 when visiting task-viewGroup-17

16:50:38 Undefined variable: lang in module\tutorial\config.php on line 9 when visiting task-viewGroup-17

16:50:38 Trying to get property of non-object in module\tutorial\config.php on line 9 when visiting task-viewGroup-17

16:50:38 Trying to get property of non-object in module\tutorial\config.php on line 9 when visiting task-viewGroup-17

16:50:38 Undefined variable: setImgSize in module\task\model.php on line 298 when visiting task-viewGroup-17

16:50:38 Creating default object from empty value in module\task\model.php on line 302 when visiting task-viewGroup-17

16:50:38 Undefined property: language::$chooseUsersToMail in module\common\view\chosen.html.php on line 11 when visiting task-viewGroup-17

16:50:38 Attempt to modify property of non-object in module\common\model.php on line 367 when visiting task-viewGroup-17

16:50:38 Undefined property: stdClass::$isG in module\task\view\viewgroup.html.php on line 100 when visiting task-viewGroup-17

16:50:38 Undefined property: stdClass::$isG in module\task\view\viewgroup.html.php on line 109 when visiting task-viewGroup-17

16:50:38 Undefined variable: comment in module\task\view\viewgroup.html.php on line 170 when visiting task-viewGroup-17

16:50:53 Creating default object from empty value in module\common\lang\menuOrder.php on line 39 when visiting 

16:50:53 Declaration of taskModel::delete() should be compatible with model::delete($table, $id) in module\task\model.php on line 941 when visiting workspace-viewProblem

16:50:53 Declaration of projectModel::delete() should be compatible with model::delete($table, $id) in module\project\model.php on line 425 when visiting workspace-viewProblem

16:50:53 Use of undefined constant G - assumed 'G' in module\tutorial\lang\zh-cn.php on line 39 when visiting workspace-viewProblem

16:50:53 Use of undefined constant T - assumed 'T' in module\tutorial\lang\zh-cn.php on line 40 when visiting workspace-viewProblem

16:50:53 Use of undefined constant R - assumed 'R' in module\tutorial\lang\zh-cn.php on line 41 when visiting workspace-viewProblem

16:50:53 Use of undefined constant P - assumed 'P' in module\tutorial\lang\zh-cn.php on line 42 when visiting workspace-viewProblem

16:50:53 Use of undefined constant G - assumed 'G' in module\tutorial\lang\zh-cn.php on line 44 when visiting workspace-viewProblem

16:50:53 Use of undefined constant T - assumed 'T' in module\tutorial\lang\zh-cn.php on line 45 when visiting workspace-viewProblem

16:50:53 Use of undefined constant R - assumed 'R' in module\tutorial\lang\zh-cn.php on line 46 when visiting workspace-viewProblem

16:50:53 Use of undefined constant P - assumed 'P' in module\tutorial\lang\zh-cn.php on line 47 when visiting workspace-viewProblem

16:50:53 Use of undefined constant G - assumed 'G' in module\tutorial\lang\zh-cn.php on line 49 when visiting workspace-viewProblem

16:50:53 Use of undefined constant T - assumed 'T' in module\tutorial\lang\zh-cn.php on line 50 when visiting workspace-viewProblem

16:50:53 Use of undefined constant R - assumed 'R' in module\tutorial\lang\zh-cn.php on line 51 when visiting workspace-viewProblem

16:50:53 Use of undefined constant P - assumed 'P' in module\tutorial\lang\zh-cn.php on line 52 when visiting workspace-viewProblem

16:50:53 Undefined variable: lang in module\tutorial\config.php on line 8 when visiting workspace-viewProblem

16:50:53 Trying to get property of non-object in module\tutorial\config.php on line 8 when visiting workspace-viewProblem

16:50:53 Trying to get property of non-object in module\tutorial\config.php on line 8 when visiting workspace-viewProblem

16:50:53 Undefined variable: lang in module\tutorial\config.php on line 9 when visiting workspace-viewProblem

16:50:53 Trying to get property of non-object in module\tutorial\config.php on line 9 when visiting workspace-viewProblem

16:50:53 Trying to get property of non-object in module\tutorial\config.php on line 9 when visiting workspace-viewProblem

16:50:53 Creating default object from empty value in module\common\lang\menuOrder.php on line 39 when visiting 

16:50:53 Declaration of problemModel::delete() should be compatible with model::delete($table, $id) in module\problem\model.php on line 430 when visiting problem-viewProblem-all

16:50:53 Declaration of taskModel::delete() should be compatible with model::delete($table, $id) in module\task\model.php on line 941 when visiting problem-viewProblem-all

16:50:53 Creating default object from empty value in module\action\lang\zh-cn.php on line 12 when visiting problem-viewProblem-all

16:50:53 Use of undefined constant G - assumed 'G' in module\tutorial\lang\zh-cn.php on line 39 when visiting problem-viewProblem-all

16:50:53 Use of undefined constant T - assumed 'T' in module\tutorial\lang\zh-cn.php on line 40 when visiting problem-viewProblem-all

16:50:53 Use of undefined constant R - assumed 'R' in module\tutorial\lang\zh-cn.php on line 41 when visiting problem-viewProblem-all

16:50:53 Use of undefined constant P - assumed 'P' in module\tutorial\lang\zh-cn.php on line 42 when visiting problem-viewProblem-all

16:50:53 Use of undefined constant G - assumed 'G' in module\tutorial\lang\zh-cn.php on line 44 when visiting problem-viewProblem-all

16:50:53 Use of undefined constant T - assumed 'T' in module\tutorial\lang\zh-cn.php on line 45 when visiting problem-viewProblem-all

16:50:53 Use of undefined constant R - assumed 'R' in module\tutorial\lang\zh-cn.php on line 46 when visiting problem-viewProblem-all

16:50:53 Use of undefined constant P - assumed 'P' in module\tutorial\lang\zh-cn.php on line 47 when visiting problem-viewProblem-all

16:50:53 Use of undefined constant G - assumed 'G' in module\tutorial\lang\zh-cn.php on line 49 when visiting problem-viewProblem-all

16:50:53 Use of undefined constant T - assumed 'T' in module\tutorial\lang\zh-cn.php on line 50 when visiting problem-viewProblem-all

16:50:53 Use of undefined constant R - assumed 'R' in module\tutorial\lang\zh-cn.php on line 51 when visiting problem-viewProblem-all

16:50:53 Use of undefined constant P - assumed 'P' in module\tutorial\lang\zh-cn.php on line 52 when visiting problem-viewProblem-all

16:50:53 Undefined variable: lang in module\tutorial\config.php on line 8 when visiting problem-viewProblem-all

16:50:53 Trying to get property of non-object in module\tutorial\config.php on line 8 when visiting problem-viewProblem-all

16:50:53 Trying to get property of non-object in module\tutorial\config.php on line 8 when visiting problem-viewProblem-all

16:50:53 Undefined variable: lang in module\tutorial\config.php on line 9 when visiting problem-viewProblem-all

16:50:53 Trying to get property of non-object in module\tutorial\config.php on line 9 when visiting problem-viewProblem-all

16:50:53 Trying to get property of non-object in module\tutorial\config.php on line 9 when visiting problem-viewProblem-all

16:50:53 Use of undefined constant t1 - assumed 't1' in module\problem\model.php on line 41 when visiting problem-viewProblem-all

16:50:53 Use of undefined constant t2 - assumed 't2' in module\problem\model.php on line 42 when visiting problem-viewProblem-all

16:50:54 Undefined property: language::$chooseUsersToMail in module\common\view\chosen.html.php on line 11 when visiting problem-viewProblem-all

16:50:54 Attempt to modify property of non-object in module\common\model.php on line 367 when visiting problem-viewProblem-all

16:57:34 Creating default object from empty value in module\common\lang\menuOrder.php on line 39 when visiting 

16:57:34 Creating default object from empty value in module\common\lang\menuOrder.php on line 39 when visiting 

16:57:34 Missing argument 3 for common::setMenuVars(), called in module\company\model.php on line 25 and defined in module\common\control.php on line 103 when visiting user-login-L29hL3d3dy8=

16:57:34 Undefined variable: params in module\common\control.php on line 105 when visiting user-login-L29hL3d3dy8=

16:57:34 Undefined variable: params in module\common\control.php on line 123 when visiting user-login-L29hL3d3dy8=

16:57:34 Undefined property: stdClass::$title in module\personalinfo\config.php on line 20 when visiting user-login-L29hL3d3dy8=

16:57:34 Undefined property: stdClass::$id in module\personalinfo\config.php on line 21 when visiting user-login-L29hL3d3dy8=

16:57:34 Undefined property: stdClass::$keywords in module\personalinfo\config.php on line 22 when visiting user-login-L29hL3d3dy8=

16:57:34 Undefined property: stdClass::$product in module\personalinfo\config.php on line 23 when visiting user-login-L29hL3d3dy8=

16:57:34 Undefined property: stdClass::$project in module\personalinfo\config.php on line 24 when visiting user-login-L29hL3d3dy8=

16:57:34 Undefined property: stdClass::$type in module\personalinfo\config.php on line 25 when visiting user-login-L29hL3d3dy8=

16:57:34 Undefined property: stdClass::$module in module\personalinfo\config.php on line 26 when visiting user-login-L29hL3d3dy8=

16:57:34 Undefined property: stdClass::$lib in module\personalinfo\config.php on line 27 when visiting user-login-L29hL3d3dy8=

16:57:34 Undefined property: stdClass::$digest in module\personalinfo\config.php on line 28 when visiting user-login-L29hL3d3dy8=

16:57:34 Undefined property: stdClass::$content in module\personalinfo\config.php on line 29 when visiting user-login-L29hL3d3dy8=

16:57:34 Undefined property: stdClass::$url in module\personalinfo\config.php on line 30 when visiting user-login-L29hL3d3dy8=

16:57:34 Undefined property: stdClass::$addedBy in module\personalinfo\config.php on line 31 when visiting user-login-L29hL3d3dy8=

16:57:34 Undefined property: stdClass::$addedDate in module\personalinfo\config.php on line 32 when visiting user-login-L29hL3d3dy8=

16:57:34 Undefined property: stdClass::$editedBy in module\personalinfo\config.php on line 33 when visiting user-login-L29hL3d3dy8=

16:57:34 Undefined property: stdClass::$editedDate in module\personalinfo\config.php on line 34 when visiting user-login-L29hL3d3dy8=

16:57:34 Undefined property: stdClass::$types in module\personalinfo\config.php on line 41 when visiting user-login-L29hL3d3dy8=
