20141211 21:03:05: 
  SELECT * FROM `oa_company` ORDER BY `id`  LIMIT 1 
  SELECT * FROM `oa_config` WHERE owner IN ('system','') ORDER BY `id` 

20141211 21:03:06: user-login-L29hL3d3dy8=
  SELECT * FROM `oa_config` WHERE owner IN ('system','') ORDER BY `id` 

20141211 21:04:06: misc-ping
  SELECT * FROM `oa_config` WHERE owner IN ('system','') ORDER BY `id` 
  SELECT * FROM `oa_config` WHERE 1 = 1  AND owner IN ('system') AND module IN ('common') AND section IN ('global') AND `key` IN ('sn')

20141211 21:04:28: user-login-L29hL3d3dy8=
  SELECT * FROM `oa_config` WHERE owner IN ('system','') ORDER BY `id` 

20141211 21:04:52: user-login-L29hL3d3dy8=
  SELECT * FROM `oa_config` WHERE owner IN ('system','') ORDER BY `id` 

20141211 21:05:21: user-login-L29hL3d3dy8=
  SELECT * FROM `oa_config` WHERE owner IN ('system','') ORDER BY `id` 

20141211 21:05:23: user-login-L29hL3d3dy8=
  SELECT * FROM `oa_config` WHERE owner IN ('system','') ORDER BY `id` 

20141211 21:05:52: user-login-L29hL3d3dy8=
  SELECT * FROM `oa_config` WHERE owner IN ('system','') ORDER BY `id` 

20141211 21:06:08: user-login-L29hL3d3dy8=
  SELECT * FROM `oa_config` WHERE owner IN ('system','') ORDER BY `id` 

20141211 21:06:26: user-login-L29hL3d3dy8=
  SELECT * FROM `oa_config` WHERE owner IN ('system','') ORDER BY `id` 

20141211 21:07:01: user-login-L29hL3d3dy8=
  SELECT * FROM `oa_config` WHERE owner IN ('system','') ORDER BY `id` 

20141211 21:07:11: user-login-L29hL3d3dy8=
  SELECT * FROM `oa_config` WHERE owner IN ('system','') ORDER BY `id` 

20141211 21:07:28: user-login-L29hL3d3dy8=
  SELECT * FROM `oa_config` WHERE owner IN ('system','') ORDER BY `id` 

20141211 21:07:49: user-login-L29hL3d3dy8=
  SELECT * FROM `oa_config` WHERE owner IN ('system','') ORDER BY `id` 

20141211 21:08:16: user-login-L29hL3d3dy8=
  SELECT * FROM `oa_config` WHERE owner IN ('system','') ORDER BY `id` 

20141211 21:08:29: user-login-L29hL3d3dy8=
  SELECT * FROM `oa_config` WHERE owner IN ('system','') ORDER BY `id` 

20141211 21:08:42: user-login-L29hL3d3dy8=
  SELECT * FROM `oa_config` WHERE owner IN ('system','') ORDER BY `id` 

20141211 21:09:06: user-login-L29hL3d3dy8=
  SELECT * FROM `oa_config` WHERE owner IN ('system','') ORDER BY `id` 

20141211 21:09:15: user-login-L29hL3d3dy8=
  SELECT * FROM `oa_config` WHERE owner IN ('system','') ORDER BY `id` 

20141211 21:09:30: user-login-L29hL3d3dy8=
  SELECT * FROM `oa_config` WHERE owner IN ('system','') ORDER BY `id` 

20141211 21:10:31: misc-ping
  SELECT * FROM `oa_config` WHERE owner IN ('system','') ORDER BY `id` 

20141211 21:23:17: user-login-L29hL3d3dy8=
  SELECT * FROM `oa_config` WHERE owner IN ('system','') ORDER BY `id` 

20141211 21:23:17: captcha
  SELECT * FROM `oa_config` WHERE owner IN ('system','') ORDER BY `id` 

20141211 21:24:17: misc-ping
  SELECT * FROM `oa_config` WHERE owner IN ('system','') ORDER BY `id` 
  SELECT * FROM `oa_config` WHERE 1 = 1  AND owner IN ('system') AND module IN ('common') AND section IN ('global') AND `key` IN ('sn')

20141211 21:29:21: user-login-L29hL3d3dy8=
  SELECT * FROM `oa_config` WHERE owner IN ('system','') ORDER BY `id` 

20141211 21:29:23: user-login-L29hL3d3dy8=
  SELECT * FROM `oa_config` WHERE owner IN ('system','') ORDER BY `id` 

20141211 21:29:23: user-login-L29hL3d3dy8=
  SELECT * FROM `oa_config` WHERE owner IN ('system','') ORDER BY `id` 

20141211 21:29:24: user-login-L29hL3d3dy8=
  SELECT * FROM `oa_config` WHERE owner IN ('system','') ORDER BY `id` 

20141211 21:29:25: user-login-L29hL3d3dy8=
  SELECT * FROM `oa_config` WHERE owner IN ('system','') ORDER BY `id` 

20141211 21:29:25: user-login-L29hL3d3dy8=
  SELECT * FROM `oa_config` WHERE owner IN ('system','') ORDER BY `id` 

20141211 21:29:26: user-login-L29hL3d3dy8=
  SELECT * FROM `oa_config` WHERE owner IN ('system','') ORDER BY `id` 

20141211 21:30:04: user-login-L29hL3d3dy8=
  SELECT * FROM `oa_config` WHERE owner IN ('system','') ORDER BY `id` 

20141211 21:30:04: captcha
  SELECT * FROM `oa_config` WHERE owner IN ('system','') ORDER BY `id` 

20141211 21:31:04: misc-ping
  SELECT * FROM `oa_config` WHERE owner IN ('system','') ORDER BY `id` 
  SELECT * FROM `oa_config` WHERE 1 = 1  AND owner IN ('system') AND module IN ('common') AND section IN ('global') AND `key` IN ('sn')

20141211 21:51:04: misc-ping
  SELECT * FROM `oa_config` WHERE owner IN ('system','') ORDER BY `id` 
  SELECT * FROM `oa_config` WHERE 1 = 1  AND owner IN ('system') AND module IN ('common') AND section IN ('global') AND `key` IN ('sn')

20141211 22:11:04: misc-ping
  SELECT * FROM `oa_config` WHERE owner IN ('system','') ORDER BY `id` 

20141211 22:31:04: misc-ping
  SELECT * FROM `oa_config` WHERE owner IN ('system','') ORDER BY `id` 

20141211 22:51:04: misc-ping
  SELECT * FROM `oa_config` WHERE owner IN ('system','') ORDER BY `id` 
  SELECT * FROM `oa_config` WHERE 1 = 1  AND owner IN ('system') AND module IN ('common') AND section IN ('global') AND `key` IN ('sn')

20141211 23:11:05: misc-ping
  SELECT * FROM `oa_config` WHERE owner IN ('system','') ORDER BY `id` 
  SELECT * FROM `oa_config` WHERE 1 = 1  AND owner IN ('system') AND module IN ('common') AND section IN ('global') AND `key` IN ('sn')

20141211 23:49:09: 
  SELECT * FROM `oa_config` WHERE owner IN ('system','') ORDER BY `id` 

20141211 23:49:09: user-login-L29hL3d3dy8=
  SELECT * FROM `oa_config` WHERE owner IN ('system','') ORDER BY `id` 

20141211 23:49:10: captcha.html
  SELECT * FROM `oa_config` WHERE owner IN ('system','') ORDER BY `id` 

20141211 23:50:02: user-login-L29hL3d3dy8=
  SELECT * FROM `oa_config` WHERE owner IN ('system','') ORDER BY `id` 

20141211 23:50:02: captcha.html
  SELECT * FROM `oa_config` WHERE owner IN ('system','') ORDER BY `id` 

20141211 23:51:04: user-login-L29hL3d3dy8=
  SELECT * FROM `oa_config` WHERE owner IN ('system','') ORDER BY `id` 

20141211 23:51:04: captcha.html
  SELECT * FROM `oa_config` WHERE owner IN ('system','') ORDER BY `id` 

20141211 23:51:04: user-login-L29hL3d3dy8=
  SELECT * FROM `oa_config` WHERE owner IN ('system','') ORDER BY `id` 

20141211 23:51:04: captcha.html
  SELECT * FROM `oa_config` WHERE owner IN ('system','') ORDER BY `id` 

20141211 23:51:13: user-login-L29hL3d3dy8=
  SELECT * FROM `oa_config` WHERE owner IN ('system','') ORDER BY `id` 

20141211 23:51:13: captcha.html
  SELECT * FROM `oa_config` WHERE owner IN ('system','') ORDER BY `id` 

20141211 23:51:14: user-login-L29hL3d3dy8=
  SELECT * FROM `oa_config` WHERE owner IN ('system','') ORDER BY `id` 

20141211 23:51:14: captcha.html
  SELECT * FROM `oa_config` WHERE owner IN ('system','') ORDER BY `id` 

20141211 23:51:15: user-login-L29hL3d3dy8=
  SELECT * FROM `oa_config` WHERE owner IN ('system','') ORDER BY `id` 

20141211 23:51:15: captcha.html
  SELECT * FROM `oa_config` WHERE owner IN ('system','') ORDER BY `id` 

20141211 23:51:16: user-login-L29hL3d3dy8=
  SELECT * FROM `oa_config` WHERE owner IN ('system','') ORDER BY `id` 

20141211 23:51:16: captcha.html
  SELECT * FROM `oa_config` WHERE owner IN ('system','') ORDER BY `id` 

20141211 23:52:03: user-login-L29hL3d3dy8=
  SELECT * FROM `oa_config` WHERE owner IN ('system','') ORDER BY `id` 

20141211 23:52:03: captcha.html
  SELECT * FROM `oa_config` WHERE owner IN ('system','') ORDER BY `id` 

20141211 23:52:17: user-login-L29hL3d3dy8=
  SELECT * FROM `oa_config` WHERE owner IN ('system','') ORDER BY `id` 

